#
# There is insufficient memory for the Java Runtime Environment to continue.
# Native memory allocation (mmap) failed to map 122683392 bytes for Failed to commit area from 0x0000000090d00000 to 0x0000000098200000 of length 122683392.
# Possible reasons:
#   The system is out of physical RAM or swap space
#   The process is running with CompressedOops enabled, and the Java Heap may be blocking the growth of the native heap
# Possible solutions:
#   Reduce memory load on the system
#   Increase physical memory or swap space
#   Check if swap backing store is full
#   Decrease Java heap size (-Xmx/-Xms)
#   Decrease number of Java threads
#   Decrease Java thread stack sizes (-Xss)
#   Set larger code cache with -XX:ReservedCodeCacheSize=
#   JVM is running with Unscaled Compressed Oops mode in which the Java heap is
#     placed in the first 4GB address space. The Java Heap base address is the
#     maximum limit for the native heap growth. Please use -XX:HeapBaseMinAddress
#     to set the Java Heap base and to place the Java Heap above 4GB virtual address.
# This output file may be truncated or incomplete.
#
#  Out of Memory Error (./src/hotspot/os/windows/os_windows.cpp:3619), pid=36324, tid=42672
#
# JRE version: OpenJDK Runtime Environment (11.0.13) (build 11.0.13+0-b1751.21-8125866)
# Java VM: OpenJDK 64-Bit Server VM (11.0.13+0-b1751.21-8125866, mixed mode, tiered, compressed oops, g1 gc, windows-amd64)
# No core dump will be written. Minidumps are not enabled by default on client versions of Windows
#

---------------  S U M M A R Y ------------

Command Line: --add-opens=java.base/java.util=ALL-UNNAMED --add-opens=java.base/java.lang=ALL-UNNAMED --add-opens=java.base/java.lang.invoke=ALL-UNNAMED --add-opens=java.base/java.util=ALL-UNNAMED --add-opens=java.prefs/java.util.prefs=ALL-UNNAMED --add-opens=java.prefs/java.util.prefs=ALL-UNNAMED --add-opens=java.base/java.nio.charset=ALL-UNNAMED --add-opens=java.base/java.net=ALL-UNNAMED --add-opens=java.base/java.util.concurrent.atomic=ALL-UNNAMED -Xmx2048m -Dfile.encoding=UTF-8 -Duser.country=US -Duser.language=en -Duser.variant org.gradle.launcher.daemon.bootstrap.GradleDaemon 7.4

Host: Intel(R) Core(TM) i5-4200U CPU @ 1.60GHz, 4 cores, 7G,  Windows 10 , 64 bit Build 19041 (10.0.19041.2364)
Time: Mon Feb  6 16:01:11 2023 E. Africa Standard Time elapsed time: 36.115687 seconds (0d 0h 0m 36s)

---------------  T H R E A D  ---------------

Current thread (0x000001e3f0bc6000):  VMThread "VM Thread" [stack: 0x0000003cee400000,0x0000003cee500000] [id=42672]

Stack: [0x0000003cee400000,0x0000003cee500000]
[error occurred during error reporting (printing stack bounds), id 0xc0000005, EXCEPTION_ACCESS_VIOLATION (0xc0000005) at pc=0x000001e3da3a112d]

Native frames: (J=compiled Java code, j=interpreted, Vv=VM code, C=native code)
V  [jvm.dll+0x6100fa]
V  [jvm.dll+0x747090]
V  [jvm.dll+0x7486ad]
V  [jvm.dll+0x748ce5]
V  [jvm.dll+0x748c9b]
V  [jvm.dll+0x60f224]
V  [jvm.dll+0x60f9b8]
C  [ntdll.dll+0xa241f]
C  [ntdll.dll+0x514a4]
C  [ntdll.dll+0xa0f4e]
C  0x000001e3da3a112d

VM_Operation (0x0000003cf49fdaf0): G1CollectForAllocation, mode: safepoint, requested by thread 0x000001e3f4e11800


---------------  P R O C E S S  ---------------

Threads class SMR info:
_java_thread_list=0x000001e3f4a50410, length=98, elements={
0x000001e3d5089800, 0x000001e3f0bce800, 0x000001e3f0bd2000, 0x000001e3f0be8800,
0x000001e3f0bee800, 0x000001e3f0bef800, 0x000001e3f0bf2800, 0x000001e3f0bf3800,
0x000001e3f15a0800, 0x000001e3f168f000, 0x000001e3f4098800, 0x000001e3f3ae8800,
0x000001e3f2d26000, 0x000001e3f2b8c800, 0x000001e3f42be800, 0x000001e3f2ab4800,
0x000001e3f2d80800, 0x000001e3f3f6e000, 0x000001e3f2c72000, 0x000001e3f2fdb800,
0x000001e3f3779800, 0x000001e3f3775800, 0x000001e3f3777000, 0x000001e3f33ef800,
0x000001e3f3778800, 0x000001e3f3778000, 0x000001e3f377a800, 0x000001e3f377b000,
0x000001e3f377c000, 0x000001e3f3776800, 0x000001e3f45c3000, 0x000001e3f45c0800,
0x000001e3f45c1000, 0x000001e3f45bd000, 0x000001e3f45c3800, 0x000001e3f45be000,
0x000001e3f45c5800, 0x000001e3f45c8800, 0x000001e3f45ca000, 0x000001e3f45c6000,
0x000001e3f45c4800, 0x000001e3f45c7000, 0x000001e3f45c8000, 0x000001e3f45c9800,
0x000001e3f45cb000, 0x000001e3f45cc000, 0x000001e3f2032800, 0x000001e3f2033800,
0x000001e3f2034800, 0x000001e3f2031000, 0x000001e3f2030800, 0x000001e3f2035000,
0x000001e3f2036000, 0x000001e3f2037000, 0x000001e3f2037800, 0x000001e3f2032000,
0x000001e3f203b000, 0x000001e3f2038800, 0x000001e3f203e000, 0x000001e3f203b800,
0x000001e3f203c800, 0x000001e3f203d800, 0x000001e3f203f000, 0x000001e3f2039000,
0x000001e3f203a000, 0x000001e3f7426800, 0x000001e3f7428000, 0x000001e3f7427000,
0x000001e3f742a800, 0x000001e3f7428800, 0x000001e3f7429800, 0x000001e3f7424800,
0x000001e3f742b000, 0x000001e3f7425800, 0x000001e3f742d800, 0x000001e3f7431000,
0x000001e3f742e800, 0x000001e3f7430000, 0x000001e3f742d000, 0x000001e3f742f000,
0x000001e3f7431800, 0x000001e3f742c000, 0x000001e3f7433800, 0x000001e3f7432800,
0x000001e3f4e0c800, 0x000001e3f4e0d000, 0x000001e3f4e0e000, 0x000001e3f4e0f000,
0x000001e3f4e0b000, 0x000001e3f4e0f800, 0x000001e3f4e0b800, 0x000001e3f4e14000,
0x000001e3f4e10800, 0x000001e3f4e15800, 0x000001e3f4e17000, 0x000001e3f4e11800,
0x000001e3f4e13000, 0x000001e3f4e12000
}

Java Threads: ( => current thread )
  0x000001e3d5089800 JavaThread "main" [_thread_blocked, id=50888, stack(0x0000003cedd00000,0x0000003cede00000)]
  0x000001e3f0bce800 JavaThread "Reference Handler" daemon [_thread_blocked, id=12652, stack(0x0000003cee500000,0x0000003cee600000)]
  0x000001e3f0bd2000 JavaThread "Finalizer" daemon [_thread_blocked, id=8404, stack(0x0000003cee600000,0x0000003cee700000)]
  0x000001e3f0be8800 JavaThread "Signal Dispatcher" daemon [_thread_blocked, id=50968, stack(0x0000003cee700000,0x0000003cee800000)]
  0x000001e3f0bee800 JavaThread "Attach Listener" daemon [_thread_blocked, id=38320, stack(0x0000003cee800000,0x0000003cee900000)]
  0x000001e3f0bef800 JavaThread "Service Thread" daemon [_thread_blocked, id=52388, stack(0x0000003cee900000,0x0000003ceea00000)]
  0x000001e3f0bf2800 JavaThread "C2 CompilerThread0" daemon [_thread_in_native, id=17384, stack(0x0000003ceea00000,0x0000003ceeb00000)]
  0x000001e3f0bf3800 JavaThread "C1 CompilerThread0" daemon [_thread_blocked, id=52216, stack(0x0000003ceeb00000,0x0000003ceec00000)]
  0x000001e3f15a0800 JavaThread "Sweeper thread" daemon [_thread_blocked, id=50976, stack(0x0000003ceec00000,0x0000003ceed00000)]
  0x000001e3f168f000 JavaThread "Common-Cleaner" daemon [_thread_blocked, id=48376, stack(0x0000003ceed00000,0x0000003ceee00000)]
  0x000001e3f4098800 JavaThread "Daemon health stats" [_thread_blocked, id=37300, stack(0x0000003cef200000,0x0000003cef300000)]
  0x000001e3f3ae8800 JavaThread "Incoming local TCP Connector on port 50909" [_thread_in_native, id=51584, stack(0x0000003cef100000,0x0000003cef200000)]
  0x000001e3f2d26000 JavaThread "Daemon periodic checks" [_thread_blocked, id=51152, stack(0x0000003cef300000,0x0000003cef400000)]
  0x000001e3f2b8c800 JavaThread "Daemon" [_thread_blocked, id=38184, stack(0x0000003cef400000,0x0000003cef500000)]
  0x000001e3f42be800 JavaThread "Handler for socket connection from /127.0.0.1:50909 to /127.0.0.1:50910" [_thread_in_native, id=52200, stack(0x0000003cef500000,0x0000003cef600000)]
  0x000001e3f2ab4800 JavaThread "Cancel handler" [_thread_blocked, id=53052, stack(0x0000003cef600000,0x0000003cef700000)]
  0x000001e3f2d80800 JavaThread "Daemon worker" [_thread_blocked, id=1756, stack(0x0000003cef700000,0x0000003cef800000)]
  0x000001e3f3f6e000 JavaThread "Asynchronous log dispatcher for DefaultDaemonConnection: socket connection from /127.0.0.1:50909 to /127.0.0.1:50910" [_thread_blocked, id=52668, stack(0x0000003cef800000,0x0000003cef900000)]
  0x000001e3f2c72000 JavaThread "Stdin handler" [_thread_blocked, id=47000, stack(0x0000003cef900000,0x0000003cefa00000)]
  0x000001e3f2fdb800 JavaThread "Daemon client event forwarder" [_thread_blocked, id=51736, stack(0x0000003cefa00000,0x0000003cefb00000)]
  0x000001e3f3779800 JavaThread "Cache worker for journal cache (C:\Users\mutanu\.gradle\caches\journal-1)" [_thread_blocked, id=52724, stack(0x0000003cefc00000,0x0000003cefd00000)]
  0x000001e3f3775800 JavaThread "File lock request listener" [_thread_in_native, id=12368, stack(0x0000003cefd00000,0x0000003cefe00000)]
  0x000001e3f3777000 JavaThread "Cache worker for file hash cache (C:\Users\mutanu\.gradle\caches\7.4\fileHashes)" [_thread_blocked, id=42576, stack(0x0000003cefe00000,0x0000003ceff00000)]
  0x000001e3f33ef800 JavaThread "C2 CompilerThread1" daemon [_thread_blocked, id=17028, stack(0x0000003ceff00000,0x0000003cf0000000)]
  0x000001e3f3778800 JavaThread "File watcher server" daemon [_thread_blocked, id=46440, stack(0x0000003cf0000000,0x0000003cf0100000)]
  0x000001e3f3778000 JavaThread "File watcher consumer" daemon [_thread_blocked, id=46092, stack(0x0000003cf0100000,0x0000003cf0200000)]
  0x000001e3f377a800 JavaThread "Cache worker for checksums cache (C:\Users\mutanu\AndroidStudioProjects\eablTrial\.gradle\7.4\checksums)" [_thread_blocked, id=6108, stack(0x0000003cf0200000,0x0000003cf0300000)]
  0x000001e3f377b000 JavaThread "Cache worker for cache directory md-rule (C:\Users\mutanu\.gradle\caches\7.4\md-rule)" [_thread_blocked, id=6516, stack(0x0000003cf0300000,0x0000003cf0400000)]
  0x000001e3f377c000 JavaThread "Cache worker for file hash cache (C:\Users\mutanu\AndroidStudioProjects\eablTrial\.gradle\7.4\fileHashes)" [_thread_blocked, id=27400, stack(0x0000003cf0400000,0x0000003cf0500000)]
  0x000001e3f3776800 JavaThread "Cache worker for cache directory md-supplier (C:\Users\mutanu\.gradle\caches\7.4\md-supplier)" [_thread_blocked, id=47264, stack(0x0000003cf0500000,0x0000003cf0600000)]
  0x000001e3f45c3000 JavaThread "Cache worker for execution history cache (C:\Users\mutanu\.gradle\caches\7.4\executionHistory)" [_thread_blocked, id=27320, stack(0x0000003cf0600000,0x0000003cf0700000)]
  0x000001e3f45c0800 JavaThread "jar transforms" [_thread_blocked, id=51820, stack(0x0000003cf0700000,0x0000003cf0800000)]
  0x000001e3f45c1000 JavaThread "Cache worker for file content cache (C:\Users\mutanu\.gradle\caches\7.4\fileContent)" [_thread_blocked, id=16584, stack(0x0000003cf0800000,0x0000003cf0900000)]
  0x000001e3f45bd000 JavaThread "jar transforms Thread 2" [_thread_blocked, id=51268, stack(0x0000003cf0900000,0x0000003cf0a00000)]
  0x000001e3f45c3800 JavaThread "Cache worker for dependencies-accessors (C:\Users\mutanu\AndroidStudioProjects\eablTrial\.gradle\7.4\dependencies-accessors)" [_thread_blocked, id=52456, stack(0x0000003cf0a00000,0x0000003cf0b00000)]
  0x000001e3f45be000 JavaThread "jar transforms Thread 3" [_thread_blocked, id=52328, stack(0x0000003cf0b00000,0x0000003cf0c00000)]
  0x000001e3f45c5800 JavaThread "Cache worker for Build Output Cleanup Cache (C:\Users\mutanu\AndroidStudioProjects\eablTrial\.gradle\buildOutputCleanup)" [_thread_blocked, id=13072, stack(0x0000003cf0c00000,0x0000003cf0d00000)]
  0x000001e3f45c8800 JavaThread "Unconstrained build operations" [_thread_blocked, id=50432, stack(0x0000003cf0d00000,0x0000003cf0e00000)]
  0x000001e3f45ca000 JavaThread "Unconstrained build operations Thread 2" [_thread_blocked, id=24952, stack(0x0000003cf0e00000,0x0000003cf0f00000)]
  0x000001e3f45c6000 JavaThread "Unconstrained build operations Thread 3" [_thread_blocked, id=52520, stack(0x0000003cf0f00000,0x0000003cf1000000)]
  0x000001e3f45c4800 JavaThread "Unconstrained build operations Thread 4" [_thread_blocked, id=38588, stack(0x0000003cf1000000,0x0000003cf1100000)]
  0x000001e3f45c7000 JavaThread "Unconstrained build operations Thread 5" [_thread_blocked, id=52752, stack(0x0000003cf1100000,0x0000003cf1200000)]
  0x000001e3f45c8000 JavaThread "Unconstrained build operations Thread 6" [_thread_blocked, id=52400, stack(0x0000003cf1200000,0x0000003cf1300000)]
  0x000001e3f45c9800 JavaThread "Unconstrained build operations Thread 7" [_thread_blocked, id=20872, stack(0x0000003cf1300000,0x0000003cf1400000)]
  0x000001e3f45cb000 JavaThread "Unconstrained build operations Thread 8" [_thread_blocked, id=6556, stack(0x0000003cf1400000,0x0000003cf1500000)]
  0x000001e3f45cc000 JavaThread "Unconstrained build operations Thread 9" [_thread_blocked, id=24320, stack(0x0000003cf1500000,0x0000003cf1600000)]
  0x000001e3f2032800 JavaThread "Unconstrained build operations Thread 10" [_thread_blocked, id=53232, stack(0x0000003cf1600000,0x0000003cf1700000)]
  0x000001e3f2033800 JavaThread "Unconstrained build operations Thread 11" [_thread_blocked, id=46120, stack(0x0000003cf1700000,0x0000003cf1800000)]
  0x000001e3f2034800 JavaThread "Unconstrained build operations Thread 12" [_thread_blocked, id=45972, stack(0x0000003cf1800000,0x0000003cf1900000)]
  0x000001e3f2031000 JavaThread "Unconstrained build operations Thread 13" [_thread_blocked, id=51096, stack(0x0000003cf1900000,0x0000003cf1a00000)]
  0x000001e3f2030800 JavaThread "Unconstrained build operations Thread 14" [_thread_blocked, id=45596, stack(0x0000003cf1a00000,0x0000003cf1b00000)]
  0x000001e3f2035000 JavaThread "Unconstrained build operations Thread 15" [_thread_blocked, id=45912, stack(0x0000003cf1b00000,0x0000003cf1c00000)]
  0x000001e3f2036000 JavaThread "Unconstrained build operations Thread 16" [_thread_blocked, id=44188, stack(0x0000003cf1c00000,0x0000003cf1d00000)]
  0x000001e3f2037000 JavaThread "Unconstrained build operations Thread 17" [_thread_blocked, id=52780, stack(0x0000003cf1d00000,0x0000003cf1e00000)]
  0x000001e3f2037800 JavaThread "Unconstrained build operations Thread 18" [_thread_blocked, id=14456, stack(0x0000003cf1e00000,0x0000003cf1f00000)]
  0x000001e3f2032000 JavaThread "Unconstrained build operations Thread 19" [_thread_blocked, id=52060, stack(0x0000003cf1f00000,0x0000003cf2000000)]
  0x000001e3f203b000 JavaThread "Unconstrained build operations Thread 20" [_thread_blocked, id=47820, stack(0x0000003cf2000000,0x0000003cf2100000)]
  0x000001e3f2038800 JavaThread "Unconstrained build operations Thread 21" [_thread_blocked, id=46460, stack(0x0000003cf2100000,0x0000003cf2200000)]
  0x000001e3f203e000 JavaThread "Unconstrained build operations Thread 22" [_thread_blocked, id=46356, stack(0x0000003cf2200000,0x0000003cf2300000)]
  0x000001e3f203b800 JavaThread "Unconstrained build operations Thread 23" [_thread_blocked, id=49480, stack(0x0000003cf2300000,0x0000003cf2400000)]
  0x000001e3f203c800 JavaThread "Unconstrained build operations Thread 24" [_thread_blocked, id=52764, stack(0x0000003cf2400000,0x0000003cf2500000)]
  0x000001e3f203d800 JavaThread "Unconstrained build operations Thread 25" [_thread_blocked, id=42608, stack(0x0000003cf2500000,0x0000003cf2600000)]
  0x000001e3f203f000 JavaThread "Unconstrained build operations Thread 26" [_thread_blocked, id=51516, stack(0x0000003cf2600000,0x0000003cf2700000)]
  0x000001e3f2039000 JavaThread "Unconstrained build operations Thread 27" [_thread_blocked, id=1240, stack(0x0000003cf2700000,0x0000003cf2800000)]
  0x000001e3f203a000 JavaThread "Unconstrained build operations Thread 28" [_thread_blocked, id=49644, stack(0x0000003cf2800000,0x0000003cf2900000)]
  0x000001e3f7426800 JavaThread "Unconstrained build operations Thread 29" [_thread_blocked, id=41148, stack(0x0000003cf2900000,0x0000003cf2a00000)]
  0x000001e3f7428000 JavaThread "Unconstrained build operations Thread 30" [_thread_blocked, id=11008, stack(0x0000003cf2a00000,0x0000003cf2b00000)]
  0x000001e3f7427000 JavaThread "Unconstrained build operations Thread 31" [_thread_blocked, id=45184, stack(0x0000003cf2b00000,0x0000003cf2c00000)]
  0x000001e3f742a800 JavaThread "Unconstrained build operations Thread 32" [_thread_blocked, id=48392, stack(0x0000003cf2c00000,0x0000003cf2d00000)]
  0x000001e3f7428800 JavaThread "Unconstrained build operations Thread 33" [_thread_blocked, id=44684, stack(0x0000003cf2d00000,0x0000003cf2e00000)]
  0x000001e3f7429800 JavaThread "Unconstrained build operations Thread 34" [_thread_blocked, id=49460, stack(0x0000003cf2e00000,0x0000003cf2f00000)]
  0x000001e3f7424800 JavaThread "Unconstrained build operations Thread 35" [_thread_blocked, id=51792, stack(0x0000003cf2f00000,0x0000003cf3000000)]
  0x000001e3f742b000 JavaThread "Unconstrained build operations Thread 36" [_thread_blocked, id=13768, stack(0x0000003cf3000000,0x0000003cf3100000)]
  0x000001e3f7425800 JavaThread "Unconstrained build operations Thread 37" [_thread_blocked, id=52652, stack(0x0000003cf3100000,0x0000003cf3200000)]
  0x000001e3f742d800 JavaThread "Unconstrained build operations Thread 38" [_thread_blocked, id=49492, stack(0x0000003cf3200000,0x0000003cf3300000)]
  0x000001e3f7431000 JavaThread "Unconstrained build operations Thread 39" [_thread_blocked, id=53156, stack(0x0000003cf3300000,0x0000003cf3400000)]
  0x000001e3f742e800 JavaThread "Unconstrained build operations Thread 40" [_thread_blocked, id=3120, stack(0x0000003cf3400000,0x0000003cf3500000)]
  0x000001e3f7430000 JavaThread "jar transforms Thread 4" [_thread_blocked, id=50332, stack(0x0000003cf3500000,0x0000003cf3600000)]
  0x000001e3f742d000 JavaThread "Memory manager" [_thread_blocked, id=27804, stack(0x0000003cf3600000,0x0000003cf3700000)]
  0x000001e3f742f000 JavaThread "build event listener" [_thread_blocked, id=51100, stack(0x0000003cf3700000,0x0000003cf3800000)]
  0x000001e3f7431800 JavaThread "pool-3-thread-1" [_thread_blocked, id=50956, stack(0x0000003cf3800000,0x0000003cf3900000)]
  0x000001e3f742c000 JavaThread "build event listener" [_thread_blocked, id=52284, stack(0x0000003cf3900000,0x0000003cf3a00000)]
  0x000001e3f7433800 JavaThread "included builds" [_thread_blocked, id=30068, stack(0x0000003cf3a00000,0x0000003cf3b00000)]
  0x000001e3f7432800 JavaThread "Execution worker for ':'" [_thread_blocked, id=28804, stack(0x0000003cf3b00000,0x0000003cf3c00000)]
  0x000001e3f4e0c800 JavaThread "Execution worker for ':' Thread 2" [_thread_blocked, id=52148, stack(0x0000003cf3c00000,0x0000003cf3d00000)]
  0x000001e3f4e0d000 JavaThread "Execution worker for ':' Thread 3" [_thread_blocked, id=51496, stack(0x0000003cf3d00000,0x0000003cf3e00000)]
  0x000001e3f4e0e000 JavaThread "Cache worker for execution history cache (C:\Users\mutanu\AndroidStudioProjects\eablTrial\.gradle\7.4\executionHistory)" [_thread_blocked, id=12372, stack(0x0000003cf3e00000,0x0000003cf3f00000)]
  0x000001e3f4e0f000 JavaThread "WorkerExecutor Queue" [_thread_blocked, id=51540, stack(0x0000003cf3f00000,0x0000003cf4000000)]
  0x000001e3f4e0b000 JavaThread "WorkerExecutor Queue Thread 2" [_thread_blocked, id=52492, stack(0x0000003cf4000000,0x0000003cf4100000)]
  0x000001e3f4e0f800 JavaThread "WorkerExecutor Queue Thread 3" [_thread_blocked, id=46972, stack(0x0000003cf4100000,0x0000003cf4200000)]
  0x000001e3f4e0b800 JavaThread "WorkerExecutor Queue Thread 4" [_thread_blocked, id=52276, stack(0x0000003cf4200000,0x0000003cf4300000)]
  0x000001e3f4e14000 JavaThread "pool-4-thread-1" [_thread_blocked, id=6520, stack(0x0000003cf4300000,0x0000003cf4400000)]
  0x000001e3f4e10800 JavaThread "stderr" [_thread_in_native, id=51028, stack(0x0000003cf4400000,0x0000003cf4500000)]
  0x000001e3f4e15800 JavaThread "stdout" [_thread_in_native, id=52488, stack(0x0000003cf4500000,0x0000003cf4600000)]
  0x000001e3f4e17000 JavaThread "ForkJoinPool-1-worker-3" daemon [_thread_blocked, id=52928, stack(0x0000003cf4800000,0x0000003cf4900000)]
  0x000001e3f4e11800 JavaThread "ForkJoinPool-1-worker-5" daemon [_thread_blocked, id=50860, stack(0x0000003cf4900000,0x0000003cf4a00000)]
  0x000001e3f4e13000 JavaThread "ForkJoinPool-1-worker-7" daemon [_thread_blocked, id=51832, stack(0x0000003cf4a00000,0x0000003cf4b00000)]
  0x000001e3f4e12000 JavaThread "ForkJoinPool-1-worker-1" daemon [_thread_blocked, id=41960, stack(0x0000003cf4b00000,0x0000003cf4c00000)]

Other Threads:
=>0x000001e3f0bc6000 VMThread "VM Thread" [stack: 0x0000003cee400000,0x0000003cee500000] [id=42672]
  0x000001e3f16bc000 WatcherThread [stack: 0x0000003ceee00000,0x0000003ceef00000] [id=52336]
  0x000001e3d50a4800 GCTaskThread "GC Thread#0" [stack: 0x0000003cedf00000,0x0000003cee000000] [id=13864]
  0x000001e3f1803000 GCTaskThread "GC Thread#1" [stack: 0x0000003ceef00000,0x0000003cef000000] [id=49592]
  0x000001e3f198b000 GCTaskThread "GC Thread#2" [stack: 0x0000003cef000000,0x0000003cef100000] [id=43252]
  0x000001e3f3cb6000 GCTaskThread "GC Thread#3" [stack: 0x0000003cefb00000,0x0000003cefc00000] [id=29048]
  0x000001e3d50d5000 ConcurrentGCThread "G1 Main Marker" [stack: 0x0000003cee000000,0x0000003cee100000] [id=23852]
  0x000001e3d50d6800 ConcurrentGCThread "G1 Conc#0" [stack: 0x0000003cee100000,0x0000003cee200000] [id=52940]
  0x000001e3d5163800 ConcurrentGCThread "G1 Refine#0" [stack: 0x0000003cee200000,0x0000003cee300000] [id=43084]
  0x000001e3f3f24000 ConcurrentGCThread "G1 Refine#1" [stack: 0x0000003cf4c00000,0x0000003cf4d00000] [id=52604]
  0x000001e3d5164800 ConcurrentGCThread "G1 Young RemSet Sampling" [stack: 0x0000003cee300000,0x0000003cee400000] [id=15708]

Threads with active compile tasks:
C2 CompilerThread0  36141 12597 %     4       com.android.tools.r8.dex.i::a @ 310 (1036 bytes)
C2 CompilerThread1  36141 12808       4       com.android.tools.r8.code.y1::a (4129 bytes)

VM state:at safepoint (normal execution)

VM Mutex/Monitor currently owned by a thread:  ([mutex/lock_event])
[0x000001e3d5085830] Threads_lock - owner thread: 0x000001e3f0bc6000
[0x000001e3d5086130] Heap_lock - owner thread: 0x000001e3f4e11800

Heap address: 0x0000000080000000, size: 2048 MB, Compressed Oops mode: 32-bit
Narrow klass base: 0x0000000000000000, Narrow klass shift: 3
Compressed class space size: 1073741824 Address: 0x0000000100000000

Heap:
 garbage-first heap   total 395264K, used 224768K [0x0000000080000000, 0x0000000100000000)
  region size 1024K, 3 young (3072K), 3 survivors (3072K)
 Metaspace       used 101753K, capacity 104133K, committed 104284K, reserved 1140736K
  class space    used 13079K, capacity 13982K, committed 14080K, reserved 1048576K
Heap Regions: E=young(eden), S=young(survivor), O=old, HS=humongous(starts), HC=humongous(continues), CS=collection set, F=free, A=archive, TAMS=top-at-mark-start (previous, next)
|   0|0x0000000080000000, 0x0000000080100000, 0x0000000080100000|100%|HS|  |TAMS 0x0000000080100000, 0x0000000080100000| Complete 
|   1|0x0000000080100000, 0x0000000080200000, 0x0000000080200000|100%|HC|  |TAMS 0x0000000080200000, 0x0000000080200000| Complete 
|   2|0x0000000080200000, 0x0000000080300000, 0x0000000080300000|100%|HC|  |TAMS 0x0000000080300000, 0x0000000080300000| Complete 
|   3|0x0000000080300000, 0x0000000080400000, 0x0000000080400000|100%| O|  |TAMS 0x0000000080400000, 0x0000000080400000| Untracked 
|   4|0x0000000080400000, 0x0000000080500000, 0x0000000080500000|100%| O|  |TAMS 0x0000000080500000, 0x0000000080500000| Untracked 
|   5|0x0000000080500000, 0x0000000080600000, 0x0000000080600000|100%| O|  |TAMS 0x0000000080600000, 0x0000000080600000| Untracked 
|   6|0x0000000080600000, 0x0000000080700000, 0x0000000080700000|100%| O|  |TAMS 0x0000000080700000, 0x0000000080700000| Untracked 
|   7|0x0000000080700000, 0x0000000080800000, 0x0000000080800000|100%| O|  |TAMS 0x0000000080800000, 0x0000000080800000| Untracked 
|   8|0x0000000080800000, 0x0000000080900000, 0x0000000080900000|100%| O|  |TAMS 0x0000000080900000, 0x0000000080900000| Untracked 
|   9|0x0000000080900000, 0x0000000080a00000, 0x0000000080a00000|100%| O|  |TAMS 0x0000000080a00000, 0x0000000080a00000| Untracked 
|  10|0x0000000080a00000, 0x0000000080b00000, 0x0000000080b00000|100%| O|  |TAMS 0x0000000080b00000, 0x0000000080b00000| Untracked 
|  11|0x0000000080b00000, 0x0000000080c00000, 0x0000000080c00000|100%| O|  |TAMS 0x0000000080c00000, 0x0000000080c00000| Untracked 
|  12|0x0000000080c00000, 0x0000000080d00000, 0x0000000080d00000|100%| O|  |TAMS 0x0000000080d00000, 0x0000000080d00000| Untracked 
|  13|0x0000000080d00000, 0x0000000080e00000, 0x0000000080e00000|100%| O|  |TAMS 0x0000000080e00000, 0x0000000080e00000| Untracked 
|  14|0x0000000080e00000, 0x0000000080f00000, 0x0000000080f00000|100%| O|  |TAMS 0x0000000080f00000, 0x0000000080f00000| Untracked 
|  15|0x0000000080f00000, 0x0000000081000000, 0x0000000081000000|100%| O|  |TAMS 0x0000000081000000, 0x0000000081000000| Untracked 
|  16|0x0000000081000000, 0x0000000081100000, 0x0000000081100000|100%|HS|  |TAMS 0x0000000081100000, 0x0000000081100000| Complete 
|  17|0x0000000081100000, 0x0000000081200000, 0x0000000081200000|100%| O|  |TAMS 0x0000000081200000, 0x0000000081200000| Untracked 
|  18|0x0000000081200000, 0x0000000081300000, 0x0000000081300000|100%| O|  |TAMS 0x0000000081300000, 0x0000000081300000| Untracked 
|  19|0x0000000081300000, 0x0000000081400000, 0x0000000081400000|100%| O|  |TAMS 0x0000000081400000, 0x0000000081400000| Untracked 
|  20|0x0000000081400000, 0x0000000081500000, 0x0000000081500000|100%| O|  |TAMS 0x0000000081500000, 0x0000000081500000| Untracked 
|  21|0x0000000081500000, 0x0000000081600000, 0x0000000081600000|100%| O|  |TAMS 0x0000000081600000, 0x0000000081600000| Untracked 
|  22|0x0000000081600000, 0x0000000081700000, 0x0000000081700000|100%| O|  |TAMS 0x0000000081700000, 0x0000000081700000| Untracked 
|  23|0x0000000081700000, 0x0000000081800000, 0x0000000081800000|100%|HS|  |TAMS 0x0000000081800000, 0x0000000081800000| Complete 
|  24|0x0000000081800000, 0x0000000081900000, 0x0000000081900000|100%|HS|  |TAMS 0x0000000081900000, 0x0000000081900000| Complete 
|  25|0x0000000081900000, 0x0000000081a00000, 0x0000000081a00000|100%|HS|  |TAMS 0x0000000081a00000, 0x0000000081a00000| Complete 
|  26|0x0000000081a00000, 0x0000000081b00000, 0x0000000081b00000|100%|HC|  |TAMS 0x0000000081b00000, 0x0000000081b00000| Complete 
|  27|0x0000000081b00000, 0x0000000081c00000, 0x0000000081c00000|100%|HC|  |TAMS 0x0000000081c00000, 0x0000000081c00000| Complete 
|  28|0x0000000081c00000, 0x0000000081d00000, 0x0000000081d00000|100%|HC|  |TAMS 0x0000000081d00000, 0x0000000081d00000| Complete 
|  29|0x0000000081d00000, 0x0000000081e00000, 0x0000000081e00000|100%| O|  |TAMS 0x0000000081e00000, 0x0000000081e00000| Untracked 
|  30|0x0000000081e00000, 0x0000000081f00000, 0x0000000081f00000|100%|HS|  |TAMS 0x0000000081f00000, 0x0000000081f00000| Complete 
|  31|0x0000000081f00000, 0x0000000082000000, 0x0000000082000000|100%|HC|  |TAMS 0x0000000082000000, 0x0000000082000000| Complete 
|  32|0x0000000082000000, 0x0000000082100000, 0x0000000082100000|100%| O|  |TAMS 0x0000000082100000, 0x0000000082100000| Untracked 
|  33|0x0000000082100000, 0x0000000082200000, 0x0000000082200000|100%| O|  |TAMS 0x0000000082200000, 0x0000000082200000| Untracked 
|  34|0x0000000082200000, 0x0000000082300000, 0x0000000082300000|100%| O|  |TAMS 0x0000000082300000, 0x0000000082300000| Untracked 
|  35|0x0000000082300000, 0x0000000082400000, 0x0000000082400000|100%| O|  |TAMS 0x0000000082400000, 0x0000000082400000| Untracked 
|  36|0x0000000082400000, 0x0000000082500000, 0x0000000082500000|100%| O|  |TAMS 0x0000000082500000, 0x0000000082500000| Untracked 
|  37|0x0000000082500000, 0x0000000082600000, 0x0000000082600000|100%| O|  |TAMS 0x0000000082600000, 0x0000000082600000| Untracked 
|  38|0x0000000082600000, 0x0000000082700000, 0x0000000082700000|100%| O|  |TAMS 0x0000000082700000, 0x0000000082700000| Untracked 
|  39|0x0000000082700000, 0x0000000082800000, 0x0000000082800000|100%| O|  |TAMS 0x0000000082800000, 0x0000000082800000| Untracked 
|  40|0x0000000082800000, 0x0000000082900000, 0x0000000082900000|100%| O|  |TAMS 0x0000000082900000, 0x0000000082900000| Untracked 
|  41|0x0000000082900000, 0x0000000082a00000, 0x0000000082a00000|100%| O|  |TAMS 0x0000000082a00000, 0x0000000082a00000| Untracked 
|  42|0x0000000082a00000, 0x0000000082b00000, 0x0000000082b00000|100%| O|  |TAMS 0x0000000082b00000, 0x0000000082b00000| Untracked 
|  43|0x0000000082b00000, 0x0000000082c00000, 0x0000000082c00000|100%| O|  |TAMS 0x0000000082c00000, 0x0000000082c00000| Untracked 
|  44|0x0000000082c00000, 0x0000000082d00000, 0x0000000082d00000|100%| O|  |TAMS 0x0000000082d00000, 0x0000000082d00000| Untracked 
|  45|0x0000000082d00000, 0x0000000082e00000, 0x0000000082e00000|100%| O|  |TAMS 0x0000000082e00000, 0x0000000082e00000| Untracked 
|  46|0x0000000082e00000, 0x0000000082f00000, 0x0000000082f00000|100%| O|  |TAMS 0x0000000082f00000, 0x0000000082f00000| Untracked 
|  47|0x0000000082f00000, 0x0000000083000000, 0x0000000083000000|100%| O|  |TAMS 0x0000000083000000, 0x0000000083000000| Untracked 
|  48|0x0000000083000000, 0x0000000083100000, 0x0000000083100000|100%| O|  |TAMS 0x0000000083100000, 0x0000000083100000| Untracked 
|  49|0x0000000083100000, 0x0000000083200000, 0x0000000083200000|100%| O|  |TAMS 0x0000000083200000, 0x0000000083200000| Untracked 
|  50|0x0000000083200000, 0x0000000083300000, 0x0000000083300000|100%| O|  |TAMS 0x0000000083300000, 0x0000000083300000| Untracked 
|  51|0x0000000083300000, 0x0000000083400000, 0x0000000083400000|100%| O|  |TAMS 0x0000000083400000, 0x0000000083400000| Untracked 
|  52|0x0000000083400000, 0x0000000083500000, 0x0000000083500000|100%| O|  |TAMS 0x0000000083500000, 0x0000000083500000| Untracked 
|  53|0x0000000083500000, 0x0000000083600000, 0x0000000083600000|100%| O|  |TAMS 0x0000000083600000, 0x0000000083600000| Untracked 
|  54|0x0000000083600000, 0x0000000083700000, 0x0000000083700000|100%| O|  |TAMS 0x0000000083700000, 0x0000000083700000| Untracked 
|  55|0x0000000083700000, 0x0000000083800000, 0x0000000083800000|100%| O|  |TAMS 0x0000000083800000, 0x0000000083800000| Untracked 
|  56|0x0000000083800000, 0x0000000083900000, 0x0000000083900000|100%| O|  |TAMS 0x0000000083900000, 0x0000000083900000| Untracked 
|  57|0x0000000083900000, 0x0000000083a00000, 0x0000000083a00000|100%| O|  |TAMS 0x0000000083a00000, 0x0000000083a00000| Untracked 
|  58|0x0000000083a00000, 0x0000000083b00000, 0x0000000083b00000|100%| O|  |TAMS 0x0000000083b00000, 0x0000000083b00000| Untracked 
|  59|0x0000000083b00000, 0x0000000083c00000, 0x0000000083c00000|100%| O|  |TAMS 0x0000000083c00000, 0x0000000083c00000| Untracked 
|  60|0x0000000083c00000, 0x0000000083d00000, 0x0000000083d00000|100%| O|  |TAMS 0x0000000083d00000, 0x0000000083d00000| Untracked 
|  61|0x0000000083d00000, 0x0000000083e00000, 0x0000000083e00000|100%| O|  |TAMS 0x0000000083e00000, 0x0000000083e00000| Untracked 
|  62|0x0000000083e00000, 0x0000000083f00000, 0x0000000083f00000|100%| O|  |TAMS 0x0000000083f00000, 0x0000000083f00000| Untracked 
|  63|0x0000000083f00000, 0x0000000084000000, 0x0000000084000000|100%| O|  |TAMS 0x0000000084000000, 0x0000000084000000| Untracked 
|  64|0x0000000084000000, 0x0000000084100000, 0x0000000084100000|100%| O|  |TAMS 0x0000000084100000, 0x0000000084100000| Untracked 
|  65|0x0000000084100000, 0x0000000084200000, 0x0000000084200000|100%| O|  |TAMS 0x0000000084200000, 0x0000000084200000| Untracked 
|  66|0x0000000084200000, 0x0000000084300000, 0x0000000084300000|100%| O|  |TAMS 0x0000000084300000, 0x0000000084300000| Untracked 
|  67|0x0000000084300000, 0x0000000084400000, 0x0000000084400000|100%| O|  |TAMS 0x0000000084400000, 0x0000000084400000| Untracked 
|  68|0x0000000084400000, 0x0000000084500000, 0x0000000084500000|100%| O|  |TAMS 0x0000000084500000, 0x0000000084500000| Untracked 
|  69|0x0000000084500000, 0x0000000084600000, 0x0000000084600000|100%| O|  |TAMS 0x0000000084600000, 0x0000000084600000| Untracked 
|  70|0x0000000084600000, 0x0000000084700000, 0x0000000084700000|100%| O|  |TAMS 0x0000000084700000, 0x0000000084700000| Untracked 
|  71|0x0000000084700000, 0x0000000084800000, 0x0000000084800000|100%| O|  |TAMS 0x0000000084800000, 0x0000000084800000| Untracked 
|  72|0x0000000084800000, 0x0000000084900000, 0x0000000084900000|100%| O|  |TAMS 0x0000000084900000, 0x0000000084900000| Untracked 
|  73|0x0000000084900000, 0x0000000084a00000, 0x0000000084a00000|100%| O|  |TAMS 0x0000000084a00000, 0x0000000084a00000| Untracked 
|  74|0x0000000084a00000, 0x0000000084b00000, 0x0000000084b00000|100%| O|  |TAMS 0x0000000084b00000, 0x0000000084b00000| Untracked 
|  75|0x0000000084b00000, 0x0000000084c00000, 0x0000000084c00000|100%| O|  |TAMS 0x0000000084c00000, 0x0000000084c00000| Untracked 
|  76|0x0000000084c00000, 0x0000000084d00000, 0x0000000084d00000|100%| O|  |TAMS 0x0000000084d00000, 0x0000000084d00000| Untracked 
|  77|0x0000000084d00000, 0x0000000084e00000, 0x0000000084e00000|100%| O|  |TAMS 0x0000000084e00000, 0x0000000084e00000| Untracked 
|  78|0x0000000084e00000, 0x0000000084f00000, 0x0000000084f00000|100%| O|  |TAMS 0x0000000084f00000, 0x0000000084f00000| Untracked 
|  79|0x0000000084f00000, 0x0000000085000000, 0x0000000085000000|100%| O|  |TAMS 0x0000000085000000, 0x0000000085000000| Untracked 
|  80|0x0000000085000000, 0x0000000085100000, 0x0000000085100000|100%| O|  |TAMS 0x0000000085100000, 0x0000000085100000| Untracked 
|  81|0x0000000085100000, 0x0000000085200000, 0x0000000085200000|100%| O|  |TAMS 0x0000000085200000, 0x0000000085200000| Untracked 
|  82|0x0000000085200000, 0x0000000085300000, 0x0000000085300000|100%| O|  |TAMS 0x0000000085300000, 0x0000000085300000| Untracked 
|  83|0x0000000085300000, 0x0000000085400000, 0x0000000085400000|100%| O|  |TAMS 0x0000000085400000, 0x0000000085400000| Untracked 
|  84|0x0000000085400000, 0x0000000085500000, 0x0000000085500000|100%| O|  |TAMS 0x0000000085500000, 0x0000000085500000| Untracked 
|  85|0x0000000085500000, 0x0000000085600000, 0x0000000085600000|100%| O|  |TAMS 0x0000000085600000, 0x0000000085600000| Untracked 
|  86|0x0000000085600000, 0x0000000085700000, 0x0000000085700000|100%| O|  |TAMS 0x0000000085700000, 0x0000000085700000| Untracked 
|  87|0x0000000085700000, 0x0000000085800000, 0x0000000085800000|100%| O|  |TAMS 0x0000000085800000, 0x0000000085800000| Untracked 
|  88|0x0000000085800000, 0x0000000085900000, 0x0000000085900000|100%| O|  |TAMS 0x0000000085900000, 0x0000000085900000| Untracked 
|  89|0x0000000085900000, 0x0000000085a00000, 0x0000000085a00000|100%| O|  |TAMS 0x0000000085a00000, 0x0000000085a00000| Untracked 
|  90|0x0000000085a00000, 0x0000000085b00000, 0x0000000085b00000|100%| O|  |TAMS 0x0000000085b00000, 0x0000000085b00000| Untracked 
|  91|0x0000000085b00000, 0x0000000085c00000, 0x0000000085c00000|100%| O|  |TAMS 0x0000000085c00000, 0x0000000085c00000| Untracked 
|  92|0x0000000085c00000, 0x0000000085d00000, 0x0000000085d00000|100%| O|  |TAMS 0x0000000085d00000, 0x0000000085d00000| Untracked 
|  93|0x0000000085d00000, 0x0000000085e00000, 0x0000000085e00000|100%|HS|  |TAMS 0x0000000085e00000, 0x0000000085e00000| Complete 
|  94|0x0000000085e00000, 0x0000000085f00000, 0x0000000085f00000|100%|HC|  |TAMS 0x0000000085f00000, 0x0000000085f00000| Complete 
|  95|0x0000000085f00000, 0x0000000086000000, 0x0000000086000000|100%|HS|  |TAMS 0x0000000086000000, 0x0000000086000000| Complete 
|  96|0x0000000086000000, 0x0000000086100000, 0x0000000086100000|100%|HS|  |TAMS 0x0000000086100000, 0x0000000086100000| Complete 
|  97|0x0000000086100000, 0x0000000086200000, 0x0000000086200000|100%|HS|  |TAMS 0x0000000086200000, 0x0000000086200000| Complete 
|  98|0x0000000086200000, 0x0000000086300000, 0x0000000086300000|100%|HS|  |TAMS 0x0000000086300000, 0x0000000086300000| Complete 
|  99|0x0000000086300000, 0x0000000086400000, 0x0000000086400000|100%|HS|  |TAMS 0x0000000086400000, 0x0000000086400000| Complete 
| 100|0x0000000086400000, 0x0000000086500000, 0x0000000086500000|100%|HC|  |TAMS 0x0000000086500000, 0x0000000086500000| Complete 
| 101|0x0000000086500000, 0x0000000086600000, 0x0000000086600000|100%| O|  |TAMS 0x0000000086600000, 0x0000000086600000| Untracked 
| 102|0x0000000086600000, 0x0000000086700000, 0x0000000086700000|100%| O|  |TAMS 0x0000000086700000, 0x0000000086700000| Untracked 
| 103|0x0000000086700000, 0x0000000086800000, 0x0000000086800000|100%| O|  |TAMS 0x0000000086800000, 0x0000000086800000| Untracked 
| 104|0x0000000086800000, 0x0000000086900000, 0x0000000086900000|100%| O|  |TAMS 0x0000000086900000, 0x0000000086900000| Untracked 
| 105|0x0000000086900000, 0x0000000086a00000, 0x0000000086a00000|100%| O|  |TAMS 0x0000000086a00000, 0x0000000086a00000| Untracked 
| 106|0x0000000086a00000, 0x0000000086b00000, 0x0000000086b00000|100%|HS|  |TAMS 0x0000000086b00000, 0x0000000086b00000| Complete 
| 107|0x0000000086b00000, 0x0000000086c00000, 0x0000000086c00000|100%|HC|  |TAMS 0x0000000086c00000, 0x0000000086c00000| Complete 
| 108|0x0000000086c00000, 0x0000000086d00000, 0x0000000086d00000|100%|HS|  |TAMS 0x0000000086d00000, 0x0000000086d00000| Complete 
| 109|0x0000000086d00000, 0x0000000086e00000, 0x0000000086e00000|100%|HS|  |TAMS 0x0000000086e00000, 0x0000000086e00000| Complete 
| 110|0x0000000086e00000, 0x0000000086f00000, 0x0000000086f00000|100%|HC|  |TAMS 0x0000000086f00000, 0x0000000086f00000| Complete 
| 111|0x0000000086f00000, 0x0000000087000000, 0x0000000087000000|100%|HC|  |TAMS 0x0000000087000000, 0x0000000087000000| Complete 
| 112|0x0000000087000000, 0x0000000087100000, 0x0000000087100000|100%| O|  |TAMS 0x0000000087100000, 0x0000000087100000| Untracked 
| 113|0x0000000087100000, 0x0000000087200000, 0x0000000087200000|100%| O|  |TAMS 0x0000000087200000, 0x0000000087200000| Untracked 
| 114|0x0000000087200000, 0x0000000087300000, 0x0000000087300000|100%| O|  |TAMS 0x0000000087300000, 0x0000000087300000| Untracked 
| 115|0x0000000087300000, 0x0000000087400000, 0x0000000087400000|100%| O|  |TAMS 0x0000000087400000, 0x0000000087400000| Untracked 
| 116|0x0000000087400000, 0x0000000087500000, 0x0000000087500000|100%| O|  |TAMS 0x0000000087500000, 0x0000000087500000| Untracked 
| 117|0x0000000087500000, 0x0000000087600000, 0x0000000087600000|100%| O|  |TAMS 0x0000000087600000, 0x0000000087600000| Untracked 
| 118|0x0000000087600000, 0x0000000087700000, 0x0000000087700000|100%| O|  |TAMS 0x0000000087700000, 0x0000000087700000| Untracked 
| 119|0x0000000087700000, 0x0000000087800000, 0x0000000087800000|100%| O|  |TAMS 0x0000000087800000, 0x0000000087800000| Untracked 
| 120|0x0000000087800000, 0x0000000087900000, 0x0000000087900000|100%| O|  |TAMS 0x0000000087900000, 0x0000000087900000| Untracked 
| 121|0x0000000087900000, 0x0000000087a00000, 0x0000000087a00000|100%| O|  |TAMS 0x0000000087a00000, 0x0000000087a00000| Untracked 
| 122|0x0000000087a00000, 0x0000000087b00000, 0x0000000087b00000|100%| O|  |TAMS 0x0000000087b00000, 0x0000000087b00000| Untracked 
| 123|0x0000000087b00000, 0x0000000087c00000, 0x0000000087c00000|100%| O|  |TAMS 0x0000000087c00000, 0x0000000087c00000| Untracked 
| 124|0x0000000087c00000, 0x0000000087d00000, 0x0000000087d00000|100%| O|  |TAMS 0x0000000087d00000, 0x0000000087d00000| Untracked 
| 125|0x0000000087d00000, 0x0000000087e00000, 0x0000000087e00000|100%| O|  |TAMS 0x0000000087e00000, 0x0000000087e00000| Untracked 
| 126|0x0000000087e00000, 0x0000000087f00000, 0x0000000087f00000|100%|HS|  |TAMS 0x0000000087f00000, 0x0000000087f00000| Complete 
| 127|0x0000000087f00000, 0x0000000088000000, 0x0000000088000000|100%|HC|  |TAMS 0x0000000088000000, 0x0000000088000000| Complete 
| 128|0x0000000088000000, 0x0000000088100000, 0x0000000088100000|100%| O|  |TAMS 0x0000000088100000, 0x0000000088100000| Untracked 
| 129|0x0000000088100000, 0x0000000088200000, 0x0000000088200000|100%|HS|  |TAMS 0x0000000088200000, 0x0000000088200000| Complete 
| 130|0x0000000088200000, 0x0000000088300000, 0x0000000088300000|100%| O|  |TAMS 0x0000000088300000, 0x0000000088300000| Untracked 
| 131|0x0000000088300000, 0x0000000088400000, 0x0000000088400000|100%|HS|  |TAMS 0x0000000088400000, 0x0000000088400000| Complete 
| 132|0x0000000088400000, 0x0000000088500000, 0x0000000088500000|100%| O|  |TAMS 0x0000000088500000, 0x0000000088500000| Untracked 
| 133|0x0000000088500000, 0x0000000088600000, 0x0000000088600000|100%|HS|  |TAMS 0x0000000088600000, 0x0000000088600000| Complete 
| 134|0x0000000088600000, 0x0000000088700000, 0x0000000088700000|100%| O|  |TAMS 0x0000000088700000, 0x0000000088700000| Untracked 
| 135|0x0000000088700000, 0x0000000088800000, 0x0000000088800000|100%|HS|  |TAMS 0x0000000088800000, 0x0000000088800000| Complete 
| 136|0x0000000088800000, 0x0000000088900000, 0x0000000088900000|100%| O|  |TAMS 0x0000000088900000, 0x0000000088900000| Untracked 
| 137|0x0000000088900000, 0x0000000088a00000, 0x0000000088a00000|100%| O|  |TAMS 0x0000000088a00000, 0x0000000088a00000| Untracked 
| 138|0x0000000088a00000, 0x0000000088b00000, 0x0000000088b00000|100%|HS|  |TAMS 0x0000000088a00000, 0x0000000088b00000| Complete 
| 139|0x0000000088b00000, 0x0000000088c00000, 0x0000000088c00000|100%|HS|  |TAMS 0x0000000088c00000, 0x0000000088c00000| Complete 
| 140|0x0000000088c00000, 0x0000000088d00000, 0x0000000088d00000|100%|HC|  |TAMS 0x0000000088d00000, 0x0000000088d00000| Complete 
| 141|0x0000000088d00000, 0x0000000088e00000, 0x0000000088e00000|100%|HS|  |TAMS 0x0000000088d00000, 0x0000000088e00000| Complete 
| 142|0x0000000088e00000, 0x0000000088f00000, 0x0000000088f00000|100%| O|  |TAMS 0x0000000088e00000, 0x0000000088f00000| Untracked 
| 143|0x0000000088f00000, 0x0000000089000000, 0x0000000089000000|100%| O|  |TAMS 0x0000000088f00000, 0x0000000089000000| Untracked 
| 144|0x0000000089000000, 0x0000000089100000, 0x0000000089100000|100%|HS|  |TAMS 0x0000000089100000, 0x0000000089100000| Complete 
| 145|0x0000000089100000, 0x0000000089200000, 0x0000000089200000|100%|HC|  |TAMS 0x0000000089200000, 0x0000000089200000| Complete 
| 146|0x0000000089200000, 0x0000000089300000, 0x0000000089300000|100%| O|  |TAMS 0x0000000089200000, 0x0000000089300000| Untracked 
| 147|0x0000000089300000, 0x0000000089400000, 0x0000000089400000|100%|HS|  |TAMS 0x0000000089400000, 0x0000000089400000| Complete 
| 148|0x0000000089400000, 0x0000000089500000, 0x0000000089500000|100%| O|  |TAMS 0x0000000089400000, 0x0000000089500000| Untracked 
| 149|0x0000000089500000, 0x0000000089600000, 0x0000000089600000|100%| O|  |TAMS 0x0000000089500000, 0x0000000089600000| Untracked 
| 150|0x0000000089600000, 0x0000000089700000, 0x0000000089700000|100%| O|  |TAMS 0x0000000089600000, 0x0000000089700000| Untracked 
| 151|0x0000000089700000, 0x0000000089800000, 0x0000000089800000|100%| O|  |TAMS 0x0000000089700000, 0x0000000089800000| Untracked 
| 152|0x0000000089800000, 0x0000000089900000, 0x0000000089900000|100%| O|  |TAMS 0x0000000089800000, 0x0000000089900000| Untracked 
| 153|0x0000000089900000, 0x0000000089a00000, 0x0000000089a00000|100%| O|  |TAMS 0x0000000089900000, 0x0000000089a00000| Untracked 
| 154|0x0000000089a00000, 0x0000000089b00000, 0x0000000089b00000|100%|HS|  |TAMS 0x0000000089b00000, 0x0000000089b00000| Complete 
| 155|0x0000000089b00000, 0x0000000089c00000, 0x0000000089c00000|100%|HC|  |TAMS 0x0000000089c00000, 0x0000000089c00000| Complete 
| 156|0x0000000089c00000, 0x0000000089d00000, 0x0000000089d00000|100%|HC|  |TAMS 0x0000000089d00000, 0x0000000089d00000| Complete 
| 157|0x0000000089d00000, 0x0000000089e00000, 0x0000000089e00000|100%| O|  |TAMS 0x0000000089e00000, 0x0000000089e00000| Untracked 
| 158|0x0000000089e00000, 0x0000000089f00000, 0x0000000089f00000|100%| O|  |TAMS 0x0000000089f00000, 0x0000000089f00000| Untracked 
| 159|0x0000000089f00000, 0x000000008a000000, 0x000000008a000000|100%| O|  |TAMS 0x000000008a000000, 0x000000008a000000| Untracked 
| 160|0x000000008a000000, 0x000000008a100000, 0x000000008a100000|100%| O|  |TAMS 0x000000008a100000, 0x000000008a100000| Untracked 
| 161|0x000000008a100000, 0x000000008a200000, 0x000000008a200000|100%| O|  |TAMS 0x000000008a200000, 0x000000008a200000| Untracked 
| 162|0x000000008a200000, 0x000000008a300000, 0x000000008a300000|100%| O|  |TAMS 0x000000008a300000, 0x000000008a300000| Untracked 
| 163|0x000000008a300000, 0x000000008a400000, 0x000000008a400000|100%| O|  |TAMS 0x000000008a400000, 0x000000008a400000| Untracked 
| 164|0x000000008a400000, 0x000000008a500000, 0x000000008a500000|100%| O|  |TAMS 0x000000008a500000, 0x000000008a500000| Untracked 
| 165|0x000000008a500000, 0x000000008a600000, 0x000000008a600000|100%| O|  |TAMS 0x000000008a600000, 0x000000008a600000| Untracked 
| 166|0x000000008a600000, 0x000000008a700000, 0x000000008a700000|100%| O|  |TAMS 0x000000008a700000, 0x000000008a700000| Untracked 
| 167|0x000000008a700000, 0x000000008a800000, 0x000000008a800000|100%| O|  |TAMS 0x000000008a800000, 0x000000008a800000| Untracked 
| 168|0x000000008a800000, 0x000000008a900000, 0x000000008a900000|100%| O|  |TAMS 0x000000008a900000, 0x000000008a900000| Untracked 
| 169|0x000000008a900000, 0x000000008aa00000, 0x000000008aa00000|100%|HS|  |TAMS 0x000000008a900000, 0x000000008aa00000| Complete 
| 170|0x000000008aa00000, 0x000000008ab00000, 0x000000008ab00000|100%|HC|  |TAMS 0x000000008aa00000, 0x000000008ab00000| Complete 
| 171|0x000000008ab00000, 0x000000008ac00000, 0x000000008ac00000|100%| O|  |TAMS 0x000000008ab00000, 0x000000008ac00000| Untracked 
| 172|0x000000008ac00000, 0x000000008ad00000, 0x000000008ad00000|100%| O|  |TAMS 0x000000008ac00000, 0x000000008ad00000| Untracked 
| 173|0x000000008ad00000, 0x000000008ae00000, 0x000000008ae00000|100%| O|  |TAMS 0x000000008ad00000, 0x000000008ae00000| Untracked 
| 174|0x000000008ae00000, 0x000000008af00000, 0x000000008af00000|100%| O|  |TAMS 0x000000008ae00000, 0x000000008af00000| Untracked 
| 175|0x000000008af00000, 0x000000008b000000, 0x000000008b000000|100%| O|  |TAMS 0x000000008af00000, 0x000000008b000000| Untracked 
| 176|0x000000008b000000, 0x000000008b100000, 0x000000008b100000|100%| O|  |TAMS 0x000000008b000000, 0x000000008b100000| Untracked 
| 177|0x000000008b100000, 0x000000008b200000, 0x000000008b200000|100%| O|  |TAMS 0x000000008b100000, 0x000000008b200000| Untracked 
| 178|0x000000008b200000, 0x000000008b300000, 0x000000008b300000|100%| O|  |TAMS 0x000000008b200000, 0x000000008b300000| Untracked 
| 179|0x000000008b300000, 0x000000008b400000, 0x000000008b400000|100%| O|  |TAMS 0x000000008b300000, 0x000000008b400000| Untracked 
| 180|0x000000008b400000, 0x000000008b500000, 0x000000008b500000|100%| O|  |TAMS 0x000000008b400000, 0x000000008b500000| Untracked 
| 181|0x000000008b500000, 0x000000008b600000, 0x000000008b600000|100%| O|  |TAMS 0x000000008b500000, 0x000000008b600000| Untracked 
| 182|0x000000008b600000, 0x000000008b700000, 0x000000008b700000|100%| O|  |TAMS 0x000000008b600000, 0x000000008b700000| Untracked 
| 183|0x000000008b700000, 0x000000008b800000, 0x000000008b800000|100%| O|  |TAMS 0x000000008b700000, 0x000000008b800000| Untracked 
| 184|0x000000008b800000, 0x000000008b900000, 0x000000008b900000|100%| O|  |TAMS 0x000000008b800000, 0x000000008b900000| Untracked 
| 185|0x000000008b900000, 0x000000008ba00000, 0x000000008ba00000|100%| O|  |TAMS 0x000000008b900000, 0x000000008ba00000| Untracked 
| 186|0x000000008ba00000, 0x000000008bb00000, 0x000000008bb00000|100%| O|  |TAMS 0x000000008ba00000, 0x000000008bb00000| Untracked 
| 187|0x000000008bb00000, 0x000000008bc00000, 0x000000008bc00000|100%| O|  |TAMS 0x000000008bb00000, 0x000000008bc00000| Untracked 
| 188|0x000000008bc00000, 0x000000008bd00000, 0x000000008bd00000|100%| O|  |TAMS 0x000000008bc00000, 0x000000008bd00000| Untracked 
| 189|0x000000008bd00000, 0x000000008be00000, 0x000000008be00000|100%| O|  |TAMS 0x000000008bd00000, 0x000000008be00000| Untracked 
| 190|0x000000008be00000, 0x000000008bf00000, 0x000000008bf00000|100%| O|  |TAMS 0x000000008be00000, 0x000000008bf00000| Untracked 
| 191|0x000000008bf00000, 0x000000008c000000, 0x000000008c000000|100%| O|  |TAMS 0x000000008bf00000, 0x000000008c000000| Untracked 
| 192|0x000000008c000000, 0x000000008c100000, 0x000000008c100000|100%| O|  |TAMS 0x000000008c000000, 0x000000008c100000| Untracked 
| 193|0x000000008c100000, 0x000000008c200000, 0x000000008c200000|100%| O|  |TAMS 0x000000008c100000, 0x000000008c200000| Untracked 
| 194|0x000000008c200000, 0x000000008c300000, 0x000000008c300000|100%| O|  |TAMS 0x000000008c200000, 0x000000008c300000| Untracked 
| 195|0x000000008c300000, 0x000000008c400000, 0x000000008c400000|100%| O|  |TAMS 0x000000008c300000, 0x000000008c400000| Untracked 
| 196|0x000000008c400000, 0x000000008c500000, 0x000000008c500000|100%| O|  |TAMS 0x000000008c400000, 0x000000008c476600| Untracked 
| 197|0x000000008c500000, 0x000000008c600000, 0x000000008c600000|100%| O|  |TAMS 0x000000008c500000, 0x000000008c500000| Untracked 
| 198|0x000000008c600000, 0x000000008c700000, 0x000000008c700000|100%| O|  |TAMS 0x000000008c600000, 0x000000008c600000| Untracked 
| 199|0x000000008c700000, 0x000000008c800000, 0x000000008c800000|100%| O|  |TAMS 0x000000008c700000, 0x000000008c700000| Untracked 
| 200|0x000000008c800000, 0x000000008c900000, 0x000000008c900000|100%| O|  |TAMS 0x000000008c800000, 0x000000008c800000| Untracked 
| 201|0x000000008c900000, 0x000000008ca00000, 0x000000008ca00000|100%| O|  |TAMS 0x000000008c900000, 0x000000008c900000| Untracked 
| 202|0x000000008ca00000, 0x000000008cb00000, 0x000000008cb00000|100%| O|  |TAMS 0x000000008ca00000, 0x000000008ca00000| Untracked 
| 203|0x000000008cb00000, 0x000000008cc00000, 0x000000008cc00000|100%| O|  |TAMS 0x000000008cb00000, 0x000000008cb00000| Untracked 
| 204|0x000000008cc00000, 0x000000008cd00000, 0x000000008cd00000|100%| O|  |TAMS 0x000000008cc00000, 0x000000008cc00000| Untracked 
| 205|0x000000008cd00000, 0x000000008ce00000, 0x000000008ce00000|100%| O|  |TAMS 0x000000008cd00000, 0x000000008cd00000| Untracked 
| 206|0x000000008ce00000, 0x000000008cf00000, 0x000000008cf00000|100%| O|  |TAMS 0x000000008ce00000, 0x000000008ce00000| Untracked 
| 207|0x000000008cf00000, 0x000000008d000000, 0x000000008d000000|100%| O|  |TAMS 0x000000008cf00000, 0x000000008cf00000| Untracked 
| 208|0x000000008d000000, 0x000000008d100000, 0x000000008d100000|100%| O|  |TAMS 0x000000008d000000, 0x000000008d000000| Untracked 
| 209|0x000000008d100000, 0x000000008d200000, 0x000000008d200000|100%| O|  |TAMS 0x000000008d100000, 0x000000008d100000| Untracked 
| 210|0x000000008d200000, 0x000000008d300000, 0x000000008d300000|100%| O|  |TAMS 0x000000008d200000, 0x000000008d200000| Untracked 
| 211|0x000000008d300000, 0x000000008d400000, 0x000000008d400000|100%| O|  |TAMS 0x000000008d300000, 0x000000008d300000| Untracked 
| 212|0x000000008d400000, 0x000000008d500000, 0x000000008d500000|100%| O|  |TAMS 0x000000008d400000, 0x000000008d400000| Untracked 
| 213|0x000000008d500000, 0x000000008d600000, 0x000000008d600000|100%| O|  |TAMS 0x000000008d500000, 0x000000008d500000| Untracked 
| 214|0x000000008d600000, 0x000000008d700000, 0x000000008d700000|100%| O|  |TAMS 0x000000008d600000, 0x000000008d600000| Untracked 
| 215|0x000000008d700000, 0x000000008d800000, 0x000000008d800000|100%| O|  |TAMS 0x000000008d700000, 0x000000008d700000| Untracked 
| 216|0x000000008d800000, 0x000000008d880000, 0x000000008d900000| 50%| O|  |TAMS 0x000000008d800000, 0x000000008d800000| Untracked 
| 217|0x000000008d900000, 0x000000008d900000, 0x000000008da00000|  0%| F|  |TAMS 0x000000008d900000, 0x000000008d900000| Untracked 
| 218|0x000000008da00000, 0x000000008da00000, 0x000000008db00000|  0%| F|  |TAMS 0x000000008da00000, 0x000000008da00000| Untracked 
| 219|0x000000008db00000, 0x000000008db00000, 0x000000008dc00000|  0%| F|  |TAMS 0x000000008db00000, 0x000000008db00000| Untracked 
| 220|0x000000008dc00000, 0x000000008dc00000, 0x000000008dd00000|  0%| F|  |TAMS 0x000000008dc00000, 0x000000008dc00000| Untracked 
| 221|0x000000008dd00000, 0x000000008dd00000, 0x000000008de00000|  0%| F|  |TAMS 0x000000008dd00000, 0x000000008dd00000| Untracked 
| 222|0x000000008de00000, 0x000000008de00000, 0x000000008df00000|  0%| F|  |TAMS 0x000000008de00000, 0x000000008de00000| Untracked 
| 223|0x000000008df00000, 0x000000008df00000, 0x000000008e000000|  0%| F|  |TAMS 0x000000008df00000, 0x000000008df00000| Untracked 
| 224|0x000000008e000000, 0x000000008e000000, 0x000000008e100000|  0%| F|  |TAMS 0x000000008e000000, 0x000000008e000000| Untracked 
| 225|0x000000008e100000, 0x000000008e100000, 0x000000008e200000|  0%| F|  |TAMS 0x000000008e100000, 0x000000008e100000| Untracked 
| 226|0x000000008e200000, 0x000000008e200000, 0x000000008e300000|  0%| F|  |TAMS 0x000000008e200000, 0x000000008e200000| Untracked 
| 227|0x000000008e300000, 0x000000008e300000, 0x000000008e400000|  0%| F|  |TAMS 0x000000008e300000, 0x000000008e300000| Untracked 
| 228|0x000000008e400000, 0x000000008e400000, 0x000000008e500000|  0%| F|  |TAMS 0x000000008e400000, 0x000000008e400000| Untracked 
| 229|0x000000008e500000, 0x000000008e500000, 0x000000008e600000|  0%| F|  |TAMS 0x000000008e500000, 0x000000008e500000| Untracked 
| 230|0x000000008e600000, 0x000000008e600000, 0x000000008e700000|  0%| F|  |TAMS 0x000000008e600000, 0x000000008e600000| Untracked 
| 231|0x000000008e700000, 0x000000008e700000, 0x000000008e800000|  0%| F|  |TAMS 0x000000008e700000, 0x000000008e700000| Untracked 
| 232|0x000000008e800000, 0x000000008e800000, 0x000000008e900000|  0%| F|  |TAMS 0x000000008e800000, 0x000000008e800000| Untracked 
| 233|0x000000008e900000, 0x000000008e900000, 0x000000008ea00000|  0%| F|  |TAMS 0x000000008e900000, 0x000000008e900000| Untracked 
| 234|0x000000008ea00000, 0x000000008ea00000, 0x000000008eb00000|  0%| F|  |TAMS 0x000000008ea00000, 0x000000008ea00000| Untracked 
| 235|0x000000008eb00000, 0x000000008eb00000, 0x000000008ec00000|  0%| F|  |TAMS 0x000000008eb00000, 0x000000008eb00000| Untracked 
| 236|0x000000008ec00000, 0x000000008ec00000, 0x000000008ed00000|  0%| F|  |TAMS 0x000000008ec00000, 0x000000008ec00000| Untracked 
| 237|0x000000008ed00000, 0x000000008ed00000, 0x000000008ee00000|  0%| F|  |TAMS 0x000000008ed00000, 0x000000008ed00000| Untracked 
| 238|0x000000008ee00000, 0x000000008ee00000, 0x000000008ef00000|  0%| F|  |TAMS 0x000000008ee00000, 0x000000008ee00000| Untracked 
| 239|0x000000008ef00000, 0x000000008ef00000, 0x000000008f000000|  0%| F|  |TAMS 0x000000008ef00000, 0x000000008ef00000| Untracked 
| 240|0x000000008f000000, 0x000000008f000000, 0x000000008f100000|  0%| F|  |TAMS 0x000000008f000000, 0x000000008f000000| Untracked 
| 241|0x000000008f100000, 0x000000008f100000, 0x000000008f200000|  0%| F|  |TAMS 0x000000008f100000, 0x000000008f100000| Untracked 
| 242|0x000000008f200000, 0x000000008f200000, 0x000000008f300000|  0%| F|  |TAMS 0x000000008f200000, 0x000000008f200000| Untracked 
| 243|0x000000008f300000, 0x000000008f300000, 0x000000008f400000|  0%| F|  |TAMS 0x000000008f300000, 0x000000008f300000| Untracked 
| 244|0x000000008f400000, 0x000000008f400000, 0x000000008f500000|  0%| F|  |TAMS 0x000000008f400000, 0x000000008f400000| Untracked 
| 245|0x000000008f500000, 0x000000008f500000, 0x000000008f600000|  0%| F|  |TAMS 0x000000008f500000, 0x000000008f500000| Untracked 
| 246|0x000000008f600000, 0x000000008f600000, 0x000000008f700000|  0%| F|  |TAMS 0x000000008f600000, 0x000000008f600000| Untracked 
| 247|0x000000008f700000, 0x000000008f700000, 0x000000008f800000|  0%| F|  |TAMS 0x000000008f700000, 0x000000008f700000| Untracked 
| 248|0x000000008f800000, 0x000000008f800000, 0x000000008f900000|  0%| F|  |TAMS 0x000000008f800000, 0x000000008f800000| Untracked 
| 249|0x000000008f900000, 0x000000008f900000, 0x000000008fa00000|  0%| F|  |TAMS 0x000000008f900000, 0x000000008f900000| Untracked 
| 250|0x000000008fa00000, 0x000000008fa00000, 0x000000008fb00000|  0%| F|  |TAMS 0x000000008fa00000, 0x000000008fa00000| Untracked 
| 251|0x000000008fb00000, 0x000000008fc00000, 0x000000008fc00000|100%| S|CS|TAMS 0x000000008fb00000, 0x000000008fb00000| Complete 
| 252|0x000000008fc00000, 0x000000008fd00000, 0x000000008fd00000|100%| S|CS|TAMS 0x000000008fc00000, 0x000000008fc00000| Complete 
| 253|0x000000008fd00000, 0x000000008fe00000, 0x000000008fe00000|100%| S|CS|TAMS 0x000000008fd00000, 0x000000008fd00000| Complete 
| 254|0x000000008fe00000, 0x000000008fe00000, 0x000000008ff00000|  0%| F|  |TAMS 0x000000008fe00000, 0x000000008fe00000| Untracked 
| 255|0x000000008ff00000, 0x000000008ff00000, 0x0000000090000000|  0%| F|  |TAMS 0x000000008ff00000, 0x000000008ff00000| Untracked 
| 256|0x0000000090000000, 0x0000000090000000, 0x0000000090100000|  0%| F|  |TAMS 0x0000000090000000, 0x0000000090000000| Untracked 
| 257|0x0000000090100000, 0x0000000090100000, 0x0000000090200000|  0%| F|  |TAMS 0x0000000090100000, 0x0000000090100000| Untracked 
| 258|0x0000000090200000, 0x0000000090200000, 0x0000000090300000|  0%| F|  |TAMS 0x0000000090200000, 0x0000000090200000| Untracked 
| 259|0x0000000090300000, 0x0000000090300000, 0x0000000090400000|  0%| F|  |TAMS 0x0000000090300000, 0x0000000090300000| Untracked 
| 260|0x0000000090400000, 0x0000000090400000, 0x0000000090500000|  0%| F|  |TAMS 0x0000000090400000, 0x0000000090400000| Untracked 
| 261|0x0000000090500000, 0x0000000090500000, 0x0000000090600000|  0%| F|  |TAMS 0x0000000090500000, 0x0000000090500000| Untracked 
| 262|0x0000000090600000, 0x0000000090600000, 0x0000000090700000|  0%| F|  |TAMS 0x0000000090600000, 0x0000000090600000| Untracked 
| 263|0x0000000090700000, 0x0000000090700000, 0x0000000090800000|  0%| F|  |TAMS 0x0000000090700000, 0x0000000090700000| Untracked 
| 264|0x0000000090800000, 0x0000000090800000, 0x0000000090900000|  0%| F|  |TAMS 0x0000000090800000, 0x0000000090800000| Untracked 
| 265|0x0000000090900000, 0x0000000090900000, 0x0000000090a00000|  0%| F|  |TAMS 0x0000000090900000, 0x0000000090900000| Untracked 
| 266|0x0000000090a00000, 0x0000000090a00000, 0x0000000090b00000|  0%| F|  |TAMS 0x0000000090a00000, 0x0000000090a00000| Untracked 
| 267|0x0000000090b00000, 0x0000000090b00000, 0x0000000090c00000|  0%| F|  |TAMS 0x0000000090b00000, 0x0000000090b00000| Untracked 
| 268|0x0000000090c00000, 0x0000000090c00000, 0x0000000090d00000|  0%| F|  |TAMS 0x0000000090c00000, 0x0000000090c00000| Untracked 

Card table byte_map: [0x000001e3e9dd0000,0x000001e3ea1d0000] _byte_map_base: 0x000001e3e99d0000

Marking Bits (Prev, Next): (CMBitMap*) 0x000001e3d50cc200, (CMBitMap*) 0x000001e3d50cc1c8
 Prev Bits: [0x000001e3ec5d0000, 0x000001e3ee5d0000)
 Next Bits: [0x000001e3ea5d0000, 0x000001e3ec5d0000)

Polling page: 0x000001e3d4ee0000

Metaspace:

Usage:
  Non-class:     88.04 MB capacity,    86.60 MB ( 98%) used,     1.17 MB (  1%) free+waste,   282.25 KB ( <1%) overhead. 
      Class:     13.65 MB capacity,    12.77 MB ( 94%) used,   778.77 KB (  6%) free+waste,   124.19 KB ( <1%) overhead. 
       Both:    101.69 MB capacity,    99.37 MB ( 98%) used,     1.93 MB (  2%) free+waste,   406.44 KB ( <1%) overhead. 

Virtual space:
  Non-class space:       90.00 MB reserved,      88.09 MB ( 98%) committed 
      Class space:        1.00 GB reserved,      13.75 MB (  1%) committed 
             Both:        1.09 GB reserved,     101.84 MB (  9%) committed 

Chunk freelists:
   Non-Class:  53.00 KB
       Class:  2.00 KB
        Both:  55.00 KB

MaxMetaspaceSize: 17179869184.00 GB
CompressedClassSpaceSize: 1.00 GB
Initial GC threshold: 20.80 MB
Current GC threshold: 165.98 MB
CDS: off

CodeHeap 'non-profiled nmethods': size=120064Kb used=7934Kb max_used=7934Kb free=112129Kb
 bounds [0x000001e3e1e60000, 0x000001e3e2620000, 0x000001e3e93a0000]
CodeHeap 'profiled nmethods': size=120000Kb used=27490Kb max_used=27490Kb free=92509Kb
 bounds [0x000001e3da930000, 0x000001e3dc410000, 0x000001e3e1e60000]
CodeHeap 'non-nmethods': size=5696Kb used=2404Kb max_used=2448Kb free=3291Kb
 bounds [0x000001e3da3a0000, 0x000001e3da610000, 0x000001e3da930000]
 total_blobs=13563 nmethods=12636 adapters=839
 compilation: enabled
              stopped_count=0, restarted_count=0
 full_count=0

Compilation events (20 events):
Event: 35.907 Thread 0x000001e3f33ef800 nmethod 12795 0x000001e3e261ec90 code [0x000001e3e261ee40, 0x000001e3e261ef48]
Event: 35.907 Thread 0x000001e3f33ef800 12796       4       com.android.tools.r8.dex.i::a (73 bytes)
Event: 35.956 Thread 0x000001e3f0bf3800 12801       2       com.android.tools.r8.code.u::<init> (7 bytes)
Event: 35.957 Thread 0x000001e3f0bf3800 nmethod 12801 0x000001e3dc404210 code [0x000001e3dc4043e0, 0x000001e3dc404618]
Event: 35.957 Thread 0x000001e3f0bf3800 12802       2       java.util.concurrent.ConcurrentLinkedQueue::offer (120 bytes)
Event: 35.959 Thread 0x000001e3f0bf3800 nmethod 12802 0x000001e3dc404810 code [0x000001e3dc404a80, 0x000001e3dc405458]
Event: 35.963 Thread 0x000001e3f0bf3800 12804       2       com.android.tools.r8.code.f::<init> (7 bytes)
Event: 35.963 Thread 0x000001e3f0bf3800 nmethod 12804 0x000001e3dc405910 code [0x000001e3dc405ae0, 0x000001e3dc405d18]
Event: 35.967 Thread 0x000001e3f0bf3800 12805       2       com.android.tools.r8.code.B2::<init> (7 bytes)
Event: 35.967 Thread 0x000001e3f0bf3800 nmethod 12805 0x000001e3dc405f10 code [0x000001e3dc4060e0, 0x000001e3dc406318]
Event: 35.972 Thread 0x000001e3f0bf3800 12806       2       com.android.tools.r8.code.R3::<init> (7 bytes)
Event: 35.972 Thread 0x000001e3f0bf3800 nmethod 12806 0x000001e3dc406510 code [0x000001e3dc4066c0, 0x000001e3dc406818]
Event: 35.999 Thread 0x000001e3f0bf3800 12809       2       com.android.tools.r8.code.w3::<init> (7 bytes)
Event: 36.000 Thread 0x000001e3f0bf3800 nmethod 12809 0x000001e3dc406910 code [0x000001e3dc406ae0, 0x000001e3dc406d18]
Event: 36.000 Thread 0x000001e3f33ef800 nmethod 12796 0x000001e3e261f010 code [0x000001e3e261f200, 0x000001e3e261f688]
Event: 36.000 Thread 0x000001e3f33ef800 12808       4       com.android.tools.r8.code.y1::a (4129 bytes)
Event: 36.004 Thread 0x000001e3f0bf3800 12810 %     3       com.android.tools.r8.internal.dt::d @ 58 (191 bytes)
Event: 36.005 Thread 0x000001e3f0bf3800 nmethod 12810% 0x000001e3dc406f10 code [0x000001e3dc4071c0, 0x000001e3dc408008]
Event: 36.065 Thread 0x000001e3f0bf3800 12814       2       com.android.tools.r8.internal.sK::<init> (41 bytes)
Event: 36.070 Thread 0x000001e3f0bf3800 nmethod 12814 0x000001e3dc408590 code [0x000001e3dc408740, 0x000001e3dc4088b8]

GC Heap History (20 events):
Event: 30.281 GC heap after
{Heap after GC invocations=24 (full 0):
 garbage-first heap   total 229376K, used 99416K [0x0000000080000000, 0x0000000100000000)
  region size 1024K, 10 young (10240K), 10 survivors (10240K)
 Metaspace       used 93575K, capacity 95852K, committed 96092K, reserved 1132544K
  class space    used 11898K, capacity 12742K, committed 12800K, reserved 1048576K
}
Event: 31.475 GC heap before
{Heap before GC invocations=24 (full 0):
 garbage-first heap   total 229376K, used 180312K [0x0000000080000000, 0x0000000100000000)
  region size 1024K, 90 young (92160K), 10 survivors (10240K)
 Metaspace       used 95413K, capacity 97658K, committed 97884K, reserved 1134592K
  class space    used 12111K, capacity 12936K, committed 13056K, reserved 1048576K
}
Event: 31.501 GC heap after
{Heap after GC invocations=25 (full 0):
 garbage-first heap   total 229376K, used 103424K [0x0000000080000000, 0x0000000100000000)
  region size 1024K, 8 young (8192K), 8 survivors (8192K)
 Metaspace       used 95413K, capacity 97658K, committed 97884K, reserved 1134592K
  class space    used 12111K, capacity 12936K, committed 13056K, reserved 1048576K
}
Event: 32.233 GC heap before
{Heap before GC invocations=25 (full 0):
 garbage-first heap   total 229376K, used 145408K [0x0000000080000000, 0x0000000100000000)
  region size 1024K, 43 young (44032K), 8 survivors (8192K)
 Metaspace       used 96232K, capacity 98501K, committed 98652K, reserved 1134592K
  class space    used 12190K, capacity 13020K, committed 13056K, reserved 1048576K
}
Event: 32.259 GC heap after
{Heap after GC invocations=26 (full 0):
 garbage-first heap   total 229376K, used 119324K [0x0000000080000000, 0x0000000100000000)
  region size 1024K, 11 young (11264K), 11 survivors (11264K)
 Metaspace       used 96232K, capacity 98501K, committed 98652K, reserved 1134592K
  class space    used 12190K, capacity 13020K, committed 13056K, reserved 1048576K
}
Event: 33.002 GC heap before
{Heap before GC invocations=27 (full 0):
 garbage-first heap   total 229376K, used 139804K [0x0000000080000000, 0x0000000100000000)
  region size 1024K, 27 young (27648K), 11 survivors (11264K)
 Metaspace       used 98990K, capacity 101291K, committed 101724K, reserved 1138688K
  class space    used 12571K, capacity 13419K, committed 13568K, reserved 1048576K
}
Event: 33.024 GC heap after
{Heap after GC invocations=28 (full 0):
 garbage-first heap   total 229376K, used 129722K [0x0000000080000000, 0x0000000100000000)
  region size 1024K, 4 young (4096K), 4 survivors (4096K)
 Metaspace       used 98990K, capacity 101291K, committed 101724K, reserved 1138688K
  class space    used 12571K, capacity 13419K, committed 13568K, reserved 1048576K
}
Event: 33.779 GC heap before
{Heap before GC invocations=29 (full 0):
 garbage-first heap   total 229376K, used 203450K [0x0000000080000000, 0x0000000100000000)
  region size 1024K, 43 young (44032K), 4 survivors (4096K)
 Metaspace       used 99305K, capacity 101590K, committed 101980K, reserved 1138688K
  class space    used 12614K, capacity 13454K, committed 13568K, reserved 1048576K
}
Event: 33.800 GC heap after
{Heap after GC invocations=30 (full 0):
 garbage-first heap   total 229376K, used 158539K [0x0000000080000000, 0x0000000100000000)
  region size 1024K, 6 young (6144K), 6 survivors (6144K)
 Metaspace       used 99305K, capacity 101590K, committed 101980K, reserved 1138688K
  class space    used 12614K, capacity 13454K, committed 13568K, reserved 1048576K
}
Event: 33.996 GC heap before
{Heap before GC invocations=30 (full 0):
 garbage-first heap   total 229376K, used 176971K [0x0000000080000000, 0x0000000100000000)
  region size 1024K, 26 young (26624K), 6 survivors (6144K)
 Metaspace       used 99308K, capacity 101590K, committed 101980K, reserved 1138688K
  class space    used 12614K, capacity 13454K, committed 13568K, reserved 1048576K
}
Event: 34.027 GC heap after
{Heap after GC invocations=31 (full 0):
 garbage-first heap   total 229376K, used 165888K [0x0000000080000000, 0x0000000100000000)
  region size 1024K, 4 young (4096K), 4 survivors (4096K)
 Metaspace       used 99308K, capacity 101590K, committed 101980K, reserved 1138688K
  class space    used 12614K, capacity 13454K, committed 13568K, reserved 1048576K
}
Event: 34.298 GC heap before
{Heap before GC invocations=31 (full 0):
 garbage-first heap   total 229376K, used 188416K [0x0000000080000000, 0x0000000100000000)
  region size 1024K, 24 young (24576K), 4 survivors (4096K)
 Metaspace       used 99308K, capacity 101590K, committed 101980K, reserved 1138688K
  class space    used 12614K, capacity 13454K, committed 13568K, reserved 1048576K
}
Event: 34.338 GC heap after
{Heap after GC invocations=32 (full 0):
 garbage-first heap   total 275456K, used 175794K [0x0000000080000000, 0x0000000100000000)
  region size 1024K, 3 young (3072K), 3 survivors (3072K)
 Metaspace       used 99308K, capacity 101590K, committed 101980K, reserved 1138688K
  class space    used 12614K, capacity 13454K, committed 13568K, reserved 1048576K
}
Event: 35.098 GC heap before
{Heap before GC invocations=33 (full 0):
 garbage-first heap   total 275456K, used 210610K [0x0000000080000000, 0x0000000100000000)
  region size 1024K, 36 young (36864K), 3 survivors (3072K)
 Metaspace       used 101649K, capacity 104060K, committed 104284K, reserved 1140736K
  class space    used 13077K, capacity 13981K, committed 14080K, reserved 1048576K
}
Event: 35.152 GC heap after
{Heap after GC invocations=34 (full 0):
 garbage-first heap   total 275456K, used 190853K [0x0000000080000000, 0x0000000100000000)
  region size 1024K, 5 young (5120K), 5 survivors (5120K)
 Metaspace       used 101649K, capacity 104060K, committed 104284K, reserved 1140736K
  class space    used 13077K, capacity 13981K, committed 14080K, reserved 1048576K
}
Event: 35.416 GC heap before
{Heap before GC invocations=34 (full 0):
 garbage-first heap   total 275456K, used 217477K [0x0000000080000000, 0x0000000100000000)
  region size 1024K, 32 young (32768K), 5 survivors (5120K)
 Metaspace       used 101708K, capacity 104068K, committed 104284K, reserved 1140736K
  class space    used 13079K, capacity 13982K, committed 14080K, reserved 1048576K
}
Event: 35.476 GC heap after
{Heap after GC invocations=35 (full 0):
 garbage-first heap   total 275456K, used 205273K [0x0000000080000000, 0x0000000100000000)
  region size 1024K, 4 young (4096K), 4 survivors (4096K)
 Metaspace       used 101708K, capacity 104068K, committed 104284K, reserved 1140736K
  class space    used 13079K, capacity 13982K, committed 14080K, reserved 1048576K
}
Event: 35.918 GC heap before
{Heap before GC invocations=35 (full 0):
 garbage-first heap   total 275456K, used 225753K [0x0000000080000000, 0x0000000100000000)
  region size 1024K, 24 young (24576K), 4 survivors (4096K)
 Metaspace       used 101752K, capacity 104133K, committed 104284K, reserved 1140736K
  class space    used 13079K, capacity 13982K, committed 14080K, reserved 1048576K
}
Event: 35.948 GC heap after
{Heap after GC invocations=36 (full 0):
 garbage-first heap   total 275456K, used 216064K [0x0000000080000000, 0x0000000100000000)
  region size 1024K, 3 young (3072K), 3 survivors (3072K)
 Metaspace       used 101752K, capacity 104133K, committed 104284K, reserved 1140736K
  class space    used 13079K, capacity 13982K, committed 14080K, reserved 1048576K
}
Event: 36.087 GC heap before
{Heap before GC invocations=36 (full 0):
 garbage-first heap   total 275456K, used 231424K [0x0000000080000000, 0x0000000100000000)
  region size 1024K, 18 young (18432K), 3 survivors (3072K)
 Metaspace       used 101753K, capacity 104133K, committed 104284K, reserved 1140736K
  class space    used 13079K, capacity 13982K, committed 14080K, reserved 1048576K
}

Deoptimization events (20 events):
Event: 34.753 Thread 0x000001e3f4e12000 DEOPT PACKING pc=0x000001e3e25b3184 sp=0x0000003cf4bff130
Event: 34.753 Thread 0x000001e3f4e12000 DEOPT UNPACKING pc=0x000001e3da3ea1af sp=0x0000003cf4bff0c8 mode 2
Event: 35.079 Thread 0x000001e3f4e12000 Uncommon trap: trap_request=0xffffff4d fr.pc=0x000001e3e23cba10 relative=0x0000000000000350
Event: 35.079 Thread 0x000001e3f4e12000 Uncommon trap: reason=unstable_if action=reinterpret pc=0x000001e3e23cba10 method=java.util.concurrent.ConcurrentLinkedQueue.offer(Ljava/lang/Object;)Z @ 42 c2
Event: 35.079 Thread 0x000001e3f4e12000 DEOPT PACKING pc=0x000001e3e23cba10 sp=0x0000003cf4bff210
Event: 35.079 Thread 0x000001e3f4e12000 DEOPT UNPACKING pc=0x000001e3da3ea1af sp=0x0000003cf4bff148 mode 2
Event: 35.604 Thread 0x000001e3f4e12000 Uncommon trap: trap_request=0xffffff4d fr.pc=0x000001e3e2600238 relative=0x0000000000000978
Event: 35.604 Thread 0x000001e3f4e12000 Uncommon trap: reason=unstable_if action=reinterpret pc=0x000001e3e2600238 method=com.android.tools.r8.code.y1.a(Ljava/nio/ShortBuffer;IILcom/android/tools/r8/internal/pL;)[Lcom/android/tools/r8/code/w1; @ 505 c2
Event: 35.604 Thread 0x000001e3f4e12000 DEOPT PACKING pc=0x000001e3e2600238 sp=0x0000003cf4bfef60
Event: 35.604 Thread 0x000001e3f4e12000 DEOPT UNPACKING pc=0x000001e3da3ea1af sp=0x0000003cf4bfef48 mode 2
Event: 35.845 Thread 0x000001e3f4e17000 Uncommon trap: trap_request=0xffffff4d fr.pc=0x000001e3e261370c relative=0x000000000000460c
Event: 35.845 Thread 0x000001e3f4e17000 Uncommon trap: reason=unstable_if action=reinterpret pc=0x000001e3e261370c method=com.android.tools.r8.dex.i.a(Z)Lcom/android/tools/r8/graph/a0; @ 19 c2
Event: 35.845 Thread 0x000001e3f4e17000 DEOPT PACKING pc=0x000001e3e261370c sp=0x0000003cf48feae0
Event: 35.845 Thread 0x000001e3f4e17000 DEOPT UNPACKING pc=0x000001e3da3ea1af sp=0x0000003cf48feb08 mode 2
Event: 35.952 Thread 0x000001e3f4e13000 Uncommon trap: trap_request=0xffffff4d fr.pc=0x000001e3e23b6410 relative=0x0000000000000350
Event: 35.953 Thread 0x000001e3f4e13000 Uncommon trap: reason=unstable_if action=reinterpret pc=0x000001e3e23b6410 method=java.util.concurrent.ConcurrentLinkedQueue.offer(Ljava/lang/Object;)Z @ 42 c2
Event: 35.953 Thread 0x000001e3f4e13000 DEOPT PACKING pc=0x000001e3e23b6410 sp=0x0000003cf4afebb0
Event: 35.953 Thread 0x000001e3f4e13000 DEOPT UNPACKING pc=0x000001e3da3ea1af sp=0x0000003cf4afeb50 mode 2
Event: 36.003 Thread 0x000001e3f4e17000 DEOPT PACKING pc=0x000001e3dc285444 sp=0x0000003cf48feb40
Event: 36.003 Thread 0x000001e3f4e17000 DEOPT UNPACKING pc=0x000001e3da3ea95e sp=0x0000003cf48fe098 mode 0

Classes redefined (0 events):
No events

Internal exceptions (20 events):
Event: 29.183 Thread 0x000001e3f4e0d000 Exception <a 'sun/nio/fs/WindowsException'{0x000000008cc8b200}> (0x000000008cc8b200) thrown at [./src/hotspot/share/prims/jni.cpp, line 616]
Event: 29.183 Thread 0x000001e3f4e0d000 Exception <a 'sun/nio/fs/WindowsException'{0x000000008cc8c088}> (0x000000008cc8c088) thrown at [./src/hotspot/share/prims/jni.cpp, line 616]
Event: 29.183 Thread 0x000001e3f4e0d000 Exception <a 'sun/nio/fs/WindowsException'{0x000000008cc8c380}> (0x000000008cc8c380) thrown at [./src/hotspot/share/prims/jni.cpp, line 616]
Event: 29.212 Thread 0x000001e3f4e0d000 Exception <a 'java/lang/NoSuchMethodError'{0x000000008ca13788}: <clinit>> (0x000000008ca13788) thrown at [./src/hotspot/share/prims/jni.cpp, line 1366]
Event: 29.217 Thread 0x000001e3f4e0d000 Exception <a 'java/lang/NoSuchMethodError'{0x000000008ca46f20}: <clinit>> (0x000000008ca46f20) thrown at [./src/hotspot/share/prims/jni.cpp, line 1366]
Event: 29.223 Thread 0x000001e3f4e0d000 Exception <a 'java/lang/NoSuchMethodError'{0x000000008ca815d8}: <clinit>> (0x000000008ca815d8) thrown at [./src/hotspot/share/prims/jni.cpp, line 1366]
Event: 29.225 Thread 0x000001e3f4e0d000 Exception <a 'java/lang/NoSuchMethodError'{0x000000008ca94290}: <clinit>> (0x000000008ca94290) thrown at [./src/hotspot/share/prims/jni.cpp, line 1366]
Event: 32.117 Thread 0x000001e3f4e0f000 Exception <a 'java/lang/NoSuchMethodError'{0x000000008cb3c140}: 'void java.lang.invoke.DirectMethodHandle$Holder.invokeStatic(java.lang.Object, long)'> (0x000000008cb3c140) thrown at [./src/hotspot/share/interpreter/linkResolver.cpp, line 773]
Event: 32.118 Thread 0x000001e3f4e0f000 Exception <a 'java/lang/NoSuchMethodError'{0x000000008cb41600}: 'java.lang.Object java.lang.invoke.DirectMethodHandle$Holder.invokeStatic(java.lang.Object, long)'> (0x000000008cb41600) thrown at [./src/hotspot/share/interpreter/linkResolver.cpp, line 773]
Event: 32.124 Thread 0x000001e3f4e0f000 Exception <a 'java/lang/NoSuchMethodError'{0x000000008cb4f968}: 'java.lang.Object java.lang.invoke.DirectMethodHandle$Holder.invokeStaticInit(java.lang.Object, java.lang.Object, long, java.lang.Object)'> (0x000000008cb4f968) thrown at [./src/hotspot/share/interpreter/linkResolver.cpp, line 773]
Event: 32.125 Thread 0x000001e3f4e0f000 Exception <a 'java/lang/NoSuchMethodError'{0x000000008cb55b00}: 'java.lang.Object java.lang.invoke.DirectMethodHandle$Holder.invokeStatic(java.lang.Object, java.lang.Object, long)'> (0x000000008cb55b00) thrown at [./src/hotspot/share/interpreter/linkResolver.cpp, line 773]
Event: 32.126 Thread 0x000001e3f4e0f000 Exception <a 'java/lang/NoSuchMethodError'{0x000000008cb5c078}: 'java.lang.Object java.lang.invoke.Invokers$Holder.linkToTargetMethod(java.lang.Object, long, java.lang.Object)'> (0x000000008cb5c078) thrown at [./src/hotspot/share/interpreter/linkResolver.cpp, line 773]
Event: 32.499 Thread 0x000001e3f4e0f800 Exception <a 'sun/nio/fs/WindowsException'{0x000000008dba7688}> (0x000000008dba7688) thrown at [./src/hotspot/share/prims/jni.cpp, line 616]
Event: 32.595 Thread 0x000001e3f4e0f800 Exception <a 'java/lang/NoSuchMethodError'{0x000000008d961218}: 'java.lang.Object java.lang.invoke.DirectMethodHandle$Holder.newInvokeSpecial(java.lang.Object, int)'> (0x000000008d961218) thrown at [./src/hotspot/share/interpreter/linkResolver.cpp, line 773]
Event: 32.991 Thread 0x000001e3f4e0f800 Exception <a 'java/lang/NoSuchMethodError'{0x000000008d101bd8}: 'java.lang.Object java.lang.invoke.DirectMethodHandle$Holder.invokeStaticInit(java.lang.Object, java.lang.Object, java.lang.Object, java.lang.Object, java.lang.Object, java.lang.Object, java.lang.Object, java.lang.Object, java.lang.Object, java.lang.Object, java.lang.Object, java.lang.Object, java.lang.Object, java.lang.Object, java.lang.Object, java.lang.Object, java.lang.Object, java.lang.Object, int, java.lang.Object, java.lang.Object)'> (0
Event: 33.000 Thread 0x000001e3f4e0f000 Exception <a 'java/lang/NoSuchMethodError'{0x000000008d1675b0}: 'int java.lang.invoke.DirectMethodHandle$Holder.invokeSpecialIFC(java.lang.Object, java.lang.Object, java.lang.Object)'> (0x000000008d1675b0) thrown at [./src/hotspot/share/interpreter/linkResolver.cpp, line 773]
Event: 34.734 Thread 0x000001e3f4e13000 Exception <a 'java/lang/IncompatibleClassChangeError'{0x000000008fbf7de8}: Found class java.lang.Object, but interface was expected> (0x000000008fbf7de8) thrown at [./src/hotspot/share/interpreter/linkResolver.cpp, line 839]
Event: 34.737 Thread 0x000001e3f4e11800 Exception <a 'java/lang/NoSuchMethodError'{0x000000008f713930}: 'long java.lang.invoke.DirectMethodHandle$Holder.invokeStatic(java.lang.Object, java.lang.Object, java.lang.Object)'> (0x000000008f713930) thrown at [./src/hotspot/share/interpreter/linkResolver.cpp, line 773]
Event: 34.747 Thread 0x000001e3f4e13000 Exception <a 'java/lang/IncompatibleClassChangeError'{0x000000008f743a78}: Found class java.lang.Object, but interface was expected> (0x000000008f743a78) thrown at [./src/hotspot/share/interpreter/linkResolver.cpp, line 839]
Event: 34.748 Thread 0x000001e3f4e13000 Exception <a 'java/lang/IncompatibleClassChangeError'{0x000000008f780300}: Found class java.lang.Object, but interface was expected> (0x000000008f780300) thrown at [./src/hotspot/share/interpreter/linkResolver.cpp, line 839]

Events (20 events):
Event: 34.911 loading class com/android/tools/r8/internal/Wh done
Event: 34.935 loading class com/android/tools/r8/internal/PD
Event: 34.935 loading class com/android/tools/r8/internal/PD done
Event: 34.945 loading class com/android/tools/r8/internal/kl
Event: 34.945 loading class com/android/tools/r8/internal/kl done
Event: 35.095 Executing VM operation: G1CollectForAllocation
Event: 35.152 Executing VM operation: G1CollectForAllocation done
Event: 35.191 loading class com/android/tools/r8/internal/Ze
Event: 35.191 loading class com/android/tools/r8/internal/Ze done
Event: 35.193 loading class com/android/tools/r8/graph/a0$a
Event: 35.193 loading class com/android/tools/r8/graph/a0$a done
Event: 35.193 loading class com/android/tools/r8/graph/a0$a
Event: 35.193 loading class com/android/tools/r8/graph/a0$a done
Event: 35.193 loading class com/android/tools/r8/dex/i
Event: 35.193 loading class com/android/tools/r8/dex/i done
Event: 35.414 Executing VM operation: G1CollectForAllocation
Event: 35.476 Executing VM operation: G1CollectForAllocation done
Event: 35.915 Executing VM operation: G1CollectForAllocation
Event: 35.948 Executing VM operation: G1CollectForAllocation done
Event: 36.086 Executing VM operation: G1CollectForAllocation


Dynamic libraries:
0x00007ff779490000 - 0x00007ff77949a000 	C:\Users\mutanu\Desktop\studio\jre\bin\java.exe
0x00007ff983510000 - 0x00007ff983708000 	C:\WINDOWS\SYSTEM32\ntdll.dll
0x00007ff983300000 - 0x00007ff9833bf000 	C:\WINDOWS\System32\KERNEL32.DLL
0x00007ff980eb0000 - 0x00007ff981182000 	C:\WINDOWS\System32\KERNELBASE.dll
0x00007ff980db0000 - 0x00007ff980eb0000 	C:\WINDOWS\System32\ucrtbase.dll
0x00007ff97bdb0000 - 0x00007ff97bdc9000 	C:\Users\mutanu\Desktop\studio\jre\bin\jli.dll
0x00007ff9830f0000 - 0x00007ff983291000 	C:\WINDOWS\System32\USER32.dll
0x00007ff980c90000 - 0x00007ff980cb2000 	C:\WINDOWS\System32\win32u.dll
0x00007ff981f80000 - 0x00007ff981fab000 	C:\WINDOWS\System32\GDI32.dll
0x00007ff9812e0000 - 0x00007ff9813ef000 	C:\WINDOWS\System32\gdi32full.dll
0x00007ff980cc0000 - 0x00007ff980d5d000 	C:\WINDOWS\System32\msvcp_win.dll
0x00007ff973fb0000 - 0x00007ff973fc7000 	C:\Users\mutanu\Desktop\studio\jre\bin\VCRUNTIME140.dll
0x00007ff980000000 - 0x00007ff98029a000 	C:\WINDOWS\WinSxS\amd64_microsoft.windows.common-controls_6595b64144ccf1df_6.0.19041.1110_none_60b5254171f9507e\COMCTL32.dll
0x00007ff9820d0000 - 0x00007ff98216e000 	C:\WINDOWS\System32\msvcrt.dll
0x00007ff983010000 - 0x00007ff983042000 	C:\WINDOWS\System32\IMM32.DLL
0x00007ff953a30000 - 0x00007ff953acd000 	C:\Users\mutanu\Desktop\studio\jre\bin\msvcp140.dll
0x00007ff94a200000 - 0x00007ff94ad02000 	C:\Users\mutanu\Desktop\studio\jre\bin\server\jvm.dll
0x00007ff981af0000 - 0x00007ff981b9e000 	C:\WINDOWS\System32\ADVAPI32.dll
0x00007ff983050000 - 0x00007ff9830ec000 	C:\WINDOWS\System32\sechost.dll
0x00007ff9822d0000 - 0x00007ff9823f5000 	C:\WINDOWS\System32\RPCRT4.dll
0x00007ff981bb0000 - 0x00007ff981bb8000 	C:\WINDOWS\System32\PSAPI.DLL
0x00007ff96c1d0000 - 0x00007ff96c1d9000 	C:\WINDOWS\SYSTEM32\WSOCK32.dll
0x00007ff982190000 - 0x00007ff9821fb000 	C:\WINDOWS\System32\WS2_32.dll
0x00007ff963110000 - 0x00007ff963137000 	C:\WINDOWS\SYSTEM32\WINMM.dll
0x00007ff97d930000 - 0x00007ff97d93a000 	C:\WINDOWS\SYSTEM32\VERSION.dll
0x00007ff97dcc0000 - 0x00007ff97dcd2000 	C:\WINDOWS\SYSTEM32\kernel.appcore.dll
0x00007ff97f0c0000 - 0x00007ff97f0d1000 	C:\Users\mutanu\Desktop\studio\jre\bin\verify.dll
0x00007ff980490000 - 0x00007ff980674000 	C:\WINDOWS\SYSTEM32\DBGHELP.DLL
0x00007ff9803d0000 - 0x00007ff980405000 	C:\WINDOWS\SYSTEM32\dbgcore.DLL
0x00007ff980c00000 - 0x00007ff980c82000 	C:\WINDOWS\System32\bcryptPrimitives.dll
0x00007ff97ed20000 - 0x00007ff97ed49000 	C:\Users\mutanu\Desktop\studio\jre\bin\java.dll
0x00007ff97ed10000 - 0x00007ff97ed1b000 	C:\Users\mutanu\Desktop\studio\jre\bin\jimage.dll
0x00007ff97ec40000 - 0x00007ff97ec58000 	C:\Users\mutanu\Desktop\studio\jre\bin\zip.dll
0x00007ff982730000 - 0x00007ff982e74000 	C:\WINDOWS\System32\SHELL32.dll
0x00007ff97dec0000 - 0x00007ff97e652000 	C:\WINDOWS\SYSTEM32\windows.storage.dll
0x00007ff981bc0000 - 0x00007ff981f15000 	C:\WINDOWS\System32\combase.dll
0x00007ff97ff60000 - 0x00007ff97ff90000 	C:\WINDOWS\SYSTEM32\Wldp.dll
0x00007ff981fc0000 - 0x00007ff98206d000 	C:\WINDOWS\System32\SHCORE.dll
0x00007ff9832a0000 - 0x00007ff9832f5000 	C:\WINDOWS\System32\shlwapi.dll
0x00007ff980b40000 - 0x00007ff980b5f000 	C:\WINDOWS\SYSTEM32\profapi.dll
0x00007ff978cf0000 - 0x00007ff978d0a000 	C:\Users\mutanu\Desktop\studio\jre\bin\net.dll
0x00007ff972e90000 - 0x00007ff972f9c000 	C:\WINDOWS\SYSTEM32\WINHTTP.dll
0x00007ff97fe30000 - 0x00007ff97fe9a000 	C:\WINDOWS\system32\mswsock.dll
0x00007ff9741a0000 - 0x00007ff9741b4000 	C:\Users\mutanu\Desktop\studio\jre\bin\nio.dll
0x00007ff978560000 - 0x00007ff978587000 	C:\Users\mutanu\.gradle\native\e1d6ef7f7dcc3fd88c89a11ec53ec762bb8ba0a96d01ffa2cd45eb1d1d8dd5c5\windows-amd64\native-platform.dll
0x00007ff952ea0000 - 0x00007ff952fe4000 	C:\Users\mutanu\.gradle\native\0d407fdbe67a94daf76414ababcb853783967236a71b16ec16e742cd7a986fd3\windows-amd64\native-platform-file-events.dll
0x00007ff97ed00000 - 0x00007ff97ed0a000 	C:\Users\mutanu\Desktop\studio\jre\bin\management.dll
0x00007ff97ec30000 - 0x00007ff97ec3d000 	C:\Users\mutanu\Desktop\studio\jre\bin\management_ext.dll
0x00007ff980990000 - 0x00007ff9809a8000 	C:\WINDOWS\SYSTEM32\CRYPTSP.dll
0x00007ff97f640000 - 0x00007ff97f674000 	C:\WINDOWS\system32\rsaenh.dll
0x00007ff981200000 - 0x00007ff981227000 	C:\WINDOWS\System32\bcrypt.dll
0x00007ff980b00000 - 0x00007ff980b2e000 	C:\WINDOWS\SYSTEM32\USERENV.dll
0x00007ff97ff20000 - 0x00007ff97ff2c000 	C:\WINDOWS\SYSTEM32\CRYPTBASE.dll
0x00007ff97f9b0000 - 0x00007ff97f9eb000 	C:\WINDOWS\SYSTEM32\IPHLPAPI.DLL
0x00007ff981ba0000 - 0x00007ff981ba8000 	C:\WINDOWS\System32\NSI.dll
0x00007ff974300000 - 0x00007ff974317000 	C:\WINDOWS\SYSTEM32\dhcpcsvc6.DLL
0x00007ff9779c0000 - 0x00007ff9779dd000 	C:\WINDOWS\SYSTEM32\dhcpcsvc.DLL
0x00007ff97f9f0000 - 0x00007ff97faba000 	C:\WINDOWS\SYSTEM32\DNSAPI.dll

dbghelp: loaded successfully - version: 4.0.5 - missing functions: none
symbol engine: initialized successfully - sym options: 0x614 - pdb path: .;C:\Users\mutanu\Desktop\studio\jre\bin;C:\WINDOWS\SYSTEM32;C:\WINDOWS\WinSxS\amd64_microsoft.windows.common-controls_6595b64144ccf1df_6.0.19041.1110_none_60b5254171f9507e;C:\Users\mutanu\Desktop\studio\jre\bin\server;C:\Users\mutanu\.gradle\native\e1d6ef7f7dcc3fd88c89a11ec53ec762bb8ba0a96d01ffa2cd45eb1d1d8dd5c5\windows-amd64;C:\Users\mutanu\.gradle\native\0d407fdbe67a94daf76414ababcb853783967236a71b16ec16e742cd7a986fd3\windows-amd64

VM Arguments:
jvm_args: --add-opens=java.base/java.util=ALL-UNNAMED --add-opens=java.base/java.lang=ALL-UNNAMED --add-opens=java.base/java.lang.invoke=ALL-UNNAMED --add-opens=java.base/java.util=ALL-UNNAMED --add-opens=java.prefs/java.util.prefs=ALL-UNNAMED --add-opens=java.prefs/java.util.prefs=ALL-UNNAMED --add-opens=java.base/java.nio.charset=ALL-UNNAMED --add-opens=java.base/java.net=ALL-UNNAMED --add-opens=java.base/java.util.concurrent.atomic=ALL-UNNAMED -Xmx2048m -Dfile.encoding=UTF-8 -Duser.country=US -Duser.language=en -Duser.variant 
java_command: org.gradle.launcher.daemon.bootstrap.GradleDaemon 7.4
java_class_path (initial): C:\Users\mutanu\.gradle\wrapper\dists\gradle-7.4-bin\c0gwcg53nkjbqw7r0h0umtfvt\gradle-7.4\lib\gradle-launcher-7.4.jar
Launcher Type: SUN_STANDARD

[Global flags]
     intx CICompilerCount                          = 3                                         {product} {ergonomic}
     uint ConcGCThreads                            = 1                                         {product} {ergonomic}
     uint G1ConcRefinementThreads                  = 4                                         {product} {ergonomic}
   size_t G1HeapRegionSize                         = 1048576                                   {product} {ergonomic}
    uintx GCDrainStackTargetSize                   = 64                                        {product} {ergonomic}
   size_t InitialHeapSize                          = 134217728                                 {product} {ergonomic}
   size_t MarkStackSize                            = 4194304                                   {product} {ergonomic}
   size_t MaxHeapSize                              = 2147483648                                {product} {command line}
   size_t MaxNewSize                               = 1287651328                                {product} {ergonomic}
   size_t MinHeapDeltaBytes                        = 1048576                                   {product} {ergonomic}
    uintx NonNMethodCodeHeapSize                   = 5830732                                {pd product} {ergonomic}
    uintx NonProfiledCodeHeapSize                  = 122913754                              {pd product} {ergonomic}
    uintx ProfiledCodeHeapSize                     = 122913754                              {pd product} {ergonomic}
    uintx ReservedCodeCacheSize                    = 251658240                              {pd product} {ergonomic}
     bool SegmentedCodeCache                       = true                                      {product} {ergonomic}
     bool UseCompressedClassPointers               = true                                 {lp64_product} {ergonomic}
     bool UseCompressedOops                        = true                                 {lp64_product} {ergonomic}
     bool UseG1GC                                  = true                                      {product} {ergonomic}
     bool UseLargePagesIndividualAllocation        = false                                  {pd product} {ergonomic}

Logging:
Log output configuration:
 #0: stdout all=warning uptime,level,tags
 #1: stderr all=off uptime,level,tags

Environment Variables:
PATH=C:\Python311\Scripts\;C:\Python311\;C:\Program Files (x86)\Common Files\Oracle\Java\javapath;C:\WINDOWS\system32;C:\WINDOWS;C:\WINDOWS\System32\Wbem;C:\WINDOWS\System32\WindowsPowerShell\v1.0\;C:\WINDOWS\System32\OpenSSH\;C:\Program Files\Git\cmd;C:\Program Files\nodejs\;C:\ProgramData\chocolatey\bin;C:\Users\mutanu\AppData\Local\Microsoft\WindowsApps;C:\Users\mutanu\AppData\Roaming\npm;C:\Users\mutanu\AppData\Local\Programs\Microsoft VS Code\bin
USERNAME=mutanu
OS=Windows_NT
PROCESSOR_IDENTIFIER=Intel64 Family 6 Model 69 Stepping 1, GenuineIntel



---------------  S Y S T E M  ---------------

OS: Windows 10 , 64 bit Build 19041 (10.0.19041.2364)
OS uptime: 5 days 5:50 hours

CPU:total 4 (initial active 4) (2 cores per cpu, 2 threads per core) family 6 model 69 stepping 1 microcode 0x25, cmov, cx8, fxsr, mmx, sse, sse2, sse3, ssse3, sse4.1, sse4.2, popcnt, avx, avx2, aes, clmul, erms, lzcnt, ht, tsc, tscinvbit, bmi1, bmi2, fma

Memory: 4k page, system-wide physical 8089M (963M free)
TotalPageFile size 19529M (AvailPageFile size 108M)
current process WorkingSet (physical memory assigned to process): 540M, peak: 560M
current process commit charge ("private bytes"): 580M, peak: 697M

vm_info: OpenJDK 64-Bit Server VM (11.0.13+0-b1751.21-8125866) for windows-amd64 JRE (11.0.13+0-b1751.21-8125866), built on Feb  2 2022 03:00:22 by "builder" with MS VC++ 14.0 (VS2015)

END.
