#
# There is insufficient memory for the Java Runtime Environment to continue.
# Native memory allocation (mmap) failed to map 131072000 bytes for Failed to commit area from 0x0000000090c00000 to 0x0000000098900000 of length 131072000.
# Possible reasons:
#   The system is out of physical RAM or swap space
#   The process is running with CompressedOops enabled, and the Java Heap may be blocking the growth of the native heap
# Possible solutions:
#   Reduce memory load on the system
#   Increase physical memory or swap space
#   Check if swap backing store is full
#   Decrease Java heap size (-Xmx/-Xms)
#   Decrease number of Java threads
#   Decrease Java thread stack sizes (-Xss)
#   Set larger code cache with -XX:ReservedCodeCacheSize=
#   JVM is running with Unscaled Compressed Oops mode in which the Java heap is
#     placed in the first 4GB address space. The Java Heap base address is the
#     maximum limit for the native heap growth. Please use -XX:HeapBaseMinAddress
#     to set the Java Heap base and to place the Java Heap above 4GB virtual address.
# This output file may be truncated or incomplete.
#
#  Out of Memory Error (./src/hotspot/os/windows/os_windows.cpp:3619), pid=53148, tid=51996
#
# JRE version: OpenJDK Runtime Environment (11.0.13) (build 11.0.13+0-b1751.21-8125866)
# Java VM: OpenJDK 64-Bit Server VM (11.0.13+0-b1751.21-8125866, mixed mode, tiered, compressed oops, g1 gc, windows-amd64)
# No core dump will be written. Minidumps are not enabled by default on client versions of Windows
#

---------------  S U M M A R Y ------------

Command Line: --add-opens=java.base/java.util=ALL-UNNAMED --add-opens=java.base/java.lang=ALL-UNNAMED --add-opens=java.base/java.lang.invoke=ALL-UNNAMED --add-opens=java.base/java.util=ALL-UNNAMED --add-opens=java.prefs/java.util.prefs=ALL-UNNAMED --add-opens=java.prefs/java.util.prefs=ALL-UNNAMED --add-opens=java.base/java.nio.charset=ALL-UNNAMED --add-opens=java.base/java.net=ALL-UNNAMED --add-opens=java.base/java.util.concurrent.atomic=ALL-UNNAMED -Xmx2048m -Dfile.encoding=UTF-8 -Duser.country=US -Duser.language=en -Duser.variant org.gradle.launcher.daemon.bootstrap.GradleDaemon 7.4

Host: Intel(R) Core(TM) i5-4200U CPU @ 1.60GHz, 4 cores, 7G,  Windows 10 , 64 bit Build 19041 (10.0.19041.2364)
Time: Mon Feb  6 15:55:00 2023 E. Africa Standard Time elapsed time: 41.305634 seconds (0d 0h 0m 41s)

---------------  T H R E A D  ---------------

Current thread (0x00000261d58fa000):  VMThread "VM Thread" [stack: 0x000000b5aad00000,0x000000b5aae00000] [id=51996]

Stack: [0x000000b5aad00000,0x000000b5aae00000]
[error occurred during error reporting (printing stack bounds), id 0xc0000005, EXCEPTION_ACCESS_VIOLATION (0xc0000005) at pc=0x00000261bf82112d]

Native frames: (J=compiled Java code, j=interpreted, Vv=VM code, C=native code)
V  [jvm.dll+0x6100fa]
V  [jvm.dll+0x747090]
V  [jvm.dll+0x7486ad]
V  [jvm.dll+0x748ce5]
V  [jvm.dll+0x748c9b]
V  [jvm.dll+0x60f224]
V  [jvm.dll+0x60f9b8]
C  [ntdll.dll+0xa241f]
C  [ntdll.dll+0x514a4]
C  [ntdll.dll+0xa0f4e]
C  0x00000261bf82112d

VM_Operation (0x000000b5b13fe400): G1CollectForAllocation, mode: safepoint, requested by thread 0x00000261dd189000


---------------  P R O C E S S  ---------------

Threads class SMR info:
_java_thread_list=0x00000261df89c970, length=98, elements={
0x00000261bbcfe000, 0x00000261d5902000, 0x00000261d590b800, 0x00000261d591c000,
0x00000261d5920000, 0x00000261d5921000, 0x00000261d592a000, 0x00000261d592b800,
0x00000261d592f800, 0x00000261d63c3000, 0x00000261d9666000, 0x00000261d6efc800,
0x00000261d86b7000, 0x00000261d84e0000, 0x00000261d6b96000, 0x00000261d834a000,
0x00000261d6bb1000, 0x00000261d7b39800, 0x00000261d7b3a000, 0x00000261d836b800,
0x00000261d9d47800, 0x00000261d9d46000, 0x00000261d9d43800, 0x00000261d9d48800,
0x00000261d9d44000, 0x00000261d9d46800, 0x00000261d9d42800, 0x00000261d9d49000,
0x00000261d9d45000, 0x00000261da555800, 0x00000261da553000, 0x00000261da550800,
0x00000261da556000, 0x00000261da551800, 0x00000261da558000, 0x00000261da552000,
0x00000261da55d000, 0x00000261da558800, 0x00000261da55c000, 0x00000261da55d800,
0x00000261da55e800, 0x00000261da55f000, 0x00000261da55b000, 0x00000261da559800,
0x00000261da55a800, 0x00000261db79c000, 0x00000261db79a800, 0x00000261db79a000,
0x00000261db79d000, 0x00000261db79e000, 0x00000261db798000, 0x00000261db79e800,
0x00000261db799000, 0x00000261db7a0800, 0x00000261db79b800, 0x00000261db7a4800,
0x00000261db7a3800, 0x00000261db7a1000, 0x00000261db7a5000, 0x00000261db79f800,
0x00000261db7a2000, 0x00000261db7a6000, 0x00000261db7a7000, 0x00000261db7a3000,
0x00000261d87be000, 0x00000261d87b9800, 0x00000261d87b8800, 0x00000261d87bc000,
0x00000261d87bf000, 0x00000261d87c0000, 0x00000261d87bb000, 0x00000261d87ba000,
0x00000261d87bd800, 0x00000261d87c0800, 0x00000261d87c1800, 0x00000261d87c2800,
0x00000261d87bc800, 0x00000261d87c7000, 0x00000261d87c4000, 0x00000261d87c3000,
0x00000261d87c5000, 0x00000261d87c5800, 0x00000261d87c6800, 0x00000261dd17f000,
0x00000261dd180000, 0x00000261dd181800, 0x00000261dd180800, 0x00000261dd17e800,
0x00000261dd182800, 0x00000261dd17d800, 0x00000261dd185000, 0x00000261dd188000,
0x00000261dd183000, 0x00000261d7a74800, 0x00000261dd17c800, 0x00000261dd187000,
0x00000261dd189000, 0x00000261dd184000
}

Java Threads: ( => current thread )
  0x00000261bbcfe000 JavaThread "main" [_thread_blocked, id=52160, stack(0x000000b5aa700000,0x000000b5aa800000)]
  0x00000261d5902000 JavaThread "Reference Handler" daemon [_thread_blocked, id=52884, stack(0x000000b5aae00000,0x000000b5aaf00000)]
  0x00000261d590b800 JavaThread "Finalizer" daemon [_thread_blocked, id=49328, stack(0x000000b5aaf00000,0x000000b5ab000000)]
  0x00000261d591c000 JavaThread "Signal Dispatcher" daemon [_thread_blocked, id=51404, stack(0x000000b5ab000000,0x000000b5ab100000)]
  0x00000261d5920000 JavaThread "Attach Listener" daemon [_thread_blocked, id=28284, stack(0x000000b5ab100000,0x000000b5ab200000)]
  0x00000261d5921000 JavaThread "Service Thread" daemon [_thread_blocked, id=52188, stack(0x000000b5ab200000,0x000000b5ab300000)]
  0x00000261d592a000 JavaThread "C2 CompilerThread0" daemon [_thread_blocked, id=43232, stack(0x000000b5ab300000,0x000000b5ab400000)]
  0x00000261d592b800 JavaThread "C1 CompilerThread0" daemon [_thread_blocked, id=52000, stack(0x000000b5ab400000,0x000000b5ab500000)]
  0x00000261d592f800 JavaThread "Sweeper thread" daemon [_thread_blocked, id=50160, stack(0x000000b5ab500000,0x000000b5ab600000)]
  0x00000261d63c3000 JavaThread "Common-Cleaner" daemon [_thread_blocked, id=27492, stack(0x000000b5ab600000,0x000000b5ab700000)]
  0x00000261d9666000 JavaThread "Daemon health stats" [_thread_blocked, id=5224, stack(0x000000b5abb00000,0x000000b5abc00000)]
  0x00000261d6efc800 JavaThread "Incoming local TCP Connector on port 50788" [_thread_in_native, id=53008, stack(0x000000b5ab800000,0x000000b5ab900000)]
  0x00000261d86b7000 JavaThread "Daemon periodic checks" [_thread_blocked, id=8544, stack(0x000000b5abc00000,0x000000b5abd00000)]
  0x00000261d84e0000 JavaThread "Daemon" [_thread_blocked, id=44040, stack(0x000000b5abd00000,0x000000b5abe00000)]
  0x00000261d6b96000 JavaThread "Handler for socket connection from /127.0.0.1:50788 to /127.0.0.1:50789" [_thread_in_native, id=52644, stack(0x000000b5abe00000,0x000000b5abf00000)]
  0x00000261d834a000 JavaThread "Cancel handler" [_thread_blocked, id=15112, stack(0x000000b5abf00000,0x000000b5ac000000)]
  0x00000261d6bb1000 JavaThread "Daemon worker" [_thread_blocked, id=51936, stack(0x000000b5ac000000,0x000000b5ac100000)]
  0x00000261d7b39800 JavaThread "Asynchronous log dispatcher for DefaultDaemonConnection: socket connection from /127.0.0.1:50788 to /127.0.0.1:50789" [_thread_blocked, id=50832, stack(0x000000b5ac100000,0x000000b5ac200000)]
  0x00000261d7b3a000 JavaThread "Stdin handler" [_thread_blocked, id=46116, stack(0x000000b5ac200000,0x000000b5ac300000)]
  0x00000261d836b800 JavaThread "Daemon client event forwarder" [_thread_blocked, id=52360, stack(0x000000b5ac300000,0x000000b5ac400000)]
  0x00000261d9d47800 JavaThread "Cache worker for journal cache (C:\Users\mutanu\.gradle\caches\journal-1)" [_thread_blocked, id=51908, stack(0x000000b5ac500000,0x000000b5ac600000)]
  0x00000261d9d46000 JavaThread "File lock request listener" [_thread_in_native, id=35352, stack(0x000000b5ac600000,0x000000b5ac700000)]
  0x00000261d9d43800 JavaThread "Cache worker for file hash cache (C:\Users\mutanu\.gradle\caches\7.4\fileHashes)" [_thread_blocked, id=10608, stack(0x000000b5ac700000,0x000000b5ac800000)]
  0x00000261d9d48800 JavaThread "File watcher server" daemon [_thread_blocked, id=47228, stack(0x000000b5ac900000,0x000000b5aca00000)]
  0x00000261d9d44000 JavaThread "File watcher consumer" daemon [_thread_blocked, id=29636, stack(0x000000b5aca00000,0x000000b5acb00000)]
  0x00000261d9d46800 JavaThread "Cache worker for checksums cache (C:\Users\mutanu\AndroidStudioProjects\eablTrial\.gradle\7.4\checksums)" [_thread_blocked, id=24776, stack(0x000000b5acb00000,0x000000b5acc00000)]
  0x00000261d9d42800 JavaThread "Cache worker for cache directory md-rule (C:\Users\mutanu\.gradle\caches\7.4\md-rule)" [_thread_blocked, id=52960, stack(0x000000b5acc00000,0x000000b5acd00000)]
  0x00000261d9d49000 JavaThread "Cache worker for file hash cache (C:\Users\mutanu\AndroidStudioProjects\eablTrial\.gradle\7.4\fileHashes)" [_thread_blocked, id=10796, stack(0x000000b5acd00000,0x000000b5ace00000)]
  0x00000261d9d45000 JavaThread "Cache worker for cache directory md-supplier (C:\Users\mutanu\.gradle\caches\7.4\md-supplier)" [_thread_blocked, id=52744, stack(0x000000b5ace00000,0x000000b5acf00000)]
  0x00000261da555800 JavaThread "Cache worker for execution history cache (C:\Users\mutanu\.gradle\caches\7.4\executionHistory)" [_thread_blocked, id=29452, stack(0x000000b5acf00000,0x000000b5ad000000)]
  0x00000261da553000 JavaThread "jar transforms" [_thread_blocked, id=45040, stack(0x000000b5ad000000,0x000000b5ad100000)]
  0x00000261da550800 JavaThread "Cache worker for file content cache (C:\Users\mutanu\.gradle\caches\7.4\fileContent)" [_thread_blocked, id=49388, stack(0x000000b5ad100000,0x000000b5ad200000)]
  0x00000261da556000 JavaThread "jar transforms Thread 2" [_thread_blocked, id=47208, stack(0x000000b5ad200000,0x000000b5ad300000)]
  0x00000261da551800 JavaThread "Cache worker for dependencies-accessors (C:\Users\mutanu\AndroidStudioProjects\eablTrial\.gradle\7.4\dependencies-accessors)" [_thread_blocked, id=50908, stack(0x000000b5ad300000,0x000000b5ad400000)]
  0x00000261da558000 JavaThread "jar transforms Thread 3" [_thread_blocked, id=48556, stack(0x000000b5ad400000,0x000000b5ad500000)]
  0x00000261da552000 JavaThread "Cache worker for Build Output Cleanup Cache (C:\Users\mutanu\AndroidStudioProjects\eablTrial\.gradle\buildOutputCleanup)" [_thread_blocked, id=26944, stack(0x000000b5ac800000,0x000000b5ac900000)]
  0x00000261da55d000 JavaThread "Unconstrained build operations" [_thread_blocked, id=51296, stack(0x000000b5ad600000,0x000000b5ad700000)]
  0x00000261da558800 JavaThread "Unconstrained build operations Thread 2" [_thread_blocked, id=51956, stack(0x000000b5ad700000,0x000000b5ad800000)]
  0x00000261da55c000 JavaThread "Unconstrained build operations Thread 3" [_thread_blocked, id=53076, stack(0x000000b5ad800000,0x000000b5ad900000)]
  0x00000261da55d800 JavaThread "Unconstrained build operations Thread 4" [_thread_blocked, id=12232, stack(0x000000b5ad900000,0x000000b5ada00000)]
  0x00000261da55e800 JavaThread "Unconstrained build operations Thread 5" [_thread_blocked, id=9028, stack(0x000000b5ada00000,0x000000b5adb00000)]
  0x00000261da55f000 JavaThread "Unconstrained build operations Thread 6" [_thread_blocked, id=39380, stack(0x000000b5adb00000,0x000000b5adc00000)]
  0x00000261da55b000 JavaThread "Unconstrained build operations Thread 7" [_thread_blocked, id=21248, stack(0x000000b5adc00000,0x000000b5add00000)]
  0x00000261da559800 JavaThread "Unconstrained build operations Thread 8" [_thread_blocked, id=5492, stack(0x000000b5add00000,0x000000b5ade00000)]
  0x00000261da55a800 JavaThread "Unconstrained build operations Thread 9" [_thread_blocked, id=11852, stack(0x000000b5ade00000,0x000000b5adf00000)]
  0x00000261db79c000 JavaThread "Unconstrained build operations Thread 10" [_thread_blocked, id=45408, stack(0x000000b5adf00000,0x000000b5ae000000)]
  0x00000261db79a800 JavaThread "Unconstrained build operations Thread 11" [_thread_blocked, id=33708, stack(0x000000b5ae000000,0x000000b5ae100000)]
  0x00000261db79a000 JavaThread "Unconstrained build operations Thread 12" [_thread_blocked, id=51272, stack(0x000000b5ae100000,0x000000b5ae200000)]
  0x00000261db79d000 JavaThread "Unconstrained build operations Thread 13" [_thread_blocked, id=47640, stack(0x000000b5ae200000,0x000000b5ae300000)]
  0x00000261db79e000 JavaThread "Unconstrained build operations Thread 14" [_thread_blocked, id=9144, stack(0x000000b5ae300000,0x000000b5ae400000)]
  0x00000261db798000 JavaThread "Unconstrained build operations Thread 15" [_thread_blocked, id=7736, stack(0x000000b5ae400000,0x000000b5ae500000)]
  0x00000261db79e800 JavaThread "Unconstrained build operations Thread 16" [_thread_blocked, id=11528, stack(0x000000b5ae500000,0x000000b5ae600000)]
  0x00000261db799000 JavaThread "Unconstrained build operations Thread 17" [_thread_blocked, id=43352, stack(0x000000b5ae600000,0x000000b5ae700000)]
  0x00000261db7a0800 JavaThread "Unconstrained build operations Thread 18" [_thread_blocked, id=47040, stack(0x000000b5ae700000,0x000000b5ae800000)]
  0x00000261db79b800 JavaThread "Unconstrained build operations Thread 19" [_thread_blocked, id=49512, stack(0x000000b5ae800000,0x000000b5ae900000)]
  0x00000261db7a4800 JavaThread "Unconstrained build operations Thread 20" [_thread_blocked, id=51196, stack(0x000000b5ae900000,0x000000b5aea00000)]
  0x00000261db7a3800 JavaThread "Unconstrained build operations Thread 21" [_thread_blocked, id=16764, stack(0x000000b5aea00000,0x000000b5aeb00000)]
  0x00000261db7a1000 JavaThread "Unconstrained build operations Thread 22" [_thread_blocked, id=52612, stack(0x000000b5aeb00000,0x000000b5aec00000)]
  0x00000261db7a5000 JavaThread "Unconstrained build operations Thread 23" [_thread_blocked, id=51032, stack(0x000000b5aec00000,0x000000b5aed00000)]
  0x00000261db79f800 JavaThread "Unconstrained build operations Thread 24" [_thread_blocked, id=52140, stack(0x000000b5aed00000,0x000000b5aee00000)]
  0x00000261db7a2000 JavaThread "Unconstrained build operations Thread 25" [_thread_blocked, id=49100, stack(0x000000b5aee00000,0x000000b5aef00000)]
  0x00000261db7a6000 JavaThread "Unconstrained build operations Thread 26" [_thread_blocked, id=22544, stack(0x000000b5aef00000,0x000000b5af000000)]
  0x00000261db7a7000 JavaThread "Unconstrained build operations Thread 27" [_thread_blocked, id=52728, stack(0x000000b5af000000,0x000000b5af100000)]
  0x00000261db7a3000 JavaThread "Unconstrained build operations Thread 28" [_thread_blocked, id=45352, stack(0x000000b5af100000,0x000000b5af200000)]
  0x00000261d87be000 JavaThread "Unconstrained build operations Thread 29" [_thread_blocked, id=51520, stack(0x000000b5af200000,0x000000b5af300000)]
  0x00000261d87b9800 JavaThread "Unconstrained build operations Thread 30" [_thread_blocked, id=47280, stack(0x000000b5af300000,0x000000b5af400000)]
  0x00000261d87b8800 JavaThread "Unconstrained build operations Thread 31" [_thread_blocked, id=50992, stack(0x000000b5af400000,0x000000b5af500000)]
  0x00000261d87bc000 JavaThread "Unconstrained build operations Thread 32" [_thread_blocked, id=52820, stack(0x000000b5af500000,0x000000b5af600000)]
  0x00000261d87bf000 JavaThread "Unconstrained build operations Thread 33" [_thread_blocked, id=50308, stack(0x000000b5af600000,0x000000b5af700000)]
  0x00000261d87c0000 JavaThread "Unconstrained build operations Thread 34" [_thread_blocked, id=52768, stack(0x000000b5af700000,0x000000b5af800000)]
  0x00000261d87bb000 JavaThread "Unconstrained build operations Thread 35" [_thread_blocked, id=50156, stack(0x000000b5af800000,0x000000b5af900000)]
  0x00000261d87ba000 JavaThread "Unconstrained build operations Thread 36" [_thread_blocked, id=51088, stack(0x000000b5af900000,0x000000b5afa00000)]
  0x00000261d87bd800 JavaThread "Unconstrained build operations Thread 37" [_thread_blocked, id=24356, stack(0x000000b5afa00000,0x000000b5afb00000)]
  0x00000261d87c0800 JavaThread "Unconstrained build operations Thread 38" [_thread_blocked, id=20216, stack(0x000000b5afb00000,0x000000b5afc00000)]
  0x00000261d87c1800 JavaThread "Unconstrained build operations Thread 39" [_thread_blocked, id=52952, stack(0x000000b5afc00000,0x000000b5afd00000)]
  0x00000261d87c2800 JavaThread "Unconstrained build operations Thread 40" [_thread_blocked, id=46076, stack(0x000000b5afd00000,0x000000b5afe00000)]
  0x00000261d87bc800 JavaThread "jar transforms Thread 4" [_thread_blocked, id=52868, stack(0x000000b5afe00000,0x000000b5aff00000)]
  0x00000261d87c7000 JavaThread "Memory manager" [_thread_blocked, id=50260, stack(0x000000b5aff00000,0x000000b5b0000000)]
  0x00000261d87c4000 JavaThread "build event listener" [_thread_blocked, id=52592, stack(0x000000b5b0000000,0x000000b5b0100000)]
  0x00000261d87c3000 JavaThread "pool-3-thread-1" [_thread_blocked, id=52268, stack(0x000000b5b0100000,0x000000b5b0200000)]
  0x00000261d87c5000 JavaThread "build event listener" [_thread_blocked, id=38596, stack(0x000000b5b0200000,0x000000b5b0300000)]
  0x00000261d87c5800 JavaThread "included builds" [_thread_blocked, id=50232, stack(0x000000b5b0300000,0x000000b5b0400000)]
  0x00000261d87c6800 JavaThread "Execution worker for ':'" [_thread_blocked, id=52180, stack(0x000000b5b0400000,0x000000b5b0500000)]
  0x00000261dd17f000 JavaThread "Execution worker for ':' Thread 2" [_thread_blocked, id=45432, stack(0x000000b5b0500000,0x000000b5b0600000)]
  0x00000261dd180000 JavaThread "Execution worker for ':' Thread 3" [_thread_blocked, id=52976, stack(0x000000b5b0600000,0x000000b5b0700000)]
  0x00000261dd181800 JavaThread "Cache worker for execution history cache (C:\Users\mutanu\AndroidStudioProjects\eablTrial\.gradle\7.4\executionHistory)" [_thread_blocked, id=19252, stack(0x000000b5b0700000,0x000000b5b0800000)]
  0x00000261dd180800 JavaThread "WorkerExecutor Queue" [_thread_blocked, id=51780, stack(0x000000b5b0800000,0x000000b5b0900000)]
  0x00000261dd17e800 JavaThread "WorkerExecutor Queue Thread 2" [_thread_blocked, id=52900, stack(0x000000b5b0b00000,0x000000b5b0c00000)]
  0x00000261dd182800 JavaThread "WorkerExecutor Queue Thread 3" [_thread_blocked, id=52408, stack(0x000000b5b0c00000,0x000000b5b0d00000)]
  0x00000261dd17d800 JavaThread "WorkerExecutor Queue Thread 4" [_thread_blocked, id=52036, stack(0x000000b5b0d00000,0x000000b5b0e00000)]
  0x00000261dd185000 JavaThread "pool-4-thread-1" [_thread_blocked, id=28032, stack(0x000000b5b0f00000,0x000000b5b1000000)]
  0x00000261dd188000 JavaThread "stderr" [_thread_in_native, id=30116, stack(0x000000b5b1000000,0x000000b5b1100000)]
  0x00000261dd183000 JavaThread "stdout" [_thread_in_native, id=39556, stack(0x000000b5b1100000,0x000000b5b1200000)]
  0x00000261d7a74800 JavaThread "C2 CompilerThread1" daemon [_thread_in_native, id=50016, stack(0x000000b5ad500000,0x000000b5ad600000)]
  0x00000261dd17c800 JavaThread "ForkJoinPool-1-worker-3" daemon [_thread_blocked, id=49944, stack(0x000000b5b0e00000,0x000000b5b0f00000)]
  0x00000261dd187000 JavaThread "ForkJoinPool-1-worker-5" daemon [_thread_blocked, id=51556, stack(0x000000b5b1200000,0x000000b5b1300000)]
  0x00000261dd189000 JavaThread "ForkJoinPool-1-worker-7" daemon [_thread_blocked, id=52712, stack(0x000000b5b1300000,0x000000b5b1400000)]
  0x00000261dd184000 JavaThread "ForkJoinPool-1-worker-1" daemon [_thread_blocked, id=49724, stack(0x000000b5b1400000,0x000000b5b1500000)]

Other Threads:
=>0x00000261d58fa000 VMThread "VM Thread" [stack: 0x000000b5aad00000,0x000000b5aae00000] [id=51996]
  0x00000261d63f0800 WatcherThread [stack: 0x000000b5ab700000,0x000000b5ab800000] [id=51056]
  0x00000261bbd19800 GCTaskThread "GC Thread#0" [stack: 0x000000b5aa800000,0x000000b5aa900000] [id=47400]
  0x00000261d6739800 GCTaskThread "GC Thread#1" [stack: 0x000000b5ab900000,0x000000b5aba00000] [id=49300]
  0x00000261d6c79800 GCTaskThread "GC Thread#2" [stack: 0x000000b5aba00000,0x000000b5abb00000] [id=52812]
  0x00000261d8e5a000 GCTaskThread "GC Thread#3" [stack: 0x000000b5ac400000,0x000000b5ac500000] [id=15136]
  0x00000261bbd4a000 ConcurrentGCThread "G1 Main Marker" [stack: 0x000000b5aa900000,0x000000b5aaa00000] [id=52436]
  0x00000261bbd4b800 ConcurrentGCThread "G1 Conc#0" [stack: 0x000000b5aaa00000,0x000000b5aab00000] [id=52304]
  0x00000261bbdd8000 ConcurrentGCThread "G1 Refine#0" [stack: 0x000000b5aab00000,0x000000b5aac00000] [id=40964]
  0x00000261d8c4c800 ConcurrentGCThread "G1 Refine#1" [stack: 0x000000b5b1500000,0x000000b5b1600000] [id=9448]
  0x00000261bbdd9000 ConcurrentGCThread "G1 Young RemSet Sampling" [stack: 0x000000b5aac00000,0x000000b5aad00000] [id=46176]

Threads with active compile tasks:
C2 CompilerThread0  41330 13339       4       com.android.tools.r8.dex.i::a (829 bytes)
C2 CompilerThread1  41330 13493       4       com.android.tools.r8.dex.i::a (1036 bytes)

VM state:at safepoint (normal execution)

VM Mutex/Monitor currently owned by a thread:  ([mutex/lock_event])
[0x00000261bbcf9cb0] Threads_lock - owner thread: 0x00000261d58fa000
[0x00000261bbcfad00] Heap_lock - owner thread: 0x00000261dd189000

Heap address: 0x0000000080000000, size: 2048 MB, Compressed Oops mode: 32-bit
Narrow klass base: 0x0000000000000000, Narrow klass shift: 3
Compressed class space size: 1073741824 Address: 0x0000000100000000

Heap:
 garbage-first heap   total 402432K, used 225240K [0x0000000080000000, 0x0000000100000000)
  region size 1024K, 2 young (2048K), 2 survivors (2048K)
 Metaspace       used 103521K, capacity 105941K, committed 106228K, reserved 1140736K
  class space    used 13267K, capacity 14151K, committed 14208K, reserved 1048576K
Heap Regions: E=young(eden), S=young(survivor), O=old, HS=humongous(starts), HC=humongous(continues), CS=collection set, F=free, A=archive, TAMS=top-at-mark-start (previous, next)
|   0|0x0000000080000000, 0x0000000080100000, 0x0000000080100000|100%|HS|  |TAMS 0x0000000080100000, 0x0000000080000000| Complete 
|   1|0x0000000080100000, 0x0000000080200000, 0x0000000080200000|100%|HC|  |TAMS 0x0000000080200000, 0x0000000080100000| Complete 
|   2|0x0000000080200000, 0x0000000080300000, 0x0000000080300000|100%|HC|  |TAMS 0x0000000080300000, 0x0000000080200000| Complete 
|   3|0x0000000080300000, 0x0000000080400000, 0x0000000080400000|100%| O|  |TAMS 0x0000000080400000, 0x0000000080300000| Updating 
|   4|0x0000000080400000, 0x0000000080500000, 0x0000000080500000|100%| O|  |TAMS 0x0000000080500000, 0x0000000080400000| Updating 
|   5|0x0000000080500000, 0x0000000080600000, 0x0000000080600000|100%| O|  |TAMS 0x0000000080600000, 0x0000000080500000| Updating 
|   6|0x0000000080600000, 0x0000000080700000, 0x0000000080700000|100%| O|  |TAMS 0x0000000080700000, 0x0000000080600000| Updating 
|   7|0x0000000080700000, 0x0000000080800000, 0x0000000080800000|100%| O|  |TAMS 0x0000000080800000, 0x0000000080700000| Updating 
|   8|0x0000000080800000, 0x0000000080900000, 0x0000000080900000|100%| O|  |TAMS 0x0000000080900000, 0x0000000080800000| Updating 
|   9|0x0000000080900000, 0x0000000080a00000, 0x0000000080a00000|100%| O|  |TAMS 0x0000000080a00000, 0x0000000080900000| Updating 
|  10|0x0000000080a00000, 0x0000000080b00000, 0x0000000080b00000|100%| O|  |TAMS 0x0000000080b00000, 0x0000000080a00000| Updating 
|  11|0x0000000080b00000, 0x0000000080c00000, 0x0000000080c00000|100%| O|  |TAMS 0x0000000080c00000, 0x0000000080b00000| Updating 
|  12|0x0000000080c00000, 0x0000000080d00000, 0x0000000080d00000|100%| O|  |TAMS 0x0000000080d00000, 0x0000000080c00000| Updating 
|  13|0x0000000080d00000, 0x0000000080e00000, 0x0000000080e00000|100%| O|  |TAMS 0x0000000080e00000, 0x0000000080d00000| Updating 
|  14|0x0000000080e00000, 0x0000000080f00000, 0x0000000080f00000|100%| O|  |TAMS 0x0000000080f00000, 0x0000000080e00000| Updating 
|  15|0x0000000080f00000, 0x0000000081000000, 0x0000000081000000|100%| O|  |TAMS 0x0000000081000000, 0x0000000080f00000| Updating 
|  16|0x0000000081000000, 0x0000000081100000, 0x0000000081100000|100%| O|  |TAMS 0x0000000081100000, 0x0000000081000000| Updating 
|  17|0x0000000081100000, 0x0000000081200000, 0x0000000081200000|100%|HS|  |TAMS 0x0000000081200000, 0x0000000081100000| Complete 
|  18|0x0000000081200000, 0x0000000081300000, 0x0000000081300000|100%| O|  |TAMS 0x0000000081300000, 0x0000000081200000| Updating 
|  19|0x0000000081300000, 0x0000000081400000, 0x0000000081400000|100%| O|  |TAMS 0x0000000081400000, 0x0000000081300000| Updating 
|  20|0x0000000081400000, 0x0000000081500000, 0x0000000081500000|100%| O|  |TAMS 0x0000000081500000, 0x0000000081400000| Updating 
|  21|0x0000000081500000, 0x0000000081600000, 0x0000000081600000|100%| O|  |TAMS 0x0000000081600000, 0x0000000081500000| Updating 
|  22|0x0000000081600000, 0x0000000081700000, 0x0000000081700000|100%| O|  |TAMS 0x0000000081700000, 0x0000000081600000| Updating 
|  23|0x0000000081700000, 0x0000000081800000, 0x0000000081800000|100%| O|  |TAMS 0x0000000081800000, 0x0000000081700000| Updating 
|  24|0x0000000081800000, 0x0000000081900000, 0x0000000081900000|100%| O|  |TAMS 0x0000000081900000, 0x0000000081800000| Updating 
|  25|0x0000000081900000, 0x0000000081a00000, 0x0000000081a00000|100%| O|  |TAMS 0x0000000081a00000, 0x0000000081900000| Updating 
|  26|0x0000000081a00000, 0x0000000081b00000, 0x0000000081b00000|100%| O|  |TAMS 0x0000000081b00000, 0x0000000081a00000| Updating 
|  27|0x0000000081b00000, 0x0000000081c00000, 0x0000000081c00000|100%| O|  |TAMS 0x0000000081c00000, 0x0000000081b00000| Updating 
|  28|0x0000000081c00000, 0x0000000081d00000, 0x0000000081d00000|100%| O|  |TAMS 0x0000000081d00000, 0x0000000081c00000| Updating 
|  29|0x0000000081d00000, 0x0000000081e00000, 0x0000000081e00000|100%| O|  |TAMS 0x0000000081e00000, 0x0000000081d00000| Updating 
|  30|0x0000000081e00000, 0x0000000081f00000, 0x0000000081f00000|100%|HS|  |TAMS 0x0000000081f00000, 0x0000000081e00000| Complete 
|  31|0x0000000081f00000, 0x0000000082000000, 0x0000000082000000|100%|HS|  |TAMS 0x0000000082000000, 0x0000000081f00000| Complete 
|  32|0x0000000082000000, 0x0000000082100000, 0x0000000082100000|100%|HS|  |TAMS 0x0000000082100000, 0x0000000082000000| Complete 
|  33|0x0000000082100000, 0x0000000082200000, 0x0000000082200000|100%|HC|  |TAMS 0x0000000082200000, 0x0000000082100000| Complete 
|  34|0x0000000082200000, 0x0000000082300000, 0x0000000082300000|100%|HC|  |TAMS 0x0000000082300000, 0x0000000082200000| Complete 
|  35|0x0000000082300000, 0x0000000082400000, 0x0000000082400000|100%|HC|  |TAMS 0x0000000082400000, 0x0000000082300000| Complete 
|  36|0x0000000082400000, 0x0000000082500000, 0x0000000082500000|100%| O|  |TAMS 0x0000000082500000, 0x0000000082400000| Updating 
|  37|0x0000000082500000, 0x0000000082600000, 0x0000000082600000|100%|HS|  |TAMS 0x0000000082600000, 0x0000000082500000| Complete 
|  38|0x0000000082600000, 0x0000000082700000, 0x0000000082700000|100%|HC|  |TAMS 0x0000000082700000, 0x0000000082600000| Complete 
|  39|0x0000000082700000, 0x0000000082800000, 0x0000000082800000|100%| O|  |TAMS 0x0000000082800000, 0x0000000082700000| Updating 
|  40|0x0000000082800000, 0x0000000082900000, 0x0000000082900000|100%| O|  |TAMS 0x0000000082900000, 0x0000000082800000| Updating 
|  41|0x0000000082900000, 0x0000000082a00000, 0x0000000082a00000|100%| O|  |TAMS 0x0000000082a00000, 0x0000000082900000| Updating 
|  42|0x0000000082a00000, 0x0000000082b00000, 0x0000000082b00000|100%| O|  |TAMS 0x0000000082b00000, 0x0000000082a00000| Updating 
|  43|0x0000000082b00000, 0x0000000082c00000, 0x0000000082c00000|100%| O|  |TAMS 0x0000000082c00000, 0x0000000082b00000| Updating 
|  44|0x0000000082c00000, 0x0000000082d00000, 0x0000000082d00000|100%| O|  |TAMS 0x0000000082d00000, 0x0000000082c00000| Updating 
|  45|0x0000000082d00000, 0x0000000082e00000, 0x0000000082e00000|100%| O|  |TAMS 0x0000000082e00000, 0x0000000082d00000| Updating 
|  46|0x0000000082e00000, 0x0000000082f00000, 0x0000000082f00000|100%| O|  |TAMS 0x0000000082f00000, 0x0000000082e00000| Updating 
|  47|0x0000000082f00000, 0x0000000083000000, 0x0000000083000000|100%| O|  |TAMS 0x0000000083000000, 0x0000000082f00000| Updating 
|  48|0x0000000083000000, 0x0000000083100000, 0x0000000083100000|100%| O|  |TAMS 0x0000000083100000, 0x0000000083000000| Updating 
|  49|0x0000000083100000, 0x0000000083200000, 0x0000000083200000|100%| O|  |TAMS 0x0000000083200000, 0x0000000083100000| Updating 
|  50|0x0000000083200000, 0x0000000083300000, 0x0000000083300000|100%| O|  |TAMS 0x0000000083300000, 0x0000000083200000| Updating 
|  51|0x0000000083300000, 0x0000000083400000, 0x0000000083400000|100%| O|  |TAMS 0x0000000083400000, 0x0000000083300000| Updating 
|  52|0x0000000083400000, 0x0000000083500000, 0x0000000083500000|100%| O|  |TAMS 0x0000000083500000, 0x0000000083400000| Updating 
|  53|0x0000000083500000, 0x0000000083600000, 0x0000000083600000|100%| O|  |TAMS 0x0000000083600000, 0x0000000083500000| Updating 
|  54|0x0000000083600000, 0x0000000083700000, 0x0000000083700000|100%| O|  |TAMS 0x0000000083700000, 0x0000000083600000| Updating 
|  55|0x0000000083700000, 0x0000000083800000, 0x0000000083800000|100%| O|  |TAMS 0x0000000083800000, 0x0000000083700000| Updating 
|  56|0x0000000083800000, 0x0000000083900000, 0x0000000083900000|100%| O|  |TAMS 0x0000000083900000, 0x0000000083800000| Updating 
|  57|0x0000000083900000, 0x0000000083a00000, 0x0000000083a00000|100%| O|  |TAMS 0x0000000083a00000, 0x0000000083900000| Updating 
|  58|0x0000000083a00000, 0x0000000083b00000, 0x0000000083b00000|100%| O|  |TAMS 0x0000000083b00000, 0x0000000083a00000| Updating 
|  59|0x0000000083b00000, 0x0000000083c00000, 0x0000000083c00000|100%| O|  |TAMS 0x0000000083c00000, 0x0000000083b00000| Updating 
|  60|0x0000000083c00000, 0x0000000083d00000, 0x0000000083d00000|100%| O|  |TAMS 0x0000000083d00000, 0x0000000083c00000| Updating 
|  61|0x0000000083d00000, 0x0000000083e00000, 0x0000000083e00000|100%| O|  |TAMS 0x0000000083e00000, 0x0000000083d00000| Updating 
|  62|0x0000000083e00000, 0x0000000083f00000, 0x0000000083f00000|100%| O|  |TAMS 0x0000000083f00000, 0x0000000083e00000| Updating 
|  63|0x0000000083f00000, 0x0000000084000000, 0x0000000084000000|100%| O|  |TAMS 0x0000000084000000, 0x0000000083f00000| Updating 
|  64|0x0000000084000000, 0x0000000084100000, 0x0000000084100000|100%| O|  |TAMS 0x0000000084100000, 0x0000000084000000| Updating 
|  65|0x0000000084100000, 0x0000000084200000, 0x0000000084200000|100%| O|  |TAMS 0x0000000084200000, 0x0000000084100000| Updating 
|  66|0x0000000084200000, 0x0000000084300000, 0x0000000084300000|100%| O|  |TAMS 0x0000000084300000, 0x0000000084200000| Updating 
|  67|0x0000000084300000, 0x0000000084400000, 0x0000000084400000|100%| O|  |TAMS 0x0000000084400000, 0x0000000084300000| Updating 
|  68|0x0000000084400000, 0x0000000084500000, 0x0000000084500000|100%| O|  |TAMS 0x0000000084500000, 0x0000000084400000| Updating 
|  69|0x0000000084500000, 0x0000000084600000, 0x0000000084600000|100%| O|  |TAMS 0x0000000084600000, 0x0000000084500000| Updating 
|  70|0x0000000084600000, 0x0000000084700000, 0x0000000084700000|100%| O|  |TAMS 0x0000000084700000, 0x0000000084600000| Updating 
|  71|0x0000000084700000, 0x0000000084800000, 0x0000000084800000|100%| O|  |TAMS 0x0000000084800000, 0x0000000084700000| Updating 
|  72|0x0000000084800000, 0x0000000084900000, 0x0000000084900000|100%| O|  |TAMS 0x0000000084900000, 0x0000000084800000| Updating 
|  73|0x0000000084900000, 0x0000000084a00000, 0x0000000084a00000|100%| O|  |TAMS 0x0000000084a00000, 0x0000000084900000| Updating 
|  74|0x0000000084a00000, 0x0000000084b00000, 0x0000000084b00000|100%| O|  |TAMS 0x0000000084b00000, 0x0000000084a00000| Updating 
|  75|0x0000000084b00000, 0x0000000084c00000, 0x0000000084c00000|100%| O|  |TAMS 0x0000000084c00000, 0x0000000084b00000| Updating 
|  76|0x0000000084c00000, 0x0000000084d00000, 0x0000000084d00000|100%| O|  |TAMS 0x0000000084d00000, 0x0000000084c00000| Updating 
|  77|0x0000000084d00000, 0x0000000084e00000, 0x0000000084e00000|100%| O|  |TAMS 0x0000000084e00000, 0x0000000084d00000| Updating 
|  78|0x0000000084e00000, 0x0000000084f00000, 0x0000000084f00000|100%| O|  |TAMS 0x0000000084f00000, 0x0000000084e00000| Updating 
|  79|0x0000000084f00000, 0x0000000085000000, 0x0000000085000000|100%| O|  |TAMS 0x0000000085000000, 0x0000000084f00000| Updating 
|  80|0x0000000085000000, 0x0000000085100000, 0x0000000085100000|100%| O|  |TAMS 0x0000000085100000, 0x0000000085000000| Updating 
|  81|0x0000000085100000, 0x0000000085200000, 0x0000000085200000|100%| O|  |TAMS 0x0000000085200000, 0x0000000085100000| Updating 
|  82|0x0000000085200000, 0x0000000085300000, 0x0000000085300000|100%| O|  |TAMS 0x0000000085300000, 0x0000000085200000| Updating 
|  83|0x0000000085300000, 0x0000000085400000, 0x0000000085400000|100%| O|  |TAMS 0x0000000085400000, 0x0000000085300000| Updating 
|  84|0x0000000085400000, 0x0000000085500000, 0x0000000085500000|100%| O|  |TAMS 0x0000000085500000, 0x0000000085400000| Updating 
|  85|0x0000000085500000, 0x0000000085600000, 0x0000000085600000|100%| O|  |TAMS 0x0000000085600000, 0x0000000085500000| Updating 
|  86|0x0000000085600000, 0x0000000085700000, 0x0000000085700000|100%| O|  |TAMS 0x0000000085700000, 0x0000000085600000| Updating 
|  87|0x0000000085700000, 0x0000000085800000, 0x0000000085800000|100%| O|  |TAMS 0x0000000085800000, 0x0000000085700000| Updating 
|  88|0x0000000085800000, 0x0000000085900000, 0x0000000085900000|100%| O|  |TAMS 0x0000000085900000, 0x0000000085800000| Updating 
|  89|0x0000000085900000, 0x0000000085a00000, 0x0000000085a00000|100%| O|  |TAMS 0x0000000085a00000, 0x0000000085900000| Updating 
|  90|0x0000000085a00000, 0x0000000085b00000, 0x0000000085b00000|100%| O|  |TAMS 0x0000000085b00000, 0x0000000085a00000| Updating 
|  91|0x0000000085b00000, 0x0000000085c00000, 0x0000000085c00000|100%| O|  |TAMS 0x0000000085c00000, 0x0000000085b00000| Updating 
|  92|0x0000000085c00000, 0x0000000085d00000, 0x0000000085d00000|100%|HS|  |TAMS 0x0000000085d00000, 0x0000000085c00000| Complete 
|  93|0x0000000085d00000, 0x0000000085e00000, 0x0000000085e00000|100%|HC|  |TAMS 0x0000000085e00000, 0x0000000085d00000| Complete 
|  94|0x0000000085e00000, 0x0000000085f00000, 0x0000000085f00000|100%|HS|  |TAMS 0x0000000085f00000, 0x0000000085e00000| Complete 
|  95|0x0000000085f00000, 0x0000000086000000, 0x0000000086000000|100%| O|  |TAMS 0x0000000086000000, 0x0000000085f00000| Updating 
|  96|0x0000000086000000, 0x0000000086100000, 0x0000000086100000|100%| O|  |TAMS 0x0000000086100000, 0x0000000086000000| Updating 
|  97|0x0000000086100000, 0x0000000086200000, 0x0000000086200000|100%| O|  |TAMS 0x0000000086200000, 0x0000000086100000| Updating 
|  98|0x0000000086200000, 0x0000000086300000, 0x0000000086300000|100%|HS|  |TAMS 0x0000000086300000, 0x0000000086200000| Complete 
|  99|0x0000000086300000, 0x0000000086400000, 0x0000000086400000|100%|HS|  |TAMS 0x0000000086400000, 0x0000000086300000| Complete 
| 100|0x0000000086400000, 0x0000000086500000, 0x0000000086500000|100%| O|  |TAMS 0x0000000086500000, 0x0000000086400000| Updating 
| 101|0x0000000086500000, 0x0000000086600000, 0x0000000086600000|100%| O|  |TAMS 0x0000000086600000, 0x0000000086500000| Updating 
| 102|0x0000000086600000, 0x0000000086700000, 0x0000000086700000|100%| O|  |TAMS 0x0000000086700000, 0x0000000086600000| Updating 
| 103|0x0000000086700000, 0x0000000086800000, 0x0000000086800000|100%| O|  |TAMS 0x0000000086800000, 0x0000000086700000| Updating 
| 104|0x0000000086800000, 0x0000000086900000, 0x0000000086900000|100%|HS|  |TAMS 0x0000000086900000, 0x0000000086800000| Complete 
| 105|0x0000000086900000, 0x0000000086a00000, 0x0000000086a00000|100%| O|  |TAMS 0x0000000086a00000, 0x0000000086900000| Updating 
| 106|0x0000000086a00000, 0x0000000086b00000, 0x0000000086b00000|100%| O|  |TAMS 0x0000000086b00000, 0x0000000086a00000| Updating 
| 107|0x0000000086b00000, 0x0000000086c00000, 0x0000000086c00000|100%| O|  |TAMS 0x0000000086c00000, 0x0000000086b00000| Updating 
| 108|0x0000000086c00000, 0x0000000086d00000, 0x0000000086d00000|100%| O|  |TAMS 0x0000000086d00000, 0x0000000086c00000| Updating 
| 109|0x0000000086d00000, 0x0000000086e00000, 0x0000000086e00000|100%| O|  |TAMS 0x0000000086e00000, 0x0000000086d00000| Updating 
| 110|0x0000000086e00000, 0x0000000086f00000, 0x0000000086f00000|100%|HS|  |TAMS 0x0000000086f00000, 0x0000000086e00000| Complete 
| 111|0x0000000086f00000, 0x0000000087000000, 0x0000000087000000|100%|HC|  |TAMS 0x0000000087000000, 0x0000000086f00000| Complete 
| 112|0x0000000087000000, 0x0000000087100000, 0x0000000087100000|100%|HS|  |TAMS 0x0000000087100000, 0x0000000087000000| Complete 
| 113|0x0000000087100000, 0x0000000087200000, 0x0000000087200000|100%|HC|  |TAMS 0x0000000087200000, 0x0000000087100000| Complete 
| 114|0x0000000087200000, 0x0000000087300000, 0x0000000087300000|100%|HS|  |TAMS 0x0000000087300000, 0x0000000087200000| Complete 
| 115|0x0000000087300000, 0x0000000087400000, 0x0000000087400000|100%|HS|  |TAMS 0x0000000087400000, 0x0000000087300000| Complete 
| 116|0x0000000087400000, 0x0000000087500000, 0x0000000087500000|100%|HC|  |TAMS 0x0000000087500000, 0x0000000087400000| Complete 
| 117|0x0000000087500000, 0x0000000087600000, 0x0000000087600000|100%|HC|  |TAMS 0x0000000087600000, 0x0000000087500000| Complete 
| 118|0x0000000087600000, 0x0000000087700000, 0x0000000087700000|100%| O|  |TAMS 0x0000000087700000, 0x0000000087600000| Updating 
| 119|0x0000000087700000, 0x0000000087800000, 0x0000000087800000|100%| O|  |TAMS 0x0000000087800000, 0x0000000087700000| Updating 
| 120|0x0000000087800000, 0x0000000087900000, 0x0000000087900000|100%| O|  |TAMS 0x0000000087900000, 0x0000000087800000| Updating 
| 121|0x0000000087900000, 0x0000000087a00000, 0x0000000087a00000|100%| O|  |TAMS 0x0000000087a00000, 0x0000000087900000| Updating 
| 122|0x0000000087a00000, 0x0000000087b00000, 0x0000000087b00000|100%| O|  |TAMS 0x0000000087b00000, 0x0000000087a00000| Updating 
| 123|0x0000000087b00000, 0x0000000087c00000, 0x0000000087c00000|100%| O|  |TAMS 0x0000000087c00000, 0x0000000087b00000| Updating 
| 124|0x0000000087c00000, 0x0000000087d00000, 0x0000000087d00000|100%| O|  |TAMS 0x0000000087d00000, 0x0000000087c00000| Updating 
| 125|0x0000000087d00000, 0x0000000087e00000, 0x0000000087e00000|100%| O|  |TAMS 0x0000000087e00000, 0x0000000087d00000| Updating 
| 126|0x0000000087e00000, 0x0000000087f00000, 0x0000000087f00000|100%| O|  |TAMS 0x0000000087f00000, 0x0000000087e00000| Updating 
| 127|0x0000000087f00000, 0x0000000088000000, 0x0000000088000000|100%| O|  |TAMS 0x0000000088000000, 0x0000000087f00000| Updating 
| 128|0x0000000088000000, 0x0000000088100000, 0x0000000088100000|100%| O|  |TAMS 0x0000000088100000, 0x0000000088000000| Updating 
| 129|0x0000000088100000, 0x0000000088200000, 0x0000000088200000|100%|HS|  |TAMS 0x0000000088200000, 0x0000000088100000| Complete 
| 130|0x0000000088200000, 0x0000000088300000, 0x0000000088300000|100%|HC|  |TAMS 0x0000000088300000, 0x0000000088200000| Complete 
| 131|0x0000000088300000, 0x0000000088400000, 0x0000000088400000|100%| O|  |TAMS 0x0000000088400000, 0x0000000088300000| Updating 
| 132|0x0000000088400000, 0x0000000088500000, 0x0000000088500000|100%|HS|  |TAMS 0x0000000088500000, 0x0000000088400000| Complete 
| 133|0x0000000088500000, 0x0000000088600000, 0x0000000088600000|100%| O|  |TAMS 0x0000000088600000, 0x0000000088500000| Updating 
| 134|0x0000000088600000, 0x0000000088700000, 0x0000000088700000|100%|HS|  |TAMS 0x0000000088700000, 0x0000000088600000| Complete 
| 135|0x0000000088700000, 0x0000000088800000, 0x0000000088800000|100%| O|  |TAMS 0x0000000088800000, 0x0000000088700000| Updating 
| 136|0x0000000088800000, 0x0000000088900000, 0x0000000088900000|100%|HS|  |TAMS 0x0000000088900000, 0x0000000088800000| Complete 
| 137|0x0000000088900000, 0x0000000088a00000, 0x0000000088a00000|100%| O|  |TAMS 0x0000000088a00000, 0x0000000088900000| Updating 
| 138|0x0000000088a00000, 0x0000000088b00000, 0x0000000088b00000|100%|HS|  |TAMS 0x0000000088b00000, 0x0000000088a00000| Complete 
| 139|0x0000000088b00000, 0x0000000088c00000, 0x0000000088c00000|100%| O|  |TAMS 0x0000000088c00000, 0x0000000088b00000| Updating 
| 140|0x0000000088c00000, 0x0000000088d00000, 0x0000000088d00000|100%| O|  |TAMS 0x0000000088d00000, 0x0000000088c00000| Updating 
| 141|0x0000000088d00000, 0x0000000088e00000, 0x0000000088e00000|100%| O|  |TAMS 0x0000000088d00000, 0x0000000088d00000| Untracked 
| 142|0x0000000088e00000, 0x0000000088f00000, 0x0000000088f00000|100%|HS|  |TAMS 0x0000000088f00000, 0x0000000088e00000| Complete 
| 143|0x0000000088f00000, 0x0000000089000000, 0x0000000089000000|100%|HC|  |TAMS 0x0000000089000000, 0x0000000088f00000| Complete 
| 144|0x0000000089000000, 0x0000000089100000, 0x0000000089100000|100%|HS|  |TAMS 0x0000000089100000, 0x0000000089000000| Complete 
| 145|0x0000000089100000, 0x0000000089200000, 0x0000000089200000|100%| O|  |TAMS 0x0000000089200000, 0x0000000089100000| Updating 
| 146|0x0000000089200000, 0x0000000089300000, 0x0000000089300000|100%| O|  |TAMS 0x0000000089300000, 0x0000000089200000| Updating 
| 147|0x0000000089300000, 0x0000000089400000, 0x0000000089400000|100%|HS|  |TAMS 0x0000000089400000, 0x0000000089300000| Complete 
| 148|0x0000000089400000, 0x0000000089500000, 0x0000000089500000|100%|HC|  |TAMS 0x0000000089500000, 0x0000000089400000| Complete 
| 149|0x0000000089500000, 0x0000000089600000, 0x0000000089600000|100%| O|  |TAMS 0x0000000089600000, 0x0000000089500000| Updating 
| 150|0x0000000089600000, 0x0000000089700000, 0x0000000089700000|100%|HS|  |TAMS 0x0000000089700000, 0x0000000089600000| Complete 
| 151|0x0000000089700000, 0x0000000089800000, 0x0000000089800000|100%| O|  |TAMS 0x0000000089800000, 0x0000000089700000| Updating 
| 152|0x0000000089800000, 0x0000000089900000, 0x0000000089900000|100%| O|  |TAMS 0x0000000089900000, 0x0000000089800000| Updating 
| 153|0x0000000089900000, 0x0000000089a00000, 0x0000000089a00000|100%| O|  |TAMS 0x0000000089a00000, 0x0000000089900000| Updating 
| 154|0x0000000089a00000, 0x0000000089b00000, 0x0000000089b00000|100%| O|  |TAMS 0x0000000089b00000, 0x0000000089a00000| Updating 
| 155|0x0000000089b00000, 0x0000000089c00000, 0x0000000089c00000|100%| O|  |TAMS 0x0000000089c00000, 0x0000000089b00000| Updating 
| 156|0x0000000089c00000, 0x0000000089d00000, 0x0000000089d00000|100%| O|  |TAMS 0x0000000089d00000, 0x0000000089c00000| Updating 
| 157|0x0000000089d00000, 0x0000000089e00000, 0x0000000089e00000|100%|HS|  |TAMS 0x0000000089e00000, 0x0000000089d00000| Complete 
| 158|0x0000000089e00000, 0x0000000089f00000, 0x0000000089f00000|100%|HC|  |TAMS 0x0000000089f00000, 0x0000000089e00000| Complete 
| 159|0x0000000089f00000, 0x000000008a000000, 0x000000008a000000|100%|HC|  |TAMS 0x000000008a000000, 0x0000000089f00000| Complete 
| 160|0x000000008a000000, 0x000000008a100000, 0x000000008a100000|100%| O|  |TAMS 0x000000008a100000, 0x000000008a000000| Updating 
| 161|0x000000008a100000, 0x000000008a200000, 0x000000008a200000|100%| O|  |TAMS 0x000000008a200000, 0x000000008a100000| Updating 
| 162|0x000000008a200000, 0x000000008a300000, 0x000000008a300000|100%| O|  |TAMS 0x000000008a300000, 0x000000008a200000| Updating 
| 163|0x000000008a300000, 0x000000008a400000, 0x000000008a400000|100%| O|  |TAMS 0x000000008a400000, 0x000000008a300000| Updating 
| 164|0x000000008a400000, 0x000000008a500000, 0x000000008a500000|100%| O|  |TAMS 0x000000008a500000, 0x000000008a400000| Updating 
| 165|0x000000008a500000, 0x000000008a600000, 0x000000008a600000|100%| O|  |TAMS 0x000000008a600000, 0x000000008a500000| Updating 
| 166|0x000000008a600000, 0x000000008a700000, 0x000000008a700000|100%| O|  |TAMS 0x000000008a700000, 0x000000008a600000| Updating 
| 167|0x000000008a700000, 0x000000008a800000, 0x000000008a800000|100%| O|  |TAMS 0x000000008a800000, 0x000000008a700000| Updating 
| 168|0x000000008a800000, 0x000000008a900000, 0x000000008a900000|100%| O|  |TAMS 0x000000008a900000, 0x000000008a800000| Updating 
| 169|0x000000008a900000, 0x000000008aa00000, 0x000000008aa00000|100%| O|  |TAMS 0x000000008aa00000, 0x000000008a900000| Updating 
| 170|0x000000008aa00000, 0x000000008ab00000, 0x000000008ab00000|100%| O|  |TAMS 0x000000008ab00000, 0x000000008aa00000| Updating 
| 171|0x000000008ab00000, 0x000000008ac00000, 0x000000008ac00000|100%| O|  |TAMS 0x000000008ac00000, 0x000000008ab00000| Updating 
| 172|0x000000008ac00000, 0x000000008ad00000, 0x000000008ad00000|100%| O|  |TAMS 0x000000008ad00000, 0x000000008ac00000| Updating 
| 173|0x000000008ad00000, 0x000000008ae00000, 0x000000008ae00000|100%| O|  |TAMS 0x000000008ae00000, 0x000000008ad00000| Updating 
| 174|0x000000008ae00000, 0x000000008af00000, 0x000000008af00000|100%| O|  |TAMS 0x000000008af00000, 0x000000008ae00000| Updating 
| 175|0x000000008af00000, 0x000000008b000000, 0x000000008b000000|100%| O|  |TAMS 0x000000008b000000, 0x000000008af00000| Updating 
| 176|0x000000008b000000, 0x000000008b100000, 0x000000008b100000|100%| O|  |TAMS 0x000000008b100000, 0x000000008b000000| Updating 
| 177|0x000000008b100000, 0x000000008b200000, 0x000000008b200000|100%|HS|  |TAMS 0x000000008b200000, 0x000000008b100000| Complete 
| 178|0x000000008b200000, 0x000000008b300000, 0x000000008b300000|100%|HC|  |TAMS 0x000000008b300000, 0x000000008b200000| Complete 
| 179|0x000000008b300000, 0x000000008b400000, 0x000000008b400000|100%| O|  |TAMS 0x000000008b400000, 0x000000008b300000| Updating 
| 180|0x000000008b400000, 0x000000008b500000, 0x000000008b500000|100%| O|  |TAMS 0x000000008b500000, 0x000000008b400000| Updating 
| 181|0x000000008b500000, 0x000000008b600000, 0x000000008b600000|100%| O|  |TAMS 0x000000008b600000, 0x000000008b500000| Updating 
| 182|0x000000008b600000, 0x000000008b700000, 0x000000008b700000|100%| O|  |TAMS 0x000000008b700000, 0x000000008b600000| Updating 
| 183|0x000000008b700000, 0x000000008b800000, 0x000000008b800000|100%| O|  |TAMS 0x000000008b800000, 0x000000008b700000| Updating 
| 184|0x000000008b800000, 0x000000008b900000, 0x000000008b900000|100%| O|  |TAMS 0x000000008b900000, 0x000000008b800000| Updating 
| 185|0x000000008b900000, 0x000000008ba00000, 0x000000008ba00000|100%| O|  |TAMS 0x000000008ba00000, 0x000000008b900000| Updating 
| 186|0x000000008ba00000, 0x000000008bb00000, 0x000000008bb00000|100%| O|  |TAMS 0x000000008bb00000, 0x000000008ba00000| Updating 
| 187|0x000000008bb00000, 0x000000008bc00000, 0x000000008bc00000|100%| O|  |TAMS 0x000000008bc00000, 0x000000008bb00000| Updating 
| 188|0x000000008bc00000, 0x000000008bd00000, 0x000000008bd00000|100%| O|  |TAMS 0x000000008bd00000, 0x000000008bc00000| Updating 
| 189|0x000000008bd00000, 0x000000008be00000, 0x000000008be00000|100%| O|  |TAMS 0x000000008be00000, 0x000000008bd00000| Updating 
| 190|0x000000008be00000, 0x000000008bf00000, 0x000000008bf00000|100%| O|  |TAMS 0x000000008bf00000, 0x000000008be00000| Updating 
| 191|0x000000008bf00000, 0x000000008c000000, 0x000000008c000000|100%| O|  |TAMS 0x000000008c000000, 0x000000008bf00000| Updating 
| 192|0x000000008c000000, 0x000000008c100000, 0x000000008c100000|100%| O|  |TAMS 0x000000008c100000, 0x000000008c000000| Updating 
| 193|0x000000008c100000, 0x000000008c200000, 0x000000008c200000|100%| O|  |TAMS 0x000000008c200000, 0x000000008c100000| Updating 
| 194|0x000000008c200000, 0x000000008c300000, 0x000000008c300000|100%| O|  |TAMS 0x000000008c300000, 0x000000008c200000| Updating 
| 195|0x000000008c300000, 0x000000008c400000, 0x000000008c400000|100%| O|  |TAMS 0x000000008c400000, 0x000000008c300000| Updating 
| 196|0x000000008c400000, 0x000000008c500000, 0x000000008c500000|100%| O|  |TAMS 0x000000008c500000, 0x000000008c400000| Updating 
| 197|0x000000008c500000, 0x000000008c600000, 0x000000008c600000|100%| O|  |TAMS 0x000000008c600000, 0x000000008c500000| Updating 
| 198|0x000000008c600000, 0x000000008c700000, 0x000000008c700000|100%| O|  |TAMS 0x000000008c700000, 0x000000008c600000| Updating 
| 199|0x000000008c700000, 0x000000008c800000, 0x000000008c800000|100%| O|  |TAMS 0x000000008c800000, 0x000000008c700000| Updating 
| 200|0x000000008c800000, 0x000000008c900000, 0x000000008c900000|100%| O|  |TAMS 0x000000008c867c00, 0x000000008c800000| Updating 
| 201|0x000000008c900000, 0x000000008ca00000, 0x000000008ca00000|100%| O|  |TAMS 0x000000008c900000, 0x000000008c900000| Untracked 
| 202|0x000000008ca00000, 0x000000008cb00000, 0x000000008cb00000|100%| O|  |TAMS 0x000000008ca00000, 0x000000008ca00000| Untracked 
| 203|0x000000008cb00000, 0x000000008cc00000, 0x000000008cc00000|100%| O|  |TAMS 0x000000008cb00000, 0x000000008cb00000| Untracked 
| 204|0x000000008cc00000, 0x000000008cd00000, 0x000000008cd00000|100%| O|  |TAMS 0x000000008cc00000, 0x000000008cc00000| Untracked 
| 205|0x000000008cd00000, 0x000000008ce00000, 0x000000008ce00000|100%| O|  |TAMS 0x000000008cd00000, 0x000000008cd00000| Untracked 
| 206|0x000000008ce00000, 0x000000008cf00000, 0x000000008cf00000|100%| O|  |TAMS 0x000000008ce00000, 0x000000008ce00000| Untracked 
| 207|0x000000008cf00000, 0x000000008d000000, 0x000000008d000000|100%| O|  |TAMS 0x000000008cf00000, 0x000000008cf00000| Untracked 
| 208|0x000000008d000000, 0x000000008d100000, 0x000000008d100000|100%| O|  |TAMS 0x000000008d000000, 0x000000008d000000| Untracked 
| 209|0x000000008d100000, 0x000000008d200000, 0x000000008d200000|100%| O|  |TAMS 0x000000008d100000, 0x000000008d100000| Untracked 
| 210|0x000000008d200000, 0x000000008d300000, 0x000000008d300000|100%| O|  |TAMS 0x000000008d200000, 0x000000008d200000| Updating 
| 211|0x000000008d300000, 0x000000008d400000, 0x000000008d400000|100%| O|  |TAMS 0x000000008d300000, 0x000000008d300000| Untracked 
| 212|0x000000008d400000, 0x000000008d500000, 0x000000008d500000|100%| O|  |TAMS 0x000000008d400000, 0x000000008d400000| Untracked 
| 213|0x000000008d500000, 0x000000008d600000, 0x000000008d600000|100%| O|  |TAMS 0x000000008d500000, 0x000000008d500000| Untracked 
| 214|0x000000008d600000, 0x000000008d700000, 0x000000008d700000|100%| O|  |TAMS 0x000000008d600000, 0x000000008d600000| Untracked 
| 215|0x000000008d700000, 0x000000008d800000, 0x000000008d800000|100%| O|  |TAMS 0x000000008d700000, 0x000000008d700000| Untracked 
| 216|0x000000008d800000, 0x000000008d8f6200, 0x000000008d900000| 96%| O|  |TAMS 0x000000008d800000, 0x000000008d800000| Untracked 
| 217|0x000000008d900000, 0x000000008d900000, 0x000000008da00000|  0%| F|  |TAMS 0x000000008d900000, 0x000000008d900000| Untracked 
| 218|0x000000008da00000, 0x000000008da00000, 0x000000008db00000|  0%| F|  |TAMS 0x000000008da00000, 0x000000008da00000| Untracked 
| 219|0x000000008db00000, 0x000000008db00000, 0x000000008dc00000|  0%| F|  |TAMS 0x000000008db00000, 0x000000008db00000| Untracked 
| 220|0x000000008dc00000, 0x000000008dc00000, 0x000000008dd00000|  0%| F|  |TAMS 0x000000008dc00000, 0x000000008dc00000| Untracked 
| 221|0x000000008dd00000, 0x000000008dd00000, 0x000000008de00000|  0%| F|  |TAMS 0x000000008dd00000, 0x000000008dd00000| Untracked 
| 222|0x000000008de00000, 0x000000008df00000, 0x000000008df00000|100%| O|  |TAMS 0x000000008df00000, 0x000000008de00000| Updating 
| 223|0x000000008df00000, 0x000000008df00000, 0x000000008e000000|  0%| F|  |TAMS 0x000000008df00000, 0x000000008df00000| Untracked 
| 224|0x000000008e000000, 0x000000008e000000, 0x000000008e100000|  0%| F|  |TAMS 0x000000008e000000, 0x000000008e000000| Untracked 
| 225|0x000000008e100000, 0x000000008e100000, 0x000000008e200000|  0%| F|  |TAMS 0x000000008e100000, 0x000000008e100000| Untracked 
| 226|0x000000008e200000, 0x000000008e200000, 0x000000008e300000|  0%| F|  |TAMS 0x000000008e200000, 0x000000008e200000| Untracked 
| 227|0x000000008e300000, 0x000000008e300000, 0x000000008e400000|  0%| F|  |TAMS 0x000000008e300000, 0x000000008e300000| Untracked 
| 228|0x000000008e400000, 0x000000008e400000, 0x000000008e500000|  0%| F|  |TAMS 0x000000008e400000, 0x000000008e400000| Untracked 
| 229|0x000000008e500000, 0x000000008e500000, 0x000000008e600000|  0%| F|  |TAMS 0x000000008e500000, 0x000000008e500000| Untracked 
| 230|0x000000008e600000, 0x000000008e600000, 0x000000008e700000|  0%| F|  |TAMS 0x000000008e600000, 0x000000008e600000| Untracked 
| 231|0x000000008e700000, 0x000000008e700000, 0x000000008e800000|  0%| F|  |TAMS 0x000000008e700000, 0x000000008e700000| Untracked 
| 232|0x000000008e800000, 0x000000008e800000, 0x000000008e900000|  0%| F|  |TAMS 0x000000008e800000, 0x000000008e800000| Untracked 
| 233|0x000000008e900000, 0x000000008e900000, 0x000000008ea00000|  0%| F|  |TAMS 0x000000008e900000, 0x000000008e900000| Untracked 
| 234|0x000000008ea00000, 0x000000008ea00000, 0x000000008eb00000|  0%| F|  |TAMS 0x000000008ea00000, 0x000000008ea00000| Untracked 
| 235|0x000000008eb00000, 0x000000008eb00000, 0x000000008ec00000|  0%| F|  |TAMS 0x000000008eb00000, 0x000000008eb00000| Untracked 
| 236|0x000000008ec00000, 0x000000008ec00000, 0x000000008ed00000|  0%| F|  |TAMS 0x000000008ec00000, 0x000000008ec00000| Untracked 
| 237|0x000000008ed00000, 0x000000008ed00000, 0x000000008ee00000|  0%| F|  |TAMS 0x000000008ed00000, 0x000000008ed00000| Untracked 
| 238|0x000000008ee00000, 0x000000008ee00000, 0x000000008ef00000|  0%| F|  |TAMS 0x000000008ee00000, 0x000000008ee00000| Untracked 
| 239|0x000000008ef00000, 0x000000008ef00000, 0x000000008f000000|  0%| F|  |TAMS 0x000000008ef00000, 0x000000008ef00000| Untracked 
| 240|0x000000008f000000, 0x000000008f000000, 0x000000008f100000|  0%| F|  |TAMS 0x000000008f000000, 0x000000008f000000| Untracked 
| 241|0x000000008f100000, 0x000000008f100000, 0x000000008f200000|  0%| F|  |TAMS 0x000000008f100000, 0x000000008f100000| Untracked 
| 242|0x000000008f200000, 0x000000008f200000, 0x000000008f300000|  0%| F|  |TAMS 0x000000008f200000, 0x000000008f200000| Untracked 
| 243|0x000000008f300000, 0x000000008f300000, 0x000000008f400000|  0%| F|  |TAMS 0x000000008f300000, 0x000000008f300000| Untracked 
| 244|0x000000008f400000, 0x000000008f400000, 0x000000008f500000|  0%| F|  |TAMS 0x000000008f400000, 0x000000008f400000| Untracked 
| 245|0x000000008f500000, 0x000000008f500000, 0x000000008f600000|  0%| F|  |TAMS 0x000000008f500000, 0x000000008f500000| Untracked 
| 246|0x000000008f600000, 0x000000008f600000, 0x000000008f700000|  0%| F|  |TAMS 0x000000008f600000, 0x000000008f600000| Untracked 
| 247|0x000000008f700000, 0x000000008f700000, 0x000000008f800000|  0%| F|  |TAMS 0x000000008f700000, 0x000000008f700000| Untracked 
| 248|0x000000008f800000, 0x000000008f800000, 0x000000008f900000|  0%| F|  |TAMS 0x000000008f800000, 0x000000008f800000| Untracked 
| 249|0x000000008f900000, 0x000000008f900000, 0x000000008fa00000|  0%| F|  |TAMS 0x000000008f900000, 0x000000008f900000| Untracked 
| 250|0x000000008fa00000, 0x000000008fa00000, 0x000000008fb00000|  0%| F|  |TAMS 0x000000008fa00000, 0x000000008fa00000| Untracked 
| 251|0x000000008fb00000, 0x000000008fb00000, 0x000000008fc00000|  0%| F|  |TAMS 0x000000008fb00000, 0x000000008fb00000| Untracked 
| 252|0x000000008fc00000, 0x000000008fc00000, 0x000000008fd00000|  0%| F|  |TAMS 0x000000008fc00000, 0x000000008fc00000| Untracked 
| 253|0x000000008fd00000, 0x000000008fd00000, 0x000000008fe00000|  0%| F|  |TAMS 0x000000008fd00000, 0x000000008fd00000| Untracked 
| 254|0x000000008fe00000, 0x000000008ff00000, 0x000000008ff00000|100%| S|CS|TAMS 0x000000008fe00000, 0x000000008fe00000| Complete 
| 255|0x000000008ff00000, 0x0000000090000000, 0x0000000090000000|100%| S|CS|TAMS 0x000000008ff00000, 0x000000008ff00000| Complete 
| 256|0x0000000090000000, 0x0000000090000000, 0x0000000090100000|  0%| F|  |TAMS 0x0000000090000000, 0x0000000090000000| Untracked 
| 257|0x0000000090100000, 0x0000000090100000, 0x0000000090200000|  0%| F|  |TAMS 0x0000000090100000, 0x0000000090100000| Untracked 
| 258|0x0000000090200000, 0x0000000090200000, 0x0000000090300000|  0%| F|  |TAMS 0x0000000090200000, 0x0000000090200000| Untracked 
| 259|0x0000000090300000, 0x0000000090300000, 0x0000000090400000|  0%| F|  |TAMS 0x0000000090300000, 0x0000000090300000| Untracked 
| 260|0x0000000090400000, 0x0000000090400000, 0x0000000090500000|  0%| F|  |TAMS 0x0000000090400000, 0x0000000090400000| Untracked 
| 261|0x0000000090500000, 0x0000000090500000, 0x0000000090600000|  0%| F|  |TAMS 0x0000000090500000, 0x0000000090500000| Untracked 
| 262|0x0000000090600000, 0x0000000090600000, 0x0000000090700000|  0%| F|  |TAMS 0x0000000090600000, 0x0000000090600000| Untracked 
| 263|0x0000000090700000, 0x0000000090700000, 0x0000000090800000|  0%| F|  |TAMS 0x0000000090700000, 0x0000000090700000| Untracked 
| 264|0x0000000090800000, 0x0000000090800000, 0x0000000090900000|  0%| F|  |TAMS 0x0000000090800000, 0x0000000090800000| Untracked 
| 265|0x0000000090900000, 0x0000000090900000, 0x0000000090a00000|  0%| F|  |TAMS 0x0000000090900000, 0x0000000090900000| Untracked 
| 266|0x0000000090a00000, 0x0000000090a00000, 0x0000000090b00000|  0%| F|  |TAMS 0x0000000090a00000, 0x0000000090a00000| Untracked 
| 267|0x0000000090b00000, 0x0000000090b00000, 0x0000000090c00000|  0%| F|  |TAMS 0x0000000090b00000, 0x0000000090b00000| Untracked 

Card table byte_map: [0x00000261cec20000,0x00000261cf020000] _byte_map_base: 0x00000261ce820000

Marking Bits (Prev, Next): (CMBitMap*) 0x00000261bbd41528, (CMBitMap*) 0x00000261bbd41560
 Prev Bits: [0x00000261cf420000, 0x00000261d1420000)
 Next Bits: [0x00000261d1420000, 0x00000261d3420000)

Polling page: 0x00000261b9bb0000

Metaspace:

Usage:
  Non-class:     89.64 MB capacity,    88.14 MB ( 98%) used,     1.22 MB (  1%) free+waste,   288.31 KB ( <1%) overhead. 
      Class:     13.82 MB capacity,    12.96 MB ( 94%) used,   756.53 KB (  5%) free+waste,   127.00 KB ( <1%) overhead. 
       Both:    103.46 MB capacity,   101.10 MB ( 98%) used,     1.96 MB (  2%) free+waste,   415.31 KB ( <1%) overhead. 

Virtual space:
  Non-class space:       90.00 MB reserved,      89.86 MB (>99%) committed 
      Class space:        1.00 GB reserved,      13.88 MB (  1%) committed 
             Both:        1.09 GB reserved,     103.74 MB (  9%) committed 

Chunk freelists:
   Non-Class:  38.00 KB
       Class:  25.00 KB
        Both:  63.00 KB

MaxMetaspaceSize: 17179869184.00 GB
CompressedClassSpaceSize: 1.00 GB
Initial GC threshold: 20.80 MB
Current GC threshold: 172.90 MB
CDS: off

CodeHeap 'non-profiled nmethods': size=120064Kb used=8603Kb max_used=8603Kb free=111460Kb
 bounds [0x00000261c72e0000, 0x00000261c7b50000, 0x00000261ce820000]
CodeHeap 'profiled nmethods': size=120000Kb used=29218Kb max_used=29218Kb free=90781Kb
 bounds [0x00000261bfdb0000, 0x00000261c1a40000, 0x00000261c72e0000]
CodeHeap 'non-nmethods': size=5696Kb used=2409Kb max_used=2454Kb free=3286Kb
 bounds [0x00000261bf820000, 0x00000261bfaa0000, 0x00000261bfdb0000]
 total_blobs=14245 nmethods=13313 adapters=844
 compilation: enabled
              stopped_count=0, restarted_count=0
 full_count=0

Compilation events (20 events):
Event: 41.100 Thread 0x00000261d592b800 13506       2       com.android.tools.r8.code.u::<init> (7 bytes)
Event: 41.101 Thread 0x00000261d592b800 nmethod 13506 0x00000261c1a35d10 code [0x00000261c1a35ee0, 0x00000261c1a36118]
Event: 41.125 Thread 0x00000261d592b800 13507       2       com.android.tools.r8.graph.n0$a::a (7 bytes)
Event: 41.125 Thread 0x00000261d592b800 nmethod 13507 0x00000261c1a36310 code [0x00000261c1a364c0, 0x00000261c1a36618]
Event: 41.125 Thread 0x00000261d592b800 13508       2       com.android.tools.r8.graph.n0$a::a (7 bytes)
Event: 41.125 Thread 0x00000261d592b800 nmethod 13508 0x00000261c1a36690 code [0x00000261c1a36840, 0x00000261c1a36998]
Event: 41.125 Thread 0x00000261d592b800 13509       2       com.android.tools.r8.graph.n0::K0 (10 bytes)
Event: 41.126 Thread 0x00000261d592b800 nmethod 13509 0x00000261c1a36a10 code [0x00000261c1a36bc0, 0x00000261c1a36d28]
Event: 41.126 Thread 0x00000261d592b800 13510       2       com.android.tools.r8.graph.n0$a::c (7 bytes)
Event: 41.126 Thread 0x00000261d592b800 nmethod 13510 0x00000261c1a36e10 code [0x00000261c1a36fc0, 0x00000261c1a370b8]
Event: 41.126 Thread 0x00000261d592b800 13511       2       com.android.tools.r8.graph.n0$a::a (7 bytes)
Event: 41.126 Thread 0x00000261d592b800 nmethod 13511 0x00000261c1a37190 code [0x00000261c1a37340, 0x00000261c1a37498]
Event: 41.135 Thread 0x00000261d592b800 13514       2       com.android.tools.r8.code.B2::<init> (7 bytes)
Event: 41.136 Thread 0x00000261d592b800 nmethod 13514 0x00000261c1a37510 code [0x00000261c1a376e0, 0x00000261c1a37918]
Event: 41.147 Thread 0x00000261d592b800 13515       2       com.android.tools.r8.graph.n0$a::a (7 bytes)
Event: 41.147 Thread 0x00000261d592b800 nmethod 13515 0x00000261c1a37b10 code [0x00000261c1a37cc0, 0x00000261c1a37e18]
Event: 41.155 Thread 0x00000261d592b800 13516       2       com.android.tools.r8.code.R3::<init> (7 bytes)
Event: 41.155 Thread 0x00000261d592b800 nmethod 13516 0x00000261c1a37e90 code [0x00000261c1a38040, 0x00000261c1a38198]
Event: 41.177 Thread 0x00000261d592b800 13517       2       com.android.tools.r8.graph.N2::g (64 bytes)
Event: 41.177 Thread 0x00000261d592b800 nmethod 13517 0x00000261c1a38290 code [0x00000261c1a384a0, 0x00000261c1a387b8]

GC Heap History (20 events):
Event: 35.439 GC heap after
{Heap after GC invocations=28 (full 0):
 garbage-first heap   total 227328K, used 112886K [0x0000000080000000, 0x0000000100000000)
  region size 1024K, 7 young (7168K), 7 survivors (7168K)
 Metaspace       used 97283K, capacity 99635K, committed 99828K, reserved 1136640K
  class space    used 12313K, capacity 13166K, committed 13184K, reserved 1048576K
}
Event: 36.782 GC heap before
{Heap before GC invocations=29 (full 0):
 garbage-first heap   total 227328K, used 144630K [0x0000000080000000, 0x0000000100000000)
  region size 1024K, 39 young (39936K), 7 survivors (7168K)
 Metaspace       used 97953K, capacity 100254K, committed 100468K, reserved 1136640K
  class space    used 12362K, capacity 13169K, committed 13312K, reserved 1048576K
}
Event: 36.811 GC heap after
{Heap after GC invocations=30 (full 0):
 garbage-first heap   total 227328K, used 120391K [0x0000000080000000, 0x0000000100000000)
  region size 1024K, 8 young (8192K), 8 survivors (8192K)
 Metaspace       used 97953K, capacity 100254K, committed 100468K, reserved 1136640K
  class space    used 12362K, capacity 13169K, committed 13312K, reserved 1048576K
}
Event: 37.859 GC heap before
{Heap before GC invocations=31 (full 0):
 garbage-first heap   total 227328K, used 140871K [0x0000000080000000, 0x0000000100000000)
  region size 1024K, 22 young (22528K), 8 survivors (8192K)
 Metaspace       used 100781K, capacity 103161K, committed 103412K, reserved 1138688K
  class space    used 12760K, capacity 13587K, committed 13696K, reserved 1048576K
}
Event: 37.877 GC heap after
{Heap after GC invocations=32 (full 0):
 garbage-first heap   total 227328K, used 132678K [0x0000000080000000, 0x0000000100000000)
  region size 1024K, 5 young (5120K), 5 survivors (5120K)
 Metaspace       used 100781K, capacity 103161K, committed 103412K, reserved 1138688K
  class space    used 12760K, capacity 13587K, committed 13696K, reserved 1048576K
}
Event: 38.521 GC heap before
{Heap before GC invocations=32 (full 0):
 garbage-first heap   total 227328K, used 207430K [0x0000000080000000, 0x0000000100000000)
  region size 1024K, 45 young (46080K), 5 survivors (5120K)
 Metaspace       used 101112K, capacity 103457K, committed 103668K, reserved 1138688K
  class space    used 12803K, capacity 13621K, committed 13696K, reserved 1048576K
}
Event: 38.548 GC heap after
{Heap after GC invocations=33 (full 0):
 garbage-first heap   total 228352K, used 161176K [0x0000000080000000, 0x0000000100000000)
  region size 1024K, 6 young (6144K), 6 survivors (6144K)
 Metaspace       used 101112K, capacity 103457K, committed 103668K, reserved 1138688K
  class space    used 12803K, capacity 13621K, committed 13696K, reserved 1048576K
}
Event: 38.880 GC heap before
{Heap before GC invocations=34 (full 0):
 garbage-first heap   total 228352K, used 178584K [0x0000000080000000, 0x0000000100000000)
  region size 1024K, 25 young (25600K), 6 survivors (6144K)
 Metaspace       used 101112K, capacity 103457K, committed 103668K, reserved 1138688K
  class space    used 12803K, capacity 13621K, committed 13696K, reserved 1048576K
}
Event: 38.910 GC heap after
{Heap after GC invocations=35 (full 0):
 garbage-first heap   total 228352K, used 168826K [0x0000000080000000, 0x0000000100000000)
  region size 1024K, 4 young (4096K), 4 survivors (4096K)
 Metaspace       used 101112K, capacity 103457K, committed 103668K, reserved 1138688K
  class space    used 12803K, capacity 13621K, committed 13696K, reserved 1048576K
}
Event: 39.174 GC heap before
{Heap before GC invocations=35 (full 0):
 garbage-first heap   total 228352K, used 189306K [0x0000000080000000, 0x0000000100000000)
  region size 1024K, 22 young (22528K), 4 survivors (4096K)
 Metaspace       used 101112K, capacity 103457K, committed 103668K, reserved 1138688K
  class space    used 12803K, capacity 13621K, committed 13696K, reserved 1048576K
}
Event: 39.211 GC heap after
{Heap after GC invocations=36 (full 0):
 garbage-first heap   total 228352K, used 178822K [0x0000000080000000, 0x0000000100000000)
  region size 1024K, 3 young (3072K), 3 survivors (3072K)
 Metaspace       used 101112K, capacity 103457K, committed 103668K, reserved 1138688K
  class space    used 12803K, capacity 13621K, committed 13696K, reserved 1048576K
}
Event: 39.302 GC heap before
{Heap before GC invocations=36 (full 0):
 garbage-first heap   total 228352K, used 191110K [0x0000000080000000, 0x0000000100000000)
  region size 1024K, 16 young (16384K), 3 survivors (3072K)
 Metaspace       used 101112K, capacity 103457K, committed 103668K, reserved 1138688K
  class space    used 12803K, capacity 13621K, committed 13696K, reserved 1048576K
}
Event: 39.331 GC heap after
{Heap after GC invocations=37 (full 0):
 garbage-first heap   total 274432K, used 184320K [0x0000000080000000, 0x0000000100000000)
  region size 1024K, 2 young (2048K), 2 survivors (2048K)
 Metaspace       used 101112K, capacity 103457K, committed 103668K, reserved 1138688K
  class space    used 12803K, capacity 13621K, committed 13696K, reserved 1048576K
}
Event: 40.066 GC heap before
{Heap before GC invocations=38 (full 0):
 garbage-first heap   total 274432K, used 215040K [0x0000000080000000, 0x0000000100000000)
  region size 1024K, 30 young (30720K), 2 survivors (2048K)
 Metaspace       used 103449K, capacity 105871K, committed 105972K, reserved 1140736K
  class space    used 13267K, capacity 14151K, committed 14208K, reserved 1048576K
}
Event: 40.113 GC heap after
{Heap after GC invocations=39 (full 0):
 garbage-first heap   total 274432K, used 198360K [0x0000000080000000, 0x0000000100000000)
  region size 1024K, 4 young (4096K), 4 survivors (4096K)
 Metaspace       used 103449K, capacity 105871K, committed 105972K, reserved 1140736K
  class space    used 13267K, capacity 14151K, committed 14208K, reserved 1048576K
}
Event: 40.326 GC heap before
{Heap before GC invocations=39 (full 0):
 garbage-first heap   total 274432K, used 221912K [0x0000000080000000, 0x0000000100000000)
  region size 1024K, 27 young (27648K), 4 survivors (4096K)
 Metaspace       used 103470K, capacity 105938K, committed 106228K, reserved 1140736K
  class space    used 13267K, capacity 14151K, committed 14208K, reserved 1048576K
}
Event: 40.388 GC heap after
{Heap after GC invocations=40 (full 0):
 garbage-first heap   total 274432K, used 210335K [0x0000000080000000, 0x0000000100000000)
  region size 1024K, 4 young (4096K), 4 survivors (4096K)
 Metaspace       used 103470K, capacity 105938K, committed 106228K, reserved 1140736K
  class space    used 13267K, capacity 14151K, committed 14208K, reserved 1048576K
}
Event: 41.028 GC heap before
{Heap before GC invocations=40 (full 0):
 garbage-first heap   total 274432K, used 227743K [0x0000000080000000, 0x0000000100000000)
  region size 1024K, 21 young (21504K), 4 survivors (4096K)
 Metaspace       used 103520K, capacity 105941K, committed 106228K, reserved 1140736K
  class space    used 13267K, capacity 14151K, committed 14208K, reserved 1048576K
}
Event: 41.059 GC heap after
{Heap after GC invocations=41 (full 0):
 garbage-first heap   total 274432K, used 219648K [0x0000000080000000, 0x0000000100000000)
  region size 1024K, 3 young (3072K), 3 survivors (3072K)
 Metaspace       used 103520K, capacity 105941K, committed 106228K, reserved 1140736K
  class space    used 13267K, capacity 14151K, committed 14208K, reserved 1048576K
}
Event: 41.278 GC heap before
{Heap before GC invocations=41 (full 0):
 garbage-first heap   total 274432K, used 230912K [0x0000000080000000, 0x0000000100000000)
  region size 1024K, 15 young (15360K), 3 survivors (3072K)
 Metaspace       used 103521K, capacity 105941K, committed 106228K, reserved 1140736K
  class space    used 13267K, capacity 14151K, committed 14208K, reserved 1048576K
}

Deoptimization events (20 events):
Event: 41.112 Thread 0x00000261dd17c800 DEOPT PACKING pc=0x00000261c18eec8c sp=0x000000b5b0efebc0
Event: 41.112 Thread 0x00000261dd17c800 DEOPT UNPACKING pc=0x00000261bf86a95e sp=0x000000b5b0efe200 mode 0
Event: 41.117 Thread 0x00000261dd17c800 DEOPT PACKING pc=0x00000261c18eec8c sp=0x000000b5b0efebe0
Event: 41.117 Thread 0x00000261dd17c800 DEOPT UNPACKING pc=0x00000261bf86a95e sp=0x000000b5b0efe220 mode 0
Event: 41.124 Thread 0x00000261dd17c800 DEOPT PACKING pc=0x00000261c18eec8c sp=0x000000b5b0efebe0
Event: 41.124 Thread 0x00000261dd17c800 DEOPT UNPACKING pc=0x00000261bf86a95e sp=0x000000b5b0efe220 mode 0
Event: 41.131 Thread 0x00000261dd17c800 DEOPT PACKING pc=0x00000261c18eec8c sp=0x000000b5b0efebe0
Event: 41.131 Thread 0x00000261dd17c800 DEOPT UNPACKING pc=0x00000261bf86a95e sp=0x000000b5b0efe220 mode 0
Event: 41.140 Thread 0x00000261dd184000 DEOPT PACKING pc=0x00000261c18eec8c sp=0x000000b5b14fec60
Event: 41.140 Thread 0x00000261dd184000 DEOPT UNPACKING pc=0x00000261bf86a95e sp=0x000000b5b14fe2a0 mode 0
Event: 41.146 Thread 0x00000261dd184000 DEOPT PACKING pc=0x00000261c18eec8c sp=0x000000b5b14fec60
Event: 41.146 Thread 0x00000261dd184000 DEOPT UNPACKING pc=0x00000261bf86a95e sp=0x000000b5b14fe2a0 mode 0
Event: 41.148 Thread 0x00000261dd189000 Uncommon trap: trap_request=0xffffffde fr.pc=0x00000261c7b40828 relative=0x00000000000078a8
Event: 41.148 Thread 0x00000261dd189000 Uncommon trap: reason=class_check action=maybe_recompile pc=0x00000261c7b40828 method=com.android.tools.r8.dex.i.a(I[Lcom/android/tools/r8/code/w1;)Lcom/android/tools/r8/graph/a0; @ 11 c2
Event: 41.148 Thread 0x00000261dd189000 DEOPT PACKING pc=0x00000261c7b40828 sp=0x000000b5b13feb80
Event: 41.148 Thread 0x00000261dd189000 DEOPT UNPACKING pc=0x00000261bf86a1af sp=0x000000b5b13feae8 mode 2
Event: 41.149 Thread 0x00000261dd189000 Uncommon trap: trap_request=0xffffffde fr.pc=0x00000261c7b40828 relative=0x00000000000078a8
Event: 41.149 Thread 0x00000261dd189000 Uncommon trap: reason=class_check action=maybe_recompile pc=0x00000261c7b40828 method=com.android.tools.r8.dex.i.a(I[Lcom/android/tools/r8/code/w1;)Lcom/android/tools/r8/graph/a0; @ 11 c2
Event: 41.149 Thread 0x00000261dd189000 DEOPT PACKING pc=0x00000261c7b40828 sp=0x000000b5b13feb80
Event: 41.149 Thread 0x00000261dd189000 DEOPT UNPACKING pc=0x00000261bf86a1af sp=0x000000b5b13feae8 mode 2

Classes redefined (0 events):
No events

Internal exceptions (20 events):
Event: 35.511 Thread 0x00000261dd180000 Exception <a 'sun/nio/fs/WindowsException'{0x000000008dd29680}> (0x000000008dd29680) thrown at [./src/hotspot/share/prims/jni.cpp, line 616]
Event: 35.511 Thread 0x00000261dd180000 Exception <a 'sun/nio/fs/WindowsException'{0x000000008dd2a538}> (0x000000008dd2a538) thrown at [./src/hotspot/share/prims/jni.cpp, line 616]
Event: 35.511 Thread 0x00000261dd180000 Exception <a 'sun/nio/fs/WindowsException'{0x000000008dd2a820}> (0x000000008dd2a820) thrown at [./src/hotspot/share/prims/jni.cpp, line 616]
Event: 35.514 Thread 0x00000261dd180000 Exception <a 'sun/nio/fs/WindowsException'{0x000000008dd2b6a8}> (0x000000008dd2b6a8) thrown at [./src/hotspot/share/prims/jni.cpp, line 616]
Event: 35.522 Thread 0x00000261dd180000 Exception <a 'sun/nio/fs/WindowsException'{0x000000008dd2b9a0}> (0x000000008dd2b9a0) thrown at [./src/hotspot/share/prims/jni.cpp, line 616]
Event: 35.542 Thread 0x00000261dd180000 Exception <a 'java/lang/NoSuchMethodError'{0x000000008dc160f8}: <clinit>> (0x000000008dc160f8) thrown at [./src/hotspot/share/prims/jni.cpp, line 1366]
Event: 35.551 Thread 0x00000261dd180000 Exception <a 'java/lang/NoSuchMethodError'{0x000000008dc5fd30}: <clinit>> (0x000000008dc5fd30) thrown at [./src/hotspot/share/prims/jni.cpp, line 1366]
Event: 35.625 Thread 0x00000261dd180000 Exception <a 'java/lang/NoSuchMethodError'{0x000000008dc72708}: <clinit>> (0x000000008dc72708) thrown at [./src/hotspot/share/prims/jni.cpp, line 1366]
Event: 36.186 Thread 0x00000261dd182800 Exception <a 'java/lang/NoSuchMethodError'{0x000000008cabf1d0}: 'void java.lang.invoke.DirectMethodHandle$Holder.invokeStatic(java.lang.Object, long)'> (0x000000008cabf1d0) thrown at [./src/hotspot/share/interpreter/linkResolver.cpp, line 773]
Event: 36.187 Thread 0x00000261dd182800 Exception <a 'java/lang/NoSuchMethodError'{0x000000008bedf5e0}: 'java.lang.Object java.lang.invoke.DirectMethodHandle$Holder.invokeStatic(java.lang.Object, long)'> (0x000000008bedf5e0) thrown at [./src/hotspot/share/interpreter/linkResolver.cpp, line 773]
Event: 36.190 Thread 0x00000261dd182800 Exception <a 'java/lang/NoSuchMethodError'{0x000000008bd05c98}: 'java.lang.Object java.lang.invoke.DirectMethodHandle$Holder.invokeStaticInit(java.lang.Object, java.lang.Object, long, java.lang.Object)'> (0x000000008bd05c98) thrown at [./src/hotspot/share/interpreter/linkResolver.cpp, line 773]
Event: 36.192 Thread 0x00000261dd182800 Exception <a 'java/lang/NoSuchMethodError'{0x000000008bd167b8}: 'java.lang.Object java.lang.invoke.DirectMethodHandle$Holder.invokeStatic(java.lang.Object, java.lang.Object, long)'> (0x000000008bd167b8) thrown at [./src/hotspot/share/interpreter/linkResolver.cpp, line 773]
Event: 36.193 Thread 0x00000261dd182800 Exception <a 'java/lang/NoSuchMethodError'{0x000000008bd27938}: 'java.lang.Object java.lang.invoke.Invokers$Holder.linkToTargetMethod(java.lang.Object, long, java.lang.Object)'> (0x000000008bd27938) thrown at [./src/hotspot/share/interpreter/linkResolver.cpp, line 773]
Event: 36.443 Thread 0x00000261dd182800 Exception <a 'java/lang/NoSuchMethodError'{0x000000008ba55c90}: 'int java.lang.invoke.DirectMethodHandle$Holder.invokeSpecialIFC(java.lang.Object, java.lang.Object, java.lang.Object)'> (0x000000008ba55c90) thrown at [./src/hotspot/share/interpreter/linkResolver.cpp, line 773]
Event: 37.544 Thread 0x00000261dd17d800 Exception <a 'sun/nio/fs/WindowsException'{0x000000008d965998}> (0x000000008d965998) thrown at [./src/hotspot/share/prims/jni.cpp, line 616]
Event: 37.604 Thread 0x00000261dd17d800 Exception <a 'java/lang/NoSuchMethodError'{0x000000008d712db8}: 'java.lang.Object java.lang.invoke.DirectMethodHandle$Holder.newInvokeSpecial(java.lang.Object, int)'> (0x000000008d712db8) thrown at [./src/hotspot/share/interpreter/linkResolver.cpp, line 773]
Event: 37.847 Thread 0x00000261dd17d800 Exception <a 'java/lang/NoSuchMethodError'{0x000000008d19af60}: 'java.lang.Object java.lang.invoke.DirectMethodHandle$Holder.invokeStaticInit(java.lang.Object, java.lang.Object, java.lang.Object, java.lang.Object, java.lang.Object, java.lang.Object, java.lang.Object, java.lang.Object, java.lang.Object, java.lang.Object, java.lang.Object, java.lang.Object, java.lang.Object, java.lang.Object, java.lang.Object, java.lang.Object, java.lang.Object, java.lang.Object, int, java.lang.Object, java.lang.Object)'> (0
Event: 39.644 Thread 0x00000261dd189000 Exception <a 'java/lang/IncompatibleClassChangeError'{0x00000000902e7db0}: Found class java.lang.Object, but interface was expected> (0x00000000902e7db0) thrown at [./src/hotspot/share/interpreter/linkResolver.cpp, line 839]
Event: 39.649 Thread 0x00000261dd189000 Exception <a 'java/lang/IncompatibleClassChangeError'{0x000000009012c4c8}: Found class java.lang.Object, but interface was expected> (0x000000009012c4c8) thrown at [./src/hotspot/share/interpreter/linkResolver.cpp, line 839]
Event: 39.649 Thread 0x00000261dd189000 Exception <a 'java/lang/IncompatibleClassChangeError'{0x0000000090131dc8}: Found class java.lang.Object, but interface was expected> (0x0000000090131dc8) thrown at [./src/hotspot/share/interpreter/linkResolver.cpp, line 839]

Events (20 events):
Event: 39.787 loading class com/android/tools/r8/internal/PD done
Event: 39.798 Executing VM operation: CGC_Operation
Event: 39.799 Executing VM operation: CGC_Operation done
Event: 40.017 loading class com/android/tools/r8/internal/Ze
Event: 40.017 loading class com/android/tools/r8/internal/Ze done
Event: 40.027 loading class com/android/tools/r8/graph/a0$a
Event: 40.027 loading class com/android/tools/r8/graph/a0$a done
Event: 40.031 loading class com/android/tools/r8/graph/a0$a
Event: 40.031 loading class com/android/tools/r8/graph/a0$a done
Event: 40.031 loading class com/android/tools/r8/dex/i
Event: 40.031 loading class com/android/tools/r8/dex/i done
Event: 40.050 Executing VM operation: G1CollectForAllocation
Event: 40.113 Executing VM operation: G1CollectForAllocation done
Event: 40.323 Executing VM operation: G1CollectForAllocation
Event: 40.388 Executing VM operation: G1CollectForAllocation done
Event: 41.027 Executing VM operation: G1CollectForAllocation
Event: 41.059 Executing VM operation: G1CollectForAllocation done
Event: 41.182 Executing VM operation: CGC_Operation
Event: 41.249 Executing VM operation: CGC_Operation done
Event: 41.277 Executing VM operation: G1CollectForAllocation


Dynamic libraries:
0x00007ff779490000 - 0x00007ff77949a000 	C:\Users\mutanu\Desktop\studio\jre\bin\java.exe
0x00007ff983510000 - 0x00007ff983708000 	C:\WINDOWS\SYSTEM32\ntdll.dll
0x00007ff983300000 - 0x00007ff9833bf000 	C:\WINDOWS\System32\KERNEL32.DLL
0x00007ff980eb0000 - 0x00007ff981182000 	C:\WINDOWS\System32\KERNELBASE.dll
0x00007ff980db0000 - 0x00007ff980eb0000 	C:\WINDOWS\System32\ucrtbase.dll
0x00007ff97bdb0000 - 0x00007ff97bdc9000 	C:\Users\mutanu\Desktop\studio\jre\bin\jli.dll
0x00007ff9830f0000 - 0x00007ff983291000 	C:\WINDOWS\System32\USER32.dll
0x00007ff980c90000 - 0x00007ff980cb2000 	C:\WINDOWS\System32\win32u.dll
0x00007ff981f80000 - 0x00007ff981fab000 	C:\WINDOWS\System32\GDI32.dll
0x00007ff9812e0000 - 0x00007ff9813ef000 	C:\WINDOWS\System32\gdi32full.dll
0x00007ff980cc0000 - 0x00007ff980d5d000 	C:\WINDOWS\System32\msvcp_win.dll
0x00007ff973fb0000 - 0x00007ff973fc7000 	C:\Users\mutanu\Desktop\studio\jre\bin\VCRUNTIME140.dll
0x00007ff980000000 - 0x00007ff98029a000 	C:\WINDOWS\WinSxS\amd64_microsoft.windows.common-controls_6595b64144ccf1df_6.0.19041.1110_none_60b5254171f9507e\COMCTL32.dll
0x00007ff9820d0000 - 0x00007ff98216e000 	C:\WINDOWS\System32\msvcrt.dll
0x00007ff983010000 - 0x00007ff983042000 	C:\WINDOWS\System32\IMM32.DLL
0x00007ff953a30000 - 0x00007ff953acd000 	C:\Users\mutanu\Desktop\studio\jre\bin\msvcp140.dll
0x00007ff94a200000 - 0x00007ff94ad02000 	C:\Users\mutanu\Desktop\studio\jre\bin\server\jvm.dll
0x00007ff981af0000 - 0x00007ff981b9e000 	C:\WINDOWS\System32\ADVAPI32.dll
0x00007ff983050000 - 0x00007ff9830ec000 	C:\WINDOWS\System32\sechost.dll
0x00007ff9822d0000 - 0x00007ff9823f5000 	C:\WINDOWS\System32\RPCRT4.dll
0x00007ff981bb0000 - 0x00007ff981bb8000 	C:\WINDOWS\System32\PSAPI.DLL
0x00007ff96c1d0000 - 0x00007ff96c1d9000 	C:\WINDOWS\SYSTEM32\WSOCK32.dll
0x00007ff963110000 - 0x00007ff963137000 	C:\WINDOWS\SYSTEM32\WINMM.dll
0x00007ff982190000 - 0x00007ff9821fb000 	C:\WINDOWS\System32\WS2_32.dll
0x00007ff97d930000 - 0x00007ff97d93a000 	C:\WINDOWS\SYSTEM32\VERSION.dll
0x00007ff97dcc0000 - 0x00007ff97dcd2000 	C:\WINDOWS\SYSTEM32\kernel.appcore.dll
0x00007ff97f0c0000 - 0x00007ff97f0d1000 	C:\Users\mutanu\Desktop\studio\jre\bin\verify.dll
0x00007ff980490000 - 0x00007ff980674000 	C:\WINDOWS\SYSTEM32\DBGHELP.DLL
0x00007ff9803d0000 - 0x00007ff980405000 	C:\WINDOWS\SYSTEM32\dbgcore.DLL
0x00007ff980c00000 - 0x00007ff980c82000 	C:\WINDOWS\System32\bcryptPrimitives.dll
0x00007ff97ed20000 - 0x00007ff97ed49000 	C:\Users\mutanu\Desktop\studio\jre\bin\java.dll
0x00007ff97ed10000 - 0x00007ff97ed1b000 	C:\Users\mutanu\Desktop\studio\jre\bin\jimage.dll
0x00007ff97ec40000 - 0x00007ff97ec58000 	C:\Users\mutanu\Desktop\studio\jre\bin\zip.dll
0x00007ff982730000 - 0x00007ff982e74000 	C:\WINDOWS\System32\SHELL32.dll
0x00007ff97dec0000 - 0x00007ff97e652000 	C:\WINDOWS\SYSTEM32\windows.storage.dll
0x00007ff981bc0000 - 0x00007ff981f15000 	C:\WINDOWS\System32\combase.dll
0x00007ff97ff60000 - 0x00007ff97ff90000 	C:\WINDOWS\SYSTEM32\Wldp.dll
0x00007ff981fc0000 - 0x00007ff98206d000 	C:\WINDOWS\System32\SHCORE.dll
0x00007ff9832a0000 - 0x00007ff9832f5000 	C:\WINDOWS\System32\shlwapi.dll
0x00007ff980b40000 - 0x00007ff980b5f000 	C:\WINDOWS\SYSTEM32\profapi.dll
0x00007ff978cf0000 - 0x00007ff978d0a000 	C:\Users\mutanu\Desktop\studio\jre\bin\net.dll
0x00007ff972e90000 - 0x00007ff972f9c000 	C:\WINDOWS\SYSTEM32\WINHTTP.dll
0x00007ff97fe30000 - 0x00007ff97fe9a000 	C:\WINDOWS\system32\mswsock.dll
0x00007ff9741a0000 - 0x00007ff9741b4000 	C:\Users\mutanu\Desktop\studio\jre\bin\nio.dll
0x00007ff978560000 - 0x00007ff978587000 	C:\Users\mutanu\.gradle\native\e1d6ef7f7dcc3fd88c89a11ec53ec762bb8ba0a96d01ffa2cd45eb1d1d8dd5c5\windows-amd64\native-platform.dll
0x00007ff952ea0000 - 0x00007ff952fe4000 	C:\Users\mutanu\.gradle\native\0d407fdbe67a94daf76414ababcb853783967236a71b16ec16e742cd7a986fd3\windows-amd64\native-platform-file-events.dll
0x00007ff97ed00000 - 0x00007ff97ed0a000 	C:\Users\mutanu\Desktop\studio\jre\bin\management.dll
0x00007ff97ec30000 - 0x00007ff97ec3d000 	C:\Users\mutanu\Desktop\studio\jre\bin\management_ext.dll
0x00007ff980990000 - 0x00007ff9809a8000 	C:\WINDOWS\SYSTEM32\CRYPTSP.dll
0x00007ff97f640000 - 0x00007ff97f674000 	C:\WINDOWS\system32\rsaenh.dll
0x00007ff981200000 - 0x00007ff981227000 	C:\WINDOWS\System32\bcrypt.dll
0x00007ff980b00000 - 0x00007ff980b2e000 	C:\WINDOWS\SYSTEM32\USERENV.dll
0x00007ff97ff20000 - 0x00007ff97ff2c000 	C:\WINDOWS\SYSTEM32\CRYPTBASE.dll
0x00007ff97f9b0000 - 0x00007ff97f9eb000 	C:\WINDOWS\SYSTEM32\IPHLPAPI.DLL
0x00007ff981ba0000 - 0x00007ff981ba8000 	C:\WINDOWS\System32\NSI.dll
0x00007ff974300000 - 0x00007ff974317000 	C:\WINDOWS\SYSTEM32\dhcpcsvc6.DLL
0x00007ff9779c0000 - 0x00007ff9779dd000 	C:\WINDOWS\SYSTEM32\dhcpcsvc.DLL
0x00007ff97f9f0000 - 0x00007ff97faba000 	C:\WINDOWS\SYSTEM32\DNSAPI.dll

dbghelp: loaded successfully - version: 4.0.5 - missing functions: none
symbol engine: initialized successfully - sym options: 0x614 - pdb path: .;C:\Users\mutanu\Desktop\studio\jre\bin;C:\WINDOWS\SYSTEM32;C:\WINDOWS\WinSxS\amd64_microsoft.windows.common-controls_6595b64144ccf1df_6.0.19041.1110_none_60b5254171f9507e;C:\Users\mutanu\Desktop\studio\jre\bin\server;C:\Users\mutanu\.gradle\native\e1d6ef7f7dcc3fd88c89a11ec53ec762bb8ba0a96d01ffa2cd45eb1d1d8dd5c5\windows-amd64;C:\Users\mutanu\.gradle\native\0d407fdbe67a94daf76414ababcb853783967236a71b16ec16e742cd7a986fd3\windows-amd64

VM Arguments:
jvm_args: --add-opens=java.base/java.util=ALL-UNNAMED --add-opens=java.base/java.lang=ALL-UNNAMED --add-opens=java.base/java.lang.invoke=ALL-UNNAMED --add-opens=java.base/java.util=ALL-UNNAMED --add-opens=java.prefs/java.util.prefs=ALL-UNNAMED --add-opens=java.prefs/java.util.prefs=ALL-UNNAMED --add-opens=java.base/java.nio.charset=ALL-UNNAMED --add-opens=java.base/java.net=ALL-UNNAMED --add-opens=java.base/java.util.concurrent.atomic=ALL-UNNAMED -Xmx2048m -Dfile.encoding=UTF-8 -Duser.country=US -Duser.language=en -Duser.variant 
java_command: org.gradle.launcher.daemon.bootstrap.GradleDaemon 7.4
java_class_path (initial): C:\Users\mutanu\.gradle\wrapper\dists\gradle-7.4-bin\c0gwcg53nkjbqw7r0h0umtfvt\gradle-7.4\lib\gradle-launcher-7.4.jar
Launcher Type: SUN_STANDARD

[Global flags]
     intx CICompilerCount                          = 3                                         {product} {ergonomic}
     uint ConcGCThreads                            = 1                                         {product} {ergonomic}
     uint G1ConcRefinementThreads                  = 4                                         {product} {ergonomic}
   size_t G1HeapRegionSize                         = 1048576                                   {product} {ergonomic}
    uintx GCDrainStackTargetSize                   = 64                                        {product} {ergonomic}
   size_t InitialHeapSize                          = 134217728                                 {product} {ergonomic}
   size_t MarkStackSize                            = 4194304                                   {product} {ergonomic}
   size_t MaxHeapSize                              = 2147483648                                {product} {command line}
   size_t MaxNewSize                               = 1287651328                                {product} {ergonomic}
   size_t MinHeapDeltaBytes                        = 1048576                                   {product} {ergonomic}
    uintx NonNMethodCodeHeapSize                   = 5830732                                {pd product} {ergonomic}
    uintx NonProfiledCodeHeapSize                  = 122913754                              {pd product} {ergonomic}
    uintx ProfiledCodeHeapSize                     = 122913754                              {pd product} {ergonomic}
    uintx ReservedCodeCacheSize                    = 251658240                              {pd product} {ergonomic}
     bool SegmentedCodeCache                       = true                                      {product} {ergonomic}
     bool UseCompressedClassPointers               = true                                 {lp64_product} {ergonomic}
     bool UseCompressedOops                        = true                                 {lp64_product} {ergonomic}
     bool UseG1GC                                  = true                                      {product} {ergonomic}
     bool UseLargePagesIndividualAllocation        = false                                  {pd product} {ergonomic}

Logging:
Log output configuration:
 #0: stdout all=warning uptime,level,tags
 #1: stderr all=off uptime,level,tags

Environment Variables:
PATH=C:\Python311\Scripts\;C:\Python311\;C:\Program Files (x86)\Common Files\Oracle\Java\javapath;C:\WINDOWS\system32;C:\WINDOWS;C:\WINDOWS\System32\Wbem;C:\WINDOWS\System32\WindowsPowerShell\v1.0\;C:\WINDOWS\System32\OpenSSH\;C:\Program Files\Git\cmd;C:\Program Files\nodejs\;C:\ProgramData\chocolatey\bin;C:\Users\mutanu\AppData\Local\Microsoft\WindowsApps;C:\Users\mutanu\AppData\Roaming\npm;C:\Users\mutanu\AppData\Local\Programs\Microsoft VS Code\bin
USERNAME=mutanu
OS=Windows_NT
PROCESSOR_IDENTIFIER=Intel64 Family 6 Model 69 Stepping 1, GenuineIntel



---------------  S Y S T E M  ---------------

OS: Windows 10 , 64 bit Build 19041 (10.0.19041.2364)
OS uptime: 5 days 5:44 hours

CPU:total 4 (initial active 4) (2 cores per cpu, 2 threads per core) family 6 model 69 stepping 1 microcode 0x25, cmov, cx8, fxsr, mmx, sse, sse2, sse3, ssse3, sse4.1, sse4.2, popcnt, avx, avx2, aes, clmul, erms, lzcnt, ht, tsc, tscinvbit, bmi1, bmi2, fma

Memory: 4k page, system-wide physical 8089M (1018M free)
TotalPageFile size 19529M (AvailPageFile size 84M)
current process WorkingSet (physical memory assigned to process): 547M, peak: 560M
current process commit charge ("private bytes"): 591M, peak: 719M

vm_info: OpenJDK 64-Bit Server VM (11.0.13+0-b1751.21-8125866) for windows-amd64 JRE (11.0.13+0-b1751.21-8125866), built on Feb  2 2022 03:00:22 by "builder" with MS VC++ 14.0 (VS2015)

END.
