#
# There is insufficient memory for the Java Runtime Environment to continue.
# Native memory allocation (mmap) failed to map 118489088 bytes for Failed to commit area from 0x0000000091900000 to 0x0000000098a00000 of length 118489088.
# Possible reasons:
#   The system is out of physical RAM or swap space
#   The process is running with CompressedOops enabled, and the Java Heap may be blocking the growth of the native heap
# Possible solutions:
#   Reduce memory load on the system
#   Increase physical memory or swap space
#   Check if swap backing store is full
#   Decrease Java heap size (-Xmx/-Xms)
#   Decrease number of Java threads
#   Decrease Java thread stack sizes (-Xss)
#   Set larger code cache with -XX:ReservedCodeCacheSize=
#   JVM is running with Unscaled Compressed Oops mode in which the Java heap is
#     placed in the first 4GB address space. The Java Heap base address is the
#     maximum limit for the native heap growth. Please use -XX:HeapBaseMinAddress
#     to set the Java Heap base and to place the Java Heap above 4GB virtual address.
# This output file may be truncated or incomplete.
#
#  Out of Memory Error (./src/hotspot/os/windows/os_windows.cpp:3619), pid=52428, tid=19736
#
# JRE version: OpenJDK Runtime Environment (11.0.13) (build 11.0.13+0-b1751.21-8125866)
# Java VM: OpenJDK 64-Bit Server VM (11.0.13+0-b1751.21-8125866, mixed mode, tiered, compressed oops, g1 gc, windows-amd64)
# No core dump will be written. Minidumps are not enabled by default on client versions of Windows
#

---------------  S U M M A R Y ------------

Command Line: --add-opens=java.base/java.util=ALL-UNNAMED --add-opens=java.base/java.lang=ALL-UNNAMED --add-opens=java.base/java.lang.invoke=ALL-UNNAMED --add-opens=java.base/java.util=ALL-UNNAMED --add-opens=java.prefs/java.util.prefs=ALL-UNNAMED --add-opens=java.prefs/java.util.prefs=ALL-UNNAMED --add-opens=java.base/java.nio.charset=ALL-UNNAMED --add-opens=java.base/java.net=ALL-UNNAMED --add-opens=java.base/java.util.concurrent.atomic=ALL-UNNAMED -Xmx2048m -Dfile.encoding=UTF-8 -Duser.country=US -Duser.language=en -Duser.variant org.gradle.launcher.daemon.bootstrap.GradleDaemon 7.4

Host: Intel(R) Core(TM) i5-4200U CPU @ 1.60GHz, 4 cores, 7G,  Windows 10 , 64 bit Build 19041 (10.0.19041.2364)
Time: Mon Feb  6 15:57:45 2023 E. Africa Standard Time elapsed time: 38.105944 seconds (0d 0h 0m 38s)

---------------  T H R E A D  ---------------

Current thread (0x00000227ace1c800):  VMThread "VM Thread" [stack: 0x0000009da8b00000,0x0000009da8c00000] [id=19736]

Stack: [0x0000009da8b00000,0x0000009da8c00000]
[error occurred during error reporting (printing stack bounds), id 0xc0000005, EXCEPTION_ACCESS_VIOLATION (0xc0000005) at pc=0x0000022796d4112d]

Native frames: (J=compiled Java code, j=interpreted, Vv=VM code, C=native code)
V  [jvm.dll+0x6100fa]
V  [jvm.dll+0x747090]
V  [jvm.dll+0x7486ad]
V  [jvm.dll+0x748ce5]
V  [jvm.dll+0x748c9b]
V  [jvm.dll+0x60f224]
V  [jvm.dll+0x60f9b8]
C  [ntdll.dll+0xa241f]
C  [ntdll.dll+0x514a4]
C  [ntdll.dll+0xa0f4e]
C  0x0000022796d4112d

VM_Operation (0x0000009daedfd690): G1CollectForAllocation, mode: safepoint, requested by thread 0x00000227b0e1e000


---------------  P R O C E S S  ---------------

Threads class SMR info:
_java_thread_list=0x00000227b3359730, length=98, elements={
0x000002279321a800, 0x00000227ace20800, 0x00000227ace2a000, 0x00000227ace3a800,
0x00000227ace3e800, 0x00000227ace3f000, 0x00000227ace44800, 0x00000227ace49000,
0x00000227ace54800, 0x00000227ad910000, 0x00000227b0a49800, 0x00000227af28e000,
0x00000227afe68000, 0x00000227af99d000, 0x00000227aeafb800, 0x00000227b04cb800,
0x00000227af74d800, 0x00000227afd78000, 0x00000227af812000, 0x00000227af813000,
0x00000227b0052000, 0x00000227b0053000, 0x00000227b0051800, 0x00000227b0054000,
0x00000227b0050000, 0x00000227b0054800, 0x00000227b0055800, 0x00000227b0056800,
0x00000227b0050800, 0x00000227b0945000, 0x00000227b0949000, 0x00000227b0948800,
0x00000227b094b800, 0x00000227b094c800, 0x00000227b0946800, 0x00000227b0953000,
0x00000227b094f800, 0x00000227b094f000, 0x00000227b094e000, 0x00000227b094d800,
0x00000227b0952000, 0x00000227b0954000, 0x00000227b0950800, 0x00000227b0951800,
0x00000227b44c5000, 0x00000227b44c4000, 0x00000227b44c2000, 0x00000227b44c6000,
0x00000227b44c6800, 0x00000227b44c7800, 0x00000227b44c8800, 0x00000227b44c2800,
0x00000227b44c9000, 0x00000227b44c3800, 0x00000227b44ca000, 0x00000227b44cb800,
0x00000227b44cd000, 0x00000227b44ce000, 0x00000227b44cf000, 0x00000227b44cf800,
0x00000227b44d0800, 0x00000227b44cb000, 0x00000227b44cc800, 0x00000227b46db800,
0x00000227b46dc800, 0x00000227b46de000, 0x00000227b46da800, 0x00000227b46dd000,
0x00000227b46df000, 0x00000227b46d9000, 0x00000227b46df800, 0x00000227b46da000,
0x00000227b46e3000, 0x00000227b46e0800, 0x00000227b46e7000, 0x00000227b46e6000,
0x00000227b46e4800, 0x00000227b46e3800, 0x00000227ae743800, 0x00000227b46e5800,
0x00000227b46e8000, 0x00000227b46e2000, 0x00000227b0e14000, 0x00000227b0e18000,
0x00000227b0e15000, 0x00000227b0e12800, 0x00000227b0e19000, 0x00000227b0e1b800,
0x00000227b0e1a000, 0x00000227b0e1a800, 0x00000227b0e15800, 0x00000227b0e1c000,
0x00000227b0e16800, 0x00000227b0e1d000, 0x00000227b0e17800, 0x00000227b0e1e000,
0x00000227b0e1e800, 0x00000227b0e1f800
}

Java Threads: ( => current thread )
  0x000002279321a800 JavaThread "main" [_thread_blocked, id=48472, stack(0x0000009da8500000,0x0000009da8600000)]
  0x00000227ace20800 JavaThread "Reference Handler" daemon [_thread_blocked, id=51368, stack(0x0000009da8c00000,0x0000009da8d00000)]
  0x00000227ace2a000 JavaThread "Finalizer" daemon [_thread_blocked, id=52860, stack(0x0000009da8d00000,0x0000009da8e00000)]
  0x00000227ace3a800 JavaThread "Signal Dispatcher" daemon [_thread_blocked, id=50420, stack(0x0000009da8e00000,0x0000009da8f00000)]
  0x00000227ace3e800 JavaThread "Attach Listener" daemon [_thread_blocked, id=988, stack(0x0000009da8f00000,0x0000009da9000000)]
  0x00000227ace3f000 JavaThread "Service Thread" daemon [_thread_blocked, id=46124, stack(0x0000009da9000000,0x0000009da9100000)]
  0x00000227ace44800 JavaThread "C2 CompilerThread0" daemon [_thread_in_native, id=52844, stack(0x0000009da9100000,0x0000009da9200000)]
  0x00000227ace49000 JavaThread "C1 CompilerThread0" daemon [_thread_blocked, id=2700, stack(0x0000009da9200000,0x0000009da9300000)]
  0x00000227ace54800 JavaThread "Sweeper thread" daemon [_thread_blocked, id=51344, stack(0x0000009da9300000,0x0000009da9400000)]
  0x00000227ad910000 JavaThread "Common-Cleaner" daemon [_thread_blocked, id=50892, stack(0x0000009da9400000,0x0000009da9500000)]
  0x00000227b0a49800 JavaThread "Daemon health stats" [_thread_blocked, id=43988, stack(0x0000009da9900000,0x0000009da9a00000)]
  0x00000227af28e000 JavaThread "Incoming local TCP Connector on port 50846" [_thread_in_native, id=52736, stack(0x0000009da9800000,0x0000009da9900000)]
  0x00000227afe68000 JavaThread "Daemon periodic checks" [_thread_blocked, id=52776, stack(0x0000009da9a00000,0x0000009da9b00000)]
  0x00000227af99d000 JavaThread "Daemon" [_thread_blocked, id=45324, stack(0x0000009da9b00000,0x0000009da9c00000)]
  0x00000227aeafb800 JavaThread "Handler for socket connection from /127.0.0.1:50846 to /127.0.0.1:50847" [_thread_in_native, id=51772, stack(0x0000009da9c00000,0x0000009da9d00000)]
  0x00000227b04cb800 JavaThread "Cancel handler" [_thread_blocked, id=28144, stack(0x0000009da9d00000,0x0000009da9e00000)]
  0x00000227af74d800 JavaThread "Daemon worker" [_thread_blocked, id=53068, stack(0x0000009da9e00000,0x0000009da9f00000)]
  0x00000227afd78000 JavaThread "Asynchronous log dispatcher for DefaultDaemonConnection: socket connection from /127.0.0.1:50846 to /127.0.0.1:50847" [_thread_blocked, id=43952, stack(0x0000009da9f00000,0x0000009daa000000)]
  0x00000227af812000 JavaThread "Stdin handler" [_thread_blocked, id=3788, stack(0x0000009daa000000,0x0000009daa100000)]
  0x00000227af813000 JavaThread "Daemon client event forwarder" [_thread_blocked, id=52524, stack(0x0000009daa100000,0x0000009daa200000)]
  0x00000227b0052000 JavaThread "Cache worker for journal cache (C:\Users\mutanu\.gradle\caches\journal-1)" [_thread_blocked, id=52692, stack(0x0000009daa300000,0x0000009daa400000)]
  0x00000227b0053000 JavaThread "File lock request listener" [_thread_in_native, id=23396, stack(0x0000009daa400000,0x0000009daa500000)]
  0x00000227b0051800 JavaThread "Cache worker for file hash cache (C:\Users\mutanu\.gradle\caches\7.4\fileHashes)" [_thread_blocked, id=36468, stack(0x0000009daa500000,0x0000009daa600000)]
  0x00000227b0054000 JavaThread "File watcher server" daemon [_thread_blocked, id=3616, stack(0x0000009daa700000,0x0000009daa800000)]
  0x00000227b0050000 JavaThread "File watcher consumer" daemon [_thread_blocked, id=52788, stack(0x0000009daa800000,0x0000009daa900000)]
  0x00000227b0054800 JavaThread "Cache worker for checksums cache (C:\Users\mutanu\AndroidStudioProjects\eablTrial\.gradle\7.4\checksums)" [_thread_blocked, id=53120, stack(0x0000009daa900000,0x0000009daaa00000)]
  0x00000227b0055800 JavaThread "Cache worker for cache directory md-rule (C:\Users\mutanu\.gradle\caches\7.4\md-rule)" [_thread_blocked, id=53072, stack(0x0000009daaa00000,0x0000009daab00000)]
  0x00000227b0056800 JavaThread "Cache worker for file hash cache (C:\Users\mutanu\AndroidStudioProjects\eablTrial\.gradle\7.4\fileHashes)" [_thread_blocked, id=47900, stack(0x0000009daab00000,0x0000009daac00000)]
  0x00000227b0050800 JavaThread "Cache worker for cache directory md-supplier (C:\Users\mutanu\.gradle\caches\7.4\md-supplier)" [_thread_blocked, id=49812, stack(0x0000009daac00000,0x0000009daad00000)]
  0x00000227b0945000 JavaThread "Cache worker for execution history cache (C:\Users\mutanu\.gradle\caches\7.4\executionHistory)" [_thread_blocked, id=45428, stack(0x0000009daad00000,0x0000009daae00000)]
  0x00000227b0949000 JavaThread "jar transforms" [_thread_blocked, id=47464, stack(0x0000009daae00000,0x0000009daaf00000)]
  0x00000227b0948800 JavaThread "Cache worker for file content cache (C:\Users\mutanu\.gradle\caches\7.4\fileContent)" [_thread_blocked, id=51112, stack(0x0000009daaf00000,0x0000009dab000000)]
  0x00000227b094b800 JavaThread "jar transforms Thread 2" [_thread_blocked, id=49436, stack(0x0000009dab000000,0x0000009dab100000)]
  0x00000227b094c800 JavaThread "Cache worker for dependencies-accessors (C:\Users\mutanu\AndroidStudioProjects\eablTrial\.gradle\7.4\dependencies-accessors)" [_thread_blocked, id=52948, stack(0x0000009dab100000,0x0000009dab200000)]
  0x00000227b0946800 JavaThread "jar transforms Thread 3" [_thread_blocked, id=50392, stack(0x0000009dab200000,0x0000009dab300000)]
  0x00000227b0953000 JavaThread "Cache worker for Build Output Cleanup Cache (C:\Users\mutanu\AndroidStudioProjects\eablTrial\.gradle\buildOutputCleanup)" [_thread_blocked, id=46760, stack(0x0000009dab300000,0x0000009dab400000)]
  0x00000227b094f800 JavaThread "Unconstrained build operations" [_thread_blocked, id=51484, stack(0x0000009dab400000,0x0000009dab500000)]
  0x00000227b094f000 JavaThread "Unconstrained build operations Thread 2" [_thread_blocked, id=52236, stack(0x0000009dab500000,0x0000009dab600000)]
  0x00000227b094e000 JavaThread "Unconstrained build operations Thread 3" [_thread_blocked, id=51260, stack(0x0000009dab600000,0x0000009dab700000)]
  0x00000227b094d800 JavaThread "Unconstrained build operations Thread 4" [_thread_blocked, id=52064, stack(0x0000009dab700000,0x0000009dab800000)]
  0x00000227b0952000 JavaThread "Unconstrained build operations Thread 5" [_thread_blocked, id=50724, stack(0x0000009dab800000,0x0000009dab900000)]
  0x00000227b0954000 JavaThread "Unconstrained build operations Thread 6" [_thread_blocked, id=52244, stack(0x0000009dab900000,0x0000009daba00000)]
  0x00000227b0950800 JavaThread "Unconstrained build operations Thread 7" [_thread_blocked, id=37088, stack(0x0000009daba00000,0x0000009dabb00000)]
  0x00000227b0951800 JavaThread "Unconstrained build operations Thread 8" [_thread_blocked, id=22372, stack(0x0000009dabb00000,0x0000009dabc00000)]
  0x00000227b44c5000 JavaThread "Unconstrained build operations Thread 9" [_thread_blocked, id=35832, stack(0x0000009dabc00000,0x0000009dabd00000)]
  0x00000227b44c4000 JavaThread "Unconstrained build operations Thread 10" [_thread_blocked, id=42592, stack(0x0000009dabd00000,0x0000009dabe00000)]
  0x00000227b44c2000 JavaThread "Unconstrained build operations Thread 11" [_thread_blocked, id=14784, stack(0x0000009dabe00000,0x0000009dabf00000)]
  0x00000227b44c6000 JavaThread "Unconstrained build operations Thread 12" [_thread_blocked, id=49836, stack(0x0000009dabf00000,0x0000009dac000000)]
  0x00000227b44c6800 JavaThread "Unconstrained build operations Thread 13" [_thread_blocked, id=50108, stack(0x0000009dac000000,0x0000009dac100000)]
  0x00000227b44c7800 JavaThread "Unconstrained build operations Thread 14" [_thread_blocked, id=51660, stack(0x0000009dac100000,0x0000009dac200000)]
  0x00000227b44c8800 JavaThread "Unconstrained build operations Thread 15" [_thread_blocked, id=53196, stack(0x0000009dac200000,0x0000009dac300000)]
  0x00000227b44c2800 JavaThread "Unconstrained build operations Thread 16" [_thread_blocked, id=28352, stack(0x0000009dac300000,0x0000009dac400000)]
  0x00000227b44c9000 JavaThread "Unconstrained build operations Thread 17" [_thread_blocked, id=49464, stack(0x0000009dac400000,0x0000009dac500000)]
  0x00000227b44c3800 JavaThread "Unconstrained build operations Thread 18" [_thread_blocked, id=43236, stack(0x0000009dac500000,0x0000009dac600000)]
  0x00000227b44ca000 JavaThread "Unconstrained build operations Thread 19" [_thread_blocked, id=51664, stack(0x0000009dac600000,0x0000009dac700000)]
  0x00000227b44cb800 JavaThread "Unconstrained build operations Thread 20" [_thread_blocked, id=22196, stack(0x0000009dac700000,0x0000009dac800000)]
  0x00000227b44cd000 JavaThread "Unconstrained build operations Thread 21" [_thread_blocked, id=31316, stack(0x0000009dac800000,0x0000009dac900000)]
  0x00000227b44ce000 JavaThread "Unconstrained build operations Thread 22" [_thread_blocked, id=35972, stack(0x0000009dac900000,0x0000009daca00000)]
  0x00000227b44cf000 JavaThread "Unconstrained build operations Thread 23" [_thread_blocked, id=22064, stack(0x0000009daca00000,0x0000009dacb00000)]
  0x00000227b44cf800 JavaThread "Unconstrained build operations Thread 24" [_thread_blocked, id=47984, stack(0x0000009dacb00000,0x0000009dacc00000)]
  0x00000227b44d0800 JavaThread "Unconstrained build operations Thread 25" [_thread_blocked, id=19436, stack(0x0000009dacc00000,0x0000009dacd00000)]
  0x00000227b44cb000 JavaThread "Unconstrained build operations Thread 26" [_thread_blocked, id=43960, stack(0x0000009dacd00000,0x0000009dace00000)]
  0x00000227b44cc800 JavaThread "Unconstrained build operations Thread 27" [_thread_blocked, id=47428, stack(0x0000009dace00000,0x0000009dacf00000)]
  0x00000227b46db800 JavaThread "Unconstrained build operations Thread 28" [_thread_blocked, id=51588, stack(0x0000009dacf00000,0x0000009dad000000)]
  0x00000227b46dc800 JavaThread "Unconstrained build operations Thread 29" [_thread_blocked, id=52816, stack(0x0000009dad000000,0x0000009dad100000)]
  0x00000227b46de000 JavaThread "Unconstrained build operations Thread 30" [_thread_blocked, id=30960, stack(0x0000009dad100000,0x0000009dad200000)]
  0x00000227b46da800 JavaThread "Unconstrained build operations Thread 31" [_thread_blocked, id=48124, stack(0x0000009dad200000,0x0000009dad300000)]
  0x00000227b46dd000 JavaThread "Unconstrained build operations Thread 32" [_thread_blocked, id=40604, stack(0x0000009dad300000,0x0000009dad400000)]
  0x00000227b46df000 JavaThread "Unconstrained build operations Thread 33" [_thread_blocked, id=53048, stack(0x0000009dad400000,0x0000009dad500000)]
  0x00000227b46d9000 JavaThread "Unconstrained build operations Thread 34" [_thread_blocked, id=3956, stack(0x0000009dad500000,0x0000009dad600000)]
  0x00000227b46df800 JavaThread "Unconstrained build operations Thread 35" [_thread_blocked, id=43920, stack(0x0000009dad600000,0x0000009dad700000)]
  0x00000227b46da000 JavaThread "Unconstrained build operations Thread 36" [_thread_blocked, id=52680, stack(0x0000009dad700000,0x0000009dad800000)]
  0x00000227b46e3000 JavaThread "Unconstrained build operations Thread 37" [_thread_blocked, id=52628, stack(0x0000009dad800000,0x0000009dad900000)]
  0x00000227b46e0800 JavaThread "Unconstrained build operations Thread 38" [_thread_blocked, id=52044, stack(0x0000009dad900000,0x0000009dada00000)]
  0x00000227b46e7000 JavaThread "Unconstrained build operations Thread 39" [_thread_blocked, id=47552, stack(0x0000009dada00000,0x0000009dadb00000)]
  0x00000227b46e6000 JavaThread "Unconstrained build operations Thread 40" [_thread_blocked, id=53152, stack(0x0000009dadb00000,0x0000009dadc00000)]
  0x00000227b46e4800 JavaThread "jar transforms Thread 4" [_thread_blocked, id=49516, stack(0x0000009dadc00000,0x0000009dadd00000)]
  0x00000227b46e3800 JavaThread "Memory manager" [_thread_blocked, id=52992, stack(0x0000009dadd00000,0x0000009dade00000)]
  0x00000227ae743800 JavaThread "C2 CompilerThread1" daemon [_thread_in_native, id=42252, stack(0x0000009daa600000,0x0000009daa700000)]
  0x00000227b46e5800 JavaThread "build event listener" [_thread_blocked, id=37828, stack(0x0000009dade00000,0x0000009dadf00000)]
  0x00000227b46e8000 JavaThread "pool-3-thread-1" [_thread_blocked, id=51252, stack(0x0000009dadf00000,0x0000009dae000000)]
  0x00000227b46e2000 JavaThread "build event listener" [_thread_blocked, id=27836, stack(0x0000009dae000000,0x0000009dae100000)]
  0x00000227b0e14000 JavaThread "included builds" [_thread_blocked, id=51920, stack(0x0000009dae100000,0x0000009dae200000)]
  0x00000227b0e18000 JavaThread "Execution worker for ':'" [_thread_blocked, id=52684, stack(0x0000009dae200000,0x0000009dae300000)]
  0x00000227b0e15000 JavaThread "Execution worker for ':' Thread 2" [_thread_blocked, id=45168, stack(0x0000009dae300000,0x0000009dae400000)]
  0x00000227b0e12800 JavaThread "Execution worker for ':' Thread 3" [_thread_blocked, id=52588, stack(0x0000009dae400000,0x0000009dae500000)]
  0x00000227b0e19000 JavaThread "Cache worker for execution history cache (C:\Users\mutanu\AndroidStudioProjects\eablTrial\.gradle\7.4\executionHistory)" [_thread_blocked, id=45248, stack(0x0000009dae500000,0x0000009dae600000)]
  0x00000227b0e1b800 JavaThread "WorkerExecutor Queue" [_thread_blocked, id=42516, stack(0x0000009da8300000,0x0000009da8400000)]
  0x00000227b0e1a000 JavaThread "WorkerExecutor Queue Thread 2" [_thread_blocked, id=52324, stack(0x0000009dae600000,0x0000009dae700000)]
  0x00000227b0e1a800 JavaThread "pool-4-thread-1" [_thread_blocked, id=30900, stack(0x0000009dae700000,0x0000009dae800000)]
  0x00000227b0e15800 JavaThread "WorkerExecutor Queue Thread 3" [_thread_blocked, id=51864, stack(0x0000009dae800000,0x0000009dae900000)]
  0x00000227b0e1c000 JavaThread "WorkerExecutor Queue Thread 4" [_thread_blocked, id=50760, stack(0x0000009dae900000,0x0000009daea00000)]
  0x00000227b0e16800 JavaThread "stderr" [_thread_in_native, id=52800, stack(0x0000009daea00000,0x0000009daeb00000)]
  0x00000227b0e1d000 JavaThread "stdout" [_thread_in_native, id=51140, stack(0x0000009daeb00000,0x0000009daec00000)]
  0x00000227b0e17800 JavaThread "ForkJoinPool-1-worker-3" daemon [_thread_blocked, id=38516, stack(0x0000009daec00000,0x0000009daed00000)]
  0x00000227b0e1e000 JavaThread "ForkJoinPool-1-worker-5" daemon [_thread_blocked, id=52640, stack(0x0000009daed00000,0x0000009daee00000)]
  0x00000227b0e1e800 JavaThread "ForkJoinPool-1-worker-7" daemon [_thread_blocked, id=51860, stack(0x0000009daee00000,0x0000009daef00000)]
  0x00000227b0e1f800 JavaThread "ForkJoinPool-1-worker-1" daemon [_thread_blocked, id=19452, stack(0x0000009daef00000,0x0000009daf000000)]

Other Threads:
=>0x00000227ace1c800 VMThread "VM Thread" [stack: 0x0000009da8b00000,0x0000009da8c00000] [id=19736]
  0x00000227ad92c800 WatcherThread [stack: 0x0000009da9500000,0x0000009da9600000] [id=50988]
  0x0000022793234000 GCTaskThread "GC Thread#0" [stack: 0x0000009da8600000,0x0000009da8700000] [id=11828]
  0x00000227add3d800 GCTaskThread "GC Thread#1" [stack: 0x0000009da9600000,0x0000009da9700000] [id=31140]
  0x00000227add4e800 GCTaskThread "GC Thread#2" [stack: 0x0000009da9700000,0x0000009da9800000] [id=16248]
  0x00000227aefc2000 GCTaskThread "GC Thread#3" [stack: 0x0000009daa200000,0x0000009daa300000] [id=49956]
  0x0000022793266000 ConcurrentGCThread "G1 Main Marker" [stack: 0x0000009da8700000,0x0000009da8800000] [id=49616]
  0x0000022793268000 ConcurrentGCThread "G1 Conc#0" [stack: 0x0000009da8800000,0x0000009da8900000] [id=28204]
  0x00000227932f7800 ConcurrentGCThread "G1 Refine#0" [stack: 0x0000009da8900000,0x0000009da8a00000] [id=51592]
  0x00000227b4b8e000 ConcurrentGCThread "G1 Refine#1" [stack: 0x0000009daf200000,0x0000009daf300000] [id=51764]
  0x00000227b448e000 ConcurrentGCThread "G1 Refine#2" [stack: 0x0000009daf300000,0x0000009daf400000] [id=48548]
  0x00000227932f8800 ConcurrentGCThread "G1 Young RemSet Sampling" [stack: 0x0000009da8a00000,0x0000009da8b00000] [id=14464]

Threads with active compile tasks:
C2 CompilerThread0  38131 12781       4       com.android.tools.r8.dex.i::a (1036 bytes)
C2 CompilerThread1  38131 12650       4       com.android.tools.r8.dex.i::a (829 bytes)

VM state:at safepoint (normal execution)

VM Mutex/Monitor currently owned by a thread:  ([mutex/lock_event])
[0x0000022793217280] Threads_lock - owner thread: 0x00000227ace1c800
[0x0000022793217820] Heap_lock - owner thread: 0x00000227b0e1e000

Heap address: 0x0000000080000000, size: 2048 MB, Compressed Oops mode: 32-bit
Narrow klass base: 0x0000000000000000, Narrow klass shift: 3
Compressed class space size: 1073741824 Address: 0x0000000100000000

Heap:
 garbage-first heap   total 403456K, used 224768K [0x0000000080000000, 0x0000000100000000)
  region size 1024K, 3 young (3072K), 3 survivors (3072K)
 Metaspace       used 101797K, capacity 104182K, committed 104316K, reserved 1140736K
  class space    used 13075K, capacity 13978K, committed 14028K, reserved 1048576K
Heap Regions: E=young(eden), S=young(survivor), O=old, HS=humongous(starts), HC=humongous(continues), CS=collection set, F=free, A=archive, TAMS=top-at-mark-start (previous, next)
|   0|0x0000000080000000, 0x0000000080100000, 0x0000000080100000|100%|HS|  |TAMS 0x0000000080100000, 0x0000000080000000| Complete 
|   1|0x0000000080100000, 0x0000000080200000, 0x0000000080200000|100%|HC|  |TAMS 0x0000000080200000, 0x0000000080100000| Complete 
|   2|0x0000000080200000, 0x0000000080300000, 0x0000000080300000|100%|HC|  |TAMS 0x0000000080300000, 0x0000000080200000| Complete 
|   3|0x0000000080300000, 0x0000000080400000, 0x0000000080400000|100%| O|  |TAMS 0x0000000080400000, 0x0000000080300000| Updating 
|   4|0x0000000080400000, 0x0000000080500000, 0x0000000080500000|100%| O|  |TAMS 0x0000000080500000, 0x0000000080400000| Updating 
|   5|0x0000000080500000, 0x0000000080600000, 0x0000000080600000|100%| O|  |TAMS 0x0000000080600000, 0x0000000080500000| Updating 
|   6|0x0000000080600000, 0x0000000080700000, 0x0000000080700000|100%| O|  |TAMS 0x0000000080700000, 0x0000000080600000| Updating 
|   7|0x0000000080700000, 0x0000000080800000, 0x0000000080800000|100%| O|  |TAMS 0x0000000080800000, 0x0000000080700000| Updating 
|   8|0x0000000080800000, 0x0000000080900000, 0x0000000080900000|100%| O|  |TAMS 0x0000000080900000, 0x0000000080800000| Updating 
|   9|0x0000000080900000, 0x0000000080a00000, 0x0000000080a00000|100%| O|  |TAMS 0x0000000080a00000, 0x0000000080900000| Updating 
|  10|0x0000000080a00000, 0x0000000080b00000, 0x0000000080b00000|100%| O|  |TAMS 0x0000000080b00000, 0x0000000080a00000| Updating 
|  11|0x0000000080b00000, 0x0000000080c00000, 0x0000000080c00000|100%| O|  |TAMS 0x0000000080c00000, 0x0000000080b00000| Updating 
|  12|0x0000000080c00000, 0x0000000080d00000, 0x0000000080d00000|100%| O|  |TAMS 0x0000000080d00000, 0x0000000080c00000| Updating 
|  13|0x0000000080d00000, 0x0000000080e00000, 0x0000000080e00000|100%| O|  |TAMS 0x0000000080e00000, 0x0000000080d00000| Updating 
|  14|0x0000000080e00000, 0x0000000080f00000, 0x0000000080f00000|100%| O|  |TAMS 0x0000000080f00000, 0x0000000080e00000| Updating 
|  15|0x0000000080f00000, 0x0000000081000000, 0x0000000081000000|100%| O|  |TAMS 0x0000000081000000, 0x0000000080f00000| Updating 
|  16|0x0000000081000000, 0x0000000081100000, 0x0000000081100000|100%|HS|  |TAMS 0x0000000081100000, 0x0000000081000000| Complete 
|  17|0x0000000081100000, 0x0000000081200000, 0x0000000081200000|100%| O|  |TAMS 0x0000000081200000, 0x0000000081100000| Updating 
|  18|0x0000000081200000, 0x0000000081300000, 0x0000000081300000|100%| O|  |TAMS 0x0000000081300000, 0x0000000081200000| Updating 
|  19|0x0000000081300000, 0x0000000081400000, 0x0000000081400000|100%| O|  |TAMS 0x0000000081400000, 0x0000000081300000| Updating 
|  20|0x0000000081400000, 0x0000000081500000, 0x0000000081500000|100%| O|  |TAMS 0x0000000081500000, 0x0000000081400000| Updating 
|  21|0x0000000081500000, 0x0000000081600000, 0x0000000081600000|100%| O|  |TAMS 0x0000000081600000, 0x0000000081500000| Updating 
|  22|0x0000000081600000, 0x0000000081700000, 0x0000000081700000|100%| O|  |TAMS 0x0000000081700000, 0x0000000081600000| Updating 
|  23|0x0000000081700000, 0x0000000081800000, 0x0000000081800000|100%| O|  |TAMS 0x0000000081800000, 0x0000000081700000| Updating 
|  24|0x0000000081800000, 0x0000000081900000, 0x0000000081900000|100%| O|  |TAMS 0x0000000081900000, 0x0000000081800000| Updating 
|  25|0x0000000081900000, 0x0000000081a00000, 0x0000000081a00000|100%| O|  |TAMS 0x0000000081a00000, 0x0000000081900000| Updating 
|  26|0x0000000081a00000, 0x0000000081b00000, 0x0000000081b00000|100%| O|  |TAMS 0x0000000081b00000, 0x0000000081a00000| Updating 
|  27|0x0000000081b00000, 0x0000000081c00000, 0x0000000081c00000|100%| O|  |TAMS 0x0000000081c00000, 0x0000000081b00000| Updating 
|  28|0x0000000081c00000, 0x0000000081d00000, 0x0000000081d00000|100%|HS|  |TAMS 0x0000000081d00000, 0x0000000081c00000| Complete 
|  29|0x0000000081d00000, 0x0000000081e00000, 0x0000000081e00000|100%|HS|  |TAMS 0x0000000081e00000, 0x0000000081d00000| Complete 
|  30|0x0000000081e00000, 0x0000000081f00000, 0x0000000081f00000|100%|HS|  |TAMS 0x0000000081f00000, 0x0000000081e00000| Complete 
|  31|0x0000000081f00000, 0x0000000082000000, 0x0000000082000000|100%|HC|  |TAMS 0x0000000082000000, 0x0000000081f00000| Complete 
|  32|0x0000000082000000, 0x0000000082100000, 0x0000000082100000|100%|HC|  |TAMS 0x0000000082100000, 0x0000000082000000| Complete 
|  33|0x0000000082100000, 0x0000000082200000, 0x0000000082200000|100%|HC|  |TAMS 0x0000000082200000, 0x0000000082100000| Complete 
|  34|0x0000000082200000, 0x0000000082300000, 0x0000000082300000|100%| O|  |TAMS 0x0000000082300000, 0x0000000082200000| Updating 
|  35|0x0000000082300000, 0x0000000082400000, 0x0000000082400000|100%|HS|  |TAMS 0x0000000082400000, 0x0000000082300000| Complete 
|  36|0x0000000082400000, 0x0000000082500000, 0x0000000082500000|100%|HC|  |TAMS 0x0000000082500000, 0x0000000082400000| Complete 
|  37|0x0000000082500000, 0x0000000082600000, 0x0000000082600000|100%| O|  |TAMS 0x0000000082600000, 0x0000000082500000| Updating 
|  38|0x0000000082600000, 0x0000000082700000, 0x0000000082700000|100%| O|  |TAMS 0x0000000082700000, 0x0000000082600000| Updating 
|  39|0x0000000082700000, 0x0000000082800000, 0x0000000082800000|100%| O|  |TAMS 0x0000000082800000, 0x0000000082700000| Updating 
|  40|0x0000000082800000, 0x0000000082900000, 0x0000000082900000|100%| O|  |TAMS 0x0000000082900000, 0x0000000082800000| Updating 
|  41|0x0000000082900000, 0x0000000082a00000, 0x0000000082a00000|100%| O|  |TAMS 0x0000000082a00000, 0x0000000082900000| Updating 
|  42|0x0000000082a00000, 0x0000000082b00000, 0x0000000082b00000|100%| O|  |TAMS 0x0000000082b00000, 0x0000000082a00000| Updating 
|  43|0x0000000082b00000, 0x0000000082c00000, 0x0000000082c00000|100%| O|  |TAMS 0x0000000082c00000, 0x0000000082b00000| Updating 
|  44|0x0000000082c00000, 0x0000000082d00000, 0x0000000082d00000|100%| O|  |TAMS 0x0000000082d00000, 0x0000000082c00000| Updating 
|  45|0x0000000082d00000, 0x0000000082e00000, 0x0000000082e00000|100%| O|  |TAMS 0x0000000082e00000, 0x0000000082d00000| Updating 
|  46|0x0000000082e00000, 0x0000000082f00000, 0x0000000082f00000|100%| O|  |TAMS 0x0000000082f00000, 0x0000000082e00000| Updating 
|  47|0x0000000082f00000, 0x0000000083000000, 0x0000000083000000|100%| O|  |TAMS 0x0000000083000000, 0x0000000082f00000| Updating 
|  48|0x0000000083000000, 0x0000000083100000, 0x0000000083100000|100%| O|  |TAMS 0x0000000083100000, 0x0000000083000000| Updating 
|  49|0x0000000083100000, 0x0000000083200000, 0x0000000083200000|100%| O|  |TAMS 0x0000000083200000, 0x0000000083100000| Updating 
|  50|0x0000000083200000, 0x0000000083300000, 0x0000000083300000|100%| O|  |TAMS 0x0000000083300000, 0x0000000083200000| Updating 
|  51|0x0000000083300000, 0x0000000083400000, 0x0000000083400000|100%| O|  |TAMS 0x0000000083400000, 0x0000000083300000| Updating 
|  52|0x0000000083400000, 0x0000000083500000, 0x0000000083500000|100%| O|  |TAMS 0x0000000083500000, 0x0000000083400000| Updating 
|  53|0x0000000083500000, 0x0000000083600000, 0x0000000083600000|100%| O|  |TAMS 0x0000000083600000, 0x0000000083500000| Updating 
|  54|0x0000000083600000, 0x0000000083700000, 0x0000000083700000|100%| O|  |TAMS 0x0000000083700000, 0x0000000083600000| Updating 
|  55|0x0000000083700000, 0x0000000083800000, 0x0000000083800000|100%| O|  |TAMS 0x0000000083800000, 0x0000000083700000| Updating 
|  56|0x0000000083800000, 0x0000000083900000, 0x0000000083900000|100%| O|  |TAMS 0x0000000083900000, 0x0000000083800000| Updating 
|  57|0x0000000083900000, 0x0000000083a00000, 0x0000000083a00000|100%| O|  |TAMS 0x0000000083a00000, 0x0000000083900000| Updating 
|  58|0x0000000083a00000, 0x0000000083b00000, 0x0000000083b00000|100%| O|  |TAMS 0x0000000083b00000, 0x0000000083a00000| Updating 
|  59|0x0000000083b00000, 0x0000000083c00000, 0x0000000083c00000|100%| O|  |TAMS 0x0000000083c00000, 0x0000000083b00000| Updating 
|  60|0x0000000083c00000, 0x0000000083d00000, 0x0000000083d00000|100%| O|  |TAMS 0x0000000083d00000, 0x0000000083c00000| Updating 
|  61|0x0000000083d00000, 0x0000000083e00000, 0x0000000083e00000|100%| O|  |TAMS 0x0000000083e00000, 0x0000000083d00000| Updating 
|  62|0x0000000083e00000, 0x0000000083f00000, 0x0000000083f00000|100%| O|  |TAMS 0x0000000083f00000, 0x0000000083e00000| Updating 
|  63|0x0000000083f00000, 0x0000000084000000, 0x0000000084000000|100%| O|  |TAMS 0x0000000084000000, 0x0000000083f00000| Updating 
|  64|0x0000000084000000, 0x0000000084100000, 0x0000000084100000|100%| O|  |TAMS 0x0000000084100000, 0x0000000084000000| Updating 
|  65|0x0000000084100000, 0x0000000084200000, 0x0000000084200000|100%| O|  |TAMS 0x0000000084200000, 0x0000000084100000| Updating 
|  66|0x0000000084200000, 0x0000000084300000, 0x0000000084300000|100%| O|  |TAMS 0x0000000084300000, 0x0000000084200000| Updating 
|  67|0x0000000084300000, 0x0000000084400000, 0x0000000084400000|100%| O|  |TAMS 0x0000000084400000, 0x0000000084300000| Updating 
|  68|0x0000000084400000, 0x0000000084500000, 0x0000000084500000|100%| O|  |TAMS 0x0000000084500000, 0x0000000084400000| Updating 
|  69|0x0000000084500000, 0x0000000084600000, 0x0000000084600000|100%| O|  |TAMS 0x0000000084600000, 0x0000000084500000| Updating 
|  70|0x0000000084600000, 0x0000000084700000, 0x0000000084700000|100%| O|  |TAMS 0x0000000084700000, 0x0000000084600000| Updating 
|  71|0x0000000084700000, 0x0000000084800000, 0x0000000084800000|100%| O|  |TAMS 0x0000000084800000, 0x0000000084700000| Updating 
|  72|0x0000000084800000, 0x0000000084900000, 0x0000000084900000|100%| O|  |TAMS 0x0000000084900000, 0x0000000084800000| Updating 
|  73|0x0000000084900000, 0x0000000084a00000, 0x0000000084a00000|100%| O|  |TAMS 0x0000000084a00000, 0x0000000084900000| Updating 
|  74|0x0000000084a00000, 0x0000000084b00000, 0x0000000084b00000|100%| O|  |TAMS 0x0000000084b00000, 0x0000000084a00000| Updating 
|  75|0x0000000084b00000, 0x0000000084c00000, 0x0000000084c00000|100%| O|  |TAMS 0x0000000084c00000, 0x0000000084b00000| Updating 
|  76|0x0000000084c00000, 0x0000000084d00000, 0x0000000084d00000|100%| O|  |TAMS 0x0000000084d00000, 0x0000000084c00000| Updating 
|  77|0x0000000084d00000, 0x0000000084e00000, 0x0000000084e00000|100%| O|  |TAMS 0x0000000084e00000, 0x0000000084d00000| Updating 
|  78|0x0000000084e00000, 0x0000000084f00000, 0x0000000084f00000|100%| O|  |TAMS 0x0000000084f00000, 0x0000000084e00000| Updating 
|  79|0x0000000084f00000, 0x0000000085000000, 0x0000000085000000|100%| O|  |TAMS 0x0000000085000000, 0x0000000084f00000| Updating 
|  80|0x0000000085000000, 0x0000000085100000, 0x0000000085100000|100%| O|  |TAMS 0x0000000085100000, 0x0000000085000000| Updating 
|  81|0x0000000085100000, 0x0000000085200000, 0x0000000085200000|100%| O|  |TAMS 0x0000000085200000, 0x0000000085100000| Updating 
|  82|0x0000000085200000, 0x0000000085300000, 0x0000000085300000|100%| O|  |TAMS 0x0000000085300000, 0x0000000085200000| Updating 
|  83|0x0000000085300000, 0x0000000085400000, 0x0000000085400000|100%| O|  |TAMS 0x0000000085400000, 0x0000000085300000| Updating 
|  84|0x0000000085400000, 0x0000000085500000, 0x0000000085500000|100%| O|  |TAMS 0x0000000085500000, 0x0000000085400000| Updating 
|  85|0x0000000085500000, 0x0000000085600000, 0x0000000085600000|100%| O|  |TAMS 0x0000000085600000, 0x0000000085500000| Updating 
|  86|0x0000000085600000, 0x0000000085700000, 0x0000000085700000|100%| O|  |TAMS 0x0000000085700000, 0x0000000085600000| Updating 
|  87|0x0000000085700000, 0x0000000085800000, 0x0000000085800000|100%| O|  |TAMS 0x0000000085800000, 0x0000000085700000| Updating 
|  88|0x0000000085800000, 0x0000000085900000, 0x0000000085900000|100%| O|  |TAMS 0x0000000085900000, 0x0000000085800000| Updating 
|  89|0x0000000085900000, 0x0000000085a00000, 0x0000000085a00000|100%| O|  |TAMS 0x0000000085a00000, 0x0000000085900000| Updating 
|  90|0x0000000085a00000, 0x0000000085b00000, 0x0000000085b00000|100%| O|  |TAMS 0x0000000085b00000, 0x0000000085a00000| Updating 
|  91|0x0000000085b00000, 0x0000000085c00000, 0x0000000085c00000|100%| O|  |TAMS 0x0000000085c00000, 0x0000000085b00000| Updating 
|  92|0x0000000085c00000, 0x0000000085d00000, 0x0000000085d00000|100%| O|  |TAMS 0x0000000085d00000, 0x0000000085c00000| Updating 
|  93|0x0000000085d00000, 0x0000000085e00000, 0x0000000085e00000|100%| O|  |TAMS 0x0000000085e00000, 0x0000000085d00000| Updating 
|  94|0x0000000085e00000, 0x0000000085f00000, 0x0000000085f00000|100%|HS|  |TAMS 0x0000000085f00000, 0x0000000085e00000| Complete 
|  95|0x0000000085f00000, 0x0000000086000000, 0x0000000086000000|100%|HC|  |TAMS 0x0000000086000000, 0x0000000085f00000| Complete 
|  96|0x0000000086000000, 0x0000000086100000, 0x0000000086100000|100%|HS|  |TAMS 0x0000000086100000, 0x0000000086000000| Complete 
|  97|0x0000000086100000, 0x0000000086200000, 0x0000000086200000|100%|HS|  |TAMS 0x0000000086200000, 0x0000000086100000| Complete 
|  98|0x0000000086200000, 0x0000000086300000, 0x0000000086300000|100%|HS|  |TAMS 0x0000000086300000, 0x0000000086200000| Complete 
|  99|0x0000000086300000, 0x0000000086400000, 0x0000000086400000|100%| O|  |TAMS 0x0000000086400000, 0x0000000086300000| Updating 
| 100|0x0000000086400000, 0x0000000086500000, 0x0000000086500000|100%| O|  |TAMS 0x0000000086500000, 0x0000000086400000| Updating 
| 101|0x0000000086500000, 0x0000000086600000, 0x0000000086600000|100%| O|  |TAMS 0x0000000086600000, 0x0000000086500000| Updating 
| 102|0x0000000086600000, 0x0000000086700000, 0x0000000086700000|100%|HS|  |TAMS 0x0000000086700000, 0x0000000086600000| Complete 
| 103|0x0000000086700000, 0x0000000086800000, 0x0000000086800000|100%|HS|  |TAMS 0x0000000086800000, 0x0000000086700000| Complete 
| 104|0x0000000086800000, 0x0000000086900000, 0x0000000086900000|100%|HC|  |TAMS 0x0000000086900000, 0x0000000086800000| Complete 
| 105|0x0000000086900000, 0x0000000086a00000, 0x0000000086a00000|100%|HS|  |TAMS 0x0000000086a00000, 0x0000000086900000| Complete 
| 106|0x0000000086a00000, 0x0000000086b00000, 0x0000000086b00000|100%|HC|  |TAMS 0x0000000086b00000, 0x0000000086a00000| Complete 
| 107|0x0000000086b00000, 0x0000000086c00000, 0x0000000086c00000|100%|HS|  |TAMS 0x0000000086c00000, 0x0000000086b00000| Complete 
| 108|0x0000000086c00000, 0x0000000086d00000, 0x0000000086d00000|100%|HS|  |TAMS 0x0000000086d00000, 0x0000000086c00000| Complete 
| 109|0x0000000086d00000, 0x0000000086e00000, 0x0000000086e00000|100%|HC|  |TAMS 0x0000000086e00000, 0x0000000086d00000| Complete 
| 110|0x0000000086e00000, 0x0000000086f00000, 0x0000000086f00000|100%|HC|  |TAMS 0x0000000086f00000, 0x0000000086e00000| Complete 
| 111|0x0000000086f00000, 0x0000000087000000, 0x0000000087000000|100%| O|  |TAMS 0x0000000087000000, 0x0000000086f00000| Updating 
| 112|0x0000000087000000, 0x0000000087100000, 0x0000000087100000|100%| O|  |TAMS 0x0000000087100000, 0x0000000087000000| Updating 
| 113|0x0000000087100000, 0x0000000087200000, 0x0000000087200000|100%| O|  |TAMS 0x0000000087200000, 0x0000000087100000| Updating 
| 114|0x0000000087200000, 0x0000000087300000, 0x0000000087300000|100%| O|  |TAMS 0x0000000087300000, 0x0000000087200000| Updating 
| 115|0x0000000087300000, 0x0000000087400000, 0x0000000087400000|100%| O|  |TAMS 0x0000000087400000, 0x0000000087300000| Updating 
| 116|0x0000000087400000, 0x0000000087500000, 0x0000000087500000|100%| O|  |TAMS 0x0000000087500000, 0x0000000087400000| Updating 
| 117|0x0000000087500000, 0x0000000087600000, 0x0000000087600000|100%| O|  |TAMS 0x0000000087600000, 0x0000000087500000| Updating 
| 118|0x0000000087600000, 0x0000000087700000, 0x0000000087700000|100%| O|  |TAMS 0x0000000087700000, 0x0000000087600000| Updating 
| 119|0x0000000087700000, 0x0000000087800000, 0x0000000087800000|100%|HS|  |TAMS 0x0000000087800000, 0x0000000087700000| Complete 
| 120|0x0000000087800000, 0x0000000087900000, 0x0000000087900000|100%|HC|  |TAMS 0x0000000087900000, 0x0000000087800000| Complete 
| 121|0x0000000087900000, 0x0000000087a00000, 0x0000000087a00000|100%| O|  |TAMS 0x0000000087a00000, 0x0000000087900000| Updating 
| 122|0x0000000087a00000, 0x0000000087b00000, 0x0000000087b00000|100%|HS|  |TAMS 0x0000000087b00000, 0x0000000087a00000| Complete 
| 123|0x0000000087b00000, 0x0000000087c00000, 0x0000000087c00000|100%| O|  |TAMS 0x0000000087c00000, 0x0000000087b00000| Updating 
| 124|0x0000000087c00000, 0x0000000087d00000, 0x0000000087d00000|100%|HS|  |TAMS 0x0000000087d00000, 0x0000000087c00000| Complete 
| 125|0x0000000087d00000, 0x0000000087e00000, 0x0000000087e00000|100%| O|  |TAMS 0x0000000087e00000, 0x0000000087d00000| Updating 
| 126|0x0000000087e00000, 0x0000000087f00000, 0x0000000087f00000|100%|HS|  |TAMS 0x0000000087f00000, 0x0000000087e00000| Complete 
| 127|0x0000000087f00000, 0x0000000088000000, 0x0000000088000000|100%| O|  |TAMS 0x0000000088000000, 0x0000000087f00000| Updating 
| 128|0x0000000088000000, 0x0000000088100000, 0x0000000088100000|100%|HS|  |TAMS 0x0000000088100000, 0x0000000088000000| Complete 
| 129|0x0000000088100000, 0x0000000088200000, 0x0000000088200000|100%| O|  |TAMS 0x0000000088200000, 0x0000000088100000| Updating 
| 130|0x0000000088200000, 0x0000000088300000, 0x0000000088300000|100%| O|  |TAMS 0x0000000088200000, 0x0000000088200000| Untracked 
| 131|0x0000000088300000, 0x0000000088400000, 0x0000000088400000|100%|HS|  |TAMS 0x0000000088400000, 0x0000000088300000| Complete 
| 132|0x0000000088400000, 0x0000000088500000, 0x0000000088500000|100%|HS|  |TAMS 0x0000000088500000, 0x0000000088400000| Complete 
| 133|0x0000000088500000, 0x0000000088600000, 0x0000000088600000|100%|HC|  |TAMS 0x0000000088600000, 0x0000000088500000| Complete 
| 134|0x0000000088600000, 0x0000000088700000, 0x0000000088700000|100%|HS|  |TAMS 0x0000000088700000, 0x0000000088600000| Complete 
| 135|0x0000000088700000, 0x0000000088800000, 0x0000000088800000|100%|HC|  |TAMS 0x0000000088800000, 0x0000000088700000| Complete 
| 136|0x0000000088800000, 0x0000000088900000, 0x0000000088900000|100%| O|  |TAMS 0x0000000088900000, 0x0000000088800000| Updating 
| 137|0x0000000088900000, 0x0000000088a00000, 0x0000000088a00000|100%|HS|  |TAMS 0x0000000088a00000, 0x0000000088900000| Complete 
| 138|0x0000000088a00000, 0x0000000088b00000, 0x0000000088b00000|100%|HC|  |TAMS 0x0000000088b00000, 0x0000000088a00000| Complete 
| 139|0x0000000088b00000, 0x0000000088c00000, 0x0000000088c00000|100%| O|  |TAMS 0x0000000088c00000, 0x0000000088b00000| Updating 
| 140|0x0000000088c00000, 0x0000000088d00000, 0x0000000088d00000|100%|HS|  |TAMS 0x0000000088d00000, 0x0000000088c00000| Complete 
| 141|0x0000000088d00000, 0x0000000088e00000, 0x0000000088e00000|100%| O|  |TAMS 0x0000000088e00000, 0x0000000088d00000| Updating 
| 142|0x0000000088e00000, 0x0000000088f00000, 0x0000000088f00000|100%| O|  |TAMS 0x0000000088f00000, 0x0000000088e00000| Updating 
| 143|0x0000000088f00000, 0x0000000089000000, 0x0000000089000000|100%| O|  |TAMS 0x0000000089000000, 0x0000000088f00000| Updating 
| 144|0x0000000089000000, 0x0000000089100000, 0x0000000089100000|100%| O|  |TAMS 0x0000000089100000, 0x0000000089000000| Updating 
| 145|0x0000000089100000, 0x0000000089200000, 0x0000000089200000|100%| O|  |TAMS 0x0000000089200000, 0x0000000089100000| Updating 
| 146|0x0000000089200000, 0x0000000089300000, 0x0000000089300000|100%| O|  |TAMS 0x0000000089300000, 0x0000000089200000| Updating 
| 147|0x0000000089300000, 0x0000000089400000, 0x0000000089400000|100%|HS|  |TAMS 0x0000000089400000, 0x0000000089300000| Complete 
| 148|0x0000000089400000, 0x0000000089500000, 0x0000000089500000|100%|HC|  |TAMS 0x0000000089500000, 0x0000000089400000| Complete 
| 149|0x0000000089500000, 0x0000000089600000, 0x0000000089600000|100%|HC|  |TAMS 0x0000000089600000, 0x0000000089500000| Complete 
| 150|0x0000000089600000, 0x0000000089700000, 0x0000000089700000|100%| O|  |TAMS 0x0000000089700000, 0x0000000089600000| Updating 
| 151|0x0000000089700000, 0x0000000089800000, 0x0000000089800000|100%| O|  |TAMS 0x0000000089800000, 0x0000000089700000| Updating 
| 152|0x0000000089800000, 0x0000000089900000, 0x0000000089900000|100%| O|  |TAMS 0x0000000089900000, 0x0000000089800000| Updating 
| 153|0x0000000089900000, 0x0000000089a00000, 0x0000000089a00000|100%| O|  |TAMS 0x0000000089a00000, 0x0000000089900000| Updating 
| 154|0x0000000089a00000, 0x0000000089b00000, 0x0000000089b00000|100%| O|  |TAMS 0x0000000089b00000, 0x0000000089a00000| Updating 
| 155|0x0000000089b00000, 0x0000000089c00000, 0x0000000089c00000|100%| O|  |TAMS 0x0000000089c00000, 0x0000000089b00000| Updating 
| 156|0x0000000089c00000, 0x0000000089d00000, 0x0000000089d00000|100%| O|  |TAMS 0x0000000089d00000, 0x0000000089c00000| Updating 
| 157|0x0000000089d00000, 0x0000000089e00000, 0x0000000089e00000|100%| O|  |TAMS 0x0000000089e00000, 0x0000000089d00000| Updating 
| 158|0x0000000089e00000, 0x0000000089f00000, 0x0000000089f00000|100%| O|  |TAMS 0x0000000089f00000, 0x0000000089e00000| Updating 
| 159|0x0000000089f00000, 0x000000008a000000, 0x000000008a000000|100%| O|  |TAMS 0x000000008a000000, 0x0000000089f00000| Updating 
| 160|0x000000008a000000, 0x000000008a100000, 0x000000008a100000|100%| O|  |TAMS 0x000000008a100000, 0x000000008a000000| Updating 
| 161|0x000000008a100000, 0x000000008a200000, 0x000000008a200000|100%| O|  |TAMS 0x000000008a200000, 0x000000008a100000| Updating 
| 162|0x000000008a200000, 0x000000008a300000, 0x000000008a300000|100%| O|  |TAMS 0x000000008a300000, 0x000000008a200000| Updating 
| 163|0x000000008a300000, 0x000000008a400000, 0x000000008a400000|100%| O|  |TAMS 0x000000008a400000, 0x000000008a300000| Updating 
| 164|0x000000008a400000, 0x000000008a500000, 0x000000008a500000|100%| O|  |TAMS 0x000000008a500000, 0x000000008a400000| Updating 
| 165|0x000000008a500000, 0x000000008a600000, 0x000000008a600000|100%| O|  |TAMS 0x000000008a600000, 0x000000008a500000| Updating 
| 166|0x000000008a600000, 0x000000008a700000, 0x000000008a700000|100%| O|  |TAMS 0x000000008a700000, 0x000000008a600000| Updating 
| 167|0x000000008a700000, 0x000000008a800000, 0x000000008a800000|100%| O|  |TAMS 0x000000008a800000, 0x000000008a700000| Updating 
| 168|0x000000008a800000, 0x000000008a900000, 0x000000008a900000|100%| O|  |TAMS 0x000000008a900000, 0x000000008a800000| Updating 
| 169|0x000000008a900000, 0x000000008aa00000, 0x000000008aa00000|100%| O|  |TAMS 0x000000008aa00000, 0x000000008a900000| Updating 
| 170|0x000000008aa00000, 0x000000008ab00000, 0x000000008ab00000|100%| O|  |TAMS 0x000000008ab00000, 0x000000008aa00000| Updating 
| 171|0x000000008ab00000, 0x000000008ac00000, 0x000000008ac00000|100%| O|  |TAMS 0x000000008ac00000, 0x000000008ab00000| Updating 
| 172|0x000000008ac00000, 0x000000008ad00000, 0x000000008ad00000|100%| O|  |TAMS 0x000000008ad00000, 0x000000008ac00000| Updating 
| 173|0x000000008ad00000, 0x000000008ae00000, 0x000000008ae00000|100%| O|  |TAMS 0x000000008ae00000, 0x000000008ad00000| Updating 
| 174|0x000000008ae00000, 0x000000008af00000, 0x000000008af00000|100%| O|  |TAMS 0x000000008af00000, 0x000000008ae00000| Updating 
| 175|0x000000008af00000, 0x000000008b000000, 0x000000008b000000|100%| O|  |TAMS 0x000000008b000000, 0x000000008af00000| Updating 
| 176|0x000000008b000000, 0x000000008b100000, 0x000000008b100000|100%| O|  |TAMS 0x000000008b100000, 0x000000008b000000| Updating 
| 177|0x000000008b100000, 0x000000008b200000, 0x000000008b200000|100%| O|  |TAMS 0x000000008b200000, 0x000000008b100000| Updating 
| 178|0x000000008b200000, 0x000000008b300000, 0x000000008b300000|100%| O|  |TAMS 0x000000008b300000, 0x000000008b200000| Updating 
| 179|0x000000008b300000, 0x000000008b400000, 0x000000008b400000|100%| O|  |TAMS 0x000000008b400000, 0x000000008b300000| Updating 
| 180|0x000000008b400000, 0x000000008b500000, 0x000000008b500000|100%| O|  |TAMS 0x000000008b500000, 0x000000008b400000| Updating 
| 181|0x000000008b500000, 0x000000008b600000, 0x000000008b600000|100%| O|  |TAMS 0x000000008b600000, 0x000000008b500000| Updating 
| 182|0x000000008b600000, 0x000000008b700000, 0x000000008b700000|100%| O|  |TAMS 0x000000008b600000, 0x000000008b600000| Untracked 
| 183|0x000000008b700000, 0x000000008b800000, 0x000000008b800000|100%| O|  |TAMS 0x000000008b700000, 0x000000008b700000| Untracked 
| 184|0x000000008b800000, 0x000000008b900000, 0x000000008b900000|100%| O|  |TAMS 0x000000008b800000, 0x000000008b800000| Untracked 
| 185|0x000000008b900000, 0x000000008ba00000, 0x000000008ba00000|100%| O|  |TAMS 0x000000008b900000, 0x000000008b900000| Untracked 
| 186|0x000000008ba00000, 0x000000008bb00000, 0x000000008bb00000|100%| O|  |TAMS 0x000000008ba00000, 0x000000008ba00000| Untracked 
| 187|0x000000008bb00000, 0x000000008bc00000, 0x000000008bc00000|100%| O|  |TAMS 0x000000008bb00000, 0x000000008bb00000| Untracked 
| 188|0x000000008bc00000, 0x000000008bd00000, 0x000000008bd00000|100%| O|  |TAMS 0x000000008bc00000, 0x000000008bc00000| Untracked 
| 189|0x000000008bd00000, 0x000000008be00000, 0x000000008be00000|100%| O|  |TAMS 0x000000008bd00000, 0x000000008bd00000| Untracked 
| 190|0x000000008be00000, 0x000000008bf00000, 0x000000008bf00000|100%| O|  |TAMS 0x000000008be00000, 0x000000008be00000| Untracked 
| 191|0x000000008bf00000, 0x000000008c000000, 0x000000008c000000|100%| O|  |TAMS 0x000000008bf00000, 0x000000008bf00000| Untracked 
| 192|0x000000008c000000, 0x000000008c100000, 0x000000008c100000|100%| O|  |TAMS 0x000000008c000000, 0x000000008c000000| Untracked 
| 193|0x000000008c100000, 0x000000008c200000, 0x000000008c200000|100%| O|  |TAMS 0x000000008c100000, 0x000000008c100000| Untracked 
| 194|0x000000008c200000, 0x000000008c300000, 0x000000008c300000|100%| O|  |TAMS 0x000000008c200000, 0x000000008c200000| Untracked 
| 195|0x000000008c300000, 0x000000008c400000, 0x000000008c400000|100%| O|  |TAMS 0x000000008c300000, 0x000000008c300000| Untracked 
| 196|0x000000008c400000, 0x000000008c500000, 0x000000008c500000|100%| O|  |TAMS 0x000000008c400000, 0x000000008c400000| Updating 
| 197|0x000000008c500000, 0x000000008c600000, 0x000000008c600000|100%| O|  |TAMS 0x000000008c500000, 0x000000008c500000| Untracked 
| 198|0x000000008c600000, 0x000000008c700000, 0x000000008c700000|100%| O|  |TAMS 0x000000008c600000, 0x000000008c600000| Untracked 
| 199|0x000000008c700000, 0x000000008c800000, 0x000000008c800000|100%| O|  |TAMS 0x000000008c700000, 0x000000008c700000| Untracked 
| 200|0x000000008c800000, 0x000000008c900000, 0x000000008c900000|100%| O|  |TAMS 0x000000008c800000, 0x000000008c800000| Untracked 
| 201|0x000000008c900000, 0x000000008ca00000, 0x000000008ca00000|100%| O|  |TAMS 0x000000008c900000, 0x000000008c900000| Untracked 
| 202|0x000000008ca00000, 0x000000008cb00000, 0x000000008cb00000|100%| O|  |TAMS 0x000000008ca00000, 0x000000008ca00000| Untracked 
| 203|0x000000008cb00000, 0x000000008cc00000, 0x000000008cc00000|100%| O|  |TAMS 0x000000008cb00000, 0x000000008cb00000| Untracked 
| 204|0x000000008cc00000, 0x000000008cd00000, 0x000000008cd00000|100%| O|  |TAMS 0x000000008cc00000, 0x000000008cc00000| Untracked 
| 205|0x000000008cd00000, 0x000000008ce00000, 0x000000008ce00000|100%| O|  |TAMS 0x000000008cd00000, 0x000000008cd00000| Untracked 
| 206|0x000000008ce00000, 0x000000008ce80000, 0x000000008cf00000| 50%| O|  |TAMS 0x000000008ce00000, 0x000000008ce00000| Untracked 
| 207|0x000000008cf00000, 0x000000008cf00000, 0x000000008d000000|  0%| F|  |TAMS 0x000000008cf00000, 0x000000008cf00000| Untracked 
| 208|0x000000008d000000, 0x000000008d000000, 0x000000008d100000|  0%| F|  |TAMS 0x000000008d000000, 0x000000008d000000| Untracked 
| 209|0x000000008d100000, 0x000000008d100000, 0x000000008d200000|  0%| F|  |TAMS 0x000000008d100000, 0x000000008d100000| Untracked 
| 210|0x000000008d200000, 0x000000008d200000, 0x000000008d300000|  0%| F|  |TAMS 0x000000008d200000, 0x000000008d200000| Untracked 
| 211|0x000000008d300000, 0x000000008d300000, 0x000000008d400000|  0%| F|  |TAMS 0x000000008d300000, 0x000000008d300000| Untracked 
| 212|0x000000008d400000, 0x000000008d400000, 0x000000008d500000|  0%| F|  |TAMS 0x000000008d400000, 0x000000008d400000| Untracked 
| 213|0x000000008d500000, 0x000000008d500000, 0x000000008d600000|  0%| F|  |TAMS 0x000000008d500000, 0x000000008d500000| Untracked 
| 214|0x000000008d600000, 0x000000008d600000, 0x000000008d700000|  0%| F|  |TAMS 0x000000008d600000, 0x000000008d600000| Untracked 
| 215|0x000000008d700000, 0x000000008d700000, 0x000000008d800000|  0%| F|  |TAMS 0x000000008d700000, 0x000000008d700000| Untracked 
| 216|0x000000008d800000, 0x000000008d800000, 0x000000008d900000|  0%| F|  |TAMS 0x000000008d800000, 0x000000008d800000| Untracked 
| 217|0x000000008d900000, 0x000000008d900000, 0x000000008da00000|  0%| F|  |TAMS 0x000000008d900000, 0x000000008d900000| Untracked 
| 218|0x000000008da00000, 0x000000008da00000, 0x000000008db00000|  0%| F|  |TAMS 0x000000008da00000, 0x000000008da00000| Untracked 
| 219|0x000000008db00000, 0x000000008db00000, 0x000000008dc00000|  0%| F|  |TAMS 0x000000008db00000, 0x000000008db00000| Untracked 
| 220|0x000000008dc00000, 0x000000008dc00000, 0x000000008dd00000|  0%| F|  |TAMS 0x000000008dc00000, 0x000000008dc00000| Untracked 
| 221|0x000000008dd00000, 0x000000008dd00000, 0x000000008de00000|  0%| F|  |TAMS 0x000000008dd00000, 0x000000008dd00000| Untracked 
| 222|0x000000008de00000, 0x000000008de00000, 0x000000008df00000|  0%| F|  |TAMS 0x000000008de00000, 0x000000008de00000| Untracked 
| 223|0x000000008df00000, 0x000000008df00000, 0x000000008e000000|  0%| F|  |TAMS 0x000000008df00000, 0x000000008df00000| Untracked 
| 224|0x000000008e000000, 0x000000008e100000, 0x000000008e100000|100%| O|  |TAMS 0x000000008e100000, 0x000000008e000000| Updating 
| 225|0x000000008e100000, 0x000000008e200000, 0x000000008e200000|100%| O|  |TAMS 0x000000008e200000, 0x000000008e100000| Updating 
| 226|0x000000008e200000, 0x000000008e300000, 0x000000008e300000|100%| O|  |TAMS 0x000000008e300000, 0x000000008e200000| Updating 
| 227|0x000000008e300000, 0x000000008e400000, 0x000000008e400000|100%| O|  |TAMS 0x000000008e400000, 0x000000008e300000| Updating 
| 228|0x000000008e400000, 0x000000008e500000, 0x000000008e500000|100%| O|  |TAMS 0x000000008e500000, 0x000000008e400000| Updating 
| 229|0x000000008e500000, 0x000000008e600000, 0x000000008e600000|100%| O|  |TAMS 0x000000008e600000, 0x000000008e500000| Updating 
| 230|0x000000008e600000, 0x000000008e700000, 0x000000008e700000|100%| O|  |TAMS 0x000000008e700000, 0x000000008e600000| Updating 
| 231|0x000000008e700000, 0x000000008e800000, 0x000000008e800000|100%| O|  |TAMS 0x000000008e800000, 0x000000008e700000| Updating 
| 232|0x000000008e800000, 0x000000008e900000, 0x000000008e900000|100%| O|  |TAMS 0x000000008e900000, 0x000000008e800000| Updating 
| 233|0x000000008e900000, 0x000000008ea00000, 0x000000008ea00000|100%| O|  |TAMS 0x000000008ea00000, 0x000000008e900000| Updating 
| 234|0x000000008ea00000, 0x000000008ea00000, 0x000000008eb00000|  0%| F|  |TAMS 0x000000008ea00000, 0x000000008ea00000| Untracked 
| 235|0x000000008eb00000, 0x000000008eb00000, 0x000000008ec00000|  0%| F|  |TAMS 0x000000008eb00000, 0x000000008eb00000| Untracked 
| 236|0x000000008ec00000, 0x000000008ec00000, 0x000000008ed00000|  0%| F|  |TAMS 0x000000008ec00000, 0x000000008ec00000| Untracked 
| 237|0x000000008ed00000, 0x000000008ed00000, 0x000000008ee00000|  0%| F|  |TAMS 0x000000008ed00000, 0x000000008ed00000| Untracked 
| 238|0x000000008ee00000, 0x000000008ee00000, 0x000000008ef00000|  0%| F|  |TAMS 0x000000008ee00000, 0x000000008ee00000| Untracked 
| 239|0x000000008ef00000, 0x000000008ef00000, 0x000000008f000000|  0%| F|  |TAMS 0x000000008ef00000, 0x000000008ef00000| Untracked 
| 240|0x000000008f000000, 0x000000008f000000, 0x000000008f100000|  0%| F|  |TAMS 0x000000008f000000, 0x000000008f000000| Untracked 
| 241|0x000000008f100000, 0x000000008f100000, 0x000000008f200000|  0%| F|  |TAMS 0x000000008f100000, 0x000000008f100000| Untracked 
| 242|0x000000008f200000, 0x000000008f200000, 0x000000008f300000|  0%| F|  |TAMS 0x000000008f200000, 0x000000008f200000| Untracked 
| 243|0x000000008f300000, 0x000000008f300000, 0x000000008f400000|  0%| F|  |TAMS 0x000000008f300000, 0x000000008f300000| Untracked 
| 244|0x000000008f400000, 0x000000008f400000, 0x000000008f500000|  0%| F|  |TAMS 0x000000008f400000, 0x000000008f400000| Untracked 
| 245|0x000000008f500000, 0x000000008f500000, 0x000000008f600000|  0%| F|  |TAMS 0x000000008f500000, 0x000000008f500000| Untracked 
| 246|0x000000008f600000, 0x000000008f600000, 0x000000008f700000|  0%| F|  |TAMS 0x000000008f600000, 0x000000008f600000| Untracked 
| 247|0x000000008f700000, 0x000000008f700000, 0x000000008f800000|  0%| F|  |TAMS 0x000000008f700000, 0x000000008f700000| Untracked 
| 248|0x000000008f800000, 0x000000008f800000, 0x000000008f900000|  0%| F|  |TAMS 0x000000008f800000, 0x000000008f800000| Untracked 
| 249|0x000000008f900000, 0x000000008f900000, 0x000000008fa00000|  0%| F|  |TAMS 0x000000008f900000, 0x000000008f900000| Untracked 
| 250|0x000000008fa00000, 0x000000008fa00000, 0x000000008fb00000|  0%| F|  |TAMS 0x000000008fa00000, 0x000000008fa00000| Untracked 
| 251|0x000000008fb00000, 0x000000008fb00000, 0x000000008fc00000|  0%| F|  |TAMS 0x000000008fb00000, 0x000000008fb00000| Untracked 
| 252|0x000000008fc00000, 0x000000008fc00000, 0x000000008fd00000|  0%| F|  |TAMS 0x000000008fc00000, 0x000000008fc00000| Untracked 
| 253|0x000000008fd00000, 0x000000008fd00000, 0x000000008fe00000|  0%| F|  |TAMS 0x000000008fd00000, 0x000000008fd00000| Untracked 
| 254|0x000000008fe00000, 0x000000008fe00000, 0x000000008ff00000|  0%| F|  |TAMS 0x000000008fe00000, 0x000000008fe00000| Untracked 
| 255|0x000000008ff00000, 0x000000008ff00000, 0x0000000090000000|  0%| F|  |TAMS 0x000000008ff00000, 0x000000008ff00000| Untracked 
| 256|0x0000000090000000, 0x0000000090000000, 0x0000000090100000|  0%| F|  |TAMS 0x0000000090000000, 0x0000000090000000| Untracked 
| 257|0x0000000090100000, 0x0000000090100000, 0x0000000090200000|  0%| F|  |TAMS 0x0000000090100000, 0x0000000090100000| Untracked 
| 258|0x0000000090200000, 0x0000000090200000, 0x0000000090300000|  0%| F|  |TAMS 0x0000000090200000, 0x0000000090200000| Untracked 
| 259|0x0000000090300000, 0x0000000090400000, 0x0000000090400000|100%| S|CS|TAMS 0x0000000090300000, 0x0000000090300000| Complete 
| 260|0x0000000090400000, 0x0000000090500000, 0x0000000090500000|100%| S|CS|TAMS 0x0000000090400000, 0x0000000090400000| Complete 
| 261|0x0000000090500000, 0x0000000090600000, 0x0000000090600000|100%| S|CS|TAMS 0x0000000090500000, 0x0000000090500000| Complete 
| 262|0x0000000090600000, 0x0000000090600000, 0x0000000090700000|  0%| F|  |TAMS 0x0000000090600000, 0x0000000090600000| Untracked 
| 263|0x0000000090700000, 0x0000000090700000, 0x0000000090800000|  0%| F|  |TAMS 0x0000000090700000, 0x0000000090700000| Untracked 
| 264|0x0000000090800000, 0x0000000090800000, 0x0000000090900000|  0%| F|  |TAMS 0x0000000090800000, 0x0000000090800000| Untracked 
| 265|0x0000000090900000, 0x0000000090900000, 0x0000000090a00000|  0%| F|  |TAMS 0x0000000090900000, 0x0000000090900000| Untracked 
| 266|0x0000000090a00000, 0x0000000090a00000, 0x0000000090b00000|  0%| F|  |TAMS 0x0000000090a00000, 0x0000000090a00000| Untracked 
| 267|0x0000000090b00000, 0x0000000090b00000, 0x0000000090c00000|  0%| F|  |TAMS 0x0000000090b00000, 0x0000000090b00000| Untracked 
| 268|0x0000000090c00000, 0x0000000090c00000, 0x0000000090d00000|  0%| F|  |TAMS 0x0000000090c00000, 0x0000000090c00000| Untracked 
| 269|0x0000000090d00000, 0x0000000090d00000, 0x0000000090e00000|  0%| F|  |TAMS 0x0000000090d00000, 0x0000000090d00000| Untracked 
| 270|0x0000000090e00000, 0x0000000090e00000, 0x0000000090f00000|  0%| F|  |TAMS 0x0000000090e00000, 0x0000000090e00000| Untracked 
| 271|0x0000000090f00000, 0x0000000090f00000, 0x0000000091000000|  0%| F|  |TAMS 0x0000000090f00000, 0x0000000090f00000| Untracked 
| 272|0x0000000091000000, 0x0000000091000000, 0x0000000091100000|  0%| F|  |TAMS 0x0000000091000000, 0x0000000091000000| Untracked 
| 273|0x0000000091100000, 0x0000000091100000, 0x0000000091200000|  0%| F|  |TAMS 0x0000000091100000, 0x0000000091100000| Untracked 
| 274|0x0000000091200000, 0x0000000091200000, 0x0000000091300000|  0%| F|  |TAMS 0x0000000091200000, 0x0000000091200000| Untracked 
| 275|0x0000000091300000, 0x0000000091300000, 0x0000000091400000|  0%| F|  |TAMS 0x0000000091300000, 0x0000000091300000| Untracked 
| 276|0x0000000091400000, 0x0000000091400000, 0x0000000091500000|  0%| F|  |TAMS 0x0000000091400000, 0x0000000091400000| Untracked 
| 277|0x0000000091500000, 0x0000000091500000, 0x0000000091600000|  0%| F|  |TAMS 0x0000000091500000, 0x0000000091500000| Untracked 
| 278|0x0000000091600000, 0x0000000091600000, 0x0000000091700000|  0%| F|  |TAMS 0x0000000091600000, 0x0000000091600000| Untracked 
| 279|0x0000000091700000, 0x0000000091700000, 0x0000000091800000|  0%| F|  |TAMS 0x0000000091700000, 0x0000000091700000| Untracked 
| 280|0x0000000091800000, 0x0000000091800000, 0x0000000091900000|  0%| F|  |TAMS 0x0000000091800000, 0x0000000091800000| Untracked 

Card table byte_map: [0x00000227a6140000,0x00000227a6540000] _byte_map_base: 0x00000227a5d40000

Marking Bits (Prev, Next): (CMBitMap*) 0x000002279325cf28, (CMBitMap*) 0x000002279325cf60
 Prev Bits: [0x00000227a6940000, 0x00000227a8940000)
 Next Bits: [0x00000227a8940000, 0x00000227aa940000)

Polling page: 0x0000022791040000

Metaspace:

Usage:
  Non-class:     88.09 MB capacity,    86.64 MB ( 98%) used,     1.17 MB (  1%) free+waste,   281.63 KB ( <1%) overhead. 
      Class:     13.65 MB capacity,    12.77 MB ( 94%) used,   778.15 KB (  6%) free+waste,   123.94 KB ( <1%) overhead. 
       Both:    101.74 MB capacity,    99.41 MB ( 98%) used,     1.93 MB (  2%) free+waste,   405.56 KB ( <1%) overhead. 

Virtual space:
  Non-class space:       90.00 MB reserved,      88.17 MB ( 98%) committed 
      Class space:        1.00 GB reserved,      13.70 MB (  1%) committed 
             Both:        1.09 GB reserved,     101.87 MB (  9%) committed 

Chunk freelists:
   Non-Class:  20.00 KB
       Class:  6.00 KB
        Both:  26.00 KB

MaxMetaspaceSize: 17179869184.00 GB
CompressedClassSpaceSize: 1.00 GB
Initial GC threshold: 20.80 MB
Current GC threshold: 169.79 MB
CDS: off

CodeHeap 'non-profiled nmethods': size=120064Kb used=7778Kb max_used=7778Kb free=112285Kb
 bounds [0x000002279e800000, 0x000002279efa0000, 0x00000227a5d40000]
CodeHeap 'profiled nmethods': size=120000Kb used=27571Kb max_used=27571Kb free=92428Kb
 bounds [0x00000227972d0000, 0x0000022798dc0000, 0x000002279e800000]
CodeHeap 'non-nmethods': size=5696Kb used=2403Kb max_used=2447Kb free=3292Kb
 bounds [0x0000022796d40000, 0x0000022796fb0000, 0x00000227972d0000]
 total_blobs=13533 nmethods=12606 adapters=839
 compilation: enabled
              stopped_count=0, restarted_count=0
 full_count=0

Compilation events (20 events):
Event: 37.775 Thread 0x00000227ace49000 12785       2       com.android.tools.r8.code.N0::hashCode (28 bytes)
Event: 37.775 Thread 0x00000227ace49000 nmethod 12785 0x0000022798db9e10 code [0x0000022798db9fc0, 0x0000022798dba108]
Event: 37.776 Thread 0x00000227ace49000 12786       2       com.android.tools.r8.code.f::<init> (7 bytes)
Event: 37.776 Thread 0x00000227ace49000 nmethod 12786 0x0000022798dba190 code [0x0000022798dba360, 0x0000022798dba598]
Event: 37.778 Thread 0x00000227ace49000 12788       2       com.android.tools.r8.code.B2::<init> (7 bytes)
Event: 37.779 Thread 0x00000227ace49000 nmethod 12788 0x0000022798dba790 code [0x0000022798dba960, 0x0000022798dbab98]
Event: 37.785 Thread 0x00000227ace49000 12790       2       com.android.tools.r8.code.R3::<init> (7 bytes)
Event: 37.785 Thread 0x00000227ace49000 nmethod 12790 0x0000022798dbad90 code [0x0000022798dbaf40, 0x0000022798dbb098]
Event: 37.789 Thread 0x00000227ace44800 nmethod 12773 0x000002279ef97e10 code [0x000002279ef98020, 0x000002279ef98620]
Event: 37.789 Thread 0x00000227ace44800 12781       4       com.android.tools.r8.dex.i::a (1036 bytes)
Event: 37.797 Thread 0x00000227ace49000 12792       2       com.android.tools.r8.graph.N2::g (64 bytes)
Event: 37.798 Thread 0x00000227ace49000 nmethod 12792 0x0000022798dbb190 code [0x0000022798dbb3a0, 0x0000022798dbb6b8]
Event: 37.804 Thread 0x00000227ace49000 12793       2       com.android.tools.r8.code.w3::<init> (7 bytes)
Event: 37.804 Thread 0x00000227ace49000 nmethod 12793 0x0000022798dbb890 code [0x0000022798dbba60, 0x0000022798dbbc98]
Event: 37.805 Thread 0x00000227ace49000 12794       2       com.android.tools.r8.code.u::<init> (7 bytes)
Event: 37.805 Thread 0x00000227ace49000 nmethod 12794 0x0000022798dbbe90 code [0x0000022798dbc060, 0x0000022798dbc298]
Event: 38.018 Thread 0x00000227ace49000 12797       2       com.android.tools.r8.internal.sK::<init> (41 bytes)
Event: 38.019 Thread 0x00000227ace49000 nmethod 12797 0x0000022798dbc490 code [0x0000022798dbc640, 0x0000022798dbc7b8]
Event: 38.047 Thread 0x00000227ace49000 12801       2       com.android.tools.r8.code.S3::<init> (7 bytes)
Event: 38.047 Thread 0x00000227ace49000 nmethod 12801 0x0000022798dbc890 code [0x0000022798dbca60, 0x0000022798dbcc98]

GC Heap History (20 events):
Event: 31.257 GC heap after
{Heap after GC invocations=23 (full 0):
 garbage-first heap   total 226304K, used 96146K [0x0000000080000000, 0x0000000100000000)
  region size 1024K, 6 young (6144K), 6 survivors (6144K)
 Metaspace       used 91252K, capacity 93453K, committed 93692K, reserved 1130496K
  class space    used 11562K, capacity 12342K, committed 12364K, reserved 1048576K
}
Event: 32.203 GC heap before
{Heap before GC invocations=23 (full 0):
 garbage-first heap   total 226304K, used 173970K [0x0000000080000000, 0x0000000100000000)
  region size 1024K, 83 young (84992K), 6 survivors (6144K)
 Metaspace       used 93586K, capacity 95875K, committed 96124K, reserved 1132544K
  class space    used 11885K, capacity 12730K, committed 12748K, reserved 1048576K
}
Event: 32.230 GC heap after
{Heap after GC invocations=24 (full 0):
 garbage-first heap   total 226304K, used 99290K [0x0000000080000000, 0x0000000100000000)
  region size 1024K, 9 young (9216K), 9 survivors (9216K)
 Metaspace       used 93586K, capacity 95875K, committed 96124K, reserved 1132544K
  class space    used 11885K, capacity 12730K, committed 12748K, reserved 1048576K
}
Event: 33.132 GC heap before
{Heap before GC invocations=24 (full 0):
 garbage-first heap   total 226304K, used 177114K [0x0000000080000000, 0x0000000100000000)
  region size 1024K, 86 young (88064K), 9 survivors (9216K)
 Metaspace       used 95466K, capacity 97745K, committed 97916K, reserved 1134592K
  class space    used 12102K, capacity 12924K, committed 13004K, reserved 1048576K
}
Event: 33.156 GC heap after
{Heap after GC invocations=25 (full 0):
 garbage-first heap   total 226304K, used 103527K [0x0000000080000000, 0x0000000100000000)
  region size 1024K, 8 young (8192K), 8 survivors (8192K)
 Metaspace       used 95466K, capacity 97745K, committed 97916K, reserved 1134592K
  class space    used 12102K, capacity 12924K, committed 13004K, reserved 1048576K
}
Event: 33.630 GC heap before
{Heap before GC invocations=25 (full 0):
 garbage-first heap   total 226304K, used 137319K [0x0000000080000000, 0x0000000100000000)
  region size 1024K, 38 young (38912K), 8 survivors (8192K)
 Metaspace       used 96232K, capacity 98513K, committed 98812K, reserved 1134592K
  class space    used 12181K, capacity 13007K, committed 13132K, reserved 1048576K
}
Event: 33.651 GC heap after
{Heap after GC invocations=26 (full 0):
 garbage-first heap   total 226304K, used 111616K [0x0000000080000000, 0x0000000100000000)
  region size 1024K, 7 young (7168K), 7 survivors (7168K)
 Metaspace       used 96232K, capacity 98513K, committed 98812K, reserved 1134592K
  class space    used 12181K, capacity 13007K, committed 13132K, reserved 1048576K
}
Event: 34.576 GC heap before
{Heap before GC invocations=27 (full 0):
 garbage-first heap   total 226304K, used 141312K [0x0000000080000000, 0x0000000100000000)
  region size 1024K, 29 young (29696K), 7 survivors (7168K)
 Metaspace       used 99059K, capacity 101413K, committed 101756K, reserved 1138688K
  class space    used 12570K, capacity 13420K, committed 13516K, reserved 1048576K
}
Event: 34.600 GC heap after
{Heap after GC invocations=28 (full 0):
 garbage-first heap   total 226304K, used 128999K [0x0000000080000000, 0x0000000100000000)
  region size 1024K, 10 young (10240K), 10 survivors (10240K)
 Metaspace       used 99059K, capacity 101413K, committed 101756K, reserved 1138688K
  class space    used 12570K, capacity 13420K, committed 13516K, reserved 1048576K
}
Event: 35.346 GC heap before
{Heap before GC invocations=29 (full 0):
 garbage-first heap   total 226304K, used 209895K [0x0000000080000000, 0x0000000100000000)
  region size 1024K, 56 young (57344K), 10 survivors (10240K)
 Metaspace       used 99388K, capacity 101709K, committed 102012K, reserved 1138688K
  class space    used 12613K, capacity 13454K, committed 13516K, reserved 1048576K
}
Event: 35.391 GC heap after
{Heap after GC invocations=30 (full 0):
 garbage-first heap   total 239616K, used 161595K [0x0000000080000000, 0x0000000100000000)
  region size 1024K, 7 young (7168K), 7 survivors (7168K)
 Metaspace       used 99388K, capacity 101709K, committed 102012K, reserved 1138688K
  class space    used 12613K, capacity 13454K, committed 13516K, reserved 1048576K
}
Event: 35.608 GC heap before
{Heap before GC invocations=30 (full 0):
 garbage-first heap   total 239616K, used 173883K [0x0000000080000000, 0x0000000100000000)
  region size 1024K, 20 young (20480K), 7 survivors (7168K)
 Metaspace       used 99388K, capacity 101709K, committed 102012K, reserved 1138688K
  class space    used 12613K, capacity 13454K, committed 13516K, reserved 1048576K
}
Event: 35.637 GC heap after
{Heap after GC invocations=31 (full 0):
 garbage-first heap   total 287744K, used 167533K [0x0000000080000000, 0x0000000100000000)
  region size 1024K, 5 young (5120K), 5 survivors (5120K)
 Metaspace       used 99388K, capacity 101709K, committed 102012K, reserved 1138688K
  class space    used 12613K, capacity 13454K, committed 13516K, reserved 1048576K
}
Event: 36.466 GC heap before
{Heap before GC invocations=32 (full 0):
 garbage-first heap   total 287744K, used 212589K [0x0000000080000000, 0x0000000100000000)
  region size 1024K, 45 young (46080K), 5 survivors (5120K)
 Metaspace       used 100540K, capacity 102944K, committed 103036K, reserved 1138688K
  class space    used 12908K, capacity 13760K, committed 13772K, reserved 1048576K
}
Event: 36.521 GC heap after
{Heap after GC invocations=33 (full 0):
 garbage-first heap   total 287744K, used 185850K [0x0000000080000000, 0x0000000100000000)
  region size 1024K, 6 young (6144K), 6 survivors (6144K)
 Metaspace       used 100540K, capacity 102944K, committed 103036K, reserved 1138688K
  class space    used 12908K, capacity 13760K, committed 13772K, reserved 1048576K
}
Event: 37.089 GC heap before
{Heap before GC invocations=33 (full 0):
 garbage-first heap   total 287744K, used 218618K [0x0000000080000000, 0x0000000100000000)
  region size 1024K, 39 young (39936K), 6 survivors (6144K)
 Metaspace       used 101747K, capacity 104179K, committed 104316K, reserved 1140736K
  class space    used 13075K, capacity 13978K, committed 14028K, reserved 1048576K
}
Event: 37.150 GC heap after
{Heap after GC invocations=34 (full 0):
 garbage-first heap   total 287744K, used 201728K [0x0000000080000000, 0x0000000100000000)
  region size 1024K, 5 young (5120K), 5 survivors (5120K)
 Metaspace       used 101747K, capacity 104179K, committed 104316K, reserved 1140736K
  class space    used 13075K, capacity 13978K, committed 14028K, reserved 1048576K
}
Event: 37.725 GC heap before
{Heap before GC invocations=34 (full 0):
 garbage-first heap   total 287744K, used 227328K [0x0000000080000000, 0x0000000100000000)
  region size 1024K, 31 young (31744K), 5 survivors (5120K)
 Metaspace       used 101795K, capacity 104182K, committed 104316K, reserved 1140736K
  class space    used 13075K, capacity 13978K, committed 14028K, reserved 1048576K
}
Event: 37.771 GC heap after
{Heap after GC invocations=35 (full 0):
 garbage-first heap   total 287744K, used 215552K [0x0000000080000000, 0x0000000100000000)
  region size 1024K, 4 young (4096K), 4 survivors (4096K)
 Metaspace       used 101795K, capacity 104182K, committed 104316K, reserved 1140736K
  class space    used 13075K, capacity 13978K, committed 14028K, reserved 1048576K
}
Event: 38.074 GC heap before
{Heap before GC invocations=35 (full 0):
 garbage-first heap   total 287744K, used 233984K [0x0000000080000000, 0x0000000100000000)
  region size 1024K, 23 young (23552K), 4 survivors (4096K)
 Metaspace       used 101797K, capacity 104182K, committed 104316K, reserved 1140736K
  class space    used 13075K, capacity 13978K, committed 14028K, reserved 1048576K
}

Deoptimization events (20 events):
Event: 37.719 Thread 0x00000227b0e1e000 DEOPT PACKING pc=0x0000022798c5ec0c sp=0x0000009daedfe5d0
Event: 37.719 Thread 0x00000227b0e1e000 DEOPT UNPACKING pc=0x0000022796d8a95e sp=0x0000009daedfdc10 mode 0
Event: 37.772 Thread 0x00000227b0e1e000 DEOPT PACKING pc=0x0000022798c5ec0c sp=0x0000009daedfe5d0
Event: 37.772 Thread 0x00000227b0e1e000 DEOPT UNPACKING pc=0x0000022796d8a95e sp=0x0000009daedfdc10 mode 0
Event: 37.773 Thread 0x00000227b0e1e000 Uncommon trap: trap_request=0xffffffde fr.pc=0x000002279ef919c8 relative=0x0000000000007848
Event: 37.773 Thread 0x00000227b0e1e000 Uncommon trap: reason=class_check action=maybe_recompile pc=0x000002279ef919c8 method=com.android.tools.r8.dex.i.a(I[Lcom/android/tools/r8/code/w1;)Lcom/android/tools/r8/graph/a0; @ 11 c2
Event: 37.773 Thread 0x00000227b0e1e000 DEOPT PACKING pc=0x000002279ef919c8 sp=0x0000009daedfe720
Event: 37.773 Thread 0x00000227b0e1e000 DEOPT UNPACKING pc=0x0000022796d8a1af sp=0x0000009daedfe688 mode 2
Event: 37.775 Thread 0x00000227b0e1e000 Uncommon trap: trap_request=0xffffffde fr.pc=0x000002279ef919c8 relative=0x0000000000007848
Event: 37.775 Thread 0x00000227b0e1e000 Uncommon trap: reason=class_check action=maybe_recompile pc=0x000002279ef919c8 method=com.android.tools.r8.dex.i.a(I[Lcom/android/tools/r8/code/w1;)Lcom/android/tools/r8/graph/a0; @ 11 c2
Event: 37.775 Thread 0x00000227b0e1e000 DEOPT PACKING pc=0x000002279ef919c8 sp=0x0000009daedfe720
Event: 37.775 Thread 0x00000227b0e1e000 DEOPT UNPACKING pc=0x0000022796d8a1af sp=0x0000009daedfe688 mode 2
Event: 37.777 Thread 0x00000227b0e1e000 Uncommon trap: trap_request=0xffffffde fr.pc=0x000002279ef919c8 relative=0x0000000000007848
Event: 37.777 Thread 0x00000227b0e1e000 Uncommon trap: reason=class_check action=maybe_recompile pc=0x000002279ef919c8 method=com.android.tools.r8.dex.i.a(I[Lcom/android/tools/r8/code/w1;)Lcom/android/tools/r8/graph/a0; @ 11 c2
Event: 37.777 Thread 0x00000227b0e1e000 DEOPT PACKING pc=0x000002279ef919c8 sp=0x0000009daedfe720
Event: 37.777 Thread 0x00000227b0e1e000 DEOPT UNPACKING pc=0x0000022796d8a1af sp=0x0000009daedfe688 mode 2
Event: 37.778 Thread 0x00000227b0e1e000 Uncommon trap: trap_request=0xffffffde fr.pc=0x000002279ef919c8 relative=0x0000000000007848
Event: 37.778 Thread 0x00000227b0e1e000 Uncommon trap: reason=class_check action=maybe_recompile pc=0x000002279ef919c8 method=com.android.tools.r8.dex.i.a(I[Lcom/android/tools/r8/code/w1;)Lcom/android/tools/r8/graph/a0; @ 11 c2
Event: 37.778 Thread 0x00000227b0e1e000 DEOPT PACKING pc=0x000002279ef919c8 sp=0x0000009daedfe720
Event: 37.778 Thread 0x00000227b0e1e000 DEOPT UNPACKING pc=0x0000022796d8a1af sp=0x0000009daedfe688 mode 2

Classes redefined (0 events):
No events

Internal exceptions (20 events):
Event: 31.463 Thread 0x00000227b0e18000 Exception <a 'sun/nio/fs/WindowsException'{0x000000008ce15308}> (0x000000008ce15308) thrown at [./src/hotspot/share/prims/jni.cpp, line 616]
Event: 31.463 Thread 0x00000227b0e18000 Exception <a 'sun/nio/fs/WindowsException'{0x000000008ce155f0}> (0x000000008ce155f0) thrown at [./src/hotspot/share/prims/jni.cpp, line 616]
Event: 31.463 Thread 0x00000227b0e18000 Exception <a 'sun/nio/fs/WindowsException'{0x000000008ce166e8}> (0x000000008ce166e8) thrown at [./src/hotspot/share/prims/jni.cpp, line 616]
Event: 31.464 Thread 0x00000227b0e18000 Exception <a 'sun/nio/fs/WindowsException'{0x000000008ce169e0}> (0x000000008ce169e0) thrown at [./src/hotspot/share/prims/jni.cpp, line 616]
Event: 31.487 Thread 0x00000227b0e18000 Exception <a 'java/lang/NoSuchMethodError'{0x000000008cd9f128}: <clinit>> (0x000000008cd9f128) thrown at [./src/hotspot/share/prims/jni.cpp, line 1366]
Event: 31.492 Thread 0x00000227b0e18000 Exception <a 'java/lang/NoSuchMethodError'{0x000000008cdd3060}: <clinit>> (0x000000008cdd3060) thrown at [./src/hotspot/share/prims/jni.cpp, line 1366]
Event: 31.497 Thread 0x00000227b0e18000 Exception <a 'java/lang/NoSuchMethodError'{0x000000008cc0e098}: <clinit>> (0x000000008cc0e098) thrown at [./src/hotspot/share/prims/jni.cpp, line 1366]
Event: 31.498 Thread 0x00000227b0e18000 Exception <a 'java/lang/NoSuchMethodError'{0x000000008cc20d70}: <clinit>> (0x000000008cc20d70) thrown at [./src/hotspot/share/prims/jni.cpp, line 1366]
Event: 33.530 Thread 0x00000227b0e1b800 Exception <a 'java/lang/NoSuchMethodError'{0x000000008ccbf848}: 'void java.lang.invoke.DirectMethodHandle$Holder.invokeStatic(java.lang.Object, long)'> (0x000000008ccbf848) thrown at [./src/hotspot/share/interpreter/linkResolver.cpp, line 773]
Event: 33.533 Thread 0x00000227b0e1b800 Exception <a 'java/lang/NoSuchMethodError'{0x000000008ccc4d08}: 'java.lang.Object java.lang.invoke.DirectMethodHandle$Holder.invokeStatic(java.lang.Object, long)'> (0x000000008ccc4d08) thrown at [./src/hotspot/share/interpreter/linkResolver.cpp, line 773]
Event: 33.536 Thread 0x00000227b0e1b800 Exception <a 'java/lang/NoSuchMethodError'{0x000000008ccd3070}: 'java.lang.Object java.lang.invoke.DirectMethodHandle$Holder.invokeStaticInit(java.lang.Object, java.lang.Object, long, java.lang.Object)'> (0x000000008ccd3070) thrown at [./src/hotspot/share/interpreter/linkResolver.cpp, line 773]
Event: 33.538 Thread 0x00000227b0e1b800 Exception <a 'java/lang/NoSuchMethodError'{0x000000008ccd9208}: 'java.lang.Object java.lang.invoke.DirectMethodHandle$Holder.invokeStatic(java.lang.Object, java.lang.Object, long)'> (0x000000008ccd9208) thrown at [./src/hotspot/share/interpreter/linkResolver.cpp, line 773]
Event: 33.539 Thread 0x00000227b0e1b800 Exception <a 'java/lang/NoSuchMethodError'{0x000000008ccdf780}: 'java.lang.Object java.lang.invoke.Invokers$Holder.linkToTargetMethod(java.lang.Object, long, java.lang.Object)'> (0x000000008ccdf780) thrown at [./src/hotspot/share/interpreter/linkResolver.cpp, line 773]
Event: 34.033 Thread 0x00000227b0e15800 Exception <a 'sun/nio/fs/WindowsException'{0x000000008d3f2b70}> (0x000000008d3f2b70) thrown at [./src/hotspot/share/prims/jni.cpp, line 616]
Event: 34.198 Thread 0x00000227b0e15800 Exception <a 'java/lang/NoSuchMethodError'{0x000000008d063708}: 'java.lang.Object java.lang.invoke.DirectMethodHandle$Holder.newInvokeSpecial(java.lang.Object, int)'> (0x000000008d063708) thrown at [./src/hotspot/share/interpreter/linkResolver.cpp, line 773]
Event: 34.417 Thread 0x00000227b0e1b800 Exception <a 'java/lang/NoSuchMethodError'{0x000000008cdacab0}: 'int java.lang.invoke.DirectMethodHandle$Holder.invokeSpecialIFC(java.lang.Object, java.lang.Object, java.lang.Object)'> (0x000000008cdacab0) thrown at [./src/hotspot/share/interpreter/linkResolver.cpp, line 773]
Event: 34.565 Thread 0x00000227b0e15800 Exception <a 'java/lang/NoSuchMethodError'{0x000000008c9e9240}: 'java.lang.Object java.lang.invoke.DirectMethodHandle$Holder.invokeStaticInit(java.lang.Object, java.lang.Object, java.lang.Object, java.lang.Object, java.lang.Object, java.lang.Object, java.lang.Object, java.lang.Object, java.lang.Object, java.lang.Object, java.lang.Object, java.lang.Object, java.lang.Object, java.lang.Object, java.lang.Object, java.lang.Object, java.lang.Object, java.lang.Object, int, java.lang.Object, java.lang.Object)'> (0
Event: 36.552 Thread 0x00000227b0e1e800 Exception <a 'java/lang/IncompatibleClassChangeError'{0x00000000918ef588}: Found class java.lang.Object, but interface was expected> (0x00000000918ef588) thrown at [./src/hotspot/share/interpreter/linkResolver.cpp, line 839]
Event: 36.557 Thread 0x00000227b0e1e800 Exception <a 'java/lang/IncompatibleClassChangeError'{0x0000000091724c00}: Found class java.lang.Object, but interface was expected> (0x0000000091724c00) thrown at [./src/hotspot/share/interpreter/linkResolver.cpp, line 839]
Event: 36.558 Thread 0x00000227b0e1e800 Exception <a 'java/lang/IncompatibleClassChangeError'{0x000000009173e138}: Found class java.lang.Object, but interface was expected> (0x000000009173e138) thrown at [./src/hotspot/share/interpreter/linkResolver.cpp, line 839]

Events (20 events):
Event: 36.647 loading class com/android/tools/r8/internal/vK done
Event: 36.649 loading class com/android/tools/r8/internal/PD
Event: 36.649 loading class com/android/tools/r8/internal/PD done
Event: 36.670 loading class com/android/tools/r8/internal/kl
Event: 36.670 loading class com/android/tools/r8/internal/kl done
Event: 36.859 loading class com/android/tools/r8/internal/Ze
Event: 36.859 loading class com/android/tools/r8/internal/Ze done
Event: 36.861 loading class com/android/tools/r8/graph/a0$a
Event: 36.861 loading class com/android/tools/r8/graph/a0$a done
Event: 36.861 loading class com/android/tools/r8/graph/a0$a
Event: 36.861 loading class com/android/tools/r8/graph/a0$a done
Event: 36.861 loading class com/android/tools/r8/dex/i
Event: 36.861 loading class com/android/tools/r8/dex/i done
Event: 37.064 Executing VM operation: G1CollectForAllocation
Event: 37.150 Executing VM operation: G1CollectForAllocation done
Event: 37.723 Executing VM operation: G1CollectForAllocation
Event: 37.771 Executing VM operation: G1CollectForAllocation done
Event: 37.902 Executing VM operation: CGC_Operation
Event: 37.923 Executing VM operation: CGC_Operation done
Event: 38.064 Executing VM operation: G1CollectForAllocation


Dynamic libraries:
0x00007ff779490000 - 0x00007ff77949a000 	C:\Users\mutanu\Desktop\studio\jre\bin\java.exe
0x00007ff983510000 - 0x00007ff983708000 	C:\WINDOWS\SYSTEM32\ntdll.dll
0x00007ff983300000 - 0x00007ff9833bf000 	C:\WINDOWS\System32\KERNEL32.DLL
0x00007ff980eb0000 - 0x00007ff981182000 	C:\WINDOWS\System32\KERNELBASE.dll
0x00007ff980db0000 - 0x00007ff980eb0000 	C:\WINDOWS\System32\ucrtbase.dll
0x00007ff97bdb0000 - 0x00007ff97bdc9000 	C:\Users\mutanu\Desktop\studio\jre\bin\jli.dll
0x00007ff973fb0000 - 0x00007ff973fc7000 	C:\Users\mutanu\Desktop\studio\jre\bin\VCRUNTIME140.dll
0x00007ff9830f0000 - 0x00007ff983291000 	C:\WINDOWS\System32\USER32.dll
0x00007ff980000000 - 0x00007ff98029a000 	C:\WINDOWS\WinSxS\amd64_microsoft.windows.common-controls_6595b64144ccf1df_6.0.19041.1110_none_60b5254171f9507e\COMCTL32.dll
0x00007ff980c90000 - 0x00007ff980cb2000 	C:\WINDOWS\System32\win32u.dll
0x00007ff9820d0000 - 0x00007ff98216e000 	C:\WINDOWS\System32\msvcrt.dll
0x00007ff981f80000 - 0x00007ff981fab000 	C:\WINDOWS\System32\GDI32.dll
0x00007ff9812e0000 - 0x00007ff9813ef000 	C:\WINDOWS\System32\gdi32full.dll
0x00007ff980cc0000 - 0x00007ff980d5d000 	C:\WINDOWS\System32\msvcp_win.dll
0x00007ff983010000 - 0x00007ff983042000 	C:\WINDOWS\System32\IMM32.DLL
0x00007ff953a30000 - 0x00007ff953acd000 	C:\Users\mutanu\Desktop\studio\jre\bin\msvcp140.dll
0x00007ff94a200000 - 0x00007ff94ad02000 	C:\Users\mutanu\Desktop\studio\jre\bin\server\jvm.dll
0x00007ff981af0000 - 0x00007ff981b9e000 	C:\WINDOWS\System32\ADVAPI32.dll
0x00007ff983050000 - 0x00007ff9830ec000 	C:\WINDOWS\System32\sechost.dll
0x00007ff9822d0000 - 0x00007ff9823f5000 	C:\WINDOWS\System32\RPCRT4.dll
0x00007ff981bb0000 - 0x00007ff981bb8000 	C:\WINDOWS\System32\PSAPI.DLL
0x00007ff96c1d0000 - 0x00007ff96c1d9000 	C:\WINDOWS\SYSTEM32\WSOCK32.dll
0x00007ff982190000 - 0x00007ff9821fb000 	C:\WINDOWS\System32\WS2_32.dll
0x00007ff963110000 - 0x00007ff963137000 	C:\WINDOWS\SYSTEM32\WINMM.dll
0x00007ff97d930000 - 0x00007ff97d93a000 	C:\WINDOWS\SYSTEM32\VERSION.dll
0x00007ff97dcc0000 - 0x00007ff97dcd2000 	C:\WINDOWS\SYSTEM32\kernel.appcore.dll
0x00007ff97f0c0000 - 0x00007ff97f0d1000 	C:\Users\mutanu\Desktop\studio\jre\bin\verify.dll
0x00007ff980490000 - 0x00007ff980674000 	C:\WINDOWS\SYSTEM32\DBGHELP.DLL
0x00007ff9803d0000 - 0x00007ff980405000 	C:\WINDOWS\SYSTEM32\dbgcore.DLL
0x00007ff980c00000 - 0x00007ff980c82000 	C:\WINDOWS\System32\bcryptPrimitives.dll
0x00007ff97ed20000 - 0x00007ff97ed49000 	C:\Users\mutanu\Desktop\studio\jre\bin\java.dll
0x00007ff97ed10000 - 0x00007ff97ed1b000 	C:\Users\mutanu\Desktop\studio\jre\bin\jimage.dll
0x00007ff97ec40000 - 0x00007ff97ec58000 	C:\Users\mutanu\Desktop\studio\jre\bin\zip.dll
0x00007ff982730000 - 0x00007ff982e74000 	C:\WINDOWS\System32\SHELL32.dll
0x00007ff97dec0000 - 0x00007ff97e652000 	C:\WINDOWS\SYSTEM32\windows.storage.dll
0x00007ff981bc0000 - 0x00007ff981f15000 	C:\WINDOWS\System32\combase.dll
0x00007ff97ff60000 - 0x00007ff97ff90000 	C:\WINDOWS\SYSTEM32\Wldp.dll
0x00007ff981fc0000 - 0x00007ff98206d000 	C:\WINDOWS\System32\SHCORE.dll
0x00007ff9832a0000 - 0x00007ff9832f5000 	C:\WINDOWS\System32\shlwapi.dll
0x00007ff980b40000 - 0x00007ff980b5f000 	C:\WINDOWS\SYSTEM32\profapi.dll
0x00007ff978cf0000 - 0x00007ff978d0a000 	C:\Users\mutanu\Desktop\studio\jre\bin\net.dll
0x00007ff972e90000 - 0x00007ff972f9c000 	C:\WINDOWS\SYSTEM32\WINHTTP.dll
0x00007ff97fe30000 - 0x00007ff97fe9a000 	C:\WINDOWS\system32\mswsock.dll
0x00007ff9741a0000 - 0x00007ff9741b4000 	C:\Users\mutanu\Desktop\studio\jre\bin\nio.dll
0x00007ff978560000 - 0x00007ff978587000 	C:\Users\mutanu\.gradle\native\e1d6ef7f7dcc3fd88c89a11ec53ec762bb8ba0a96d01ffa2cd45eb1d1d8dd5c5\windows-amd64\native-platform.dll
0x00007ff952ea0000 - 0x00007ff952fe4000 	C:\Users\mutanu\.gradle\native\0d407fdbe67a94daf76414ababcb853783967236a71b16ec16e742cd7a986fd3\windows-amd64\native-platform-file-events.dll
0x00007ff97ed00000 - 0x00007ff97ed0a000 	C:\Users\mutanu\Desktop\studio\jre\bin\management.dll
0x00007ff97ec30000 - 0x00007ff97ec3d000 	C:\Users\mutanu\Desktop\studio\jre\bin\management_ext.dll
0x00007ff980990000 - 0x00007ff9809a8000 	C:\WINDOWS\SYSTEM32\CRYPTSP.dll
0x00007ff97f640000 - 0x00007ff97f674000 	C:\WINDOWS\system32\rsaenh.dll
0x00007ff981200000 - 0x00007ff981227000 	C:\WINDOWS\System32\bcrypt.dll
0x00007ff980b00000 - 0x00007ff980b2e000 	C:\WINDOWS\SYSTEM32\USERENV.dll
0x00007ff97ff20000 - 0x00007ff97ff2c000 	C:\WINDOWS\SYSTEM32\CRYPTBASE.dll
0x00007ff97f9b0000 - 0x00007ff97f9eb000 	C:\WINDOWS\SYSTEM32\IPHLPAPI.DLL
0x00007ff981ba0000 - 0x00007ff981ba8000 	C:\WINDOWS\System32\NSI.dll
0x00007ff974300000 - 0x00007ff974317000 	C:\WINDOWS\SYSTEM32\dhcpcsvc6.DLL
0x00007ff9779c0000 - 0x00007ff9779dd000 	C:\WINDOWS\SYSTEM32\dhcpcsvc.DLL
0x00007ff97f9f0000 - 0x00007ff97faba000 	C:\WINDOWS\SYSTEM32\DNSAPI.dll

dbghelp: loaded successfully - version: 4.0.5 - missing functions: none
symbol engine: initialized successfully - sym options: 0x614 - pdb path: .;C:\Users\mutanu\Desktop\studio\jre\bin;C:\WINDOWS\SYSTEM32;C:\WINDOWS\WinSxS\amd64_microsoft.windows.common-controls_6595b64144ccf1df_6.0.19041.1110_none_60b5254171f9507e;C:\Users\mutanu\Desktop\studio\jre\bin\server;C:\Users\mutanu\.gradle\native\e1d6ef7f7dcc3fd88c89a11ec53ec762bb8ba0a96d01ffa2cd45eb1d1d8dd5c5\windows-amd64;C:\Users\mutanu\.gradle\native\0d407fdbe67a94daf76414ababcb853783967236a71b16ec16e742cd7a986fd3\windows-amd64

VM Arguments:
jvm_args: --add-opens=java.base/java.util=ALL-UNNAMED --add-opens=java.base/java.lang=ALL-UNNAMED --add-opens=java.base/java.lang.invoke=ALL-UNNAMED --add-opens=java.base/java.util=ALL-UNNAMED --add-opens=java.prefs/java.util.prefs=ALL-UNNAMED --add-opens=java.prefs/java.util.prefs=ALL-UNNAMED --add-opens=java.base/java.nio.charset=ALL-UNNAMED --add-opens=java.base/java.net=ALL-UNNAMED --add-opens=java.base/java.util.concurrent.atomic=ALL-UNNAMED -Xmx2048m -Dfile.encoding=UTF-8 -Duser.country=US -Duser.language=en -Duser.variant 
java_command: org.gradle.launcher.daemon.bootstrap.GradleDaemon 7.4
java_class_path (initial): C:\Users\mutanu\.gradle\wrapper\dists\gradle-7.4-bin\c0gwcg53nkjbqw7r0h0umtfvt\gradle-7.4\lib\gradle-launcher-7.4.jar
Launcher Type: SUN_STANDARD

[Global flags]
     intx CICompilerCount                          = 3                                         {product} {ergonomic}
     uint ConcGCThreads                            = 1                                         {product} {ergonomic}
     uint G1ConcRefinementThreads                  = 4                                         {product} {ergonomic}
   size_t G1HeapRegionSize                         = 1048576                                   {product} {ergonomic}
    uintx GCDrainStackTargetSize                   = 64                                        {product} {ergonomic}
   size_t InitialHeapSize                          = 134217728                                 {product} {ergonomic}
   size_t MarkStackSize                            = 4194304                                   {product} {ergonomic}
   size_t MaxHeapSize                              = 2147483648                                {product} {command line}
   size_t MaxNewSize                               = 1287651328                                {product} {ergonomic}
   size_t MinHeapDeltaBytes                        = 1048576                                   {product} {ergonomic}
    uintx NonNMethodCodeHeapSize                   = 5830732                                {pd product} {ergonomic}
    uintx NonProfiledCodeHeapSize                  = 122913754                              {pd product} {ergonomic}
    uintx ProfiledCodeHeapSize                     = 122913754                              {pd product} {ergonomic}
    uintx ReservedCodeCacheSize                    = 251658240                              {pd product} {ergonomic}
     bool SegmentedCodeCache                       = true                                      {product} {ergonomic}
     bool UseCompressedClassPointers               = true                                 {lp64_product} {ergonomic}
     bool UseCompressedOops                        = true                                 {lp64_product} {ergonomic}
     bool UseG1GC                                  = true                                      {product} {ergonomic}
     bool UseLargePagesIndividualAllocation        = false                                  {pd product} {ergonomic}

Logging:
Log output configuration:
 #0: stdout all=warning uptime,level,tags
 #1: stderr all=off uptime,level,tags

Environment Variables:
PATH=C:\Python311\Scripts\;C:\Python311\;C:\Program Files (x86)\Common Files\Oracle\Java\javapath;C:\WINDOWS\system32;C:\WINDOWS;C:\WINDOWS\System32\Wbem;C:\WINDOWS\System32\WindowsPowerShell\v1.0\;C:\WINDOWS\System32\OpenSSH\;C:\Program Files\Git\cmd;C:\Program Files\nodejs\;C:\ProgramData\chocolatey\bin;C:\Users\mutanu\AppData\Local\Microsoft\WindowsApps;C:\Users\mutanu\AppData\Roaming\npm;C:\Users\mutanu\AppData\Local\Programs\Microsoft VS Code\bin
USERNAME=mutanu
OS=Windows_NT
PROCESSOR_IDENTIFIER=Intel64 Family 6 Model 69 Stepping 1, GenuineIntel



---------------  S Y S T E M  ---------------

OS: Windows 10 , 64 bit Build 19041 (10.0.19041.2364)
OS uptime: 5 days 5:47 hours

CPU:total 4 (initial active 4) (2 cores per cpu, 2 threads per core) family 6 model 69 stepping 1 microcode 0x25, cmov, cx8, fxsr, mmx, sse, sse2, sse3, ssse3, sse4.1, sse4.2, popcnt, avx, avx2, aes, clmul, erms, lzcnt, ht, tsc, tscinvbit, bmi1, bmi2, fma

Memory: 4k page, system-wide physical 8089M (977M free)
TotalPageFile size 19529M (AvailPageFile size 72M)
current process WorkingSet (physical memory assigned to process): 575M, peak: 577M
current process commit charge ("private bytes"): 609M, peak: 722M

vm_info: OpenJDK 64-Bit Server VM (11.0.13+0-b1751.21-8125866) for windows-amd64 JRE (11.0.13+0-b1751.21-8125866), built on Feb  2 2022 03:00:22 by "builder" with MS VC++ 14.0 (VS2015)

END.
