#
# There is insufficient memory for the Java Runtime Environment to continue.
# Native memory allocation (mmap) failed to map 117440512 bytes for Failed to commit area from 0x0000000091600000 to 0x0000000098600000 of length 117440512.
# Possible reasons:
#   The system is out of physical RAM or swap space
#   The process is running with CompressedOops enabled, and the Java Heap may be blocking the growth of the native heap
# Possible solutions:
#   Reduce memory load on the system
#   Increase physical memory or swap space
#   Check if swap backing store is full
#   Decrease Java heap size (-Xmx/-Xms)
#   Decrease number of Java threads
#   Decrease Java thread stack sizes (-Xss)
#   Set larger code cache with -XX:ReservedCodeCacheSize=
#   JVM is running with Unscaled Compressed Oops mode in which the Java heap is
#     placed in the first 4GB address space. The Java Heap base address is the
#     maximum limit for the native heap growth. Please use -XX:HeapBaseMinAddress
#     to set the Java Heap base and to place the Java Heap above 4GB virtual address.
# This output file may be truncated or incomplete.
#
#  Out of Memory Error (./src/hotspot/os/windows/os_windows.cpp:3619), pid=53120, tid=22372
#
# JRE version: OpenJDK Runtime Environment (11.0.13) (build 11.0.13+0-b1751.21-8125866)
# Java VM: OpenJDK 64-Bit Server VM (11.0.13+0-b1751.21-8125866, mixed mode, tiered, compressed oops, g1 gc, windows-amd64)
# No core dump will be written. Minidumps are not enabled by default on client versions of Windows
#

---------------  S U M M A R Y ------------

Command Line: --add-opens=java.base/java.util=ALL-UNNAMED --add-opens=java.base/java.lang=ALL-UNNAMED --add-opens=java.base/java.lang.invoke=ALL-UNNAMED --add-opens=java.base/java.util=ALL-UNNAMED --add-opens=java.prefs/java.util.prefs=ALL-UNNAMED --add-opens=java.prefs/java.util.prefs=ALL-UNNAMED --add-opens=java.base/java.nio.charset=ALL-UNNAMED --add-opens=java.base/java.net=ALL-UNNAMED --add-opens=java.base/java.util.concurrent.atomic=ALL-UNNAMED -Xmx2048m -Dfile.encoding=UTF-8 -Duser.country=US -Duser.language=en -Duser.variant org.gradle.launcher.daemon.bootstrap.GradleDaemon 7.4

Host: Intel(R) Core(TM) i5-4200U CPU @ 1.60GHz, 4 cores, 7G,  Windows 10 , 64 bit Build 19041 (10.0.19041.2364)
Time: Mon Feb  6 16:02:13 2023 E. Africa Standard Time elapsed time: 37.137539 seconds (0d 0h 0m 37s)

---------------  T H R E A D  ---------------

Current thread (0x00000193959e8000):  VMThread "VM Thread" [stack: 0x0000004995400000,0x0000004995500000] [id=22372]

Stack: [0x0000004995400000,0x0000004995500000]
[error occurred during error reporting (printing stack bounds), id 0xc0000005, EXCEPTION_ACCESS_VIOLATION (0xc0000005) at pc=0x000001938000112d]

Native frames: (J=compiled Java code, j=interpreted, Vv=VM code, C=native code)
V  [jvm.dll+0x6100fa]
V  [jvm.dll+0x747090]
V  [jvm.dll+0x7486ad]
V  [jvm.dll+0x748ce5]
V  [jvm.dll+0x748c9b]
V  [jvm.dll+0x60f224]
V  [jvm.dll+0x60f9b8]
C  [ntdll.dll+0xa241f]
C  [ntdll.dll+0x514a4]
C  [ntdll.dll+0xa0f4e]
C  0x000001938000112d

VM_Operation (0x000000499b8fdc10): G1CollectForAllocation, mode: safepoint, requested by thread 0x000001939bb40000


---------------  P R O C E S S  ---------------

Threads class SMR info:
_java_thread_list=0x000001939b7b31b0, length=98, elements={
0x00000193fb5fb000, 0x00000193959ed000, 0x00000193959f1000, 0x0000019395a08800,
0x0000019395a0b800, 0x0000019395a0d800, 0x0000019395a0e800, 0x0000019395a3b000,
0x00000193963d1000, 0x00000193964c7800, 0x0000019398390000, 0x0000019396750800,
0x0000019398873000, 0x0000019398343800, 0x00000193990de800, 0x0000019398e59800,
0x0000019397e4f800, 0x000001939848e800, 0x000001939824b800, 0x00000193981f4000,
0x0000019397377800, 0x0000019397379000, 0x0000019397378800, 0x000001939737a000,
0x0000019399c07000, 0x0000019399c08000, 0x0000019399c08800, 0x0000019399c05800,
0x0000019399c09800, 0x0000019399c06000, 0x0000019399c04800, 0x0000019399c11000,
0x0000019399c0d800, 0x0000019399c0f000, 0x0000019399c12800, 0x0000019399c0c800,
0x0000019399c13000, 0x0000019399c11800, 0x0000019399c10000, 0x000001939bdd1800,
0x000001939bdd2000, 0x000001939bdd6800, 0x000001939bdd0800, 0x000001939bdd8000,
0x000001939bdd3000, 0x000001939bdd4000, 0x000001939bdd5800, 0x000001939bdd7000,
0x000001939bdd8800, 0x000001939bdd9800, 0x000001939bdda800, 0x000001939bdd4800,
0x000001939bddb000, 0x000001939bdde800, 0x000001939bddc000, 0x000001939bddd000,
0x000001939bddd800, 0x000001939bddf800, 0x0000019396637000, 0x0000019396636000,
0x0000019396634800, 0x0000019396635000, 0x0000019396637800, 0x0000019396638800,
0x0000019396633000, 0x0000019396639800, 0x0000019396633800, 0x000001939663e000,
0x0000019396640000, 0x000001939663c000, 0x000001939663c800, 0x000001939663a000,
0x000001939663d800, 0x000001939663f000, 0x000001939663b000, 0x0000019396640800,
0x0000019396641800, 0x0000019399917000, 0x0000019399918800, 0x000001939991a000,
0x000001939991b000, 0x0000019399915000, 0x000001939991b800, 0x0000019399916000,
0x000001939991d800, 0x000001939991f000, 0x000001939991e000, 0x0000019399920000,
0x000001939991c800, 0x0000019399924000, 0x0000019399922000, 0x0000019399921800,
0x0000019399923000, 0x000001939767d000, 0x000001939bb40000, 0x000001939bb3f800,
0x000001939bb42000, 0x000001939bb3d800
}

Java Threads: ( => current thread )
  0x00000193fb5fb000 JavaThread "main" [_thread_blocked, id=52236, stack(0x0000004994e00000,0x0000004994f00000)]
  0x00000193959ed000 JavaThread "Reference Handler" daemon [_thread_blocked, id=35832, stack(0x0000004995500000,0x0000004995600000)]
  0x00000193959f1000 JavaThread "Finalizer" daemon [_thread_blocked, id=42592, stack(0x0000004995600000,0x0000004995700000)]
  0x0000019395a08800 JavaThread "Signal Dispatcher" daemon [_thread_blocked, id=14784, stack(0x0000004995700000,0x0000004995800000)]
  0x0000019395a0b800 JavaThread "Attach Listener" daemon [_thread_blocked, id=49836, stack(0x0000004995800000,0x0000004995900000)]
  0x0000019395a0d800 JavaThread "Service Thread" daemon [_thread_blocked, id=50108, stack(0x0000004995900000,0x0000004995a00000)]
  0x0000019395a0e800 JavaThread "C2 CompilerThread0" daemon [_thread_in_native, id=51660, stack(0x0000004995a00000,0x0000004995b00000)]
  0x0000019395a3b000 JavaThread "C1 CompilerThread0" daemon [_thread_blocked, id=53196, stack(0x0000004995b00000,0x0000004995c00000)]
  0x00000193963d1000 JavaThread "Sweeper thread" daemon [_thread_blocked, id=28352, stack(0x0000004995c00000,0x0000004995d00000)]
  0x00000193964c7800 JavaThread "Common-Cleaner" daemon [_thread_blocked, id=49464, stack(0x0000004995d00000,0x0000004995e00000)]
  0x0000019398390000 JavaThread "Daemon health stats" [_thread_blocked, id=47984, stack(0x0000004996200000,0x0000004996300000)]
  0x0000019396750800 JavaThread "Incoming local TCP Connector on port 50931" [_thread_in_native, id=43960, stack(0x0000004995f00000,0x0000004996000000)]
  0x0000019398873000 JavaThread "Daemon periodic checks" [_thread_blocked, id=47428, stack(0x0000004996300000,0x0000004996400000)]
  0x0000019398343800 JavaThread "Daemon" [_thread_blocked, id=51588, stack(0x0000004996400000,0x0000004996500000)]
  0x00000193990de800 JavaThread "Handler for socket connection from /127.0.0.1:50931 to /127.0.0.1:50932" [_thread_in_native, id=52816, stack(0x0000004996500000,0x0000004996600000)]
  0x0000019398e59800 JavaThread "Cancel handler" [_thread_blocked, id=30960, stack(0x0000004996600000,0x0000004996700000)]
  0x0000019397e4f800 JavaThread "Daemon worker" [_thread_blocked, id=48124, stack(0x0000004996700000,0x0000004996800000)]
  0x000001939848e800 JavaThread "Asynchronous log dispatcher for DefaultDaemonConnection: socket connection from /127.0.0.1:50931 to /127.0.0.1:50932" [_thread_blocked, id=3956, stack(0x0000004996800000,0x0000004996900000)]
  0x000001939824b800 JavaThread "Stdin handler" [_thread_blocked, id=43920, stack(0x0000004996900000,0x0000004996a00000)]
  0x00000193981f4000 JavaThread "Daemon client event forwarder" [_thread_blocked, id=52680, stack(0x0000004996a00000,0x0000004996b00000)]
  0x0000019397377800 JavaThread "Cache worker for journal cache (C:\Users\mutanu\.gradle\caches\journal-1)" [_thread_blocked, id=49516, stack(0x0000004996d00000,0x0000004996e00000)]
  0x0000019397379000 JavaThread "File lock request listener" [_thread_in_native, id=52992, stack(0x0000004996e00000,0x0000004996f00000)]
  0x0000019397378800 JavaThread "Cache worker for file hash cache (C:\Users\mutanu\.gradle\caches\7.4\fileHashes)" [_thread_blocked, id=42252, stack(0x0000004996f00000,0x0000004997000000)]
  0x000001939737a000 JavaThread "File watcher server" daemon [_thread_blocked, id=27836, stack(0x0000004997000000,0x0000004997100000)]
  0x0000019399c07000 JavaThread "File watcher consumer" daemon [_thread_blocked, id=51920, stack(0x0000004997100000,0x0000004997200000)]
  0x0000019399c08000 JavaThread "Cache worker for checksums cache (C:\Users\mutanu\AndroidStudioProjects\eablTrial\.gradle\7.4\checksums)" [_thread_blocked, id=52684, stack(0x0000004997200000,0x0000004997300000)]
  0x0000019399c08800 JavaThread "Cache worker for cache directory md-rule (C:\Users\mutanu\.gradle\caches\7.4\md-rule)" [_thread_blocked, id=45168, stack(0x0000004997300000,0x0000004997400000)]
  0x0000019399c05800 JavaThread "Cache worker for file hash cache (C:\Users\mutanu\AndroidStudioProjects\eablTrial\.gradle\7.4\fileHashes)" [_thread_blocked, id=52324, stack(0x0000004997400000,0x0000004997500000)]
  0x0000019399c09800 JavaThread "Cache worker for cache directory md-supplier (C:\Users\mutanu\.gradle\caches\7.4\md-supplier)" [_thread_blocked, id=30900, stack(0x0000004997500000,0x0000004997600000)]
  0x0000019399c06000 JavaThread "Cache worker for execution history cache (C:\Users\mutanu\.gradle\caches\7.4\executionHistory)" [_thread_blocked, id=50760, stack(0x0000004997600000,0x0000004997700000)]
  0x0000019399c04800 JavaThread "jar transforms" [_thread_blocked, id=53104, stack(0x0000004997700000,0x0000004997800000)]
  0x0000019399c11000 JavaThread "Cache worker for file content cache (C:\Users\mutanu\.gradle\caches\7.4\fileContent)" [_thread_blocked, id=51764, stack(0x0000004997800000,0x0000004997900000)]
  0x0000019399c0d800 JavaThread "jar transforms Thread 2" [_thread_blocked, id=48548, stack(0x0000004997900000,0x0000004997a00000)]
  0x0000019399c0f000 JavaThread "Cache worker for dependencies-accessors (C:\Users\mutanu\AndroidStudioProjects\eablTrial\.gradle\7.4\dependencies-accessors)" [_thread_blocked, id=47020, stack(0x0000004997a00000,0x0000004997b00000)]
  0x0000019399c12800 JavaThread "jar transforms Thread 3" [_thread_blocked, id=53192, stack(0x0000004997b00000,0x0000004997c00000)]
  0x0000019399c0c800 JavaThread "Cache worker for Build Output Cleanup Cache (C:\Users\mutanu\AndroidStudioProjects\eablTrial\.gradle\buildOutputCleanup)" [_thread_blocked, id=52800, stack(0x0000004997c00000,0x0000004997d00000)]
  0x0000019399c13000 JavaThread "Unconstrained build operations" [_thread_blocked, id=33264, stack(0x0000004997d00000,0x0000004997e00000)]
  0x0000019399c11800 JavaThread "Unconstrained build operations Thread 2" [_thread_blocked, id=52508, stack(0x0000004997e00000,0x0000004997f00000)]
  0x0000019399c10000 JavaThread "Unconstrained build operations Thread 3" [_thread_blocked, id=27948, stack(0x0000004997f00000,0x0000004998000000)]
  0x000001939bdd1800 JavaThread "Unconstrained build operations Thread 4" [_thread_blocked, id=51324, stack(0x0000004998000000,0x0000004998100000)]
  0x000001939bdd2000 JavaThread "Unconstrained build operations Thread 5" [_thread_blocked, id=47340, stack(0x0000004998100000,0x0000004998200000)]
  0x000001939bdd6800 JavaThread "Unconstrained build operations Thread 6" [_thread_blocked, id=53208, stack(0x0000004998200000,0x0000004998300000)]
  0x000001939bdd0800 JavaThread "Unconstrained build operations Thread 7" [_thread_blocked, id=48916, stack(0x0000004998300000,0x0000004998400000)]
  0x000001939bdd8000 JavaThread "Unconstrained build operations Thread 8" [_thread_blocked, id=17292, stack(0x0000004998400000,0x0000004998500000)]
  0x000001939bdd3000 JavaThread "Unconstrained build operations Thread 9" [_thread_blocked, id=52292, stack(0x0000004998500000,0x0000004998600000)]
  0x000001939bdd4000 JavaThread "Unconstrained build operations Thread 10" [_thread_blocked, id=47348, stack(0x0000004998600000,0x0000004998700000)]
  0x000001939bdd5800 JavaThread "Unconstrained build operations Thread 11" [_thread_blocked, id=8416, stack(0x0000004998700000,0x0000004998800000)]
  0x000001939bdd7000 JavaThread "Unconstrained build operations Thread 12" [_thread_blocked, id=41132, stack(0x0000004998800000,0x0000004998900000)]
  0x000001939bdd8800 JavaThread "Unconstrained build operations Thread 13" [_thread_blocked, id=45132, stack(0x0000004998900000,0x0000004998a00000)]
  0x000001939bdd9800 JavaThread "Unconstrained build operations Thread 14" [_thread_blocked, id=9572, stack(0x0000004998a00000,0x0000004998b00000)]
  0x000001939bdda800 JavaThread "Unconstrained build operations Thread 15" [_thread_blocked, id=11364, stack(0x0000004998b00000,0x0000004998c00000)]
  0x000001939bdd4800 JavaThread "Unconstrained build operations Thread 16" [_thread_blocked, id=48828, stack(0x0000004998c00000,0x0000004998d00000)]
  0x000001939bddb000 JavaThread "Unconstrained build operations Thread 17" [_thread_blocked, id=51804, stack(0x0000004998d00000,0x0000004998e00000)]
  0x000001939bdde800 JavaThread "Unconstrained build operations Thread 18" [_thread_blocked, id=51384, stack(0x0000004998e00000,0x0000004998f00000)]
  0x000001939bddc000 JavaThread "Unconstrained build operations Thread 19" [_thread_blocked, id=51648, stack(0x0000004998f00000,0x0000004999000000)]
  0x000001939bddd000 JavaThread "Unconstrained build operations Thread 20" [_thread_blocked, id=51568, stack(0x0000004999000000,0x0000004999100000)]
  0x000001939bddd800 JavaThread "Unconstrained build operations Thread 21" [_thread_blocked, id=7756, stack(0x0000004999100000,0x0000004999200000)]
  0x000001939bddf800 JavaThread "Unconstrained build operations Thread 22" [_thread_blocked, id=52076, stack(0x0000004999200000,0x0000004999300000)]
  0x0000019396637000 JavaThread "Unconstrained build operations Thread 23" [_thread_blocked, id=32232, stack(0x0000004999300000,0x0000004999400000)]
  0x0000019396636000 JavaThread "Unconstrained build operations Thread 24" [_thread_blocked, id=51312, stack(0x0000004999400000,0x0000004999500000)]
  0x0000019396634800 JavaThread "Unconstrained build operations Thread 25" [_thread_blocked, id=53116, stack(0x0000004999500000,0x0000004999600000)]
  0x0000019396635000 JavaThread "Unconstrained build operations Thread 26" [_thread_blocked, id=52416, stack(0x0000004999600000,0x0000004999700000)]
  0x0000019396637800 JavaThread "Unconstrained build operations Thread 27" [_thread_blocked, id=52296, stack(0x0000004999700000,0x0000004999800000)]
  0x0000019396638800 JavaThread "Unconstrained build operations Thread 28" [_thread_blocked, id=14544, stack(0x0000004999800000,0x0000004999900000)]
  0x0000019396633000 JavaThread "Unconstrained build operations Thread 29" [_thread_blocked, id=31132, stack(0x0000004999900000,0x0000004999a00000)]
  0x0000019396639800 JavaThread "Unconstrained build operations Thread 30" [_thread_blocked, id=3704, stack(0x0000004999a00000,0x0000004999b00000)]
  0x0000019396633800 JavaThread "Unconstrained build operations Thread 31" [_thread_blocked, id=48244, stack(0x0000004999b00000,0x0000004999c00000)]
  0x000001939663e000 JavaThread "Unconstrained build operations Thread 32" [_thread_blocked, id=51924, stack(0x0000004999c00000,0x0000004999d00000)]
  0x0000019396640000 JavaThread "Unconstrained build operations Thread 33" [_thread_blocked, id=51796, stack(0x0000004999d00000,0x0000004999e00000)]
  0x000001939663c000 JavaThread "Unconstrained build operations Thread 34" [_thread_blocked, id=51024, stack(0x0000004999e00000,0x0000004999f00000)]
  0x000001939663c800 JavaThread "Unconstrained build operations Thread 35" [_thread_blocked, id=45552, stack(0x0000004999f00000,0x000000499a000000)]
  0x000001939663a000 JavaThread "Unconstrained build operations Thread 36" [_thread_blocked, id=38724, stack(0x000000499a000000,0x000000499a100000)]
  0x000001939663d800 JavaThread "Unconstrained build operations Thread 37" [_thread_blocked, id=52424, stack(0x000000499a100000,0x000000499a200000)]
  0x000001939663f000 JavaThread "Unconstrained build operations Thread 38" [_thread_blocked, id=52472, stack(0x000000499a200000,0x000000499a300000)]
  0x000001939663b000 JavaThread "Unconstrained build operations Thread 39" [_thread_blocked, id=47424, stack(0x000000499a300000,0x000000499a400000)]
  0x0000019396640800 JavaThread "Unconstrained build operations Thread 40" [_thread_blocked, id=50972, stack(0x000000499a400000,0x000000499a500000)]
  0x0000019396641800 JavaThread "jar transforms Thread 4" [_thread_blocked, id=46484, stack(0x000000499a500000,0x000000499a600000)]
  0x0000019399917000 JavaThread "Memory manager" [_thread_blocked, id=52528, stack(0x000000499a600000,0x000000499a700000)]
  0x0000019399918800 JavaThread "build event listener" [_thread_blocked, id=41116, stack(0x000000499a700000,0x000000499a800000)]
  0x000001939991a000 JavaThread "pool-3-thread-1" [_thread_blocked, id=14172, stack(0x000000499a800000,0x000000499a900000)]
  0x000001939991b000 JavaThread "build event listener" [_thread_blocked, id=51360, stack(0x000000499a900000,0x000000499aa00000)]
  0x0000019399915000 JavaThread "included builds" [_thread_blocked, id=38804, stack(0x000000499aa00000,0x000000499ab00000)]
  0x000001939991b800 JavaThread "Execution worker for ':'" [_thread_blocked, id=49468, stack(0x000000499ab00000,0x000000499ac00000)]
  0x0000019399916000 JavaThread "Execution worker for ':' Thread 2" [_thread_blocked, id=48540, stack(0x000000499ac00000,0x000000499ad00000)]
  0x000001939991d800 JavaThread "Execution worker for ':' Thread 3" [_thread_blocked, id=50376, stack(0x000000499ad00000,0x000000499ae00000)]
  0x000001939991f000 JavaThread "Cache worker for execution history cache (C:\Users\mutanu\AndroidStudioProjects\eablTrial\.gradle\7.4\executionHistory)" [_thread_blocked, id=46456, stack(0x000000499ae00000,0x000000499af00000)]
  0x000001939991e000 JavaThread "WorkerExecutor Queue" [_thread_blocked, id=44008, stack(0x000000499af00000,0x000000499b000000)]
  0x0000019399920000 JavaThread "WorkerExecutor Queue Thread 2" [_thread_blocked, id=44316, stack(0x000000499b000000,0x000000499b100000)]
  0x000001939991c800 JavaThread "WorkerExecutor Queue Thread 3" [_thread_blocked, id=38760, stack(0x000000499b100000,0x000000499b200000)]
  0x0000019399924000 JavaThread "WorkerExecutor Queue Thread 4" [_thread_blocked, id=45408, stack(0x000000499b200000,0x000000499b300000)]
  0x0000019399922000 JavaThread "pool-4-thread-1" [_thread_blocked, id=48440, stack(0x000000499b500000,0x000000499b600000)]
  0x0000019399921800 JavaThread "stderr" [_thread_in_native, id=44040, stack(0x0000004996b00000,0x0000004996c00000)]
  0x0000019399923000 JavaThread "stdout" [_thread_in_native, id=52644, stack(0x000000499b600000,0x000000499b700000)]
  0x000001939767d000 JavaThread "C2 CompilerThread1" daemon [_thread_blocked, id=51168, stack(0x000000499b700000,0x000000499b800000)]
  0x000001939bb40000 JavaThread "ForkJoinPool-1-worker-3" daemon [_thread_blocked, id=51980, stack(0x000000499b800000,0x000000499b900000)]
  0x000001939bb3f800 JavaThread "ForkJoinPool-1-worker-5" daemon [_thread_blocked, id=41688, stack(0x000000499b900000,0x000000499ba00000)]
  0x000001939bb42000 JavaThread "ForkJoinPool-1-worker-7" daemon [_thread_blocked, id=45288, stack(0x000000499ba00000,0x000000499bb00000)]
  0x000001939bb3d800 JavaThread "ForkJoinPool-1-worker-1" daemon [_thread_blocked, id=52632, stack(0x000000499bb00000,0x000000499bc00000)]

Other Threads:
=>0x00000193959e8000 VMThread "VM Thread" [stack: 0x0000004995400000,0x0000004995500000] [id=22372]
  0x00000193964f0000 WatcherThread [stack: 0x0000004995e00000,0x0000004995f00000] [id=43236]
  0x00000193fb615000 GCTaskThread "GC Thread#0" [stack: 0x0000004994f00000,0x0000004995000000] [id=51260]
  0x0000019396cf5800 GCTaskThread "GC Thread#1" [stack: 0x0000004996000000,0x0000004996100000] [id=22196]
  0x0000019396aae000 GCTaskThread "GC Thread#2" [stack: 0x0000004996100000,0x0000004996200000] [id=31316]
  0x000001939792f800 GCTaskThread "GC Thread#3" [stack: 0x0000004996c00000,0x0000004996d00000] [id=47552]
  0x00000193fb648000 ConcurrentGCThread "G1 Main Marker" [stack: 0x0000004995000000,0x0000004995100000] [id=52064]
  0x00000193fb649800 ConcurrentGCThread "G1 Conc#0" [stack: 0x0000004995100000,0x0000004995200000] [id=50724]
  0x00000193fb6d7800 ConcurrentGCThread "G1 Refine#0" [stack: 0x0000004995200000,0x0000004995300000] [id=52244]
  0x000001939f68a800 ConcurrentGCThread "G1 Refine#1" [stack: 0x000000499bc00000,0x000000499bd00000] [id=22272]
  0x00000193fb6d8800 ConcurrentGCThread "G1 Young RemSet Sampling" [stack: 0x0000004995300000,0x0000004995400000] [id=37088]

Threads with active compile tasks:
C2 CompilerThread0  37162 12751       4       com.android.tools.r8.dex.i::a (829 bytes)
C2 CompilerThread1  37162 12890       4       com.android.tools.r8.dex.i::a (1036 bytes)

VM state:at safepoint (normal execution)

VM Mutex/Monitor currently owned by a thread:  ([mutex/lock_event])
[0x00000193fb5f6cb0] Threads_lock - owner thread: 0x00000193959e8000
[0x00000193fb5f67a0] Heap_lock - owner thread: 0x000001939bb40000

Heap address: 0x0000000080000000, size: 2048 MB, Compressed Oops mode: 32-bit
Narrow klass base: 0x0000000000000000, Narrow klass shift: 3
Compressed class space size: 1073741824 Address: 0x0000000100000000

Heap:
 garbage-first heap   total 399360K, used 233984K [0x0000000080000000, 0x0000000100000000)
  region size 1024K, 3 young (3072K), 3 survivors (3072K)
 Metaspace       used 101800K, capacity 104128K, committed 104308K, reserved 1140736K
  class space    used 13080K, capacity 13982K, committed 14080K, reserved 1048576K
Heap Regions: E=young(eden), S=young(survivor), O=old, HS=humongous(starts), HC=humongous(continues), CS=collection set, F=free, A=archive, TAMS=top-at-mark-start (previous, next)
|   0|0x0000000080000000, 0x0000000080100000, 0x0000000080100000|100%|HS|  |TAMS 0x0000000080100000, 0x0000000080100000| Complete 
|   1|0x0000000080100000, 0x0000000080200000, 0x0000000080200000|100%|HC|  |TAMS 0x0000000080200000, 0x0000000080200000| Complete 
|   2|0x0000000080200000, 0x0000000080300000, 0x0000000080300000|100%|HC|  |TAMS 0x0000000080300000, 0x0000000080300000| Complete 
|   3|0x0000000080300000, 0x0000000080400000, 0x0000000080400000|100%| O|  |TAMS 0x0000000080400000, 0x0000000080400000| Untracked 
|   4|0x0000000080400000, 0x0000000080500000, 0x0000000080500000|100%| O|  |TAMS 0x0000000080500000, 0x0000000080500000| Untracked 
|   5|0x0000000080500000, 0x0000000080600000, 0x0000000080600000|100%| O|  |TAMS 0x0000000080600000, 0x0000000080600000| Untracked 
|   6|0x0000000080600000, 0x0000000080700000, 0x0000000080700000|100%| O|  |TAMS 0x0000000080700000, 0x0000000080700000| Untracked 
|   7|0x0000000080700000, 0x0000000080800000, 0x0000000080800000|100%| O|  |TAMS 0x0000000080800000, 0x0000000080800000| Untracked 
|   8|0x0000000080800000, 0x0000000080900000, 0x0000000080900000|100%| O|  |TAMS 0x0000000080900000, 0x0000000080900000| Untracked 
|   9|0x0000000080900000, 0x0000000080a00000, 0x0000000080a00000|100%| O|  |TAMS 0x0000000080a00000, 0x0000000080a00000| Untracked 
|  10|0x0000000080a00000, 0x0000000080b00000, 0x0000000080b00000|100%| O|  |TAMS 0x0000000080b00000, 0x0000000080b00000| Untracked 
|  11|0x0000000080b00000, 0x0000000080c00000, 0x0000000080c00000|100%| O|  |TAMS 0x0000000080c00000, 0x0000000080c00000| Untracked 
|  12|0x0000000080c00000, 0x0000000080d00000, 0x0000000080d00000|100%| O|  |TAMS 0x0000000080d00000, 0x0000000080d00000| Untracked 
|  13|0x0000000080d00000, 0x0000000080e00000, 0x0000000080e00000|100%| O|  |TAMS 0x0000000080e00000, 0x0000000080e00000| Untracked 
|  14|0x0000000080e00000, 0x0000000080f00000, 0x0000000080f00000|100%| O|  |TAMS 0x0000000080f00000, 0x0000000080f00000| Untracked 
|  15|0x0000000080f00000, 0x0000000081000000, 0x0000000081000000|100%| O|  |TAMS 0x0000000081000000, 0x0000000081000000| Untracked 
|  16|0x0000000081000000, 0x0000000081100000, 0x0000000081100000|100%|HS|  |TAMS 0x0000000081100000, 0x0000000081100000| Complete 
|  17|0x0000000081100000, 0x0000000081200000, 0x0000000081200000|100%| O|  |TAMS 0x0000000081200000, 0x0000000081200000| Untracked 
|  18|0x0000000081200000, 0x0000000081300000, 0x0000000081300000|100%| O|  |TAMS 0x0000000081300000, 0x0000000081300000| Untracked 
|  19|0x0000000081300000, 0x0000000081400000, 0x0000000081400000|100%| O|  |TAMS 0x0000000081400000, 0x0000000081400000| Untracked 
|  20|0x0000000081400000, 0x0000000081500000, 0x0000000081500000|100%| O|  |TAMS 0x0000000081500000, 0x0000000081500000| Untracked 
|  21|0x0000000081500000, 0x0000000081600000, 0x0000000081600000|100%| O|  |TAMS 0x0000000081600000, 0x0000000081600000| Untracked 
|  22|0x0000000081600000, 0x0000000081700000, 0x0000000081700000|100%| O|  |TAMS 0x0000000081700000, 0x0000000081700000| Untracked 
|  23|0x0000000081700000, 0x0000000081800000, 0x0000000081800000|100%|HS|  |TAMS 0x0000000081800000, 0x0000000081800000| Complete 
|  24|0x0000000081800000, 0x0000000081900000, 0x0000000081900000|100%|HS|  |TAMS 0x0000000081900000, 0x0000000081900000| Complete 
|  25|0x0000000081900000, 0x0000000081a00000, 0x0000000081a00000|100%|HS|  |TAMS 0x0000000081a00000, 0x0000000081a00000| Complete 
|  26|0x0000000081a00000, 0x0000000081b00000, 0x0000000081b00000|100%|HC|  |TAMS 0x0000000081b00000, 0x0000000081b00000| Complete 
|  27|0x0000000081b00000, 0x0000000081c00000, 0x0000000081c00000|100%|HC|  |TAMS 0x0000000081c00000, 0x0000000081c00000| Complete 
|  28|0x0000000081c00000, 0x0000000081d00000, 0x0000000081d00000|100%|HC|  |TAMS 0x0000000081d00000, 0x0000000081d00000| Complete 
|  29|0x0000000081d00000, 0x0000000081e00000, 0x0000000081e00000|100%| O|  |TAMS 0x0000000081e00000, 0x0000000081e00000| Untracked 
|  30|0x0000000081e00000, 0x0000000081f00000, 0x0000000081f00000|100%| O|  |TAMS 0x0000000081f00000, 0x0000000081f00000| Untracked 
|  31|0x0000000081f00000, 0x0000000082000000, 0x0000000082000000|100%| O|  |TAMS 0x0000000082000000, 0x0000000082000000| Untracked 
|  32|0x0000000082000000, 0x0000000082100000, 0x0000000082100000|100%| O|  |TAMS 0x0000000082100000, 0x0000000082100000| Untracked 
|  33|0x0000000082100000, 0x0000000082200000, 0x0000000082200000|100%| O|  |TAMS 0x0000000082200000, 0x0000000082200000| Untracked 
|  34|0x0000000082200000, 0x0000000082300000, 0x0000000082300000|100%| O|  |TAMS 0x0000000082300000, 0x0000000082300000| Untracked 
|  35|0x0000000082300000, 0x0000000082400000, 0x0000000082400000|100%| O|  |TAMS 0x0000000082400000, 0x0000000082400000| Untracked 
|  36|0x0000000082400000, 0x0000000082500000, 0x0000000082500000|100%|HS|  |TAMS 0x0000000082500000, 0x0000000082500000| Complete 
|  37|0x0000000082500000, 0x0000000082600000, 0x0000000082600000|100%|HC|  |TAMS 0x0000000082600000, 0x0000000082600000| Complete 
|  38|0x0000000082600000, 0x0000000082700000, 0x0000000082700000|100%| O|  |TAMS 0x0000000082700000, 0x0000000082700000| Untracked 
|  39|0x0000000082700000, 0x0000000082800000, 0x0000000082800000|100%| O|  |TAMS 0x0000000082800000, 0x0000000082800000| Untracked 
|  40|0x0000000082800000, 0x0000000082900000, 0x0000000082900000|100%| O|  |TAMS 0x0000000082900000, 0x0000000082900000| Untracked 
|  41|0x0000000082900000, 0x0000000082a00000, 0x0000000082a00000|100%| O|  |TAMS 0x0000000082a00000, 0x0000000082a00000| Untracked 
|  42|0x0000000082a00000, 0x0000000082b00000, 0x0000000082b00000|100%| O|  |TAMS 0x0000000082b00000, 0x0000000082b00000| Untracked 
|  43|0x0000000082b00000, 0x0000000082c00000, 0x0000000082c00000|100%| O|  |TAMS 0x0000000082c00000, 0x0000000082c00000| Untracked 
|  44|0x0000000082c00000, 0x0000000082d00000, 0x0000000082d00000|100%| O|  |TAMS 0x0000000082d00000, 0x0000000082d00000| Untracked 
|  45|0x0000000082d00000, 0x0000000082e00000, 0x0000000082e00000|100%| O|  |TAMS 0x0000000082e00000, 0x0000000082e00000| Untracked 
|  46|0x0000000082e00000, 0x0000000082f00000, 0x0000000082f00000|100%| O|  |TAMS 0x0000000082f00000, 0x0000000082f00000| Untracked 
|  47|0x0000000082f00000, 0x0000000083000000, 0x0000000083000000|100%| O|  |TAMS 0x0000000083000000, 0x0000000083000000| Untracked 
|  48|0x0000000083000000, 0x0000000083100000, 0x0000000083100000|100%| O|  |TAMS 0x0000000083100000, 0x0000000083100000| Untracked 
|  49|0x0000000083100000, 0x0000000083200000, 0x0000000083200000|100%| O|  |TAMS 0x0000000083200000, 0x0000000083200000| Untracked 
|  50|0x0000000083200000, 0x0000000083300000, 0x0000000083300000|100%| O|  |TAMS 0x0000000083300000, 0x0000000083300000| Untracked 
|  51|0x0000000083300000, 0x0000000083400000, 0x0000000083400000|100%| O|  |TAMS 0x0000000083400000, 0x0000000083400000| Untracked 
|  52|0x0000000083400000, 0x0000000083500000, 0x0000000083500000|100%| O|  |TAMS 0x0000000083500000, 0x0000000083500000| Untracked 
|  53|0x0000000083500000, 0x0000000083600000, 0x0000000083600000|100%| O|  |TAMS 0x0000000083600000, 0x0000000083600000| Untracked 
|  54|0x0000000083600000, 0x0000000083700000, 0x0000000083700000|100%| O|  |TAMS 0x0000000083700000, 0x0000000083700000| Untracked 
|  55|0x0000000083700000, 0x0000000083800000, 0x0000000083800000|100%| O|  |TAMS 0x0000000083800000, 0x0000000083800000| Untracked 
|  56|0x0000000083800000, 0x0000000083900000, 0x0000000083900000|100%| O|  |TAMS 0x0000000083900000, 0x0000000083900000| Untracked 
|  57|0x0000000083900000, 0x0000000083a00000, 0x0000000083a00000|100%| O|  |TAMS 0x0000000083a00000, 0x0000000083a00000| Untracked 
|  58|0x0000000083a00000, 0x0000000083b00000, 0x0000000083b00000|100%| O|  |TAMS 0x0000000083b00000, 0x0000000083b00000| Untracked 
|  59|0x0000000083b00000, 0x0000000083c00000, 0x0000000083c00000|100%| O|  |TAMS 0x0000000083c00000, 0x0000000083c00000| Untracked 
|  60|0x0000000083c00000, 0x0000000083d00000, 0x0000000083d00000|100%| O|  |TAMS 0x0000000083d00000, 0x0000000083d00000| Untracked 
|  61|0x0000000083d00000, 0x0000000083e00000, 0x0000000083e00000|100%| O|  |TAMS 0x0000000083e00000, 0x0000000083e00000| Untracked 
|  62|0x0000000083e00000, 0x0000000083f00000, 0x0000000083f00000|100%| O|  |TAMS 0x0000000083f00000, 0x0000000083f00000| Untracked 
|  63|0x0000000083f00000, 0x0000000084000000, 0x0000000084000000|100%| O|  |TAMS 0x0000000084000000, 0x0000000084000000| Untracked 
|  64|0x0000000084000000, 0x0000000084100000, 0x0000000084100000|100%| O|  |TAMS 0x0000000084100000, 0x0000000084100000| Untracked 
|  65|0x0000000084100000, 0x0000000084200000, 0x0000000084200000|100%| O|  |TAMS 0x0000000084200000, 0x0000000084200000| Untracked 
|  66|0x0000000084200000, 0x0000000084300000, 0x0000000084300000|100%| O|  |TAMS 0x0000000084300000, 0x0000000084300000| Untracked 
|  67|0x0000000084300000, 0x0000000084400000, 0x0000000084400000|100%| O|  |TAMS 0x0000000084400000, 0x0000000084400000| Untracked 
|  68|0x0000000084400000, 0x0000000084500000, 0x0000000084500000|100%| O|  |TAMS 0x0000000084500000, 0x0000000084500000| Untracked 
|  69|0x0000000084500000, 0x0000000084600000, 0x0000000084600000|100%| O|  |TAMS 0x0000000084600000, 0x0000000084600000| Untracked 
|  70|0x0000000084600000, 0x0000000084700000, 0x0000000084700000|100%| O|  |TAMS 0x0000000084700000, 0x0000000084700000| Untracked 
|  71|0x0000000084700000, 0x0000000084800000, 0x0000000084800000|100%| O|  |TAMS 0x0000000084800000, 0x0000000084800000| Untracked 
|  72|0x0000000084800000, 0x0000000084900000, 0x0000000084900000|100%| O|  |TAMS 0x0000000084900000, 0x0000000084900000| Untracked 
|  73|0x0000000084900000, 0x0000000084a00000, 0x0000000084a00000|100%| O|  |TAMS 0x0000000084a00000, 0x0000000084a00000| Untracked 
|  74|0x0000000084a00000, 0x0000000084b00000, 0x0000000084b00000|100%| O|  |TAMS 0x0000000084b00000, 0x0000000084b00000| Untracked 
|  75|0x0000000084b00000, 0x0000000084c00000, 0x0000000084c00000|100%| O|  |TAMS 0x0000000084c00000, 0x0000000084c00000| Untracked 
|  76|0x0000000084c00000, 0x0000000084d00000, 0x0000000084d00000|100%| O|  |TAMS 0x0000000084d00000, 0x0000000084d00000| Untracked 
|  77|0x0000000084d00000, 0x0000000084e00000, 0x0000000084e00000|100%| O|  |TAMS 0x0000000084e00000, 0x0000000084e00000| Untracked 
|  78|0x0000000084e00000, 0x0000000084f00000, 0x0000000084f00000|100%| O|  |TAMS 0x0000000084f00000, 0x0000000084f00000| Untracked 
|  79|0x0000000084f00000, 0x0000000085000000, 0x0000000085000000|100%| O|  |TAMS 0x0000000085000000, 0x0000000085000000| Untracked 
|  80|0x0000000085000000, 0x0000000085100000, 0x0000000085100000|100%| O|  |TAMS 0x0000000085100000, 0x0000000085100000| Untracked 
|  81|0x0000000085100000, 0x0000000085200000, 0x0000000085200000|100%| O|  |TAMS 0x0000000085200000, 0x0000000085200000| Untracked 
|  82|0x0000000085200000, 0x0000000085300000, 0x0000000085300000|100%| O|  |TAMS 0x0000000085300000, 0x0000000085300000| Untracked 
|  83|0x0000000085300000, 0x0000000085400000, 0x0000000085400000|100%| O|  |TAMS 0x0000000085400000, 0x0000000085400000| Untracked 
|  84|0x0000000085400000, 0x0000000085500000, 0x0000000085500000|100%| O|  |TAMS 0x0000000085500000, 0x0000000085500000| Untracked 
|  85|0x0000000085500000, 0x0000000085600000, 0x0000000085600000|100%| O|  |TAMS 0x0000000085600000, 0x0000000085600000| Untracked 
|  86|0x0000000085600000, 0x0000000085700000, 0x0000000085700000|100%| O|  |TAMS 0x0000000085700000, 0x0000000085700000| Untracked 
|  87|0x0000000085700000, 0x0000000085800000, 0x0000000085800000|100%| O|  |TAMS 0x0000000085800000, 0x0000000085800000| Untracked 
|  88|0x0000000085800000, 0x0000000085900000, 0x0000000085900000|100%| O|  |TAMS 0x0000000085900000, 0x0000000085900000| Untracked 
|  89|0x0000000085900000, 0x0000000085a00000, 0x0000000085a00000|100%| O|  |TAMS 0x0000000085a00000, 0x0000000085a00000| Untracked 
|  90|0x0000000085a00000, 0x0000000085b00000, 0x0000000085b00000|100%| O|  |TAMS 0x0000000085b00000, 0x0000000085b00000| Untracked 
|  91|0x0000000085b00000, 0x0000000085c00000, 0x0000000085c00000|100%| O|  |TAMS 0x0000000085c00000, 0x0000000085c00000| Untracked 
|  92|0x0000000085c00000, 0x0000000085d00000, 0x0000000085d00000|100%| O|  |TAMS 0x0000000085d00000, 0x0000000085d00000| Untracked 
|  93|0x0000000085d00000, 0x0000000085e00000, 0x0000000085e00000|100%| O|  |TAMS 0x0000000085e00000, 0x0000000085e00000| Untracked 
|  94|0x0000000085e00000, 0x0000000085f00000, 0x0000000085f00000|100%| O|  |TAMS 0x0000000085f00000, 0x0000000085f00000| Untracked 
|  95|0x0000000085f00000, 0x0000000086000000, 0x0000000086000000|100%|HS|  |TAMS 0x0000000086000000, 0x0000000086000000| Complete 
|  96|0x0000000086000000, 0x0000000086100000, 0x0000000086100000|100%|HC|  |TAMS 0x0000000086100000, 0x0000000086100000| Complete 
|  97|0x0000000086100000, 0x0000000086200000, 0x0000000086200000|100%|HS|  |TAMS 0x0000000086200000, 0x0000000086200000| Complete 
|  98|0x0000000086200000, 0x0000000086300000, 0x0000000086300000|100%|HS|  |TAMS 0x0000000086300000, 0x0000000086300000| Complete 
|  99|0x0000000086300000, 0x0000000086400000, 0x0000000086400000|100%|HS|  |TAMS 0x0000000086400000, 0x0000000086400000| Complete 
| 100|0x0000000086400000, 0x0000000086500000, 0x0000000086500000|100%| O|  |TAMS 0x0000000086500000, 0x0000000086500000| Untracked 
| 101|0x0000000086500000, 0x0000000086600000, 0x0000000086600000|100%| O|  |TAMS 0x0000000086600000, 0x0000000086600000| Untracked 
| 102|0x0000000086600000, 0x0000000086700000, 0x0000000086700000|100%| O|  |TAMS 0x0000000086700000, 0x0000000086700000| Untracked 
| 103|0x0000000086700000, 0x0000000086800000, 0x0000000086800000|100%| O|  |TAMS 0x0000000086800000, 0x0000000086800000| Untracked 
| 104|0x0000000086800000, 0x0000000086900000, 0x0000000086900000|100%|HS|  |TAMS 0x0000000086900000, 0x0000000086900000| Complete 
| 105|0x0000000086900000, 0x0000000086a00000, 0x0000000086a00000|100%|HS|  |TAMS 0x0000000086a00000, 0x0000000086a00000| Complete 
| 106|0x0000000086a00000, 0x0000000086b00000, 0x0000000086b00000|100%|HC|  |TAMS 0x0000000086b00000, 0x0000000086b00000| Complete 
| 107|0x0000000086b00000, 0x0000000086c00000, 0x0000000086c00000|100%|HS|  |TAMS 0x0000000086c00000, 0x0000000086c00000| Complete 
| 108|0x0000000086c00000, 0x0000000086d00000, 0x0000000086d00000|100%|HC|  |TAMS 0x0000000086d00000, 0x0000000086d00000| Complete 
| 109|0x0000000086d00000, 0x0000000086e00000, 0x0000000086e00000|100%|HS|  |TAMS 0x0000000086e00000, 0x0000000086e00000| Complete 
| 110|0x0000000086e00000, 0x0000000086f00000, 0x0000000086f00000|100%|HS|  |TAMS 0x0000000086f00000, 0x0000000086f00000| Complete 
| 111|0x0000000086f00000, 0x0000000087000000, 0x0000000087000000|100%|HC|  |TAMS 0x0000000087000000, 0x0000000087000000| Complete 
| 112|0x0000000087000000, 0x0000000087100000, 0x0000000087100000|100%|HC|  |TAMS 0x0000000087100000, 0x0000000087100000| Complete 
| 113|0x0000000087100000, 0x0000000087200000, 0x0000000087200000|100%| O|  |TAMS 0x0000000087200000, 0x0000000087200000| Untracked 
| 114|0x0000000087200000, 0x0000000087300000, 0x0000000087300000|100%| O|  |TAMS 0x0000000087300000, 0x0000000087300000| Untracked 
| 115|0x0000000087300000, 0x0000000087400000, 0x0000000087400000|100%| O|  |TAMS 0x0000000087400000, 0x0000000087400000| Untracked 
| 116|0x0000000087400000, 0x0000000087500000, 0x0000000087500000|100%| O|  |TAMS 0x0000000087500000, 0x0000000087500000| Untracked 
| 117|0x0000000087500000, 0x0000000087600000, 0x0000000087600000|100%| O|  |TAMS 0x0000000087600000, 0x0000000087600000| Untracked 
| 118|0x0000000087600000, 0x0000000087700000, 0x0000000087700000|100%| O|  |TAMS 0x0000000087700000, 0x0000000087700000| Untracked 
| 119|0x0000000087700000, 0x0000000087800000, 0x0000000087800000|100%| O|  |TAMS 0x0000000087800000, 0x0000000087800000| Untracked 
| 120|0x0000000087800000, 0x0000000087900000, 0x0000000087900000|100%| O|  |TAMS 0x0000000087900000, 0x0000000087900000| Untracked 
| 121|0x0000000087900000, 0x0000000087a00000, 0x0000000087a00000|100%|HS|  |TAMS 0x0000000087a00000, 0x0000000087a00000| Complete 
| 122|0x0000000087a00000, 0x0000000087b00000, 0x0000000087b00000|100%|HC|  |TAMS 0x0000000087b00000, 0x0000000087b00000| Complete 
| 123|0x0000000087b00000, 0x0000000087c00000, 0x0000000087c00000|100%| O|  |TAMS 0x0000000087c00000, 0x0000000087c00000| Untracked 
| 124|0x0000000087c00000, 0x0000000087d00000, 0x0000000087d00000|100%|HS|  |TAMS 0x0000000087d00000, 0x0000000087d00000| Complete 
| 125|0x0000000087d00000, 0x0000000087e00000, 0x0000000087e00000|100%| O|  |TAMS 0x0000000087e00000, 0x0000000087e00000| Untracked 
| 126|0x0000000087e00000, 0x0000000087f00000, 0x0000000087f00000|100%|HS|  |TAMS 0x0000000087f00000, 0x0000000087f00000| Complete 
| 127|0x0000000087f00000, 0x0000000088000000, 0x0000000088000000|100%| O|  |TAMS 0x0000000088000000, 0x0000000088000000| Untracked 
| 128|0x0000000088000000, 0x0000000088100000, 0x0000000088100000|100%|HS|  |TAMS 0x0000000088100000, 0x0000000088100000| Complete 
| 129|0x0000000088100000, 0x0000000088200000, 0x0000000088200000|100%| O|  |TAMS 0x0000000088200000, 0x0000000088200000| Untracked 
| 130|0x0000000088200000, 0x0000000088300000, 0x0000000088300000|100%|HS|  |TAMS 0x0000000088300000, 0x0000000088300000| Complete 
| 131|0x0000000088300000, 0x0000000088400000, 0x0000000088400000|100%| O|  |TAMS 0x00000000883e3000, 0x0000000088400000| Untracked 
| 132|0x0000000088400000, 0x0000000088500000, 0x0000000088500000|100%|HS|  |TAMS 0x0000000088400000, 0x0000000088500000| Complete 
| 133|0x0000000088500000, 0x0000000088600000, 0x0000000088600000|100%|HS|  |TAMS 0x0000000088500000, 0x0000000088600000| Complete 
| 134|0x0000000088600000, 0x0000000088700000, 0x0000000088700000|100%|HS|  |TAMS 0x0000000088700000, 0x0000000088700000| Complete 
| 135|0x0000000088700000, 0x0000000088800000, 0x0000000088800000|100%|HC|  |TAMS 0x0000000088800000, 0x0000000088800000| Complete 
| 136|0x0000000088800000, 0x0000000088900000, 0x0000000088900000|100%| O|  |TAMS 0x0000000088800000, 0x0000000088900000| Untracked 
| 137|0x0000000088900000, 0x0000000088a00000, 0x0000000088a00000|100%| O|  |TAMS 0x0000000088900000, 0x0000000088a00000| Untracked 
| 138|0x0000000088a00000, 0x0000000088b00000, 0x0000000088b00000|100%| O|  |TAMS 0x0000000088a00000, 0x0000000088b00000| Untracked 
| 139|0x0000000088b00000, 0x0000000088c00000, 0x0000000088c00000|100%|HS|  |TAMS 0x0000000088c00000, 0x0000000088c00000| Complete 
| 140|0x0000000088c00000, 0x0000000088d00000, 0x0000000088d00000|100%|HC|  |TAMS 0x0000000088d00000, 0x0000000088d00000| Complete 
| 141|0x0000000088d00000, 0x0000000088e00000, 0x0000000088e00000|100%| O|  |TAMS 0x0000000088d00000, 0x0000000088e00000| Untracked 
| 142|0x0000000088e00000, 0x0000000088f00000, 0x0000000088f00000|100%|HS|  |TAMS 0x0000000088f00000, 0x0000000088f00000| Complete 
| 143|0x0000000088f00000, 0x0000000089000000, 0x0000000089000000|100%| O|  |TAMS 0x0000000088f00000, 0x0000000089000000| Untracked 
| 144|0x0000000089000000, 0x0000000089100000, 0x0000000089100000|100%| O|  |TAMS 0x0000000089000000, 0x0000000089100000| Untracked 
| 145|0x0000000089100000, 0x0000000089200000, 0x0000000089200000|100%| O|  |TAMS 0x0000000089100000, 0x0000000089200000| Untracked 
| 146|0x0000000089200000, 0x0000000089300000, 0x0000000089300000|100%| O|  |TAMS 0x0000000089200000, 0x0000000089300000| Untracked 
| 147|0x0000000089300000, 0x0000000089400000, 0x0000000089400000|100%| O|  |TAMS 0x0000000089300000, 0x0000000089400000| Untracked 
| 148|0x0000000089400000, 0x0000000089500000, 0x0000000089500000|100%| O|  |TAMS 0x0000000089400000, 0x0000000089500000| Untracked 
| 149|0x0000000089500000, 0x0000000089600000, 0x0000000089600000|100%|HS|  |TAMS 0x0000000089600000, 0x0000000089600000| Complete 
| 150|0x0000000089600000, 0x0000000089700000, 0x0000000089700000|100%|HC|  |TAMS 0x0000000089700000, 0x0000000089700000| Complete 
| 151|0x0000000089700000, 0x0000000089800000, 0x0000000089800000|100%|HC|  |TAMS 0x0000000089800000, 0x0000000089800000| Complete 
| 152|0x0000000089800000, 0x0000000089900000, 0x0000000089900000|100%| O|  |TAMS 0x0000000089900000, 0x0000000089900000| Untracked 
| 153|0x0000000089900000, 0x0000000089a00000, 0x0000000089a00000|100%| O|  |TAMS 0x0000000089a00000, 0x0000000089a00000| Untracked 
| 154|0x0000000089a00000, 0x0000000089b00000, 0x0000000089b00000|100%| O|  |TAMS 0x0000000089b00000, 0x0000000089b00000| Untracked 
| 155|0x0000000089b00000, 0x0000000089c00000, 0x0000000089c00000|100%| O|  |TAMS 0x0000000089c00000, 0x0000000089c00000| Untracked 
| 156|0x0000000089c00000, 0x0000000089d00000, 0x0000000089d00000|100%| O|  |TAMS 0x0000000089d00000, 0x0000000089d00000| Untracked 
| 157|0x0000000089d00000, 0x0000000089e00000, 0x0000000089e00000|100%| O|  |TAMS 0x0000000089e00000, 0x0000000089e00000| Untracked 
| 158|0x0000000089e00000, 0x0000000089f00000, 0x0000000089f00000|100%| O|  |TAMS 0x0000000089f00000, 0x0000000089f00000| Untracked 
| 159|0x0000000089f00000, 0x000000008a000000, 0x000000008a000000|100%| O|  |TAMS 0x000000008a000000, 0x000000008a000000| Untracked 
| 160|0x000000008a000000, 0x000000008a100000, 0x000000008a100000|100%| O|  |TAMS 0x000000008a100000, 0x000000008a100000| Untracked 
| 161|0x000000008a100000, 0x000000008a200000, 0x000000008a200000|100%| O|  |TAMS 0x000000008a200000, 0x000000008a200000| Untracked 
| 162|0x000000008a200000, 0x000000008a300000, 0x000000008a300000|100%|HS|  |TAMS 0x000000008a200000, 0x000000008a300000| Complete 
| 163|0x000000008a300000, 0x000000008a400000, 0x000000008a400000|100%|HC|  |TAMS 0x000000008a300000, 0x000000008a400000| Complete 
| 164|0x000000008a400000, 0x000000008a500000, 0x000000008a500000|100%| O|  |TAMS 0x000000008a400000, 0x000000008a500000| Untracked 
| 165|0x000000008a500000, 0x000000008a600000, 0x000000008a600000|100%| O|  |TAMS 0x000000008a500000, 0x000000008a600000| Untracked 
| 166|0x000000008a600000, 0x000000008a700000, 0x000000008a700000|100%| O|  |TAMS 0x000000008a600000, 0x000000008a700000| Untracked 
| 167|0x000000008a700000, 0x000000008a800000, 0x000000008a800000|100%| O|  |TAMS 0x000000008a700000, 0x000000008a800000| Untracked 
| 168|0x000000008a800000, 0x000000008a900000, 0x000000008a900000|100%| O|  |TAMS 0x000000008a800000, 0x000000008a900000| Untracked 
| 169|0x000000008a900000, 0x000000008aa00000, 0x000000008aa00000|100%| O|  |TAMS 0x000000008a900000, 0x000000008aa00000| Untracked 
| 170|0x000000008aa00000, 0x000000008ab00000, 0x000000008ab00000|100%| O|  |TAMS 0x000000008aa00000, 0x000000008ab00000| Untracked 
| 171|0x000000008ab00000, 0x000000008ac00000, 0x000000008ac00000|100%| O|  |TAMS 0x000000008ab00000, 0x000000008ac00000| Untracked 
| 172|0x000000008ac00000, 0x000000008ad00000, 0x000000008ad00000|100%| O|  |TAMS 0x000000008ac00000, 0x000000008ad00000| Untracked 
| 173|0x000000008ad00000, 0x000000008ae00000, 0x000000008ae00000|100%| O|  |TAMS 0x000000008ad00000, 0x000000008ae00000| Untracked 
| 174|0x000000008ae00000, 0x000000008af00000, 0x000000008af00000|100%| O|  |TAMS 0x000000008ae00000, 0x000000008af00000| Untracked 
| 175|0x000000008af00000, 0x000000008b000000, 0x000000008b000000|100%| O|  |TAMS 0x000000008af00000, 0x000000008b000000| Untracked 
| 176|0x000000008b000000, 0x000000008b100000, 0x000000008b100000|100%| O|  |TAMS 0x000000008b000000, 0x000000008b100000| Untracked 
| 177|0x000000008b100000, 0x000000008b200000, 0x000000008b200000|100%| O|  |TAMS 0x000000008b100000, 0x000000008b200000| Untracked 
| 178|0x000000008b200000, 0x000000008b300000, 0x000000008b300000|100%| O|  |TAMS 0x000000008b200000, 0x000000008b300000| Untracked 
| 179|0x000000008b300000, 0x000000008b400000, 0x000000008b400000|100%| O|  |TAMS 0x000000008b300000, 0x000000008b400000| Untracked 
| 180|0x000000008b400000, 0x000000008b500000, 0x000000008b500000|100%| O|  |TAMS 0x000000008b400000, 0x000000008b500000| Untracked 
| 181|0x000000008b500000, 0x000000008b600000, 0x000000008b600000|100%| O|  |TAMS 0x000000008b500000, 0x000000008b600000| Untracked 
| 182|0x000000008b600000, 0x000000008b700000, 0x000000008b700000|100%| O|  |TAMS 0x000000008b600000, 0x000000008b700000| Untracked 
| 183|0x000000008b700000, 0x000000008b800000, 0x000000008b800000|100%| O|  |TAMS 0x000000008b700000, 0x000000008b800000| Untracked 
| 184|0x000000008b800000, 0x000000008b900000, 0x000000008b900000|100%| O|  |TAMS 0x000000008b800000, 0x000000008b900000| Untracked 
| 185|0x000000008b900000, 0x000000008ba00000, 0x000000008ba00000|100%| O|  |TAMS 0x000000008b900000, 0x000000008ba00000| Untracked 
| 186|0x000000008ba00000, 0x000000008bb00000, 0x000000008bb00000|100%| O|  |TAMS 0x000000008ba00000, 0x000000008bb00000| Untracked 
| 187|0x000000008bb00000, 0x000000008bc00000, 0x000000008bc00000|100%| O|  |TAMS 0x000000008bb00000, 0x000000008bc00000| Untracked 
| 188|0x000000008bc00000, 0x000000008bd00000, 0x000000008bd00000|100%| O|  |TAMS 0x000000008bc00000, 0x000000008bd00000| Untracked 
| 189|0x000000008bd00000, 0x000000008be00000, 0x000000008be00000|100%| O|  |TAMS 0x000000008bd00000, 0x000000008be00000| Untracked 
| 190|0x000000008be00000, 0x000000008bf00000, 0x000000008bf00000|100%| O|  |TAMS 0x000000008be00000, 0x000000008bf00000| Untracked 
| 191|0x000000008bf00000, 0x000000008c000000, 0x000000008c000000|100%| O|  |TAMS 0x000000008bf00000, 0x000000008c000000| Untracked 
| 192|0x000000008c000000, 0x000000008c100000, 0x000000008c100000|100%| O|  |TAMS 0x000000008c000000, 0x000000008c100000| Untracked 
| 193|0x000000008c100000, 0x000000008c200000, 0x000000008c200000|100%| O|  |TAMS 0x000000008c100000, 0x000000008c200000| Untracked 
| 194|0x000000008c200000, 0x000000008c300000, 0x000000008c300000|100%| O|  |TAMS 0x000000008c200000, 0x000000008c300000| Untracked 
| 195|0x000000008c300000, 0x000000008c400000, 0x000000008c400000|100%| O|  |TAMS 0x000000008c300000, 0x000000008c400000| Untracked 
| 196|0x000000008c400000, 0x000000008c500000, 0x000000008c500000|100%| O|  |TAMS 0x000000008c400000, 0x000000008c500000| Untracked 
| 197|0x000000008c500000, 0x000000008c600000, 0x000000008c600000|100%| O|  |TAMS 0x000000008c500000, 0x000000008c500000| Untracked 
| 198|0x000000008c600000, 0x000000008c700000, 0x000000008c700000|100%| O|  |TAMS 0x000000008c600000, 0x000000008c600000| Untracked 
| 199|0x000000008c700000, 0x000000008c800000, 0x000000008c800000|100%| O|  |TAMS 0x000000008c700000, 0x000000008c700000| Untracked 
| 200|0x000000008c800000, 0x000000008c900000, 0x000000008c900000|100%| O|  |TAMS 0x000000008c800000, 0x000000008c800000| Untracked 
| 201|0x000000008c900000, 0x000000008ca00000, 0x000000008ca00000|100%| O|  |TAMS 0x000000008c900000, 0x000000008c900000| Untracked 
| 202|0x000000008ca00000, 0x000000008cb00000, 0x000000008cb00000|100%| O|  |TAMS 0x000000008ca00000, 0x000000008ca00000| Untracked 
| 203|0x000000008cb00000, 0x000000008cc00000, 0x000000008cc00000|100%| O|  |TAMS 0x000000008cb00000, 0x000000008cb00000| Untracked 
| 204|0x000000008cc00000, 0x000000008cd00000, 0x000000008cd00000|100%| O|  |TAMS 0x000000008cc00000, 0x000000008cc00000| Untracked 
| 205|0x000000008cd00000, 0x000000008ce00000, 0x000000008ce00000|100%| O|  |TAMS 0x000000008cd00000, 0x000000008cd00000| Untracked 
| 206|0x000000008ce00000, 0x000000008cf00000, 0x000000008cf00000|100%| O|  |TAMS 0x000000008ce00000, 0x000000008ce00000| Untracked 
| 207|0x000000008cf00000, 0x000000008d000000, 0x000000008d000000|100%| O|  |TAMS 0x000000008cf00000, 0x000000008cf00000| Untracked 
| 208|0x000000008d000000, 0x000000008d100000, 0x000000008d100000|100%| O|  |TAMS 0x000000008d000000, 0x000000008d000000| Untracked 
| 209|0x000000008d100000, 0x000000008d200000, 0x000000008d200000|100%| O|  |TAMS 0x000000008d100000, 0x000000008d100000| Untracked 
| 210|0x000000008d200000, 0x000000008d300000, 0x000000008d300000|100%| O|  |TAMS 0x000000008d200000, 0x000000008d200000| Untracked 
| 211|0x000000008d300000, 0x000000008d400000, 0x000000008d400000|100%| O|  |TAMS 0x000000008d300000, 0x000000008d300000| Untracked 
| 212|0x000000008d400000, 0x000000008d500000, 0x000000008d500000|100%| O|  |TAMS 0x000000008d400000, 0x000000008d400000| Untracked 
| 213|0x000000008d500000, 0x000000008d600000, 0x000000008d600000|100%| O|  |TAMS 0x000000008d500000, 0x000000008d500000| Untracked 
| 214|0x000000008d600000, 0x000000008d700000, 0x000000008d700000|100%| O|  |TAMS 0x000000008d600000, 0x000000008d600000| Untracked 
| 215|0x000000008d700000, 0x000000008d800000, 0x000000008d800000|100%| O|  |TAMS 0x000000008d700000, 0x000000008d700000| Untracked 
| 216|0x000000008d800000, 0x000000008d880000, 0x000000008d900000| 50%| O|  |TAMS 0x000000008d800000, 0x000000008d800000| Untracked 
| 217|0x000000008d900000, 0x000000008d900000, 0x000000008da00000|  0%| F|  |TAMS 0x000000008d900000, 0x000000008d900000| Untracked 
| 218|0x000000008da00000, 0x000000008da00000, 0x000000008db00000|  0%| F|  |TAMS 0x000000008da00000, 0x000000008da00000| Untracked 
| 219|0x000000008db00000, 0x000000008db00000, 0x000000008dc00000|  0%| F|  |TAMS 0x000000008db00000, 0x000000008db00000| Untracked 
| 220|0x000000008dc00000, 0x000000008dc00000, 0x000000008dd00000|  0%| F|  |TAMS 0x000000008dc00000, 0x000000008dc00000| Untracked 
| 221|0x000000008dd00000, 0x000000008dd00000, 0x000000008de00000|  0%| F|  |TAMS 0x000000008dd00000, 0x000000008dd00000| Untracked 
| 222|0x000000008de00000, 0x000000008df00000, 0x000000008df00000|100%| O|  |TAMS 0x000000008df00000, 0x000000008df00000| Untracked 
| 223|0x000000008df00000, 0x000000008e000000, 0x000000008e000000|100%| O|  |TAMS 0x000000008e000000, 0x000000008e000000| Untracked 
| 224|0x000000008e000000, 0x000000008e100000, 0x000000008e100000|100%| O|  |TAMS 0x000000008e100000, 0x000000008e100000| Untracked 
| 225|0x000000008e100000, 0x000000008e200000, 0x000000008e200000|100%| O|  |TAMS 0x000000008e200000, 0x000000008e200000| Untracked 
| 226|0x000000008e200000, 0x000000008e300000, 0x000000008e300000|100%| O|  |TAMS 0x000000008e300000, 0x000000008e300000| Untracked 
| 227|0x000000008e300000, 0x000000008e400000, 0x000000008e400000|100%| O|  |TAMS 0x000000008e400000, 0x000000008e400000| Untracked 
| 228|0x000000008e400000, 0x000000008e500000, 0x000000008e500000|100%| O|  |TAMS 0x000000008e500000, 0x000000008e500000| Untracked 
| 229|0x000000008e500000, 0x000000008e600000, 0x000000008e600000|100%| O|  |TAMS 0x000000008e600000, 0x000000008e600000| Untracked 
| 230|0x000000008e600000, 0x000000008e700000, 0x000000008e700000|100%| O|  |TAMS 0x000000008e700000, 0x000000008e700000| Untracked 
| 231|0x000000008e700000, 0x000000008e700000, 0x000000008e800000|  0%| F|  |TAMS 0x000000008e700000, 0x000000008e700000| Untracked 
| 232|0x000000008e800000, 0x000000008e800000, 0x000000008e900000|  0%| F|  |TAMS 0x000000008e800000, 0x000000008e800000| Untracked 
| 233|0x000000008e900000, 0x000000008e900000, 0x000000008ea00000|  0%| F|  |TAMS 0x000000008e900000, 0x000000008e900000| Untracked 
| 234|0x000000008ea00000, 0x000000008ea00000, 0x000000008eb00000|  0%| F|  |TAMS 0x000000008ea00000, 0x000000008ea00000| Untracked 
| 235|0x000000008eb00000, 0x000000008eb00000, 0x000000008ec00000|  0%| F|  |TAMS 0x000000008eb00000, 0x000000008eb00000| Untracked 
| 236|0x000000008ec00000, 0x000000008ec00000, 0x000000008ed00000|  0%| F|  |TAMS 0x000000008ec00000, 0x000000008ec00000| Untracked 
| 237|0x000000008ed00000, 0x000000008ed00000, 0x000000008ee00000|  0%| F|  |TAMS 0x000000008ed00000, 0x000000008ed00000| Untracked 
| 238|0x000000008ee00000, 0x000000008ee00000, 0x000000008ef00000|  0%| F|  |TAMS 0x000000008ee00000, 0x000000008ee00000| Untracked 
| 239|0x000000008ef00000, 0x000000008ef00000, 0x000000008f000000|  0%| F|  |TAMS 0x000000008ef00000, 0x000000008ef00000| Untracked 
| 240|0x000000008f000000, 0x000000008f000000, 0x000000008f100000|  0%| F|  |TAMS 0x000000008f000000, 0x000000008f000000| Untracked 
| 241|0x000000008f100000, 0x000000008f100000, 0x000000008f200000|  0%| F|  |TAMS 0x000000008f100000, 0x000000008f100000| Untracked 
| 242|0x000000008f200000, 0x000000008f200000, 0x000000008f300000|  0%| F|  |TAMS 0x000000008f200000, 0x000000008f200000| Untracked 
| 243|0x000000008f300000, 0x000000008f300000, 0x000000008f400000|  0%| F|  |TAMS 0x000000008f300000, 0x000000008f300000| Untracked 
| 244|0x000000008f400000, 0x000000008f400000, 0x000000008f500000|  0%| F|  |TAMS 0x000000008f400000, 0x000000008f400000| Untracked 
| 245|0x000000008f500000, 0x000000008f500000, 0x000000008f600000|  0%| F|  |TAMS 0x000000008f500000, 0x000000008f500000| Untracked 
| 246|0x000000008f600000, 0x000000008f600000, 0x000000008f700000|  0%| F|  |TAMS 0x000000008f600000, 0x000000008f600000| Untracked 
| 247|0x000000008f700000, 0x000000008f700000, 0x000000008f800000|  0%| F|  |TAMS 0x000000008f700000, 0x000000008f700000| Untracked 
| 248|0x000000008f800000, 0x000000008f800000, 0x000000008f900000|  0%| F|  |TAMS 0x000000008f800000, 0x000000008f800000| Untracked 
| 249|0x000000008f900000, 0x000000008f900000, 0x000000008fa00000|  0%| F|  |TAMS 0x000000008f900000, 0x000000008f900000| Untracked 
| 250|0x000000008fa00000, 0x000000008fa00000, 0x000000008fb00000|  0%| F|  |TAMS 0x000000008fa00000, 0x000000008fa00000| Untracked 
| 251|0x000000008fb00000, 0x000000008fb00000, 0x000000008fc00000|  0%| F|  |TAMS 0x000000008fb00000, 0x000000008fb00000| Untracked 
| 252|0x000000008fc00000, 0x000000008fc00000, 0x000000008fd00000|  0%| F|  |TAMS 0x000000008fc00000, 0x000000008fc00000| Untracked 
| 253|0x000000008fd00000, 0x000000008fd00000, 0x000000008fe00000|  0%| F|  |TAMS 0x000000008fd00000, 0x000000008fd00000| Untracked 
| 254|0x000000008fe00000, 0x000000008fe00000, 0x000000008ff00000|  0%| F|  |TAMS 0x000000008fe00000, 0x000000008fe00000| Untracked 
| 255|0x000000008ff00000, 0x000000008ff00000, 0x0000000090000000|  0%| F|  |TAMS 0x000000008ff00000, 0x000000008ff00000| Untracked 
| 256|0x0000000090000000, 0x0000000090000000, 0x0000000090100000|  0%| F|  |TAMS 0x0000000090000000, 0x0000000090000000| Untracked 
| 257|0x0000000090100000, 0x0000000090100000, 0x0000000090200000|  0%| F|  |TAMS 0x0000000090100000, 0x0000000090100000| Untracked 
| 258|0x0000000090200000, 0x0000000090200000, 0x0000000090300000|  0%| F|  |TAMS 0x0000000090200000, 0x0000000090200000| Untracked 
| 259|0x0000000090300000, 0x0000000090300000, 0x0000000090400000|  0%| F|  |TAMS 0x0000000090300000, 0x0000000090300000| Untracked 
| 260|0x0000000090400000, 0x0000000090400000, 0x0000000090500000|  0%| F|  |TAMS 0x0000000090400000, 0x0000000090400000| Untracked 
| 261|0x0000000090500000, 0x0000000090600000, 0x0000000090600000|100%| S|CS|TAMS 0x0000000090500000, 0x0000000090500000| Complete 
| 262|0x0000000090600000, 0x0000000090700000, 0x0000000090700000|100%| S|CS|TAMS 0x0000000090600000, 0x0000000090600000| Complete 
| 263|0x0000000090700000, 0x0000000090800000, 0x0000000090800000|100%| S|CS|TAMS 0x0000000090700000, 0x0000000090700000| Complete 
| 264|0x0000000090800000, 0x0000000090800000, 0x0000000090900000|  0%| F|  |TAMS 0x0000000090800000, 0x0000000090800000| Untracked 
| 265|0x0000000090900000, 0x0000000090900000, 0x0000000090a00000|  0%| F|  |TAMS 0x0000000090900000, 0x0000000090900000| Untracked 
| 266|0x0000000090a00000, 0x0000000090a00000, 0x0000000090b00000|  0%| F|  |TAMS 0x0000000090a00000, 0x0000000090a00000| Untracked 
| 267|0x0000000090b00000, 0x0000000090b00000, 0x0000000090c00000|  0%| F|  |TAMS 0x0000000090b00000, 0x0000000090b00000| Untracked 
| 268|0x0000000090c00000, 0x0000000090c00000, 0x0000000090d00000|  0%| F|  |TAMS 0x0000000090c00000, 0x0000000090c00000| Untracked 
| 269|0x0000000090d00000, 0x0000000090d00000, 0x0000000090e00000|  0%| F|  |TAMS 0x0000000090d00000, 0x0000000090d00000| Untracked 
| 270|0x0000000090e00000, 0x0000000090e00000, 0x0000000090f00000|  0%| F|  |TAMS 0x0000000090e00000, 0x0000000090e00000| Untracked 
| 271|0x0000000090f00000, 0x0000000090f00000, 0x0000000091000000|  0%| F|  |TAMS 0x0000000090f00000, 0x0000000090f00000| Untracked 
| 272|0x0000000091000000, 0x0000000091000000, 0x0000000091100000|  0%| F|  |TAMS 0x0000000091000000, 0x0000000091000000| Untracked 
| 273|0x0000000091100000, 0x0000000091100000, 0x0000000091200000|  0%| F|  |TAMS 0x0000000091100000, 0x0000000091100000| Untracked 
| 274|0x0000000091200000, 0x0000000091200000, 0x0000000091300000|  0%| F|  |TAMS 0x0000000091200000, 0x0000000091200000| Untracked 
| 275|0x0000000091300000, 0x0000000091300000, 0x0000000091400000|  0%| F|  |TAMS 0x0000000091300000, 0x0000000091300000| Untracked 
| 276|0x0000000091400000, 0x0000000091400000, 0x0000000091500000|  0%| F|  |TAMS 0x0000000091400000, 0x0000000091400000| Untracked 
| 277|0x0000000091500000, 0x0000000091500000, 0x0000000091600000|  0%| F|  |TAMS 0x0000000091500000, 0x0000000091500000| Untracked 

Card table byte_map: [0x00000193ffb50000,0x00000193fff50000] _byte_map_base: 0x00000193ff750000

Marking Bits (Prev, Next): (CMBitMap*) 0x00000193fb63f688, (CMBitMap*) 0x00000193fb63f6c0
 Prev Bits: [0x000001938f400000, 0x0000019391400000)
 Next Bits: [0x0000019391400000, 0x0000019393400000)

Polling page: 0x00000193f9e00000

Metaspace:

Usage:
  Non-class:     88.03 MB capacity,    86.64 MB ( 98%) used,     1.12 MB (  1%) free+waste,   282.13 KB ( <1%) overhead. 
      Class:     13.65 MB capacity,    12.77 MB ( 94%) used,   777.59 KB (  6%) free+waste,   124.19 KB ( <1%) overhead. 
       Both:    101.69 MB capacity,    99.41 MB ( 98%) used,     1.88 MB (  2%) free+waste,   406.31 KB ( <1%) overhead. 

Virtual space:
  Non-class space:       90.00 MB reserved,      88.11 MB ( 98%) committed 
      Class space:        1.00 GB reserved,      13.75 MB (  1%) committed 
             Both:        1.09 GB reserved,     101.86 MB (  9%) committed 

Chunk freelists:
   Non-Class:  18.00 KB
       Class:  2.00 KB
        Both:  20.00 KB

MaxMetaspaceSize: 17179869184.00 GB
CompressedClassSpaceSize: 1.00 GB
Initial GC threshold: 20.80 MB
Current GC threshold: 166.02 MB
CDS: off

CodeHeap 'non-profiled nmethods': size=120064Kb used=8355Kb max_used=8355Kb free=111708Kb
 bounds [0x0000019387ac0000, 0x00000193882f0000, 0x000001938f000000]
CodeHeap 'profiled nmethods': size=120000Kb used=28073Kb max_used=28073Kb free=91926Kb
 bounds [0x0000019380590000, 0x0000019382100000, 0x0000019387ac0000]
CodeHeap 'non-nmethods': size=5696Kb used=2404Kb max_used=2455Kb free=3291Kb
 bounds [0x0000019380000000, 0x0000019380270000, 0x0000019380590000]
 total_blobs=13646 nmethods=12719 adapters=839
 compilation: enabled
              stopped_count=0, restarted_count=0
 full_count=0

Compilation events (20 events):
Event: 36.650 Thread 0x0000019395a3b000 12904       2       com.android.tools.r8.internal.o6::a (4 bytes)
Event: 36.650 Thread 0x0000019395a3b000 nmethod 12904 0x00000193820f7810 code [0x00000193820f79c0, 0x00000193820f7a98]
Event: 36.650 Thread 0x0000019395a3b000 12905       2       com.android.tools.r8.graph.N::<init> (21 bytes)
Event: 36.651 Thread 0x0000019395a3b000 nmethod 12905 0x00000193820f7b10 code [0x00000193820f7cc0, 0x00000193820f7e08]
Event: 36.652 Thread 0x0000019395a3b000 12906       2       com.android.tools.r8.code.N2::<init> (7 bytes)
Event: 36.652 Thread 0x0000019395a3b000 nmethod 12906 0x00000193820f7f10 code [0x00000193820f80c0, 0x00000193820f8218]
Event: 36.658 Thread 0x0000019395a3b000 12907       2       com.android.tools.r8.code.R3::<init> (7 bytes)
Event: 36.658 Thread 0x0000019395a3b000 nmethod 12907 0x00000193820f8310 code [0x00000193820f84c0, 0x00000193820f8618]
Event: 36.675 Thread 0x000001939767d000 nmethod 12888 0x00000193882e7110 code [0x00000193882e7340, 0x00000193882e8250]
Event: 36.675 Thread 0x000001939767d000 12890       4       com.android.tools.r8.dex.i::a (1036 bytes)
Event: 36.806 Thread 0x0000019395a3b000 12913       2       com.android.tools.r8.internal.sK::<init> (41 bytes)
Event: 36.806 Thread 0x0000019395a3b000 nmethod 12913 0x00000193820f8710 code [0x00000193820f88c0, 0x00000193820f8a38]
Event: 36.845 Thread 0x0000019395a3b000 12914       2       com.android.tools.r8.code.w3::<init> (7 bytes)
Event: 36.846 Thread 0x0000019395a3b000 nmethod 12914 0x00000193820f8b10 code [0x00000193820f8ce0, 0x00000193820f8f18]
Event: 36.881 Thread 0x0000019395a3b000 12915       2       com.android.tools.r8.code.S3::<init> (7 bytes)
Event: 36.881 Thread 0x0000019395a3b000 nmethod 12915 0x00000193820f9110 code [0x00000193820f92e0, 0x00000193820f9518]
Event: 36.970 Thread 0x0000019395a3b000 12916       2       com.android.tools.r8.code.t::<init> (7 bytes)
Event: 36.970 Thread 0x0000019395a3b000 nmethod 12916 0x00000193820f9710 code [0x00000193820f98e0, 0x00000193820f9aa8]
Event: 36.971 Thread 0x0000019395a3b000 12918       2       java.lang.invoke.VarHandleObjects$Array::runtimeTypeCheck (26 bytes)
Event: 36.972 Thread 0x0000019395a3b000 nmethod 12918 0x00000193820f9c10 code [0x00000193820f9e40, 0x00000193820fa2b8]

GC Heap History (20 events):
Event: 32.528 GC heap after
{Heap after GC invocations=25 (full 0):
 garbage-first heap   total 227328K, used 105077K [0x0000000080000000, 0x0000000100000000)
  region size 1024K, 8 young (8192K), 8 survivors (8192K)
 Metaspace       used 95597K, capacity 97839K, committed 98036K, reserved 1134592K
  class space    used 12123K, capacity 12928K, committed 12928K, reserved 1048576K
}
Event: 32.667 GC heap before
{Heap before GC invocations=25 (full 0):
 garbage-first heap   total 227328K, used 122485K [0x0000000080000000, 0x0000000100000000)
  region size 1024K, 22 young (22528K), 8 survivors (8192K)
 Metaspace       used 95719K, capacity 97909K, committed 98164K, reserved 1134592K
  class space    used 12132K, capacity 12929K, committed 13056K, reserved 1048576K
}
Event: 32.695 GC heap after
{Heap after GC invocations=26 (full 0):
 garbage-first heap   total 227328K, used 112100K [0x0000000080000000, 0x0000000100000000)
  region size 1024K, 6 young (6144K), 6 survivors (6144K)
 Metaspace       used 95719K, capacity 97909K, committed 98164K, reserved 1134592K
  class space    used 12132K, capacity 12929K, committed 13056K, reserved 1048576K
}
Event: 33.576 GC heap before
{Heap before GC invocations=27 (full 0):
 garbage-first heap   total 227328K, used 145892K [0x0000000080000000, 0x0000000100000000)
  region size 1024K, 32 young (32768K), 6 survivors (6144K)
 Metaspace       used 99058K, capacity 101348K, committed 101620K, reserved 1138688K
  class space    used 12572K, capacity 13420K, committed 13440K, reserved 1048576K
}
Event: 33.598 GC heap after
{Heap after GC invocations=28 (full 0):
 garbage-first heap   total 227328K, used 130292K [0x0000000080000000, 0x0000000100000000)
  region size 1024K, 10 young (10240K), 10 survivors (10240K)
 Metaspace       used 99058K, capacity 101348K, committed 101620K, reserved 1138688K
  class space    used 12572K, capacity 13420K, committed 13440K, reserved 1048576K
}
Event: 34.374 GC heap before
{Heap before GC invocations=29 (full 0):
 garbage-first heap   total 227328K, used 208116K [0x0000000080000000, 0x0000000100000000)
  region size 1024K, 53 young (54272K), 10 survivors (10240K)
 Metaspace       used 99389K, capacity 101644K, committed 102004K, reserved 1138688K
  class space    used 12615K, capacity 13454K, committed 13568K, reserved 1048576K
}
Event: 34.411 GC heap after
{Heap after GC invocations=30 (full 0):
 garbage-first heap   total 236544K, used 161422K [0x0000000080000000, 0x0000000100000000)
  region size 1024K, 7 young (7168K), 7 survivors (7168K)
 Metaspace       used 99389K, capacity 101644K, committed 102004K, reserved 1138688K
  class space    used 12615K, capacity 13454K, committed 13568K, reserved 1048576K
}
Event: 34.573 GC heap before
{Heap before GC invocations=30 (full 0):
 garbage-first heap   total 236544K, used 176782K [0x0000000080000000, 0x0000000100000000)
  region size 1024K, 23 young (23552K), 7 survivors (7168K)
 Metaspace       used 99389K, capacity 101644K, committed 102004K, reserved 1138688K
  class space    used 12615K, capacity 13454K, committed 13568K, reserved 1048576K
}
Event: 34.602 GC heap after
{Heap after GC invocations=31 (full 0):
 garbage-first heap   total 236544K, used 167820K [0x0000000080000000, 0x0000000100000000)
  region size 1024K, 5 young (5120K), 5 survivors (5120K)
 Metaspace       used 99389K, capacity 101644K, committed 102004K, reserved 1138688K
  class space    used 12615K, capacity 13454K, committed 13568K, reserved 1048576K
}
Event: 34.992 GC heap before
{Heap before GC invocations=31 (full 0):
 garbage-first heap   total 236544K, used 192396K [0x0000000080000000, 0x0000000100000000)
  region size 1024K, 27 young (27648K), 5 survivors (5120K)
 Metaspace       used 99389K, capacity 101644K, committed 102004K, reserved 1138688K
  class space    used 12615K, capacity 13454K, committed 13568K, reserved 1048576K
}
Event: 35.038 GC heap after
{Heap after GC invocations=32 (full 0):
 garbage-first heap   total 236544K, used 178784K [0x0000000080000000, 0x0000000100000000)
  region size 1024K, 4 young (4096K), 4 survivors (4096K)
 Metaspace       used 99389K, capacity 101644K, committed 102004K, reserved 1138688K
  class space    used 12615K, capacity 13454K, committed 13568K, reserved 1048576K
}
Event: 35.336 GC heap before
{Heap before GC invocations=32 (full 0):
 garbage-first heap   total 236544K, used 198240K [0x0000000080000000, 0x0000000100000000)
  region size 1024K, 21 young (21504K), 4 survivors (4096K)
 Metaspace       used 100234K, capacity 102484K, committed 102644K, reserved 1138688K
  class space    used 12800K, capacity 13673K, committed 13696K, reserved 1048576K
}
Event: 35.382 GC heap after
{Heap after GC invocations=33 (full 0):
 garbage-first heap   total 284672K, used 187392K [0x0000000080000000, 0x0000000100000000)
  region size 1024K, 3 young (3072K), 3 survivors (3072K)
 Metaspace       used 100234K, capacity 102484K, committed 102644K, reserved 1138688K
  class space    used 12800K, capacity 13673K, committed 13696K, reserved 1048576K
}
Event: 36.096 GC heap before
{Heap before GC invocations=34 (full 0):
 garbage-first heap   total 284672K, used 218112K [0x0000000080000000, 0x0000000100000000)
  region size 1024K, 34 young (34816K), 3 survivors (3072K)
 Metaspace       used 101745K, capacity 104061K, committed 104308K, reserved 1140736K
  class space    used 13080K, capacity 13982K, committed 14080K, reserved 1048576K
}
Event: 36.144 GC heap after
{Heap after GC invocations=35 (full 0):
 garbage-first heap   total 284672K, used 202080K [0x0000000080000000, 0x0000000100000000)
  region size 1024K, 5 young (5120K), 5 survivors (5120K)
 Metaspace       used 101745K, capacity 104061K, committed 104308K, reserved 1140736K
  class space    used 13080K, capacity 13982K, committed 14080K, reserved 1048576K
}
Event: 36.341 GC heap before
{Heap before GC invocations=35 (full 0):
 garbage-first heap   total 284672K, used 226656K [0x0000000080000000, 0x0000000100000000)
  region size 1024K, 29 young (29696K), 5 survivors (5120K)
 Metaspace       used 101757K, capacity 104127K, committed 104308K, reserved 1140736K
  class space    used 13080K, capacity 13982K, committed 14080K, reserved 1048576K
}
Event: 36.382 GC heap after
{Heap after GC invocations=36 (full 0):
 garbage-first heap   total 284672K, used 215040K [0x0000000080000000, 0x0000000100000000)
  region size 1024K, 4 young (4096K), 4 survivors (4096K)
 Metaspace       used 101757K, capacity 104127K, committed 104308K, reserved 1140736K
  class space    used 13080K, capacity 13982K, committed 14080K, reserved 1048576K
}
Event: 36.814 GC heap before
{Heap before GC invocations=36 (full 0):
 garbage-first heap   total 284672K, used 234496K [0x0000000080000000, 0x0000000100000000)
  region size 1024K, 23 young (23552K), 4 survivors (4096K)
 Metaspace       used 101800K, capacity 104128K, committed 104308K, reserved 1140736K
  class space    used 13080K, capacity 13982K, committed 14080K, reserved 1048576K
}
Event: 36.842 GC heap after
{Heap after GC invocations=37 (full 0):
 garbage-first heap   total 284672K, used 225792K [0x0000000080000000, 0x0000000100000000)
  region size 1024K, 3 young (3072K), 3 survivors (3072K)
 Metaspace       used 101800K, capacity 104128K, committed 104308K, reserved 1140736K
  class space    used 13080K, capacity 13982K, committed 14080K, reserved 1048576K
}
Event: 37.114 GC heap before
{Heap before GC invocations=37 (full 0):
 garbage-first heap   total 284672K, used 240128K [0x0000000080000000, 0x0000000100000000)
  region size 1024K, 17 young (17408K), 3 survivors (3072K)
 Metaspace       used 101800K, capacity 104128K, committed 104308K, reserved 1140736K
  class space    used 13080K, capacity 13982K, committed 14080K, reserved 1048576K
}

Deoptimization events (20 events):
Event: 36.385 Thread 0x000001939bb3d800 DEOPT PACKING pc=0x00000193882d3b1c sp=0x000000499bbfe580
Event: 36.385 Thread 0x000001939bb3d800 DEOPT UNPACKING pc=0x000001938004a1af sp=0x000000499bbfe558 mode 2
Event: 36.632 Thread 0x000001939bb40000 DEOPT PACKING pc=0x0000019381fb4154 sp=0x000000499b8fea50
Event: 36.632 Thread 0x000001939bb40000 DEOPT UNPACKING pc=0x000001938004a95e sp=0x000000499b8fe0a0 mode 0
Event: 36.645 Thread 0x000001939bb40000 DEOPT PACKING pc=0x0000019381fb4154 sp=0x000000499b8fea70
Event: 36.645 Thread 0x000001939bb40000 DEOPT UNPACKING pc=0x000001938004a95e sp=0x000000499b8fe0c0 mode 0
Event: 36.661 Thread 0x000001939bb40000 DEOPT PACKING pc=0x0000019381fb4154 sp=0x000000499b8fea70
Event: 36.661 Thread 0x000001939bb40000 DEOPT UNPACKING pc=0x000001938004a95e sp=0x000000499b8fe0c0 mode 0
Event: 36.715 Thread 0x000001939bb3d800 DEOPT PACKING pc=0x0000019381fb4154 sp=0x000000499bbfe610
Event: 36.715 Thread 0x000001939bb3d800 DEOPT UNPACKING pc=0x000001938004a95e sp=0x000000499bbfdc60 mode 0
Event: 36.725 Thread 0x000001939bb3f800 DEOPT PACKING pc=0x0000019381fb4154 sp=0x000000499b9fe920
Event: 36.725 Thread 0x000001939bb3f800 DEOPT UNPACKING pc=0x000001938004a95e sp=0x000000499b9fdf70 mode 0
Event: 36.736 Thread 0x000001939bb3f800 DEOPT PACKING pc=0x0000019381fb4154 sp=0x000000499b9fe900
Event: 36.736 Thread 0x000001939bb3f800 DEOPT UNPACKING pc=0x000001938004a95e sp=0x000000499b9fdf50 mode 0
Event: 36.743 Thread 0x000001939bb3d800 DEOPT PACKING pc=0x0000019381fb4154 sp=0x000000499bbfe610
Event: 36.743 Thread 0x000001939bb3d800 DEOPT UNPACKING pc=0x000001938004a95e sp=0x000000499bbfdc60 mode 0
Event: 36.744 Thread 0x000001939bb3d800 Uncommon trap: trap_request=0xffffffad fr.pc=0x00000193882dcdec relative=0x00000000000025ac
Event: 36.744 Thread 0x000001939bb3d800 Uncommon trap: reason=uninitialized action=reinterpret pc=0x00000193882dcdec method=com.android.tools.r8.dex.i.a(I[Lcom/android/tools/r8/code/w1;)Lcom/android/tools/r8/graph/a0; @ 31 c2
Event: 36.744 Thread 0x000001939bb3d800 DEOPT PACKING pc=0x00000193882dcdec sp=0x000000499bbfe770
Event: 36.744 Thread 0x000001939bb3d800 DEOPT UNPACKING pc=0x000001938004a1af sp=0x000000499bbfe6d0 mode 2

Classes redefined (0 events):
No events

Internal exceptions (20 events):
Event: 29.041 Thread 0x0000019399916000 Exception <a 'sun/nio/fs/WindowsException'{0x000000008db0c708}> (0x000000008db0c708) thrown at [./src/hotspot/share/prims/jni.cpp, line 616]
Event: 29.041 Thread 0x0000019399916000 Exception <a 'sun/nio/fs/WindowsException'{0x000000008db0c9f0}> (0x000000008db0c9f0) thrown at [./src/hotspot/share/prims/jni.cpp, line 616]
Event: 29.041 Thread 0x0000019399916000 Exception <a 'sun/nio/fs/WindowsException'{0x000000008db0d878}> (0x000000008db0d878) thrown at [./src/hotspot/share/prims/jni.cpp, line 616]
Event: 29.041 Thread 0x0000019399916000 Exception <a 'sun/nio/fs/WindowsException'{0x000000008db0db70}> (0x000000008db0db70) thrown at [./src/hotspot/share/prims/jni.cpp, line 616]
Event: 29.072 Thread 0x0000019399916000 Exception <a 'java/lang/NoSuchMethodError'{0x000000008dafac40}: <clinit>> (0x000000008dafac40) thrown at [./src/hotspot/share/prims/jni.cpp, line 1366]
Event: 29.084 Thread 0x0000019399916000 Exception <a 'java/lang/NoSuchMethodError'{0x000000008d92e210}: <clinit>> (0x000000008d92e210) thrown at [./src/hotspot/share/prims/jni.cpp, line 1366]
Event: 29.091 Thread 0x0000019399916000 Exception <a 'java/lang/NoSuchMethodError'{0x000000008d968688}: <clinit>> (0x000000008d968688) thrown at [./src/hotspot/share/prims/jni.cpp, line 1366]
Event: 29.093 Thread 0x0000019399916000 Exception <a 'java/lang/NoSuchMethodError'{0x000000008d97b060}: <clinit>> (0x000000008d97b060) thrown at [./src/hotspot/share/prims/jni.cpp, line 1366]
Event: 33.051 Thread 0x000001939991e000 Exception <a 'java/lang/NoSuchMethodError'{0x000000008d1c4c80}: 'void java.lang.invoke.DirectMethodHandle$Holder.invokeStatic(java.lang.Object, long)'> (0x000000008d1c4c80) thrown at [./src/hotspot/share/interpreter/linkResolver.cpp, line 773]
Event: 33.051 Thread 0x000001939991e000 Exception <a 'java/lang/NoSuchMethodError'{0x000000008d1ca140}: 'java.lang.Object java.lang.invoke.DirectMethodHandle$Holder.invokeStatic(java.lang.Object, long)'> (0x000000008d1ca140) thrown at [./src/hotspot/share/interpreter/linkResolver.cpp, line 773]
Event: 33.068 Thread 0x000001939991e000 Exception <a 'java/lang/NoSuchMethodError'{0x000000008d1d8408}: 'java.lang.Object java.lang.invoke.DirectMethodHandle$Holder.invokeStaticInit(java.lang.Object, java.lang.Object, long, java.lang.Object)'> (0x000000008d1d8408) thrown at [./src/hotspot/share/interpreter/linkResolver.cpp, line 773]
Event: 33.069 Thread 0x000001939991e000 Exception <a 'java/lang/NoSuchMethodError'{0x000000008d1de5a0}: 'java.lang.Object java.lang.invoke.DirectMethodHandle$Holder.invokeStatic(java.lang.Object, java.lang.Object, long)'> (0x000000008d1de5a0) thrown at [./src/hotspot/share/interpreter/linkResolver.cpp, line 773]
Event: 33.118 Thread 0x000001939991e000 Exception <a 'java/lang/NoSuchMethodError'{0x000000008d1e4b18}: 'java.lang.Object java.lang.invoke.Invokers$Holder.linkToTargetMethod(java.lang.Object, long, java.lang.Object)'> (0x000000008d1e4b18) thrown at [./src/hotspot/share/interpreter/linkResolver.cpp, line 773]
Event: 33.187 Thread 0x000001939991c800 Exception <a 'sun/nio/fs/WindowsException'{0x000000008c9797d0}> (0x000000008c9797d0) thrown at [./src/hotspot/share/prims/jni.cpp, line 616]
Event: 33.255 Thread 0x000001939991c800 Exception <a 'java/lang/NoSuchMethodError'{0x000000008c73ca40}: 'java.lang.Object java.lang.invoke.DirectMethodHandle$Holder.newInvokeSpecial(java.lang.Object, int)'> (0x000000008c73ca40) thrown at [./src/hotspot/share/interpreter/linkResolver.cpp, line 773]
Event: 33.462 Thread 0x000001939991e000 Exception <a 'java/lang/NoSuchMethodError'{0x000000008c1b8818}: 'int java.lang.invoke.DirectMethodHandle$Holder.invokeSpecialIFC(java.lang.Object, java.lang.Object, java.lang.Object)'> (0x000000008c1b8818) thrown at [./src/hotspot/share/interpreter/linkResolver.cpp, line 773]
Event: 33.532 Thread 0x000001939991c800 Exception <a 'java/lang/NoSuchMethodError'{0x000000008bf673a0}: 'java.lang.Object java.lang.invoke.DirectMethodHandle$Holder.invokeStaticInit(java.lang.Object, java.lang.Object, java.lang.Object, java.lang.Object, java.lang.Object, java.lang.Object, java.lang.Object, java.lang.Object, java.lang.Object, java.lang.Object, java.lang.Object, java.lang.Object, java.lang.Object, java.lang.Object, java.lang.Object, java.lang.Object, java.lang.Object, java.lang.Object, int, java.lang.Object, java.lang.Object)'> (0
Event: 35.520 Thread 0x000001939bb42000 Exception <a 'java/lang/IncompatibleClassChangeError'{0x00000000914ba958}: Found class java.lang.Object, but interface was expected> (0x00000000914ba958) thrown at [./src/hotspot/share/interpreter/linkResolver.cpp, line 839]
Event: 35.527 Thread 0x000001939bb42000 Exception <a 'java/lang/IncompatibleClassChangeError'{0x00000000913264a8}: Found class java.lang.Object, but interface was expected> (0x00000000913264a8) thrown at [./src/hotspot/share/interpreter/linkResolver.cpp, line 839]
Event: 35.528 Thread 0x000001939bb42000 Exception <a 'java/lang/IncompatibleClassChangeError'{0x000000009132c0f0}: Found class java.lang.Object, but interface was expected> (0x000000009132c0f0) thrown at [./src/hotspot/share/interpreter/linkResolver.cpp, line 839]

Events (20 events):
Event: 35.731 loading class com/android/tools/r8/internal/vK done
Event: 35.737 loading class com/android/tools/r8/internal/PD
Event: 35.737 loading class com/android/tools/r8/internal/PD done
Event: 35.741 loading class com/android/tools/r8/internal/kl
Event: 35.741 loading class com/android/tools/r8/internal/kl done
Event: 35.958 loading class com/android/tools/r8/internal/Ze
Event: 35.958 loading class com/android/tools/r8/internal/Ze done
Event: 35.960 loading class com/android/tools/r8/graph/a0$a
Event: 35.960 loading class com/android/tools/r8/graph/a0$a done
Event: 35.961 loading class com/android/tools/r8/graph/a0$a
Event: 35.961 loading class com/android/tools/r8/graph/a0$a done
Event: 35.961 loading class com/android/tools/r8/dex/i
Event: 35.961 loading class com/android/tools/r8/dex/i done
Event: 36.096 Executing VM operation: G1CollectForAllocation
Event: 36.144 Executing VM operation: G1CollectForAllocation done
Event: 36.340 Executing VM operation: G1CollectForAllocation
Event: 36.382 Executing VM operation: G1CollectForAllocation done
Event: 36.811 Executing VM operation: G1CollectForAllocation
Event: 36.842 Executing VM operation: G1CollectForAllocation done
Event: 37.113 Executing VM operation: G1CollectForAllocation


Dynamic libraries:
0x00007ff779490000 - 0x00007ff77949a000 	C:\Users\mutanu\Desktop\studio\jre\bin\java.exe
0x00007ff983510000 - 0x00007ff983708000 	C:\WINDOWS\SYSTEM32\ntdll.dll
0x00007ff983300000 - 0x00007ff9833bf000 	C:\WINDOWS\System32\KERNEL32.DLL
0x00007ff980eb0000 - 0x00007ff981182000 	C:\WINDOWS\System32\KERNELBASE.dll
0x00007ff980db0000 - 0x00007ff980eb0000 	C:\WINDOWS\System32\ucrtbase.dll
0x00007ff97bdb0000 - 0x00007ff97bdc7000 	C:\Users\mutanu\Desktop\studio\jre\bin\VCRUNTIME140.dll
0x00007ff973fb0000 - 0x00007ff973fc9000 	C:\Users\mutanu\Desktop\studio\jre\bin\jli.dll
0x00007ff9830f0000 - 0x00007ff983291000 	C:\WINDOWS\System32\USER32.dll
0x00007ff980c90000 - 0x00007ff980cb2000 	C:\WINDOWS\System32\win32u.dll
0x00007ff980000000 - 0x00007ff98029a000 	C:\WINDOWS\WinSxS\amd64_microsoft.windows.common-controls_6595b64144ccf1df_6.0.19041.1110_none_60b5254171f9507e\COMCTL32.dll
0x00007ff981f80000 - 0x00007ff981fab000 	C:\WINDOWS\System32\GDI32.dll
0x00007ff9820d0000 - 0x00007ff98216e000 	C:\WINDOWS\System32\msvcrt.dll
0x00007ff9812e0000 - 0x00007ff9813ef000 	C:\WINDOWS\System32\gdi32full.dll
0x00007ff980cc0000 - 0x00007ff980d5d000 	C:\WINDOWS\System32\msvcp_win.dll
0x00007ff983010000 - 0x00007ff983042000 	C:\WINDOWS\System32\IMM32.DLL
0x00007ff953a30000 - 0x00007ff953acd000 	C:\Users\mutanu\Desktop\studio\jre\bin\msvcp140.dll
0x00007ff94a200000 - 0x00007ff94ad02000 	C:\Users\mutanu\Desktop\studio\jre\bin\server\jvm.dll
0x00007ff981af0000 - 0x00007ff981b9e000 	C:\WINDOWS\System32\ADVAPI32.dll
0x00007ff983050000 - 0x00007ff9830ec000 	C:\WINDOWS\System32\sechost.dll
0x00007ff9822d0000 - 0x00007ff9823f5000 	C:\WINDOWS\System32\RPCRT4.dll
0x00007ff981bb0000 - 0x00007ff981bb8000 	C:\WINDOWS\System32\PSAPI.DLL
0x00007ff96c1d0000 - 0x00007ff96c1d9000 	C:\WINDOWS\SYSTEM32\WSOCK32.dll
0x00007ff963110000 - 0x00007ff963137000 	C:\WINDOWS\SYSTEM32\WINMM.dll
0x00007ff982190000 - 0x00007ff9821fb000 	C:\WINDOWS\System32\WS2_32.dll
0x00007ff97d930000 - 0x00007ff97d93a000 	C:\WINDOWS\SYSTEM32\VERSION.dll
0x00007ff97dcc0000 - 0x00007ff97dcd2000 	C:\WINDOWS\SYSTEM32\kernel.appcore.dll
0x00007ff97f0c0000 - 0x00007ff97f0d1000 	C:\Users\mutanu\Desktop\studio\jre\bin\verify.dll
0x00007ff980490000 - 0x00007ff980674000 	C:\WINDOWS\SYSTEM32\DBGHELP.DLL
0x00007ff9803d0000 - 0x00007ff980405000 	C:\WINDOWS\SYSTEM32\dbgcore.DLL
0x00007ff980c00000 - 0x00007ff980c82000 	C:\WINDOWS\System32\bcryptPrimitives.dll
0x00007ff97ed20000 - 0x00007ff97ed49000 	C:\Users\mutanu\Desktop\studio\jre\bin\java.dll
0x00007ff97ed10000 - 0x00007ff97ed1b000 	C:\Users\mutanu\Desktop\studio\jre\bin\jimage.dll
0x00007ff97ec40000 - 0x00007ff97ec58000 	C:\Users\mutanu\Desktop\studio\jre\bin\zip.dll
0x00007ff982730000 - 0x00007ff982e74000 	C:\WINDOWS\System32\SHELL32.dll
0x00007ff97dec0000 - 0x00007ff97e652000 	C:\WINDOWS\SYSTEM32\windows.storage.dll
0x00007ff981bc0000 - 0x00007ff981f15000 	C:\WINDOWS\System32\combase.dll
0x00007ff97ff60000 - 0x00007ff97ff90000 	C:\WINDOWS\SYSTEM32\Wldp.dll
0x00007ff981fc0000 - 0x00007ff98206d000 	C:\WINDOWS\System32\SHCORE.dll
0x00007ff9832a0000 - 0x00007ff9832f5000 	C:\WINDOWS\System32\shlwapi.dll
0x00007ff980b40000 - 0x00007ff980b5f000 	C:\WINDOWS\SYSTEM32\profapi.dll
0x00007ff978cf0000 - 0x00007ff978d0a000 	C:\Users\mutanu\Desktop\studio\jre\bin\net.dll
0x00007ff972e90000 - 0x00007ff972f9c000 	C:\WINDOWS\SYSTEM32\WINHTTP.dll
0x00007ff97fe30000 - 0x00007ff97fe9a000 	C:\WINDOWS\system32\mswsock.dll
0x00007ff9741a0000 - 0x00007ff9741b4000 	C:\Users\mutanu\Desktop\studio\jre\bin\nio.dll
0x00007ff978560000 - 0x00007ff978587000 	C:\Users\mutanu\.gradle\native\e1d6ef7f7dcc3fd88c89a11ec53ec762bb8ba0a96d01ffa2cd45eb1d1d8dd5c5\windows-amd64\native-platform.dll
0x00007ff952ea0000 - 0x00007ff952fe4000 	C:\Users\mutanu\.gradle\native\0d407fdbe67a94daf76414ababcb853783967236a71b16ec16e742cd7a986fd3\windows-amd64\native-platform-file-events.dll
0x00007ff97ed00000 - 0x00007ff97ed0a000 	C:\Users\mutanu\Desktop\studio\jre\bin\management.dll
0x00007ff97ec30000 - 0x00007ff97ec3d000 	C:\Users\mutanu\Desktop\studio\jre\bin\management_ext.dll
0x00007ff980990000 - 0x00007ff9809a8000 	C:\WINDOWS\SYSTEM32\CRYPTSP.dll
0x00007ff97f640000 - 0x00007ff97f674000 	C:\WINDOWS\system32\rsaenh.dll
0x00007ff981200000 - 0x00007ff981227000 	C:\WINDOWS\System32\bcrypt.dll
0x00007ff980b00000 - 0x00007ff980b2e000 	C:\WINDOWS\SYSTEM32\USERENV.dll
0x00007ff97ff20000 - 0x00007ff97ff2c000 	C:\WINDOWS\SYSTEM32\CRYPTBASE.dll
0x00007ff97f9b0000 - 0x00007ff97f9eb000 	C:\WINDOWS\SYSTEM32\IPHLPAPI.DLL
0x00007ff981ba0000 - 0x00007ff981ba8000 	C:\WINDOWS\System32\NSI.dll
0x00007ff974300000 - 0x00007ff974317000 	C:\WINDOWS\SYSTEM32\dhcpcsvc6.DLL
0x00007ff9779c0000 - 0x00007ff9779dd000 	C:\WINDOWS\SYSTEM32\dhcpcsvc.DLL
0x00007ff97f9f0000 - 0x00007ff97faba000 	C:\WINDOWS\SYSTEM32\DNSAPI.dll

dbghelp: loaded successfully - version: 4.0.5 - missing functions: none
symbol engine: initialized successfully - sym options: 0x614 - pdb path: .;C:\Users\mutanu\Desktop\studio\jre\bin;C:\WINDOWS\SYSTEM32;C:\WINDOWS\WinSxS\amd64_microsoft.windows.common-controls_6595b64144ccf1df_6.0.19041.1110_none_60b5254171f9507e;C:\Users\mutanu\Desktop\studio\jre\bin\server;C:\Users\mutanu\.gradle\native\e1d6ef7f7dcc3fd88c89a11ec53ec762bb8ba0a96d01ffa2cd45eb1d1d8dd5c5\windows-amd64;C:\Users\mutanu\.gradle\native\0d407fdbe67a94daf76414ababcb853783967236a71b16ec16e742cd7a986fd3\windows-amd64

VM Arguments:
jvm_args: --add-opens=java.base/java.util=ALL-UNNAMED --add-opens=java.base/java.lang=ALL-UNNAMED --add-opens=java.base/java.lang.invoke=ALL-UNNAMED --add-opens=java.base/java.util=ALL-UNNAMED --add-opens=java.prefs/java.util.prefs=ALL-UNNAMED --add-opens=java.prefs/java.util.prefs=ALL-UNNAMED --add-opens=java.base/java.nio.charset=ALL-UNNAMED --add-opens=java.base/java.net=ALL-UNNAMED --add-opens=java.base/java.util.concurrent.atomic=ALL-UNNAMED -Xmx2048m -Dfile.encoding=UTF-8 -Duser.country=US -Duser.language=en -Duser.variant 
java_command: org.gradle.launcher.daemon.bootstrap.GradleDaemon 7.4
java_class_path (initial): C:\Users\mutanu\.gradle\wrapper\dists\gradle-7.4-bin\c0gwcg53nkjbqw7r0h0umtfvt\gradle-7.4\lib\gradle-launcher-7.4.jar
Launcher Type: SUN_STANDARD

[Global flags]
     intx CICompilerCount                          = 3                                         {product} {ergonomic}
     uint ConcGCThreads                            = 1                                         {product} {ergonomic}
     uint G1ConcRefinementThreads                  = 4                                         {product} {ergonomic}
   size_t G1HeapRegionSize                         = 1048576                                   {product} {ergonomic}
    uintx GCDrainStackTargetSize                   = 64                                        {product} {ergonomic}
   size_t InitialHeapSize                          = 134217728                                 {product} {ergonomic}
   size_t MarkStackSize                            = 4194304                                   {product} {ergonomic}
   size_t MaxHeapSize                              = 2147483648                                {product} {command line}
   size_t MaxNewSize                               = 1287651328                                {product} {ergonomic}
   size_t MinHeapDeltaBytes                        = 1048576                                   {product} {ergonomic}
    uintx NonNMethodCodeHeapSize                   = 5830732                                {pd product} {ergonomic}
    uintx NonProfiledCodeHeapSize                  = 122913754                              {pd product} {ergonomic}
    uintx ProfiledCodeHeapSize                     = 122913754                              {pd product} {ergonomic}
    uintx ReservedCodeCacheSize                    = 251658240                              {pd product} {ergonomic}
     bool SegmentedCodeCache                       = true                                      {product} {ergonomic}
     bool UseCompressedClassPointers               = true                                 {lp64_product} {ergonomic}
     bool UseCompressedOops                        = true                                 {lp64_product} {ergonomic}
     bool UseG1GC                                  = true                                      {product} {ergonomic}
     bool UseLargePagesIndividualAllocation        = false                                  {pd product} {ergonomic}

Logging:
Log output configuration:
 #0: stdout all=warning uptime,level,tags
 #1: stderr all=off uptime,level,tags

Environment Variables:
PATH=C:\Python311\Scripts\;C:\Python311\;C:\Program Files (x86)\Common Files\Oracle\Java\javapath;C:\WINDOWS\system32;C:\WINDOWS;C:\WINDOWS\System32\Wbem;C:\WINDOWS\System32\WindowsPowerShell\v1.0\;C:\WINDOWS\System32\OpenSSH\;C:\Program Files\Git\cmd;C:\Program Files\nodejs\;C:\ProgramData\chocolatey\bin;C:\Users\mutanu\AppData\Local\Microsoft\WindowsApps;C:\Users\mutanu\AppData\Roaming\npm;C:\Users\mutanu\AppData\Local\Programs\Microsoft VS Code\bin
USERNAME=mutanu
OS=Windows_NT
PROCESSOR_IDENTIFIER=Intel64 Family 6 Model 69 Stepping 1, GenuineIntel



---------------  S Y S T E M  ---------------

OS: Windows 10 , 64 bit Build 19041 (10.0.19041.2364)
OS uptime: 5 days 5:51 hours

CPU:total 4 (initial active 4) (2 cores per cpu, 2 threads per core) family 6 model 69 stepping 1 microcode 0x25, cmov, cx8, fxsr, mmx, sse, sse2, sse3, ssse3, sse4.1, sse4.2, popcnt, avx, avx2, aes, clmul, erms, lzcnt, ht, tsc, tscinvbit, bmi1, bmi2, fma

Memory: 4k page, system-wide physical 8089M (992M free)
TotalPageFile size 19529M (AvailPageFile size 75M)
current process WorkingSet (physical memory assigned to process): 569M, peak: 570M
current process commit charge ("private bytes"): 611M, peak: 723M

vm_info: OpenJDK 64-Bit Server VM (11.0.13+0-b1751.21-8125866) for windows-amd64 JRE (11.0.13+0-b1751.21-8125866), built on Feb  2 2022 03:00:22 by "builder" with MS VC++ 14.0 (VS2015)

END.
