#
# There is insufficient memory for the Java Runtime Environment to continue.
# Native memory allocation (mmap) failed to map 109051904 bytes for Failed to commit area from 0x0000000091300000 to 0x0000000097b00000 of length 109051904.
# Possible reasons:
#   The system is out of physical RAM or swap space
#   The process is running with CompressedOops enabled, and the Java Heap may be blocking the growth of the native heap
# Possible solutions:
#   Reduce memory load on the system
#   Increase physical memory or swap space
#   Check if swap backing store is full
#   Decrease Java heap size (-Xmx/-Xms)
#   Decrease number of Java threads
#   Decrease Java thread stack sizes (-Xss)
#   Set larger code cache with -XX:ReservedCodeCacheSize=
#   JVM is running with Unscaled Compressed Oops mode in which the Java heap is
#     placed in the first 4GB address space. The Java Heap base address is the
#     maximum limit for the native heap growth. Please use -XX:HeapBaseMinAddress
#     to set the Java Heap base and to place the Java Heap above 4GB virtual address.
# This output file may be truncated or incomplete.
#
#  Out of Memory Error (./src/hotspot/os/windows/os_windows.cpp:3619), pid=12652, tid=32736
#
# JRE version: OpenJDK Runtime Environment (11.0.13) (build 11.0.13+0-b1751.21-8125866)
# Java VM: OpenJDK 64-Bit Server VM (11.0.13+0-b1751.21-8125866, mixed mode, tiered, compressed oops, g1 gc, windows-amd64)
# No core dump will be written. Minidumps are not enabled by default on client versions of Windows
#

---------------  S U M M A R Y ------------

Command Line: --add-opens=java.base/java.util=ALL-UNNAMED --add-opens=java.base/java.lang=ALL-UNNAMED --add-opens=java.base/java.lang.invoke=ALL-UNNAMED --add-opens=java.base/java.util=ALL-UNNAMED --add-opens=java.prefs/java.util.prefs=ALL-UNNAMED --add-opens=java.prefs/java.util.prefs=ALL-UNNAMED --add-opens=java.base/java.nio.charset=ALL-UNNAMED --add-opens=java.base/java.net=ALL-UNNAMED --add-opens=java.base/java.util.concurrent.atomic=ALL-UNNAMED -Xmx2048m -Dfile.encoding=UTF-8 -Duser.country=US -Duser.language=en -Duser.variant org.gradle.launcher.daemon.bootstrap.GradleDaemon 7.4

Host: Intel(R) Core(TM) i5-4200U CPU @ 1.60GHz, 4 cores, 7G,  Windows 10 , 64 bit Build 19041 (10.0.19041.2364)
Time: Mon Feb  6 15:55:57 2023 E. Africa Standard Time elapsed time: 36.936090 seconds (0d 0h 0m 36s)

---------------  T H R E A D  ---------------

Current thread (0x0000018cdc55a000):  VMThread "VM Thread" [stack: 0x0000003f3cf00000,0x0000003f3d000000] [id=32736]

Stack: [0x0000003f3cf00000,0x0000003f3d000000]
[error occurred during error reporting (printing stack bounds), id 0xc0000005, EXCEPTION_ACCESS_VIOLATION (0xc0000005) at pc=0x0000018cc648112d]

Native frames: (J=compiled Java code, j=interpreted, Vv=VM code, C=native code)
V  [jvm.dll+0x6100fa]
V  [jvm.dll+0x747090]
V  [jvm.dll+0x7486ad]
V  [jvm.dll+0x748ce5]
V  [jvm.dll+0x748c9b]
V  [jvm.dll+0x60f224]
V  [jvm.dll+0x60f9b8]
C  [ntdll.dll+0xa241f]
C  [ntdll.dll+0x514a4]
C  [ntdll.dll+0xa0f4e]
C  0x0000018cc648112d

VM_Operation (0x0000003f435fddb0): G1CollectForAllocation, mode: safepoint, requested by thread 0x0000018cdedaf800


---------------  P R O C E S S  ---------------

Threads class SMR info:
_java_thread_list=0x0000018ce23a51c0, length=98, elements={
0x0000018cc295e800, 0x0000018cdc55e000, 0x0000018cdc562000, 0x0000018cdcef3800,
0x0000018cdc57d800, 0x0000018cdc580000, 0x0000018cdc583000, 0x0000018cdc584000,
0x0000018cdc58d800, 0x0000018cdd057800, 0x0000018cdf72b000, 0x0000018cdd2c2800,
0x0000018cdf91e800, 0x0000018ce039c800, 0x0000018cde6e7000, 0x0000018cdeec8000,
0x0000018cdf5ed000, 0x0000018cdf312800, 0x0000018cdf22b800, 0x0000018cdf84b800,
0x0000018cdf71c800, 0x0000018cdf71b800, 0x0000018cdf71e000, 0x0000018cdf71d800,
0x0000018cdf721800, 0x0000018cdf71f000, 0x0000018cdf722000, 0x0000018cdf720000,
0x0000018cdf720800, 0x0000018cdf0e5000, 0x0000018cdf0e2000, 0x0000018cdf0e6000,
0x0000018cdf0e8800, 0x0000018cdf0e2800, 0x0000018cdf0ed000, 0x0000018cdf0eb000,
0x0000018cdf0eb800, 0x0000018cdf0ec800, 0x0000018cdf0e7800, 0x0000018cdf0e9000,
0x0000018cdf0ea000, 0x0000018cdf0ee000, 0x0000018cdf0ef000, 0x0000018cdef8b800,
0x0000018cdef8a000, 0x0000018cdef8a800, 0x0000018cdef86800, 0x0000018cdef87800,
0x0000018cdef8d000, 0x0000018cdef8c800, 0x0000018cdef88000, 0x0000018cdef89000,
0x0000018ce206d000, 0x0000018ce2069000, 0x0000018ce206a800, 0x0000018ce2068000,
0x0000018ce2069800, 0x0000018ce2067000, 0x0000018ce2071000, 0x0000018ce2070000,
0x0000018ce206f800, 0x0000018ce206b000, 0x0000018ce206c000, 0x0000018ce206d800,
0x0000018ce2073800, 0x0000018ce2072000, 0x0000018ce2072800, 0x0000018ce2074000,
0x0000018ce206e800, 0x0000018ce2075000, 0x0000018ce2076000, 0x0000018ce2117800,
0x0000018ce2118000, 0x0000018ce2116800, 0x0000018ce2112800, 0x0000018ce2119000,
0x0000018ce2113000, 0x0000018ce211a000, 0x0000018ce211a800, 0x0000018ce2115000,
0x0000018ce211d000, 0x0000018ce211c000, 0x0000018ce211e000, 0x0000018ce211e800,
0x0000018ce211f800, 0x0000018ce2120800, 0x0000018ce211b800, 0x0000018ce2121000,
0x0000018cdedb0800, 0x0000018cdedb1000, 0x0000018cdedb2000, 0x0000018cdedb3000,
0x0000018cdedb3800, 0x0000018cdedb4800, 0x0000018cdedae800, 0x0000018cdedb5800,
0x0000018cdedaf800, 0x0000018ce0612800
}

Java Threads: ( => current thread )
  0x0000018cc295e800 JavaThread "main" [_thread_blocked, id=50928, stack(0x0000003f3c900000,0x0000003f3ca00000)]
  0x0000018cdc55e000 JavaThread "Reference Handler" daemon [_thread_blocked, id=50364, stack(0x0000003f3d000000,0x0000003f3d100000)]
  0x0000018cdc562000 JavaThread "Finalizer" daemon [_thread_blocked, id=52208, stack(0x0000003f3d100000,0x0000003f3d200000)]
  0x0000018cdcef3800 JavaThread "Signal Dispatcher" daemon [_thread_blocked, id=21708, stack(0x0000003f3d200000,0x0000003f3d300000)]
  0x0000018cdc57d800 JavaThread "Attach Listener" daemon [_thread_blocked, id=51412, stack(0x0000003f3d300000,0x0000003f3d400000)]
  0x0000018cdc580000 JavaThread "Service Thread" daemon [_thread_blocked, id=25636, stack(0x0000003f3d400000,0x0000003f3d500000)]
  0x0000018cdc583000 JavaThread "C2 CompilerThread0" daemon [_thread_in_native, id=34388, stack(0x0000003f3d500000,0x0000003f3d600000)]
  0x0000018cdc584000 JavaThread "C1 CompilerThread0" daemon [_thread_blocked, id=52240, stack(0x0000003f3d600000,0x0000003f3d700000)]
  0x0000018cdc58d800 JavaThread "Sweeper thread" daemon [_thread_blocked, id=50204, stack(0x0000003f3d700000,0x0000003f3d800000)]
  0x0000018cdd057800 JavaThread "Common-Cleaner" daemon [_thread_blocked, id=53124, stack(0x0000003f3d800000,0x0000003f3d900000)]
  0x0000018cdf72b000 JavaThread "Daemon health stats" [_thread_blocked, id=24540, stack(0x0000003f3dd00000,0x0000003f3de00000)]
  0x0000018cdd2c2800 JavaThread "Incoming local TCP Connector on port 50814" [_thread_in_native, id=47100, stack(0x0000003f3da00000,0x0000003f3db00000)]
  0x0000018cdf91e800 JavaThread "Daemon periodic checks" [_thread_blocked, id=9080, stack(0x0000003f3de00000,0x0000003f3df00000)]
  0x0000018ce039c800 JavaThread "Daemon" [_thread_blocked, id=48028, stack(0x0000003f3df00000,0x0000003f3e000000)]
  0x0000018cde6e7000 JavaThread "Handler for socket connection from /127.0.0.1:50814 to /127.0.0.1:50815" [_thread_in_native, id=52084, stack(0x0000003f3e000000,0x0000003f3e100000)]
  0x0000018cdeec8000 JavaThread "Cancel handler" [_thread_blocked, id=52020, stack(0x0000003f3e100000,0x0000003f3e200000)]
  0x0000018cdf5ed000 JavaThread "Daemon worker" [_thread_blocked, id=51836, stack(0x0000003f3e200000,0x0000003f3e300000)]
  0x0000018cdf312800 JavaThread "Asynchronous log dispatcher for DefaultDaemonConnection: socket connection from /127.0.0.1:50814 to /127.0.0.1:50815" [_thread_blocked, id=48308, stack(0x0000003f3e300000,0x0000003f3e400000)]
  0x0000018cdf22b800 JavaThread "Stdin handler" [_thread_blocked, id=52540, stack(0x0000003f3e400000,0x0000003f3e500000)]
  0x0000018cdf84b800 JavaThread "Daemon client event forwarder" [_thread_blocked, id=51276, stack(0x0000003f3e500000,0x0000003f3e600000)]
  0x0000018cdf71c800 JavaThread "Cache worker for journal cache (C:\Users\mutanu\.gradle\caches\journal-1)" [_thread_blocked, id=52260, stack(0x0000003f3e800000,0x0000003f3e900000)]
  0x0000018cdf71b800 JavaThread "File lock request listener" [_thread_in_native, id=35696, stack(0x0000003f3e900000,0x0000003f3ea00000)]
  0x0000018cdf71e000 JavaThread "Cache worker for file hash cache (C:\Users\mutanu\.gradle\caches\7.4\fileHashes)" [_thread_blocked, id=9988, stack(0x0000003f3ea00000,0x0000003f3eb00000)]
  0x0000018cdf71d800 JavaThread "File watcher server" daemon [_thread_blocked, id=43120, stack(0x0000003f3eb00000,0x0000003f3ec00000)]
  0x0000018cdf721800 JavaThread "File watcher consumer" daemon [_thread_blocked, id=41716, stack(0x0000003f3ec00000,0x0000003f3ed00000)]
  0x0000018cdf71f000 JavaThread "Cache worker for checksums cache (C:\Users\mutanu\AndroidStudioProjects\eablTrial\.gradle\7.4\checksums)" [_thread_blocked, id=50280, stack(0x0000003f3ed00000,0x0000003f3ee00000)]
  0x0000018cdf722000 JavaThread "Cache worker for cache directory md-rule (C:\Users\mutanu\.gradle\caches\7.4\md-rule)" [_thread_blocked, id=8636, stack(0x0000003f3ee00000,0x0000003f3ef00000)]
  0x0000018cdf720000 JavaThread "Cache worker for file hash cache (C:\Users\mutanu\AndroidStudioProjects\eablTrial\.gradle\7.4\fileHashes)" [_thread_blocked, id=45880, stack(0x0000003f3ef00000,0x0000003f3f000000)]
  0x0000018cdf720800 JavaThread "Cache worker for cache directory md-supplier (C:\Users\mutanu\.gradle\caches\7.4\md-supplier)" [_thread_blocked, id=29932, stack(0x0000003f3f000000,0x0000003f3f100000)]
  0x0000018cdf0e5000 JavaThread "Cache worker for execution history cache (C:\Users\mutanu\.gradle\caches\7.4\executionHistory)" [_thread_blocked, id=51828, stack(0x0000003f3f100000,0x0000003f3f200000)]
  0x0000018cdf0e2000 JavaThread "jar transforms" [_thread_blocked, id=52932, stack(0x0000003f3f200000,0x0000003f3f300000)]
  0x0000018cdf0e6000 JavaThread "Cache worker for file content cache (C:\Users\mutanu\.gradle\caches\7.4\fileContent)" [_thread_blocked, id=48176, stack(0x0000003f3f300000,0x0000003f3f400000)]
  0x0000018cdf0e8800 JavaThread "jar transforms Thread 2" [_thread_blocked, id=49808, stack(0x0000003f3f400000,0x0000003f3f500000)]
  0x0000018cdf0e2800 JavaThread "Cache worker for dependencies-accessors (C:\Users\mutanu\AndroidStudioProjects\eablTrial\.gradle\7.4\dependencies-accessors)" [_thread_blocked, id=45752, stack(0x0000003f3f500000,0x0000003f3f600000)]
  0x0000018cdf0ed000 JavaThread "jar transforms Thread 3" [_thread_blocked, id=50768, stack(0x0000003f3f600000,0x0000003f3f700000)]
  0x0000018cdf0eb000 JavaThread "Cache worker for Build Output Cleanup Cache (C:\Users\mutanu\AndroidStudioProjects\eablTrial\.gradle\buildOutputCleanup)" [_thread_blocked, id=48316, stack(0x0000003f3f700000,0x0000003f3f800000)]
  0x0000018cdf0eb800 JavaThread "Unconstrained build operations" [_thread_blocked, id=49196, stack(0x0000003f3f800000,0x0000003f3f900000)]
  0x0000018cdf0ec800 JavaThread "Unconstrained build operations Thread 2" [_thread_blocked, id=11224, stack(0x0000003f3f900000,0x0000003f3fa00000)]
  0x0000018cdf0e7800 JavaThread "Unconstrained build operations Thread 3" [_thread_blocked, id=51672, stack(0x0000003f3fa00000,0x0000003f3fb00000)]
  0x0000018cdf0e9000 JavaThread "Unconstrained build operations Thread 4" [_thread_blocked, id=52344, stack(0x0000003f3fb00000,0x0000003f3fc00000)]
  0x0000018cdf0ea000 JavaThread "Unconstrained build operations Thread 5" [_thread_blocked, id=49120, stack(0x0000003f3fc00000,0x0000003f3fd00000)]
  0x0000018cdf0ee000 JavaThread "Unconstrained build operations Thread 6" [_thread_blocked, id=38572, stack(0x0000003f3fd00000,0x0000003f3fe00000)]
  0x0000018cdf0ef000 JavaThread "Unconstrained build operations Thread 7" [_thread_blocked, id=47684, stack(0x0000003f3fe00000,0x0000003f3ff00000)]
  0x0000018cdef8b800 JavaThread "Unconstrained build operations Thread 8" [_thread_blocked, id=37600, stack(0x0000003f3ff00000,0x0000003f40000000)]
  0x0000018cdef8a000 JavaThread "Unconstrained build operations Thread 9" [_thread_blocked, id=53172, stack(0x0000003f40000000,0x0000003f40100000)]
  0x0000018cdef8a800 JavaThread "Unconstrained build operations Thread 10" [_thread_blocked, id=51328, stack(0x0000003f40100000,0x0000003f40200000)]
  0x0000018cdef86800 JavaThread "Unconstrained build operations Thread 11" [_thread_blocked, id=26300, stack(0x0000003f40200000,0x0000003f40300000)]
  0x0000018cdef87800 JavaThread "Unconstrained build operations Thread 12" [_thread_blocked, id=44656, stack(0x0000003f40300000,0x0000003f40400000)]
  0x0000018cdef8d000 JavaThread "Unconstrained build operations Thread 13" [_thread_blocked, id=20192, stack(0x0000003f40400000,0x0000003f40500000)]
  0x0000018cdef8c800 JavaThread "Unconstrained build operations Thread 14" [_thread_blocked, id=9628, stack(0x0000003f40500000,0x0000003f40600000)]
  0x0000018cdef88000 JavaThread "Unconstrained build operations Thread 15" [_thread_blocked, id=18516, stack(0x0000003f40600000,0x0000003f40700000)]
  0x0000018cdef89000 JavaThread "Unconstrained build operations Thread 16" [_thread_blocked, id=46296, stack(0x0000003f40700000,0x0000003f40800000)]
  0x0000018ce206d000 JavaThread "Unconstrained build operations Thread 17" [_thread_blocked, id=43984, stack(0x0000003f40800000,0x0000003f40900000)]
  0x0000018ce2069000 JavaThread "Unconstrained build operations Thread 18" [_thread_blocked, id=34012, stack(0x0000003f40900000,0x0000003f40a00000)]
  0x0000018ce206a800 JavaThread "Unconstrained build operations Thread 19" [_thread_blocked, id=48612, stack(0x0000003f40a00000,0x0000003f40b00000)]
  0x0000018ce2068000 JavaThread "Unconstrained build operations Thread 20" [_thread_blocked, id=26768, stack(0x0000003f40b00000,0x0000003f40c00000)]
  0x0000018ce2069800 JavaThread "Unconstrained build operations Thread 21" [_thread_blocked, id=19760, stack(0x0000003f40c00000,0x0000003f40d00000)]
  0x0000018ce2067000 JavaThread "Unconstrained build operations Thread 22" [_thread_blocked, id=34196, stack(0x0000003f40d00000,0x0000003f40e00000)]
  0x0000018ce2071000 JavaThread "Unconstrained build operations Thread 23" [_thread_blocked, id=52396, stack(0x0000003f40e00000,0x0000003f40f00000)]
  0x0000018ce2070000 JavaThread "Unconstrained build operations Thread 24" [_thread_blocked, id=13260, stack(0x0000003f40f00000,0x0000003f41000000)]
  0x0000018ce206f800 JavaThread "Unconstrained build operations Thread 25" [_thread_blocked, id=52048, stack(0x0000003f41000000,0x0000003f41100000)]
  0x0000018ce206b000 JavaThread "Unconstrained build operations Thread 26" [_thread_blocked, id=53108, stack(0x0000003f41100000,0x0000003f41200000)]
  0x0000018ce206c000 JavaThread "Unconstrained build operations Thread 27" [_thread_blocked, id=52552, stack(0x0000003f41200000,0x0000003f41300000)]
  0x0000018ce206d800 JavaThread "Unconstrained build operations Thread 28" [_thread_blocked, id=25752, stack(0x0000003f41300000,0x0000003f41400000)]
  0x0000018ce2073800 JavaThread "Unconstrained build operations Thread 29" [_thread_blocked, id=14460, stack(0x0000003f41400000,0x0000003f41500000)]
  0x0000018ce2072000 JavaThread "Unconstrained build operations Thread 30" [_thread_blocked, id=38564, stack(0x0000003f41500000,0x0000003f41600000)]
  0x0000018ce2072800 JavaThread "Unconstrained build operations Thread 31" [_thread_blocked, id=8096, stack(0x0000003f41600000,0x0000003f41700000)]
  0x0000018ce2074000 JavaThread "Unconstrained build operations Thread 32" [_thread_blocked, id=52908, stack(0x0000003f41700000,0x0000003f41800000)]
  0x0000018ce206e800 JavaThread "Unconstrained build operations Thread 33" [_thread_blocked, id=6492, stack(0x0000003f41800000,0x0000003f41900000)]
  0x0000018ce2075000 JavaThread "Unconstrained build operations Thread 34" [_thread_blocked, id=53140, stack(0x0000003f41900000,0x0000003f41a00000)]
  0x0000018ce2076000 JavaThread "Unconstrained build operations Thread 35" [_thread_blocked, id=51896, stack(0x0000003f41a00000,0x0000003f41b00000)]
  0x0000018ce2117800 JavaThread "Unconstrained build operations Thread 36" [_thread_blocked, id=49228, stack(0x0000003f41b00000,0x0000003f41c00000)]
  0x0000018ce2118000 JavaThread "Unconstrained build operations Thread 37" [_thread_blocked, id=27956, stack(0x0000003f41c00000,0x0000003f41d00000)]
  0x0000018ce2116800 JavaThread "Unconstrained build operations Thread 38" [_thread_blocked, id=52312, stack(0x0000003f41d00000,0x0000003f41e00000)]
  0x0000018ce2112800 JavaThread "Unconstrained build operations Thread 39" [_thread_blocked, id=52584, stack(0x0000003f41e00000,0x0000003f41f00000)]
  0x0000018ce2119000 JavaThread "Unconstrained build operations Thread 40" [_thread_blocked, id=53036, stack(0x0000003f41f00000,0x0000003f42000000)]
  0x0000018ce2113000 JavaThread "jar transforms Thread 4" [_thread_blocked, id=51136, stack(0x0000003f42000000,0x0000003f42100000)]
  0x0000018ce211a000 JavaThread "Memory manager" [_thread_blocked, id=48484, stack(0x0000003f42100000,0x0000003f42200000)]
  0x0000018ce211a800 JavaThread "build event listener" [_thread_blocked, id=49348, stack(0x0000003f42200000,0x0000003f42300000)]
  0x0000018ce2115000 JavaThread "pool-3-thread-1" [_thread_blocked, id=8024, stack(0x0000003f42300000,0x0000003f42400000)]
  0x0000018ce211d000 JavaThread "build event listener" [_thread_blocked, id=10020, stack(0x0000003f42400000,0x0000003f42500000)]
  0x0000018ce211c000 JavaThread "included builds" [_thread_blocked, id=50916, stack(0x0000003f42500000,0x0000003f42600000)]
  0x0000018ce211e000 JavaThread "Execution worker for ':'" [_thread_blocked, id=42560, stack(0x0000003f42600000,0x0000003f42700000)]
  0x0000018ce211e800 JavaThread "Execution worker for ':' Thread 2" [_thread_blocked, id=10692, stack(0x0000003f42700000,0x0000003f42800000)]
  0x0000018ce211f800 JavaThread "Execution worker for ':' Thread 3" [_thread_blocked, id=36324, stack(0x0000003f42800000,0x0000003f42900000)]
  0x0000018ce2120800 JavaThread "Cache worker for execution history cache (C:\Users\mutanu\AndroidStudioProjects\eablTrial\.gradle\7.4\executionHistory)" [_thread_blocked, id=52988, stack(0x0000003f42900000,0x0000003f42a00000)]
  0x0000018ce211b800 JavaThread "WorkerExecutor Queue" [_thread_blocked, id=27408, stack(0x0000003f42a00000,0x0000003f42b00000)]
  0x0000018ce2121000 JavaThread "WorkerExecutor Queue Thread 2" [_thread_blocked, id=3024, stack(0x0000003f42b00000,0x0000003f42c00000)]
  0x0000018cdedb0800 JavaThread "pool-4-thread-1" [_thread_blocked, id=7164, stack(0x0000003f42c00000,0x0000003f42d00000)]
  0x0000018cdedb1000 JavaThread "WorkerExecutor Queue Thread 3" [_thread_blocked, id=49096, stack(0x0000003f42d00000,0x0000003f42e00000)]
  0x0000018cdedb2000 JavaThread "WorkerExecutor Queue Thread 4" [_thread_blocked, id=38868, stack(0x0000003f42e00000,0x0000003f42f00000)]
  0x0000018cdedb3000 JavaThread "stderr" [_thread_in_native, id=50300, stack(0x0000003f42f00000,0x0000003f43000000)]
  0x0000018cdedb3800 JavaThread "stdout" [_thread_in_native, id=50100, stack(0x0000003f43000000,0x0000003f43100000)]
  0x0000018cdedb4800 JavaThread "ForkJoinPool-1-worker-3" daemon [_thread_blocked, id=52600, stack(0x0000003f3e600000,0x0000003f3e700000)]
  0x0000018cdedae800 JavaThread "ForkJoinPool-1-worker-5" daemon [_thread_blocked, id=50676, stack(0x0000003f43300000,0x0000003f43400000)]
  0x0000018cdedb5800 JavaThread "ForkJoinPool-1-worker-7" daemon [_thread_blocked, id=52620, stack(0x0000003f43400000,0x0000003f43500000)]
  0x0000018cdedaf800 JavaThread "ForkJoinPool-1-worker-1" daemon [_thread_blocked, id=53080, stack(0x0000003f43500000,0x0000003f43600000)]
  0x0000018ce0612800 JavaThread "C2 CompilerThread1" daemon [_thread_in_native, id=52468, stack(0x0000003f43600000,0x0000003f43700000)]

Other Threads:
=>0x0000018cdc55a000 VMThread "VM Thread" [stack: 0x0000003f3cf00000,0x0000003f3d000000] [id=32736]
  0x0000018cdd0a0000 WatcherThread [stack: 0x0000003f3d900000,0x0000003f3da00000] [id=42872]
  0x0000018cc2976800 GCTaskThread "GC Thread#0" [stack: 0x0000003f3ca00000,0x0000003f3cb00000] [id=6772]
  0x0000018cdd2d4000 GCTaskThread "GC Thread#1" [stack: 0x0000003f3db00000,0x0000003f3dc00000] [id=43768]
  0x0000018cdd6f8800 GCTaskThread "GC Thread#2" [stack: 0x0000003f3dc00000,0x0000003f3dd00000] [id=52664]
  0x0000018cdf1fa000 GCTaskThread "GC Thread#3" [stack: 0x0000003f3e700000,0x0000003f3e800000] [id=11972]
  0x0000018cc29a9000 ConcurrentGCThread "G1 Main Marker" [stack: 0x0000003f3cb00000,0x0000003f3cc00000] [id=51976]
  0x0000018cc29aa000 ConcurrentGCThread "G1 Conc#0" [stack: 0x0000003f3cc00000,0x0000003f3cd00000] [id=40352]
  0x0000018cc2a36800 ConcurrentGCThread "G1 Refine#0" [stack: 0x0000003f3cd00000,0x0000003f3ce00000] [id=52784]
  0x0000018ce68b2800 ConcurrentGCThread "G1 Refine#1" [stack: 0x0000003f43700000,0x0000003f43800000] [id=50124]
  0x0000018cdd21f800 ConcurrentGCThread "G1 Refine#2" [stack: 0x0000003f43800000,0x0000003f43900000] [id=45396]
  0x0000018cc2a37800 ConcurrentGCThread "G1 Young RemSet Sampling" [stack: 0x0000003f3ce00000,0x0000003f3cf00000] [id=29796]

Threads with active compile tasks:
C2 CompilerThread0  36959 12709       4       com.android.tools.r8.dex.i::a (829 bytes)
C2 CompilerThread1  36960 12862       4       com.android.tools.r8.code.y1::a (4129 bytes)

VM state:at safepoint (normal execution)

VM Mutex/Monitor currently owned by a thread:  ([mutex/lock_event])
[0x0000018cc2959180] Threads_lock - owner thread: 0x0000018cdc55a000
[0x0000018cc2959c30] Heap_lock - owner thread: 0x0000018cdedaf800

Heap address: 0x0000000080000000, size: 2048 MB, Compressed Oops mode: 32-bit
Narrow klass base: 0x0000000000000000, Narrow klass shift: 3
Compressed class space size: 1073741824 Address: 0x0000000100000000

Heap:
 garbage-first heap   total 388096K, used 223744K [0x0000000080000000, 0x0000000100000000)
  region size 1024K, 3 young (3072K), 3 survivors (3072K)
 Metaspace       used 101743K, capacity 104225K, committed 104332K, reserved 1140736K
  class space    used 13073K, capacity 13973K, committed 14028K, reserved 1048576K
Heap Regions: E=young(eden), S=young(survivor), O=old, HS=humongous(starts), HC=humongous(continues), CS=collection set, F=free, A=archive, TAMS=top-at-mark-start (previous, next)
|   0|0x0000000080000000, 0x0000000080100000, 0x0000000080100000|100%|HS|  |TAMS 0x0000000080100000, 0x0000000080000000| Complete 
|   1|0x0000000080100000, 0x0000000080200000, 0x0000000080200000|100%|HC|  |TAMS 0x0000000080200000, 0x0000000080100000| Complete 
|   2|0x0000000080200000, 0x0000000080300000, 0x0000000080300000|100%|HC|  |TAMS 0x0000000080300000, 0x0000000080200000| Complete 
|   3|0x0000000080300000, 0x0000000080400000, 0x0000000080400000|100%| O|  |TAMS 0x0000000080400000, 0x0000000080300000| Updating 
|   4|0x0000000080400000, 0x0000000080500000, 0x0000000080500000|100%| O|  |TAMS 0x0000000080500000, 0x0000000080400000| Updating 
|   5|0x0000000080500000, 0x0000000080600000, 0x0000000080600000|100%| O|  |TAMS 0x0000000080600000, 0x0000000080500000| Updating 
|   6|0x0000000080600000, 0x0000000080700000, 0x0000000080700000|100%| O|  |TAMS 0x0000000080700000, 0x0000000080600000| Updating 
|   7|0x0000000080700000, 0x0000000080800000, 0x0000000080800000|100%| O|  |TAMS 0x0000000080800000, 0x0000000080700000| Updating 
|   8|0x0000000080800000, 0x0000000080900000, 0x0000000080900000|100%| O|  |TAMS 0x0000000080900000, 0x0000000080800000| Updating 
|   9|0x0000000080900000, 0x0000000080a00000, 0x0000000080a00000|100%| O|  |TAMS 0x0000000080a00000, 0x0000000080900000| Updating 
|  10|0x0000000080a00000, 0x0000000080b00000, 0x0000000080b00000|100%| O|  |TAMS 0x0000000080b00000, 0x0000000080a00000| Updating 
|  11|0x0000000080b00000, 0x0000000080c00000, 0x0000000080c00000|100%| O|  |TAMS 0x0000000080c00000, 0x0000000080b00000| Updating 
|  12|0x0000000080c00000, 0x0000000080d00000, 0x0000000080d00000|100%| O|  |TAMS 0x0000000080d00000, 0x0000000080c00000| Updating 
|  13|0x0000000080d00000, 0x0000000080e00000, 0x0000000080e00000|100%| O|  |TAMS 0x0000000080e00000, 0x0000000080d00000| Updating 
|  14|0x0000000080e00000, 0x0000000080f00000, 0x0000000080f00000|100%| O|  |TAMS 0x0000000080f00000, 0x0000000080e00000| Updating 
|  15|0x0000000080f00000, 0x0000000081000000, 0x0000000081000000|100%| O|  |TAMS 0x0000000081000000, 0x0000000080f00000| Updating 
|  16|0x0000000081000000, 0x0000000081100000, 0x0000000081100000|100%| O|  |TAMS 0x0000000081100000, 0x0000000081000000| Updating 
|  17|0x0000000081100000, 0x0000000081200000, 0x0000000081200000|100%| O|  |TAMS 0x0000000081200000, 0x0000000081100000| Updating 
|  18|0x0000000081200000, 0x0000000081300000, 0x0000000081300000|100%| O|  |TAMS 0x0000000081300000, 0x0000000081200000| Updating 
|  19|0x0000000081300000, 0x0000000081400000, 0x0000000081400000|100%| O|  |TAMS 0x0000000081400000, 0x0000000081300000| Updating 
|  20|0x0000000081400000, 0x0000000081500000, 0x0000000081500000|100%| O|  |TAMS 0x0000000081500000, 0x0000000081400000| Updating 
|  21|0x0000000081500000, 0x0000000081600000, 0x0000000081600000|100%| O|  |TAMS 0x0000000081600000, 0x0000000081500000| Updating 
|  22|0x0000000081600000, 0x0000000081700000, 0x0000000081700000|100%| O|  |TAMS 0x0000000081700000, 0x0000000081600000| Updating 
|  23|0x0000000081700000, 0x0000000081800000, 0x0000000081800000|100%| O|  |TAMS 0x0000000081800000, 0x0000000081700000| Updating 
|  24|0x0000000081800000, 0x0000000081900000, 0x0000000081900000|100%|HS|  |TAMS 0x0000000081900000, 0x0000000081800000| Complete 
|  25|0x0000000081900000, 0x0000000081a00000, 0x0000000081a00000|100%|HS|  |TAMS 0x0000000081a00000, 0x0000000081900000| Complete 
|  26|0x0000000081a00000, 0x0000000081b00000, 0x0000000081b00000|100%|HS|  |TAMS 0x0000000081b00000, 0x0000000081a00000| Complete 
|  27|0x0000000081b00000, 0x0000000081c00000, 0x0000000081c00000|100%|HS|  |TAMS 0x0000000081c00000, 0x0000000081b00000| Complete 
|  28|0x0000000081c00000, 0x0000000081d00000, 0x0000000081d00000|100%|HC|  |TAMS 0x0000000081d00000, 0x0000000081c00000| Complete 
|  29|0x0000000081d00000, 0x0000000081e00000, 0x0000000081e00000|100%|HC|  |TAMS 0x0000000081e00000, 0x0000000081d00000| Complete 
|  30|0x0000000081e00000, 0x0000000081f00000, 0x0000000081f00000|100%|HC|  |TAMS 0x0000000081f00000, 0x0000000081e00000| Complete 
|  31|0x0000000081f00000, 0x0000000082000000, 0x0000000082000000|100%| O|  |TAMS 0x0000000082000000, 0x0000000081f00000| Updating 
|  32|0x0000000082000000, 0x0000000082100000, 0x0000000082100000|100%|HS|  |TAMS 0x0000000082100000, 0x0000000082000000| Complete 
|  33|0x0000000082100000, 0x0000000082200000, 0x0000000082200000|100%|HC|  |TAMS 0x0000000082200000, 0x0000000082100000| Complete 
|  34|0x0000000082200000, 0x0000000082300000, 0x0000000082300000|100%| O|  |TAMS 0x0000000082300000, 0x0000000082200000| Updating 
|  35|0x0000000082300000, 0x0000000082400000, 0x0000000082400000|100%| O|  |TAMS 0x0000000082400000, 0x0000000082300000| Updating 
|  36|0x0000000082400000, 0x0000000082500000, 0x0000000082500000|100%| O|  |TAMS 0x0000000082500000, 0x0000000082400000| Updating 
|  37|0x0000000082500000, 0x0000000082600000, 0x0000000082600000|100%| O|  |TAMS 0x0000000082600000, 0x0000000082500000| Updating 
|  38|0x0000000082600000, 0x0000000082700000, 0x0000000082700000|100%| O|  |TAMS 0x0000000082700000, 0x0000000082600000| Updating 
|  39|0x0000000082700000, 0x0000000082800000, 0x0000000082800000|100%| O|  |TAMS 0x0000000082800000, 0x0000000082700000| Updating 
|  40|0x0000000082800000, 0x0000000082900000, 0x0000000082900000|100%| O|  |TAMS 0x0000000082900000, 0x0000000082800000| Updating 
|  41|0x0000000082900000, 0x0000000082a00000, 0x0000000082a00000|100%| O|  |TAMS 0x0000000082a00000, 0x0000000082900000| Updating 
|  42|0x0000000082a00000, 0x0000000082b00000, 0x0000000082b00000|100%| O|  |TAMS 0x0000000082b00000, 0x0000000082a00000| Updating 
|  43|0x0000000082b00000, 0x0000000082c00000, 0x0000000082c00000|100%| O|  |TAMS 0x0000000082c00000, 0x0000000082b00000| Updating 
|  44|0x0000000082c00000, 0x0000000082d00000, 0x0000000082d00000|100%| O|  |TAMS 0x0000000082d00000, 0x0000000082c00000| Updating 
|  45|0x0000000082d00000, 0x0000000082e00000, 0x0000000082e00000|100%| O|  |TAMS 0x0000000082e00000, 0x0000000082d00000| Updating 
|  46|0x0000000082e00000, 0x0000000082f00000, 0x0000000082f00000|100%| O|  |TAMS 0x0000000082f00000, 0x0000000082e00000| Updating 
|  47|0x0000000082f00000, 0x0000000083000000, 0x0000000083000000|100%| O|  |TAMS 0x0000000083000000, 0x0000000082f00000| Updating 
|  48|0x0000000083000000, 0x0000000083100000, 0x0000000083100000|100%| O|  |TAMS 0x0000000083100000, 0x0000000083000000| Updating 
|  49|0x0000000083100000, 0x0000000083200000, 0x0000000083200000|100%| O|  |TAMS 0x0000000083200000, 0x0000000083100000| Updating 
|  50|0x0000000083200000, 0x0000000083300000, 0x0000000083300000|100%| O|  |TAMS 0x0000000083300000, 0x0000000083200000| Updating 
|  51|0x0000000083300000, 0x0000000083400000, 0x0000000083400000|100%| O|  |TAMS 0x0000000083400000, 0x0000000083300000| Updating 
|  52|0x0000000083400000, 0x0000000083500000, 0x0000000083500000|100%| O|  |TAMS 0x0000000083500000, 0x0000000083400000| Updating 
|  53|0x0000000083500000, 0x0000000083600000, 0x0000000083600000|100%| O|  |TAMS 0x0000000083600000, 0x0000000083500000| Updating 
|  54|0x0000000083600000, 0x0000000083700000, 0x0000000083700000|100%| O|  |TAMS 0x0000000083700000, 0x0000000083600000| Updating 
|  55|0x0000000083700000, 0x0000000083800000, 0x0000000083800000|100%| O|  |TAMS 0x0000000083800000, 0x0000000083700000| Updating 
|  56|0x0000000083800000, 0x0000000083900000, 0x0000000083900000|100%| O|  |TAMS 0x0000000083900000, 0x0000000083800000| Updating 
|  57|0x0000000083900000, 0x0000000083a00000, 0x0000000083a00000|100%| O|  |TAMS 0x0000000083a00000, 0x0000000083900000| Updating 
|  58|0x0000000083a00000, 0x0000000083b00000, 0x0000000083b00000|100%| O|  |TAMS 0x0000000083b00000, 0x0000000083a00000| Updating 
|  59|0x0000000083b00000, 0x0000000083c00000, 0x0000000083c00000|100%| O|  |TAMS 0x0000000083c00000, 0x0000000083b00000| Updating 
|  60|0x0000000083c00000, 0x0000000083d00000, 0x0000000083d00000|100%| O|  |TAMS 0x0000000083d00000, 0x0000000083c00000| Updating 
|  61|0x0000000083d00000, 0x0000000083e00000, 0x0000000083e00000|100%| O|  |TAMS 0x0000000083e00000, 0x0000000083d00000| Updating 
|  62|0x0000000083e00000, 0x0000000083f00000, 0x0000000083f00000|100%| O|  |TAMS 0x0000000083f00000, 0x0000000083e00000| Updating 
|  63|0x0000000083f00000, 0x0000000084000000, 0x0000000084000000|100%| O|  |TAMS 0x0000000084000000, 0x0000000083f00000| Updating 
|  64|0x0000000084000000, 0x0000000084100000, 0x0000000084100000|100%| O|  |TAMS 0x0000000084100000, 0x0000000084000000| Updating 
|  65|0x0000000084100000, 0x0000000084200000, 0x0000000084200000|100%| O|  |TAMS 0x0000000084200000, 0x0000000084100000| Updating 
|  66|0x0000000084200000, 0x0000000084300000, 0x0000000084300000|100%| O|  |TAMS 0x0000000084300000, 0x0000000084200000| Updating 
|  67|0x0000000084300000, 0x0000000084400000, 0x0000000084400000|100%| O|  |TAMS 0x0000000084400000, 0x0000000084300000| Updating 
|  68|0x0000000084400000, 0x0000000084500000, 0x0000000084500000|100%| O|  |TAMS 0x0000000084500000, 0x0000000084400000| Updating 
|  69|0x0000000084500000, 0x0000000084600000, 0x0000000084600000|100%| O|  |TAMS 0x0000000084600000, 0x0000000084500000| Updating 
|  70|0x0000000084600000, 0x0000000084700000, 0x0000000084700000|100%| O|  |TAMS 0x0000000084700000, 0x0000000084600000| Updating 
|  71|0x0000000084700000, 0x0000000084800000, 0x0000000084800000|100%| O|  |TAMS 0x0000000084800000, 0x0000000084700000| Updating 
|  72|0x0000000084800000, 0x0000000084900000, 0x0000000084900000|100%| O|  |TAMS 0x0000000084900000, 0x0000000084800000| Updating 
|  73|0x0000000084900000, 0x0000000084a00000, 0x0000000084a00000|100%| O|  |TAMS 0x0000000084a00000, 0x0000000084900000| Updating 
|  74|0x0000000084a00000, 0x0000000084b00000, 0x0000000084b00000|100%| O|  |TAMS 0x0000000084b00000, 0x0000000084a00000| Updating 
|  75|0x0000000084b00000, 0x0000000084c00000, 0x0000000084c00000|100%| O|  |TAMS 0x0000000084c00000, 0x0000000084b00000| Updating 
|  76|0x0000000084c00000, 0x0000000084d00000, 0x0000000084d00000|100%| O|  |TAMS 0x0000000084d00000, 0x0000000084c00000| Updating 
|  77|0x0000000084d00000, 0x0000000084e00000, 0x0000000084e00000|100%| O|  |TAMS 0x0000000084e00000, 0x0000000084d00000| Updating 
|  78|0x0000000084e00000, 0x0000000084f00000, 0x0000000084f00000|100%| O|  |TAMS 0x0000000084f00000, 0x0000000084e00000| Updating 
|  79|0x0000000084f00000, 0x0000000085000000, 0x0000000085000000|100%| O|  |TAMS 0x0000000085000000, 0x0000000084f00000| Updating 
|  80|0x0000000085000000, 0x0000000085100000, 0x0000000085100000|100%| O|  |TAMS 0x0000000085100000, 0x0000000085000000| Updating 
|  81|0x0000000085100000, 0x0000000085200000, 0x0000000085200000|100%| O|  |TAMS 0x0000000085200000, 0x0000000085100000| Updating 
|  82|0x0000000085200000, 0x0000000085300000, 0x0000000085300000|100%| O|  |TAMS 0x0000000085300000, 0x0000000085200000| Updating 
|  83|0x0000000085300000, 0x0000000085400000, 0x0000000085400000|100%| O|  |TAMS 0x0000000085400000, 0x0000000085300000| Updating 
|  84|0x0000000085400000, 0x0000000085500000, 0x0000000085500000|100%| O|  |TAMS 0x0000000085500000, 0x0000000085400000| Updating 
|  85|0x0000000085500000, 0x0000000085600000, 0x0000000085600000|100%| O|  |TAMS 0x0000000085600000, 0x0000000085500000| Updating 
|  86|0x0000000085600000, 0x0000000085700000, 0x0000000085700000|100%| O|  |TAMS 0x0000000085700000, 0x0000000085600000| Updating 
|  87|0x0000000085700000, 0x0000000085800000, 0x0000000085800000|100%| O|  |TAMS 0x0000000085800000, 0x0000000085700000| Updating 
|  88|0x0000000085800000, 0x0000000085900000, 0x0000000085900000|100%| O|  |TAMS 0x0000000085900000, 0x0000000085800000| Updating 
|  89|0x0000000085900000, 0x0000000085a00000, 0x0000000085a00000|100%| O|  |TAMS 0x0000000085a00000, 0x0000000085900000| Updating 
|  90|0x0000000085a00000, 0x0000000085b00000, 0x0000000085b00000|100%| O|  |TAMS 0x0000000085b00000, 0x0000000085a00000| Updating 
|  91|0x0000000085b00000, 0x0000000085c00000, 0x0000000085c00000|100%| O|  |TAMS 0x0000000085c00000, 0x0000000085b00000| Updating 
|  92|0x0000000085c00000, 0x0000000085d00000, 0x0000000085d00000|100%| O|  |TAMS 0x0000000085d00000, 0x0000000085c00000| Updating 
|  93|0x0000000085d00000, 0x0000000085e00000, 0x0000000085e00000|100%| O|  |TAMS 0x0000000085e00000, 0x0000000085d00000| Updating 
|  94|0x0000000085e00000, 0x0000000085f00000, 0x0000000085f00000|100%| O|  |TAMS 0x0000000085f00000, 0x0000000085e00000| Updating 
|  95|0x0000000085f00000, 0x0000000086000000, 0x0000000086000000|100%|HS|  |TAMS 0x0000000086000000, 0x0000000085f00000| Complete 
|  96|0x0000000086000000, 0x0000000086100000, 0x0000000086100000|100%|HC|  |TAMS 0x0000000086100000, 0x0000000086000000| Complete 
|  97|0x0000000086100000, 0x0000000086200000, 0x0000000086200000|100%|HS|  |TAMS 0x0000000086200000, 0x0000000086100000| Complete 
|  98|0x0000000086200000, 0x0000000086300000, 0x0000000086300000|100%|HS|  |TAMS 0x0000000086300000, 0x0000000086200000| Complete 
|  99|0x0000000086300000, 0x0000000086400000, 0x0000000086400000|100%|HS|  |TAMS 0x0000000086400000, 0x0000000086300000| Complete 
| 100|0x0000000086400000, 0x0000000086500000, 0x0000000086500000|100%| O|  |TAMS 0x0000000086500000, 0x0000000086400000| Updating 
| 101|0x0000000086500000, 0x0000000086600000, 0x0000000086600000|100%| O|  |TAMS 0x0000000086600000, 0x0000000086500000| Updating 
| 102|0x0000000086600000, 0x0000000086700000, 0x0000000086700000|100%| O|  |TAMS 0x0000000086700000, 0x0000000086600000| Updating 
| 103|0x0000000086700000, 0x0000000086800000, 0x0000000086800000|100%|HS|  |TAMS 0x0000000086800000, 0x0000000086700000| Complete 
| 104|0x0000000086800000, 0x0000000086900000, 0x0000000086900000|100%|HS|  |TAMS 0x0000000086900000, 0x0000000086800000| Complete 
| 105|0x0000000086900000, 0x0000000086a00000, 0x0000000086a00000|100%|HC|  |TAMS 0x0000000086a00000, 0x0000000086900000| Complete 
| 106|0x0000000086a00000, 0x0000000086b00000, 0x0000000086b00000|100%|HS|  |TAMS 0x0000000086b00000, 0x0000000086a00000| Complete 
| 107|0x0000000086b00000, 0x0000000086c00000, 0x0000000086c00000|100%|HC|  |TAMS 0x0000000086c00000, 0x0000000086b00000| Complete 
| 108|0x0000000086c00000, 0x0000000086d00000, 0x0000000086d00000|100%| O|  |TAMS 0x0000000086d00000, 0x0000000086c00000| Updating 
| 109|0x0000000086d00000, 0x0000000086e00000, 0x0000000086e00000|100%| O|  |TAMS 0x0000000086e00000, 0x0000000086d00000| Updating 
| 110|0x0000000086e00000, 0x0000000086f00000, 0x0000000086f00000|100%| O|  |TAMS 0x0000000086f00000, 0x0000000086e00000| Updating 
| 111|0x0000000086f00000, 0x0000000087000000, 0x0000000087000000|100%| O|  |TAMS 0x0000000087000000, 0x0000000086f00000| Updating 
| 112|0x0000000087000000, 0x0000000087100000, 0x0000000087100000|100%| O|  |TAMS 0x0000000087100000, 0x0000000087000000| Updating 
| 113|0x0000000087100000, 0x0000000087200000, 0x0000000087200000|100%|HS|  |TAMS 0x0000000087200000, 0x0000000087100000| Complete 
| 114|0x0000000087200000, 0x0000000087300000, 0x0000000087300000|100%|HS|  |TAMS 0x0000000087300000, 0x0000000087200000| Complete 
| 115|0x0000000087300000, 0x0000000087400000, 0x0000000087400000|100%|HC|  |TAMS 0x0000000087400000, 0x0000000087300000| Complete 
| 116|0x0000000087400000, 0x0000000087500000, 0x0000000087500000|100%|HC|  |TAMS 0x0000000087500000, 0x0000000087400000| Complete 
| 117|0x0000000087500000, 0x0000000087600000, 0x0000000087600000|100%| O|  |TAMS 0x0000000087600000, 0x0000000087500000| Updating 
| 118|0x0000000087600000, 0x0000000087700000, 0x0000000087700000|100%| O|  |TAMS 0x0000000087700000, 0x0000000087600000| Updating 
| 119|0x0000000087700000, 0x0000000087800000, 0x0000000087800000|100%| O|  |TAMS 0x0000000087800000, 0x0000000087700000| Updating 
| 120|0x0000000087800000, 0x0000000087900000, 0x0000000087900000|100%|HS|  |TAMS 0x0000000087900000, 0x0000000087800000| Complete 
| 121|0x0000000087900000, 0x0000000087a00000, 0x0000000087a00000|100%|HC|  |TAMS 0x0000000087a00000, 0x0000000087900000| Complete 
| 122|0x0000000087a00000, 0x0000000087b00000, 0x0000000087b00000|100%| O|  |TAMS 0x0000000087b00000, 0x0000000087a00000| Updating 
| 123|0x0000000087b00000, 0x0000000087c00000, 0x0000000087c00000|100%|HS|  |TAMS 0x0000000087c00000, 0x0000000087b00000| Complete 
| 124|0x0000000087c00000, 0x0000000087d00000, 0x0000000087d00000|100%| O|  |TAMS 0x0000000087d00000, 0x0000000087c00000| Updating 
| 125|0x0000000087d00000, 0x0000000087e00000, 0x0000000087e00000|100%|HS|  |TAMS 0x0000000087e00000, 0x0000000087d00000| Complete 
| 126|0x0000000087e00000, 0x0000000087f00000, 0x0000000087f00000|100%| O|  |TAMS 0x0000000087f00000, 0x0000000087e00000| Updating 
| 127|0x0000000087f00000, 0x0000000088000000, 0x0000000088000000|100%|HS|  |TAMS 0x0000000088000000, 0x0000000087f00000| Complete 
| 128|0x0000000088000000, 0x0000000088100000, 0x0000000088100000|100%| O|  |TAMS 0x0000000088100000, 0x0000000088000000| Updating 
| 129|0x0000000088100000, 0x0000000088200000, 0x0000000088200000|100%|HS|  |TAMS 0x0000000088200000, 0x0000000088100000| Complete 
| 130|0x0000000088200000, 0x0000000088300000, 0x0000000088300000|100%| O|  |TAMS 0x0000000088300000, 0x0000000088200000| Updating 
| 131|0x0000000088300000, 0x0000000088400000, 0x0000000088400000|100%| O|  |TAMS 0x0000000088400000, 0x0000000088300000| Updating 
| 132|0x0000000088400000, 0x0000000088500000, 0x0000000088500000|100%| O|  |TAMS 0x0000000088500000, 0x0000000088400000| Updating 
| 133|0x0000000088500000, 0x0000000088600000, 0x0000000088600000|100%|HS|  |TAMS 0x0000000088600000, 0x0000000088500000| Complete 
| 134|0x0000000088600000, 0x0000000088700000, 0x0000000088700000|100%|HC|  |TAMS 0x0000000088700000, 0x0000000088600000| Complete 
| 135|0x0000000088700000, 0x0000000088800000, 0x0000000088800000|100%| O|  |TAMS 0x0000000088800000, 0x0000000088700000| Updating 
| 136|0x0000000088800000, 0x0000000088900000, 0x0000000088900000|100%| O|  |TAMS 0x0000000088900000, 0x0000000088800000| Updating 
| 137|0x0000000088900000, 0x0000000088a00000, 0x0000000088a00000|100%| O|  |TAMS 0x0000000088900000, 0x0000000088900000| Untracked 
| 138|0x0000000088a00000, 0x0000000088b00000, 0x0000000088b00000|100%|HS|  |TAMS 0x0000000088b00000, 0x0000000088a00000| Complete 
| 139|0x0000000088b00000, 0x0000000088c00000, 0x0000000088c00000|100%|HC|  |TAMS 0x0000000088c00000, 0x0000000088b00000| Complete 
| 140|0x0000000088c00000, 0x0000000088d00000, 0x0000000088d00000|100%|HS|  |TAMS 0x0000000088d00000, 0x0000000088c00000| Complete 
| 141|0x0000000088d00000, 0x0000000088e00000, 0x0000000088e00000|100%|HS|  |TAMS 0x0000000088e00000, 0x0000000088d00000| Complete 
| 142|0x0000000088e00000, 0x0000000088f00000, 0x0000000088f00000|100%|HS|  |TAMS 0x0000000088f00000, 0x0000000088e00000| Complete 
| 143|0x0000000088f00000, 0x0000000089000000, 0x0000000089000000|100%|HC|  |TAMS 0x0000000089000000, 0x0000000088f00000| Complete 
| 144|0x0000000089000000, 0x0000000089100000, 0x0000000089100000|100%| O|  |TAMS 0x0000000089100000, 0x0000000089000000| Updating 
| 145|0x0000000089100000, 0x0000000089200000, 0x0000000089200000|100%| O|  |TAMS 0x0000000089200000, 0x0000000089100000| Updating 
| 146|0x0000000089200000, 0x0000000089300000, 0x0000000089300000|100%| O|  |TAMS 0x0000000089300000, 0x0000000089200000| Updating 
| 147|0x0000000089300000, 0x0000000089400000, 0x0000000089400000|100%| O|  |TAMS 0x0000000089400000, 0x0000000089300000| Updating 
| 148|0x0000000089400000, 0x0000000089500000, 0x0000000089500000|100%|HS|  |TAMS 0x0000000089500000, 0x0000000089400000| Complete 
| 149|0x0000000089500000, 0x0000000089600000, 0x0000000089600000|100%|HC|  |TAMS 0x0000000089600000, 0x0000000089500000| Complete 
| 150|0x0000000089600000, 0x0000000089700000, 0x0000000089700000|100%|HC|  |TAMS 0x0000000089700000, 0x0000000089600000| Complete 
| 151|0x0000000089700000, 0x0000000089800000, 0x0000000089800000|100%| O|  |TAMS 0x0000000089800000, 0x0000000089700000| Updating 
| 152|0x0000000089800000, 0x0000000089900000, 0x0000000089900000|100%| O|  |TAMS 0x0000000089900000, 0x0000000089800000| Updating 
| 153|0x0000000089900000, 0x0000000089a00000, 0x0000000089a00000|100%| O|  |TAMS 0x0000000089a00000, 0x0000000089900000| Updating 
| 154|0x0000000089a00000, 0x0000000089b00000, 0x0000000089b00000|100%| O|  |TAMS 0x0000000089b00000, 0x0000000089a00000| Updating 
| 155|0x0000000089b00000, 0x0000000089c00000, 0x0000000089c00000|100%| O|  |TAMS 0x0000000089c00000, 0x0000000089b00000| Updating 
| 156|0x0000000089c00000, 0x0000000089d00000, 0x0000000089d00000|100%| O|  |TAMS 0x0000000089d00000, 0x0000000089c00000| Updating 
| 157|0x0000000089d00000, 0x0000000089e00000, 0x0000000089e00000|100%| O|  |TAMS 0x0000000089e00000, 0x0000000089d00000| Updating 
| 158|0x0000000089e00000, 0x0000000089f00000, 0x0000000089f00000|100%| O|  |TAMS 0x0000000089f00000, 0x0000000089e00000| Updating 
| 159|0x0000000089f00000, 0x000000008a000000, 0x000000008a000000|100%| O|  |TAMS 0x000000008a000000, 0x0000000089f00000| Updating 
| 160|0x000000008a000000, 0x000000008a100000, 0x000000008a100000|100%| O|  |TAMS 0x000000008a100000, 0x000000008a000000| Updating 
| 161|0x000000008a100000, 0x000000008a200000, 0x000000008a200000|100%| O|  |TAMS 0x000000008a200000, 0x000000008a100000| Updating 
| 162|0x000000008a200000, 0x000000008a300000, 0x000000008a300000|100%| O|  |TAMS 0x000000008a300000, 0x000000008a200000| Updating 
| 163|0x000000008a300000, 0x000000008a400000, 0x000000008a400000|100%| O|  |TAMS 0x000000008a400000, 0x000000008a300000| Updating 
| 164|0x000000008a400000, 0x000000008a500000, 0x000000008a500000|100%| O|  |TAMS 0x000000008a500000, 0x000000008a400000| Updating 
| 165|0x000000008a500000, 0x000000008a600000, 0x000000008a600000|100%| O|  |TAMS 0x000000008a600000, 0x000000008a500000| Updating 
| 166|0x000000008a600000, 0x000000008a700000, 0x000000008a700000|100%| O|  |TAMS 0x000000008a700000, 0x000000008a600000| Updating 
| 167|0x000000008a700000, 0x000000008a800000, 0x000000008a800000|100%| O|  |TAMS 0x000000008a800000, 0x000000008a700000| Updating 
| 168|0x000000008a800000, 0x000000008a900000, 0x000000008a900000|100%| O|  |TAMS 0x000000008a900000, 0x000000008a800000| Updating 
| 169|0x000000008a900000, 0x000000008aa00000, 0x000000008aa00000|100%| O|  |TAMS 0x000000008aa00000, 0x000000008a900000| Updating 
| 170|0x000000008aa00000, 0x000000008ab00000, 0x000000008ab00000|100%| O|  |TAMS 0x000000008ab00000, 0x000000008aa00000| Updating 
| 171|0x000000008ab00000, 0x000000008ac00000, 0x000000008ac00000|100%| O|  |TAMS 0x000000008ac00000, 0x000000008ab00000| Updating 
| 172|0x000000008ac00000, 0x000000008ad00000, 0x000000008ad00000|100%| O|  |TAMS 0x000000008ad00000, 0x000000008ac00000| Updating 
| 173|0x000000008ad00000, 0x000000008ae00000, 0x000000008ae00000|100%| O|  |TAMS 0x000000008ae00000, 0x000000008ad00000| Updating 
| 174|0x000000008ae00000, 0x000000008af00000, 0x000000008af00000|100%| O|  |TAMS 0x000000008af00000, 0x000000008ae00000| Updating 
| 175|0x000000008af00000, 0x000000008b000000, 0x000000008b000000|100%| O|  |TAMS 0x000000008b000000, 0x000000008af00000| Updating 
| 176|0x000000008b000000, 0x000000008b100000, 0x000000008b100000|100%| O|  |TAMS 0x000000008b100000, 0x000000008b000000| Updating 
| 177|0x000000008b100000, 0x000000008b200000, 0x000000008b200000|100%| O|  |TAMS 0x000000008b200000, 0x000000008b100000| Updating 
| 178|0x000000008b200000, 0x000000008b300000, 0x000000008b300000|100%| O|  |TAMS 0x000000008b300000, 0x000000008b200000| Updating 
| 179|0x000000008b300000, 0x000000008b400000, 0x000000008b400000|100%| O|  |TAMS 0x000000008b400000, 0x000000008b300000| Updating 
| 180|0x000000008b400000, 0x000000008b500000, 0x000000008b500000|100%| O|  |TAMS 0x000000008b500000, 0x000000008b400000| Updating 
| 181|0x000000008b500000, 0x000000008b600000, 0x000000008b600000|100%| O|  |TAMS 0x000000008b600000, 0x000000008b500000| Updating 
| 182|0x000000008b600000, 0x000000008b700000, 0x000000008b700000|100%| O|  |TAMS 0x000000008b700000, 0x000000008b600000| Updating 
| 183|0x000000008b700000, 0x000000008b800000, 0x000000008b800000|100%| O|  |TAMS 0x000000008b800000, 0x000000008b700000| Updating 
| 184|0x000000008b800000, 0x000000008b900000, 0x000000008b900000|100%| O|  |TAMS 0x000000008b900000, 0x000000008b800000| Updating 
| 185|0x000000008b900000, 0x000000008ba00000, 0x000000008ba00000|100%| O|  |TAMS 0x000000008b980000, 0x000000008b900000| Updating 
| 186|0x000000008ba00000, 0x000000008bb00000, 0x000000008bb00000|100%| O|  |TAMS 0x000000008ba00000, 0x000000008ba00000| Untracked 
| 187|0x000000008bb00000, 0x000000008bc00000, 0x000000008bc00000|100%| O|  |TAMS 0x000000008bb00000, 0x000000008bb00000| Untracked 
| 188|0x000000008bc00000, 0x000000008bd00000, 0x000000008bd00000|100%| O|  |TAMS 0x000000008bc00000, 0x000000008bc00000| Untracked 
| 189|0x000000008bd00000, 0x000000008be00000, 0x000000008be00000|100%| O|  |TAMS 0x000000008bd00000, 0x000000008bd00000| Untracked 
| 190|0x000000008be00000, 0x000000008bf00000, 0x000000008bf00000|100%| O|  |TAMS 0x000000008be00000, 0x000000008be00000| Untracked 
| 191|0x000000008bf00000, 0x000000008c000000, 0x000000008c000000|100%| O|  |TAMS 0x000000008bf00000, 0x000000008bf00000| Untracked 
| 192|0x000000008c000000, 0x000000008c100000, 0x000000008c100000|100%| O|  |TAMS 0x000000008c000000, 0x000000008c000000| Untracked 
| 193|0x000000008c100000, 0x000000008c200000, 0x000000008c200000|100%| O|  |TAMS 0x000000008c100000, 0x000000008c100000| Untracked 
| 194|0x000000008c200000, 0x000000008c300000, 0x000000008c300000|100%| O|  |TAMS 0x000000008c200000, 0x000000008c200000| Untracked 
| 195|0x000000008c300000, 0x000000008c400000, 0x000000008c400000|100%| O|  |TAMS 0x000000008c300000, 0x000000008c300000| Untracked 
| 196|0x000000008c400000, 0x000000008c500000, 0x000000008c500000|100%| O|  |TAMS 0x000000008c400000, 0x000000008c400000| Untracked 
| 197|0x000000008c500000, 0x000000008c600000, 0x000000008c600000|100%| O|  |TAMS 0x000000008c500000, 0x000000008c500000| Untracked 
| 198|0x000000008c600000, 0x000000008c700000, 0x000000008c700000|100%| O|  |TAMS 0x000000008c600000, 0x000000008c600000| Untracked 
| 199|0x000000008c700000, 0x000000008c800000, 0x000000008c800000|100%| O|  |TAMS 0x000000008c700000, 0x000000008c700000| Updating 
| 200|0x000000008c800000, 0x000000008c900000, 0x000000008c900000|100%| O|  |TAMS 0x000000008c800000, 0x000000008c800000| Untracked 
| 201|0x000000008c900000, 0x000000008ca00000, 0x000000008ca00000|100%| O|  |TAMS 0x000000008c900000, 0x000000008c900000| Untracked 
| 202|0x000000008ca00000, 0x000000008cb00000, 0x000000008cb00000|100%| O|  |TAMS 0x000000008ca00000, 0x000000008ca00000| Untracked 
| 203|0x000000008cb00000, 0x000000008cc00000, 0x000000008cc00000|100%| O|  |TAMS 0x000000008cb00000, 0x000000008cb00000| Untracked 
| 204|0x000000008cc00000, 0x000000008cd00000, 0x000000008cd00000|100%| O|  |TAMS 0x000000008cc00000, 0x000000008cc00000| Untracked 
| 205|0x000000008cd00000, 0x000000008ce00000, 0x000000008ce00000|100%| O|  |TAMS 0x000000008cd00000, 0x000000008cd00000| Untracked 
| 206|0x000000008ce00000, 0x000000008cf00000, 0x000000008cf00000|100%| O|  |TAMS 0x000000008ce00000, 0x000000008ce00000| Untracked 
| 207|0x000000008cf00000, 0x000000008d000000, 0x000000008d000000|100%| O|  |TAMS 0x000000008cf00000, 0x000000008cf00000| Untracked 
| 208|0x000000008d000000, 0x000000008d080000, 0x000000008d100000| 50%| O|  |TAMS 0x000000008d000000, 0x000000008d000000| Untracked 
| 209|0x000000008d100000, 0x000000008d100000, 0x000000008d200000|  0%| F|  |TAMS 0x000000008d100000, 0x000000008d100000| Untracked 
| 210|0x000000008d200000, 0x000000008d200000, 0x000000008d300000|  0%| F|  |TAMS 0x000000008d200000, 0x000000008d200000| Untracked 
| 211|0x000000008d300000, 0x000000008d300000, 0x000000008d400000|  0%| F|  |TAMS 0x000000008d300000, 0x000000008d300000| Untracked 
| 212|0x000000008d400000, 0x000000008d400000, 0x000000008d500000|  0%| F|  |TAMS 0x000000008d400000, 0x000000008d400000| Untracked 
| 213|0x000000008d500000, 0x000000008d500000, 0x000000008d600000|  0%| F|  |TAMS 0x000000008d500000, 0x000000008d500000| Untracked 
| 214|0x000000008d600000, 0x000000008d600000, 0x000000008d700000|  0%| F|  |TAMS 0x000000008d600000, 0x000000008d600000| Untracked 
| 215|0x000000008d700000, 0x000000008d700000, 0x000000008d800000|  0%| F|  |TAMS 0x000000008d700000, 0x000000008d700000| Untracked 
| 216|0x000000008d800000, 0x000000008d800000, 0x000000008d900000|  0%| F|  |TAMS 0x000000008d800000, 0x000000008d800000| Untracked 
| 217|0x000000008d900000, 0x000000008d900000, 0x000000008da00000|  0%| F|  |TAMS 0x000000008d900000, 0x000000008d900000| Untracked 
| 218|0x000000008da00000, 0x000000008da00000, 0x000000008db00000|  0%| F|  |TAMS 0x000000008da00000, 0x000000008da00000| Untracked 
| 219|0x000000008db00000, 0x000000008db00000, 0x000000008dc00000|  0%| F|  |TAMS 0x000000008db00000, 0x000000008db00000| Untracked 
| 220|0x000000008dc00000, 0x000000008dc00000, 0x000000008dd00000|  0%| F|  |TAMS 0x000000008dc00000, 0x000000008dc00000| Untracked 
| 221|0x000000008dd00000, 0x000000008dd00000, 0x000000008de00000|  0%| F|  |TAMS 0x000000008dd00000, 0x000000008dd00000| Untracked 
| 222|0x000000008de00000, 0x000000008df00000, 0x000000008df00000|100%| O|  |TAMS 0x000000008df00000, 0x000000008de00000| Updating 
| 223|0x000000008df00000, 0x000000008e000000, 0x000000008e000000|100%| O|  |TAMS 0x000000008e000000, 0x000000008df00000| Updating 
| 224|0x000000008e000000, 0x000000008e100000, 0x000000008e100000|100%| O|  |TAMS 0x000000008e100000, 0x000000008e000000| Updating 
| 225|0x000000008e100000, 0x000000008e200000, 0x000000008e200000|100%| O|  |TAMS 0x000000008e200000, 0x000000008e100000| Updating 
| 226|0x000000008e200000, 0x000000008e300000, 0x000000008e300000|100%| O|  |TAMS 0x000000008e300000, 0x000000008e200000| Updating 
| 227|0x000000008e300000, 0x000000008e400000, 0x000000008e400000|100%| O|  |TAMS 0x000000008e400000, 0x000000008e300000| Updating 
| 228|0x000000008e400000, 0x000000008e500000, 0x000000008e500000|100%| O|  |TAMS 0x000000008e500000, 0x000000008e400000| Updating 
| 229|0x000000008e500000, 0x000000008e500000, 0x000000008e600000|  0%| F|  |TAMS 0x000000008e500000, 0x000000008e500000| Untracked 
| 230|0x000000008e600000, 0x000000008e600000, 0x000000008e700000|  0%| F|  |TAMS 0x000000008e600000, 0x000000008e600000| Untracked 
| 231|0x000000008e700000, 0x000000008e700000, 0x000000008e800000|  0%| F|  |TAMS 0x000000008e700000, 0x000000008e700000| Untracked 
| 232|0x000000008e800000, 0x000000008e800000, 0x000000008e900000|  0%| F|  |TAMS 0x000000008e800000, 0x000000008e800000| Untracked 
| 233|0x000000008e900000, 0x000000008e900000, 0x000000008ea00000|  0%| F|  |TAMS 0x000000008e900000, 0x000000008e900000| Untracked 
| 234|0x000000008ea00000, 0x000000008ea00000, 0x000000008eb00000|  0%| F|  |TAMS 0x000000008ea00000, 0x000000008ea00000| Untracked 
| 235|0x000000008eb00000, 0x000000008eb00000, 0x000000008ec00000|  0%| F|  |TAMS 0x000000008eb00000, 0x000000008eb00000| Untracked 
| 236|0x000000008ec00000, 0x000000008ec00000, 0x000000008ed00000|  0%| F|  |TAMS 0x000000008ec00000, 0x000000008ec00000| Untracked 
| 237|0x000000008ed00000, 0x000000008ed00000, 0x000000008ee00000|  0%| F|  |TAMS 0x000000008ed00000, 0x000000008ed00000| Untracked 
| 238|0x000000008ee00000, 0x000000008ee00000, 0x000000008ef00000|  0%| F|  |TAMS 0x000000008ee00000, 0x000000008ee00000| Untracked 
| 239|0x000000008ef00000, 0x000000008ef00000, 0x000000008f000000|  0%| F|  |TAMS 0x000000008ef00000, 0x000000008ef00000| Untracked 
| 240|0x000000008f000000, 0x000000008f000000, 0x000000008f100000|  0%| F|  |TAMS 0x000000008f000000, 0x000000008f000000| Untracked 
| 241|0x000000008f100000, 0x000000008f100000, 0x000000008f200000|  0%| F|  |TAMS 0x000000008f100000, 0x000000008f100000| Untracked 
| 242|0x000000008f200000, 0x000000008f200000, 0x000000008f300000|  0%| F|  |TAMS 0x000000008f200000, 0x000000008f200000| Untracked 
| 243|0x000000008f300000, 0x000000008f300000, 0x000000008f400000|  0%| F|  |TAMS 0x000000008f300000, 0x000000008f300000| Untracked 
| 244|0x000000008f400000, 0x000000008f400000, 0x000000008f500000|  0%| F|  |TAMS 0x000000008f400000, 0x000000008f400000| Untracked 
| 245|0x000000008f500000, 0x000000008f500000, 0x000000008f600000|  0%| F|  |TAMS 0x000000008f500000, 0x000000008f500000| Untracked 
| 246|0x000000008f600000, 0x000000008f600000, 0x000000008f700000|  0%| F|  |TAMS 0x000000008f600000, 0x000000008f600000| Untracked 
| 247|0x000000008f700000, 0x000000008f700000, 0x000000008f800000|  0%| F|  |TAMS 0x000000008f700000, 0x000000008f700000| Untracked 
| 248|0x000000008f800000, 0x000000008f800000, 0x000000008f900000|  0%| F|  |TAMS 0x000000008f800000, 0x000000008f800000| Untracked 
| 249|0x000000008f900000, 0x000000008f900000, 0x000000008fa00000|  0%| F|  |TAMS 0x000000008f900000, 0x000000008f900000| Untracked 
| 250|0x000000008fa00000, 0x000000008fa00000, 0x000000008fb00000|  0%| F|  |TAMS 0x000000008fa00000, 0x000000008fa00000| Untracked 
| 251|0x000000008fb00000, 0x000000008fb00000, 0x000000008fc00000|  0%| F|  |TAMS 0x000000008fb00000, 0x000000008fb00000| Untracked 
| 252|0x000000008fc00000, 0x000000008fc00000, 0x000000008fd00000|  0%| F|  |TAMS 0x000000008fc00000, 0x000000008fc00000| Untracked 
| 253|0x000000008fd00000, 0x000000008fd00000, 0x000000008fe00000|  0%| F|  |TAMS 0x000000008fd00000, 0x000000008fd00000| Untracked 
| 254|0x000000008fe00000, 0x000000008fe00000, 0x000000008ff00000|  0%| F|  |TAMS 0x000000008fe00000, 0x000000008fe00000| Untracked 
| 255|0x000000008ff00000, 0x0000000090000000, 0x0000000090000000|100%| S|CS|TAMS 0x000000008ff00000, 0x000000008ff00000| Complete 
| 256|0x0000000090000000, 0x0000000090100000, 0x0000000090100000|100%| S|CS|TAMS 0x0000000090000000, 0x0000000090000000| Complete 
| 257|0x0000000090100000, 0x0000000090200000, 0x0000000090200000|100%| S|CS|TAMS 0x0000000090100000, 0x0000000090100000| Complete 
| 258|0x0000000090200000, 0x0000000090200000, 0x0000000090300000|  0%| F|  |TAMS 0x0000000090200000, 0x0000000090200000| Untracked 
| 259|0x0000000090300000, 0x0000000090300000, 0x0000000090400000|  0%| F|  |TAMS 0x0000000090300000, 0x0000000090300000| Untracked 
| 260|0x0000000090400000, 0x0000000090400000, 0x0000000090500000|  0%| F|  |TAMS 0x0000000090400000, 0x0000000090400000| Untracked 
| 261|0x0000000090500000, 0x0000000090500000, 0x0000000090600000|  0%| F|  |TAMS 0x0000000090500000, 0x0000000090500000| Untracked 
| 262|0x0000000090600000, 0x0000000090600000, 0x0000000090700000|  0%| F|  |TAMS 0x0000000090600000, 0x0000000090600000| Untracked 
| 263|0x0000000090700000, 0x0000000090700000, 0x0000000090800000|  0%| F|  |TAMS 0x0000000090700000, 0x0000000090700000| Untracked 
| 264|0x0000000090800000, 0x0000000090800000, 0x0000000090900000|  0%| F|  |TAMS 0x0000000090800000, 0x0000000090800000| Untracked 
| 265|0x0000000090900000, 0x0000000090900000, 0x0000000090a00000|  0%| F|  |TAMS 0x0000000090900000, 0x0000000090900000| Untracked 
| 266|0x0000000090a00000, 0x0000000090a00000, 0x0000000090b00000|  0%| F|  |TAMS 0x0000000090a00000, 0x0000000090a00000| Untracked 
| 267|0x0000000090b00000, 0x0000000090b00000, 0x0000000090c00000|  0%| F|  |TAMS 0x0000000090b00000, 0x0000000090b00000| Untracked 
| 268|0x0000000090c00000, 0x0000000090c00000, 0x0000000090d00000|  0%| F|  |TAMS 0x0000000090c00000, 0x0000000090c00000| Untracked 
| 269|0x0000000090d00000, 0x0000000090d00000, 0x0000000090e00000|  0%| F|  |TAMS 0x0000000090d00000, 0x0000000090d00000| Untracked 
| 270|0x0000000090e00000, 0x0000000090e00000, 0x0000000090f00000|  0%| F|  |TAMS 0x0000000090e00000, 0x0000000090e00000| Untracked 
| 271|0x0000000090f00000, 0x0000000090f00000, 0x0000000091000000|  0%| F|  |TAMS 0x0000000090f00000, 0x0000000090f00000| Untracked 
| 272|0x0000000091000000, 0x0000000091000000, 0x0000000091100000|  0%| F|  |TAMS 0x0000000091000000, 0x0000000091000000| Untracked 
| 273|0x0000000091100000, 0x0000000091100000, 0x0000000091200000|  0%| F|  |TAMS 0x0000000091100000, 0x0000000091100000| Untracked 
| 274|0x0000000091200000, 0x0000000091200000, 0x0000000091300000|  0%| F|  |TAMS 0x0000000091200000, 0x0000000091200000| Untracked 

Card table byte_map: [0x0000018cd5880000,0x0000018cd5c80000] _byte_map_base: 0x0000018cd5480000

Marking Bits (Prev, Next): (CMBitMap*) 0x0000018cc29a0668, (CMBitMap*) 0x0000018cc29a06a0
 Prev Bits: [0x0000018cd6080000, 0x0000018cd8080000)
 Next Bits: [0x0000018cd8080000, 0x0000018cda080000)

Polling page: 0x0000018cc0860000

Metaspace:

Usage:
  Non-class:     88.14 MB capacity,    86.59 MB ( 98%) used,     1.27 MB (  1%) free+waste,   280.88 KB ( <1%) overhead. 
      Class:     13.65 MB capacity,    12.77 MB ( 94%) used,   775.90 KB (  6%) free+waste,   123.63 KB ( <1%) overhead. 
       Both:    101.78 MB capacity,    99.36 MB ( 98%) used,     2.03 MB (  2%) free+waste,   404.50 KB ( <1%) overhead. 

Virtual space:
  Non-class space:       90.00 MB reserved,      88.19 MB ( 98%) committed 
      Class space:        1.00 GB reserved,      13.70 MB (  1%) committed 
             Both:        1.09 GB reserved,     101.89 MB (  9%) committed 

Chunk freelists:
   Non-Class:  52.00 KB
       Class:  11.00 KB
        Both:  63.00 KB

MaxMetaspaceSize: 17179869184.00 GB
CompressedClassSpaceSize: 1.00 GB
Initial GC threshold: 20.80 MB
Current GC threshold: 169.81 MB
CDS: off

CodeHeap 'non-profiled nmethods': size=120064Kb used=8212Kb max_used=8212Kb free=111851Kb
 bounds [0x0000018ccdf40000, 0x0000018cce750000, 0x0000018cd5480000]
CodeHeap 'profiled nmethods': size=120000Kb used=27852Kb max_used=27852Kb free=92147Kb
 bounds [0x0000018cc6a10000, 0x0000018cc8550000, 0x0000018ccdf40000]
CodeHeap 'non-nmethods': size=5696Kb used=2402Kb max_used=2454Kb free=3293Kb
 bounds [0x0000018cc6480000, 0x0000018cc6700000, 0x0000018cc6a10000]
 total_blobs=13646 nmethods=12719 adapters=839
 compilation: enabled
              stopped_count=0, restarted_count=0
 full_count=0

Compilation events (20 events):
Event: 36.669 Thread 0x0000018cdc584000 12864       2       com.android.tools.r8.graph.n0::K0 (10 bytes)
Event: 36.672 Thread 0x0000018cdc584000 nmethod 12864 0x0000018cc8540810 code [0x0000018cc85409c0, 0x0000018cc8540b28]
Event: 36.674 Thread 0x0000018cdc584000 12866       2       com.android.tools.r8.graph.n0$a::a (7 bytes)
Event: 36.674 Thread 0x0000018cdc584000 nmethod 12866 0x0000018cc8540c10 code [0x0000018cc8540dc0, 0x0000018cc8540f18]
Event: 36.706 Thread 0x0000018cdc584000 12867       2       com.android.tools.r8.graph.n0$a::a (7 bytes)
Event: 36.706 Thread 0x0000018cdc584000 nmethod 12867 0x0000018cc8540f90 code [0x0000018cc8541140, 0x0000018cc8541298]
Event: 36.728 Thread 0x0000018cdc584000 12869       2       com.android.tools.r8.graph.n0$a::a (7 bytes)
Event: 36.728 Thread 0x0000018cdc584000 nmethod 12869 0x0000018cc8541310 code [0x0000018cc85414c0, 0x0000018cc8541618]
Event: 36.728 Thread 0x0000018cdc584000 12870       2       com.android.tools.r8.graph.n0$a::c (7 bytes)
Event: 36.728 Thread 0x0000018cdc584000 nmethod 12870 0x0000018cc8541690 code [0x0000018cc8541840, 0x0000018cc8541938]
Event: 36.728 Thread 0x0000018cdc584000 12871       2       com.android.tools.r8.graph.n0$a::a (7 bytes)
Event: 36.728 Thread 0x0000018cdc584000 nmethod 12871 0x0000018cc8541a10 code [0x0000018cc8541bc0, 0x0000018cc8541d18]
Event: 36.728 Thread 0x0000018cdc584000 12872       2       com.android.tools.r8.graph.n0$a::a (7 bytes)
Event: 36.728 Thread 0x0000018cdc584000 nmethod 12872 0x0000018cc8541d90 code [0x0000018cc8541f40, 0x0000018cc8542098]
Event: 36.854 Thread 0x0000018cdc584000 12874       2       com.android.tools.r8.internal.d1::iterator (5 bytes)
Event: 36.855 Thread 0x0000018cdc584000 nmethod 12874 0x0000018cc8542110 code [0x0000018cc85422c0, 0x0000018cc85424a8]
Event: 36.881 Thread 0x0000018cdc584000 12876       2       com.android.tools.r8.code.S3::<init> (7 bytes)
Event: 36.882 Thread 0x0000018cdc584000 nmethod 12876 0x0000018cc8542590 code [0x0000018cc8542760, 0x0000018cc8542998]
Event: 36.886 Thread 0x0000018cdc584000 12878 %     3       com.android.tools.r8.internal.Ze::a @ 7 (35 bytes)
Event: 36.887 Thread 0x0000018cdc584000 nmethod 12878% 0x0000018cc8542b90 code [0x0000018cc8542d60, 0x0000018cc85430c8]

GC Heap History (20 events):
Event: 29.063 GC heap after
{Heap after GC invocations=23 (full 0):
 garbage-first heap   total 227328K, used 98040K [0x0000000080000000, 0x0000000100000000)
  region size 1024K, 10 young (10240K), 10 survivors (10240K)
 Metaspace       used 92200K, capacity 94457K, committed 94732K, reserved 1132544K
  class space    used 11695K, capacity 12516K, committed 12620K, reserved 1048576K
}
Event: 31.127 GC heap before
{Heap before GC invocations=23 (full 0):
 garbage-first heap   total 227328K, used 171768K [0x0000000080000000, 0x0000000100000000)
  region size 1024K, 83 young (84992K), 10 survivors (10240K)
 Metaspace       used 94270K, capacity 96483K, committed 96780K, reserved 1132544K
  class space    used 11974K, capacity 12804K, committed 12876K, reserved 1048576K
}
Event: 31.154 GC heap after
{Heap after GC invocations=24 (full 0):
 garbage-first heap   total 227328K, used 100543K [0x0000000080000000, 0x0000000100000000)
  region size 1024K, 8 young (8192K), 8 survivors (8192K)
 Metaspace       used 94270K, capacity 96483K, committed 96780K, reserved 1132544K
  class space    used 11974K, capacity 12804K, committed 12876K, reserved 1048576K
}
Event: 32.338 GC heap before
{Heap before GC invocations=24 (full 0):
 garbage-first heap   total 227328K, used 175295K [0x0000000080000000, 0x0000000100000000)
  region size 1024K, 82 young (83968K), 8 survivors (8192K)
 Metaspace       used 96052K, capacity 98346K, committed 98444K, reserved 1134592K
  class space    used 12159K, capacity 12952K, committed 13004K, reserved 1048576K
}
Event: 32.365 GC heap after
{Heap after GC invocations=25 (full 0):
 garbage-first heap   total 227328K, used 105472K [0x0000000080000000, 0x0000000100000000)
  region size 1024K, 8 young (8192K), 8 survivors (8192K)
 Metaspace       used 96052K, capacity 98346K, committed 98444K, reserved 1134592K
  class space    used 12159K, capacity 12952K, committed 13004K, reserved 1048576K
}
Event: 32.457 GC heap before
{Heap before GC invocations=25 (full 0):
 garbage-first heap   total 227328K, used 117760K [0x0000000080000000, 0x0000000100000000)
  region size 1024K, 17 young (17408K), 8 survivors (8192K)
 Metaspace       used 96132K, capacity 98448K, committed 98700K, reserved 1134592K
  class space    used 12167K, capacity 12985K, committed 13004K, reserved 1048576K
}
Event: 32.476 GC heap after
{Heap after GC invocations=26 (full 0):
 garbage-first heap   total 227328K, used 112262K [0x0000000080000000, 0x0000000100000000)
  region size 1024K, 7 young (7168K), 7 survivors (7168K)
 Metaspace       used 96132K, capacity 98448K, committed 98700K, reserved 1134592K
  class space    used 12167K, capacity 12985K, committed 13004K, reserved 1048576K
}
Event: 33.211 GC heap before
{Heap before GC invocations=27 (full 0):
 garbage-first heap   total 227328K, used 124550K [0x0000000080000000, 0x0000000100000000)
  region size 1024K, 16 young (16384K), 7 survivors (7168K)
 Metaspace       used 96124K, capacity 98390K, committed 98700K, reserved 1134592K
  class space    used 12156K, capacity 12965K, committed 13004K, reserved 1048576K
}
Event: 33.228 GC heap after
{Heap after GC invocations=28 (full 0):
 garbage-first heap   total 227328K, used 123426K [0x0000000080000000, 0x0000000100000000)
  region size 1024K, 8 young (8192K), 8 survivors (8192K)
 Metaspace       used 96124K, capacity 98390K, committed 98700K, reserved 1134592K
  class space    used 12156K, capacity 12965K, committed 13004K, reserved 1048576K
}
Event: 34.137 GC heap before
{Heap before GC invocations=29 (full 0):
 garbage-first heap   total 227328K, used 210466K [0x0000000080000000, 0x0000000100000000)
  region size 1024K, 56 young (57344K), 8 survivors (8192K)
 Metaspace       used 99315K, capacity 101639K, committed 101772K, reserved 1138688K
  class space    used 12611K, capacity 13454K, committed 13516K, reserved 1048576K
}
Event: 34.162 GC heap after
{Heap after GC invocations=30 (full 0):
 garbage-first heap   total 234496K, used 156672K [0x0000000080000000, 0x0000000100000000)
  region size 1024K, 7 young (7168K), 7 survivors (7168K)
 Metaspace       used 99315K, capacity 101639K, committed 101772K, reserved 1138688K
  class space    used 12611K, capacity 13454K, committed 13516K, reserved 1048576K
}
Event: 34.640 GC heap before
{Heap before GC invocations=30 (full 0):
 garbage-first heap   total 234496K, used 179200K [0x0000000080000000, 0x0000000100000000)
  region size 1024K, 31 young (31744K), 7 survivors (7168K)
 Metaspace       used 99318K, capacity 101639K, committed 101772K, reserved 1138688K
  class space    used 12611K, capacity 13454K, committed 13516K, reserved 1048576K
}
Event: 34.677 GC heap after
{Heap after GC invocations=31 (full 0):
 garbage-first heap   total 281600K, used 166618K [0x0000000080000000, 0x0000000100000000)
  region size 1024K, 5 young (5120K), 5 survivors (5120K)
 Metaspace       used 99318K, capacity 101639K, committed 101772K, reserved 1138688K
  class space    used 12611K, capacity 13454K, committed 13516K, reserved 1048576K
}
Event: 35.468 GC heap before
{Heap before GC invocations=32 (full 0):
 garbage-first heap   total 281600K, used 212698K [0x0000000080000000, 0x0000000100000000)
  region size 1024K, 47 young (48128K), 5 survivors (5120K)
 Metaspace       used 101402K, capacity 103836K, committed 104076K, reserved 1138688K
  class space    used 13050K, capacity 13935K, committed 14028K, reserved 1048576K
}
Event: 35.545 GC heap after
{Heap after GC invocations=33 (full 0):
 garbage-first heap   total 281600K, used 185703K [0x0000000080000000, 0x0000000100000000)
  region size 1024K, 6 young (6144K), 6 survivors (6144K)
 Metaspace       used 101402K, capacity 103836K, committed 104076K, reserved 1138688K
  class space    used 13050K, capacity 13935K, committed 14028K, reserved 1048576K
}
Event: 35.958 GC heap before
{Heap before GC invocations=33 (full 0):
 garbage-first heap   total 281600K, used 218471K [0x0000000080000000, 0x0000000100000000)
  region size 1024K, 39 young (39936K), 6 survivors (6144K)
 Metaspace       used 101700K, capacity 104160K, committed 104332K, reserved 1140736K
  class space    used 13073K, capacity 13973K, committed 14028K, reserved 1048576K
}
Event: 36.025 GC heap after
{Heap after GC invocations=34 (full 0):
 garbage-first heap   total 281600K, used 202240K [0x0000000080000000, 0x0000000100000000)
  region size 1024K, 5 young (5120K), 5 survivors (5120K)
 Metaspace       used 101700K, capacity 104160K, committed 104332K, reserved 1140736K
  class space    used 13073K, capacity 13973K, committed 14028K, reserved 1048576K
}
Event: 36.582 GC heap before
{Heap before GC invocations=34 (full 0):
 garbage-first heap   total 281600K, used 225792K [0x0000000080000000, 0x0000000100000000)
  region size 1024K, 29 young (29696K), 5 survivors (5120K)
 Metaspace       used 101742K, capacity 104225K, committed 104332K, reserved 1140736K
  class space    used 13073K, capacity 13973K, committed 14028K, reserved 1048576K
}
Event: 36.623 GC heap after
{Heap after GC invocations=35 (full 0):
 garbage-first heap   total 281600K, used 215552K [0x0000000080000000, 0x0000000100000000)
  region size 1024K, 4 young (4096K), 4 survivors (4096K)
 Metaspace       used 101742K, capacity 104225K, committed 104332K, reserved 1140736K
  class space    used 13073K, capacity 13973K, committed 14028K, reserved 1048576K
}
Event: 36.904 GC heap before
{Heap before GC invocations=35 (full 0):
 garbage-first heap   total 281600K, used 231936K [0x0000000080000000, 0x0000000100000000)
  region size 1024K, 21 young (21504K), 4 survivors (4096K)
 Metaspace       used 101743K, capacity 104225K, committed 104332K, reserved 1140736K
  class space    used 13073K, capacity 13973K, committed 14028K, reserved 1048576K
}

Deoptimization events (20 events):
Event: 36.736 Thread 0x0000018cdedb5800 DEOPT PACKING pc=0x0000018cc840ad0c sp=0x0000003f434fe730
Event: 36.736 Thread 0x0000018cdedb5800 DEOPT UNPACKING pc=0x0000018cc64ca95e sp=0x0000003f434fdd70 mode 0
Event: 36.829 Thread 0x0000018cdedae800 DEOPT PACKING pc=0x0000018cc840ad0c sp=0x0000003f433fec40
Event: 36.830 Thread 0x0000018cdedae800 DEOPT UNPACKING pc=0x0000018cc64ca95e sp=0x0000003f433fe280 mode 0
Event: 36.839 Thread 0x0000018cdedae800 DEOPT PACKING pc=0x0000018cc840ad0c sp=0x0000003f433fec20
Event: 36.839 Thread 0x0000018cdedae800 DEOPT UNPACKING pc=0x0000018cc64ca95e sp=0x0000003f433fe260 mode 0
Event: 36.848 Thread 0x0000018cdedaf800 DEOPT PACKING pc=0x0000018cc840ad0c sp=0x0000003f435fea20
Event: 36.848 Thread 0x0000018cdedaf800 DEOPT UNPACKING pc=0x0000018cc64ca95e sp=0x0000003f435fe060 mode 0
Event: 36.857 Thread 0x0000018cdedaf800 DEOPT PACKING pc=0x0000018cc840ad0c sp=0x0000003f435fea20
Event: 36.857 Thread 0x0000018cdedaf800 DEOPT UNPACKING pc=0x0000018cc64ca95e sp=0x0000003f435fe060 mode 0
Event: 36.865 Thread 0x0000018cdedae800 DEOPT PACKING pc=0x0000018cc840ad0c sp=0x0000003f433fec20
Event: 36.865 Thread 0x0000018cdedae800 DEOPT UNPACKING pc=0x0000018cc64ca95e sp=0x0000003f433fe260 mode 0
Event: 36.871 Thread 0x0000018cdedae800 DEOPT PACKING pc=0x0000018cc840ad0c sp=0x0000003f433fec40
Event: 36.871 Thread 0x0000018cdedae800 DEOPT UNPACKING pc=0x0000018cc64ca95e sp=0x0000003f433fe280 mode 0
Event: 36.877 Thread 0x0000018cdedaf800 DEOPT PACKING pc=0x0000018cc840ad0c sp=0x0000003f435fea20
Event: 36.877 Thread 0x0000018cdedaf800 DEOPT UNPACKING pc=0x0000018cc64ca95e sp=0x0000003f435fe060 mode 0
Event: 36.887 Thread 0x0000018cdedaf800 DEOPT PACKING pc=0x0000018cc840ad0c sp=0x0000003f435fea40
Event: 36.887 Thread 0x0000018cdedaf800 DEOPT UNPACKING pc=0x0000018cc64ca95e sp=0x0000003f435fe080 mode 0
Event: 36.893 Thread 0x0000018cdedaf800 DEOPT PACKING pc=0x0000018cc840ad0c sp=0x0000003f435fea20
Event: 36.893 Thread 0x0000018cdedaf800 DEOPT UNPACKING pc=0x0000018cc64ca95e sp=0x0000003f435fe060 mode 0

Classes redefined (0 events):
No events

Internal exceptions (20 events):
Event: 28.543 Thread 0x0000018ce211c000 Exception <a 'sun/nio/fs/WindowsException'{0x000000008a2cd2c8}> (0x000000008a2cd2c8) thrown at [./src/hotspot/share/prims/jni.cpp, line 616]
Event: 28.544 Thread 0x0000018ce211c000 Exception <a 'sun/nio/fs/WindowsException'{0x000000008a2cd5b0}> (0x000000008a2cd5b0) thrown at [./src/hotspot/share/prims/jni.cpp, line 616]
Event: 28.544 Thread 0x0000018ce211c000 Exception <a 'sun/nio/fs/WindowsException'{0x000000008a2ce6e0}> (0x000000008a2ce6e0) thrown at [./src/hotspot/share/prims/jni.cpp, line 616]
Event: 28.544 Thread 0x0000018ce211c000 Exception <a 'sun/nio/fs/WindowsException'{0x000000008a2ce9d8}> (0x000000008a2ce9d8) thrown at [./src/hotspot/share/prims/jni.cpp, line 616]
Event: 28.571 Thread 0x0000018ce211c000 Exception <a 'java/lang/NoSuchMethodError'{0x000000008a059d10}: <clinit>> (0x000000008a059d10) thrown at [./src/hotspot/share/prims/jni.cpp, line 1366]
Event: 28.576 Thread 0x0000018ce211c000 Exception <a 'java/lang/NoSuchMethodError'{0x000000008a092c70}: <clinit>> (0x000000008a092c70) thrown at [./src/hotspot/share/prims/jni.cpp, line 1366]
Event: 28.586 Thread 0x0000018ce211c000 Exception <a 'java/lang/NoSuchMethodError'{0x000000008a0d0090}: <clinit>> (0x000000008a0d0090) thrown at [./src/hotspot/share/prims/jni.cpp, line 1366]
Event: 28.588 Thread 0x0000018ce211c000 Exception <a 'java/lang/NoSuchMethodError'{0x000000008a0e4298}: <clinit>> (0x000000008a0e4298) thrown at [./src/hotspot/share/prims/jni.cpp, line 1366]
Event: 32.281 Thread 0x0000018ce211b800 Exception <a 'java/lang/NoSuchMethodError'{0x0000000089d92890}: 'void java.lang.invoke.DirectMethodHandle$Holder.invokeStatic(java.lang.Object, long)'> (0x0000000089d92890) thrown at [./src/hotspot/share/interpreter/linkResolver.cpp, line 773]
Event: 32.282 Thread 0x0000018ce211b800 Exception <a 'java/lang/NoSuchMethodError'{0x0000000089d97d50}: 'java.lang.Object java.lang.invoke.DirectMethodHandle$Holder.invokeStatic(java.lang.Object, long)'> (0x0000000089d97d50) thrown at [./src/hotspot/share/interpreter/linkResolver.cpp, line 773]
Event: 32.289 Thread 0x0000018ce211b800 Exception <a 'java/lang/NoSuchMethodError'{0x0000000089da60b8}: 'java.lang.Object java.lang.invoke.DirectMethodHandle$Holder.invokeStaticInit(java.lang.Object, java.lang.Object, long, java.lang.Object)'> (0x0000000089da60b8) thrown at [./src/hotspot/share/interpreter/linkResolver.cpp, line 773]
Event: 32.290 Thread 0x0000018ce211b800 Exception <a 'java/lang/NoSuchMethodError'{0x0000000089dac250}: 'java.lang.Object java.lang.invoke.DirectMethodHandle$Holder.invokeStatic(java.lang.Object, java.lang.Object, long)'> (0x0000000089dac250) thrown at [./src/hotspot/share/interpreter/linkResolver.cpp, line 773]
Event: 32.290 Thread 0x0000018ce211b800 Exception <a 'java/lang/NoSuchMethodError'{0x0000000089db27c8}: 'java.lang.Object java.lang.invoke.Invokers$Holder.linkToTargetMethod(java.lang.Object, long, java.lang.Object)'> (0x0000000089db27c8) thrown at [./src/hotspot/share/interpreter/linkResolver.cpp, line 773]
Event: 33.337 Thread 0x0000018cdedb2000 Exception <a 'sun/nio/fs/WindowsException'{0x000000008da425f8}> (0x000000008da425f8) thrown at [./src/hotspot/share/prims/jni.cpp, line 616]
Event: 33.398 Thread 0x0000018cdedb2000 Exception <a 'java/lang/NoSuchMethodError'{0x000000008d87fbd0}: 'java.lang.Object java.lang.invoke.DirectMethodHandle$Holder.newInvokeSpecial(java.lang.Object, int)'> (0x000000008d87fbd0) thrown at [./src/hotspot/share/interpreter/linkResolver.cpp, line 773]
Event: 33.587 Thread 0x0000018ce211b800 Exception <a 'java/lang/NoSuchMethodError'{0x000000008d21e430}: 'int java.lang.invoke.DirectMethodHandle$Holder.invokeSpecialIFC(java.lang.Object, java.lang.Object, java.lang.Object)'> (0x000000008d21e430) thrown at [./src/hotspot/share/interpreter/linkResolver.cpp, line 773]
Event: 33.739 Thread 0x0000018cdedb2000 Exception <a 'java/lang/NoSuchMethodError'{0x000000008d03d3a0}: 'java.lang.Object java.lang.invoke.DirectMethodHandle$Holder.invokeStaticInit(java.lang.Object, java.lang.Object, java.lang.Object, java.lang.Object, java.lang.Object, java.lang.Object, java.lang.Object, java.lang.Object, java.lang.Object, java.lang.Object, java.lang.Object, java.lang.Object, java.lang.Object, java.lang.Object, java.lang.Object, java.lang.Object, java.lang.Object, java.lang.Object, int, java.lang.Object, java.lang.Object)'> (0
Event: 35.277 Thread 0x0000018cdedb5800 Exception <a 'java/lang/IncompatibleClassChangeError'{0x000000008eb25180}: Found class java.lang.Object, but interface was expected> (0x000000008eb25180) thrown at [./src/hotspot/share/interpreter/linkResolver.cpp, line 839]
Event: 35.285 Thread 0x0000018cdedb5800 Exception <a 'java/lang/IncompatibleClassChangeError'{0x000000008eb85f08}: Found class java.lang.Object, but interface was expected> (0x000000008eb85f08) thrown at [./src/hotspot/share/interpreter/linkResolver.cpp, line 839]
Event: 35.285 Thread 0x0000018cdedb5800 Exception <a 'java/lang/IncompatibleClassChangeError'{0x000000008eb978f0}: Found class java.lang.Object, but interface was expected> (0x000000008eb978f0) thrown at [./src/hotspot/share/interpreter/linkResolver.cpp, line 839]

Events (20 events):
Event: 35.572 loading class com/android/tools/r8/internal/vK done
Event: 35.577 loading class com/android/tools/r8/internal/kl
Event: 35.577 loading class com/android/tools/r8/internal/kl done
Event: 35.578 loading class com/android/tools/r8/internal/PD
Event: 35.578 loading class com/android/tools/r8/internal/PD done
Event: 35.786 loading class com/android/tools/r8/internal/Ze
Event: 35.786 loading class com/android/tools/r8/internal/Ze done
Event: 35.787 loading class com/android/tools/r8/graph/a0$a
Event: 35.787 loading class com/android/tools/r8/graph/a0$a done
Event: 35.787 loading class com/android/tools/r8/graph/a0$a
Event: 35.787 loading class com/android/tools/r8/graph/a0$a done
Event: 35.787 loading class com/android/tools/r8/dex/i
Event: 35.787 loading class com/android/tools/r8/dex/i done
Event: 35.957 Executing VM operation: G1CollectForAllocation
Event: 36.025 Executing VM operation: G1CollectForAllocation done
Event: 36.578 Executing VM operation: G1CollectForAllocation
Event: 36.623 Executing VM operation: G1CollectForAllocation done
Event: 36.801 Executing VM operation: CGC_Operation
Event: 36.824 Executing VM operation: CGC_Operation done
Event: 36.898 Executing VM operation: G1CollectForAllocation


Dynamic libraries:
0x00007ff779490000 - 0x00007ff77949a000 	C:\Users\mutanu\Desktop\studio\jre\bin\java.exe
0x00007ff983510000 - 0x00007ff983708000 	C:\WINDOWS\SYSTEM32\ntdll.dll
0x00007ff983300000 - 0x00007ff9833bf000 	C:\WINDOWS\System32\KERNEL32.DLL
0x00007ff980eb0000 - 0x00007ff981182000 	C:\WINDOWS\System32\KERNELBASE.dll
0x00007ff980db0000 - 0x00007ff980eb0000 	C:\WINDOWS\System32\ucrtbase.dll
0x00007ff97bdb0000 - 0x00007ff97bdc7000 	C:\Users\mutanu\Desktop\studio\jre\bin\VCRUNTIME140.dll
0x00007ff973fb0000 - 0x00007ff973fc9000 	C:\Users\mutanu\Desktop\studio\jre\bin\jli.dll
0x00007ff9830f0000 - 0x00007ff983291000 	C:\WINDOWS\System32\USER32.dll
0x00007ff980c90000 - 0x00007ff980cb2000 	C:\WINDOWS\System32\win32u.dll
0x00007ff981f80000 - 0x00007ff981fab000 	C:\WINDOWS\System32\GDI32.dll
0x00007ff980000000 - 0x00007ff98029a000 	C:\WINDOWS\WinSxS\amd64_microsoft.windows.common-controls_6595b64144ccf1df_6.0.19041.1110_none_60b5254171f9507e\COMCTL32.dll
0x00007ff9812e0000 - 0x00007ff9813ef000 	C:\WINDOWS\System32\gdi32full.dll
0x00007ff9820d0000 - 0x00007ff98216e000 	C:\WINDOWS\System32\msvcrt.dll
0x00007ff980cc0000 - 0x00007ff980d5d000 	C:\WINDOWS\System32\msvcp_win.dll
0x00007ff983010000 - 0x00007ff983042000 	C:\WINDOWS\System32\IMM32.DLL
0x00007ff953a30000 - 0x00007ff953acd000 	C:\Users\mutanu\Desktop\studio\jre\bin\msvcp140.dll
0x00007ff94a200000 - 0x00007ff94ad02000 	C:\Users\mutanu\Desktop\studio\jre\bin\server\jvm.dll
0x00007ff981af0000 - 0x00007ff981b9e000 	C:\WINDOWS\System32\ADVAPI32.dll
0x00007ff983050000 - 0x00007ff9830ec000 	C:\WINDOWS\System32\sechost.dll
0x00007ff9822d0000 - 0x00007ff9823f5000 	C:\WINDOWS\System32\RPCRT4.dll
0x00007ff981bb0000 - 0x00007ff981bb8000 	C:\WINDOWS\System32\PSAPI.DLL
0x00007ff96c1d0000 - 0x00007ff96c1d9000 	C:\WINDOWS\SYSTEM32\WSOCK32.dll
0x00007ff963110000 - 0x00007ff963137000 	C:\WINDOWS\SYSTEM32\WINMM.dll
0x00007ff97d930000 - 0x00007ff97d93a000 	C:\WINDOWS\SYSTEM32\VERSION.dll
0x00007ff982190000 - 0x00007ff9821fb000 	C:\WINDOWS\System32\WS2_32.dll
0x00007ff97dcc0000 - 0x00007ff97dcd2000 	C:\WINDOWS\SYSTEM32\kernel.appcore.dll
0x00007ff97f0c0000 - 0x00007ff97f0d1000 	C:\Users\mutanu\Desktop\studio\jre\bin\verify.dll
0x00007ff980490000 - 0x00007ff980674000 	C:\WINDOWS\SYSTEM32\DBGHELP.DLL
0x00007ff9803d0000 - 0x00007ff980405000 	C:\WINDOWS\SYSTEM32\dbgcore.DLL
0x00007ff980c00000 - 0x00007ff980c82000 	C:\WINDOWS\System32\bcryptPrimitives.dll
0x00007ff97ed20000 - 0x00007ff97ed49000 	C:\Users\mutanu\Desktop\studio\jre\bin\java.dll
0x00007ff97ed10000 - 0x00007ff97ed1b000 	C:\Users\mutanu\Desktop\studio\jre\bin\jimage.dll
0x00007ff97ec40000 - 0x00007ff97ec58000 	C:\Users\mutanu\Desktop\studio\jre\bin\zip.dll
0x00007ff982730000 - 0x00007ff982e74000 	C:\WINDOWS\System32\SHELL32.dll
0x00007ff97dec0000 - 0x00007ff97e652000 	C:\WINDOWS\SYSTEM32\windows.storage.dll
0x00007ff981bc0000 - 0x00007ff981f15000 	C:\WINDOWS\System32\combase.dll
0x00007ff97ff60000 - 0x00007ff97ff90000 	C:\WINDOWS\SYSTEM32\Wldp.dll
0x00007ff981fc0000 - 0x00007ff98206d000 	C:\WINDOWS\System32\SHCORE.dll
0x00007ff9832a0000 - 0x00007ff9832f5000 	C:\WINDOWS\System32\shlwapi.dll
0x00007ff980b40000 - 0x00007ff980b5f000 	C:\WINDOWS\SYSTEM32\profapi.dll
0x00007ff978cf0000 - 0x00007ff978d0a000 	C:\Users\mutanu\Desktop\studio\jre\bin\net.dll
0x00007ff972e90000 - 0x00007ff972f9c000 	C:\WINDOWS\SYSTEM32\WINHTTP.dll
0x00007ff97fe30000 - 0x00007ff97fe9a000 	C:\WINDOWS\system32\mswsock.dll
0x00007ff9741a0000 - 0x00007ff9741b4000 	C:\Users\mutanu\Desktop\studio\jre\bin\nio.dll
0x00007ff978560000 - 0x00007ff978587000 	C:\Users\mutanu\.gradle\native\e1d6ef7f7dcc3fd88c89a11ec53ec762bb8ba0a96d01ffa2cd45eb1d1d8dd5c5\windows-amd64\native-platform.dll
0x00007ff952ea0000 - 0x00007ff952fe4000 	C:\Users\mutanu\.gradle\native\0d407fdbe67a94daf76414ababcb853783967236a71b16ec16e742cd7a986fd3\windows-amd64\native-platform-file-events.dll
0x00007ff97ed00000 - 0x00007ff97ed0a000 	C:\Users\mutanu\Desktop\studio\jre\bin\management.dll
0x00007ff97ec30000 - 0x00007ff97ec3d000 	C:\Users\mutanu\Desktop\studio\jre\bin\management_ext.dll
0x00007ff980990000 - 0x00007ff9809a8000 	C:\WINDOWS\SYSTEM32\CRYPTSP.dll
0x00007ff97f640000 - 0x00007ff97f674000 	C:\WINDOWS\system32\rsaenh.dll
0x00007ff981200000 - 0x00007ff981227000 	C:\WINDOWS\System32\bcrypt.dll
0x00007ff980b00000 - 0x00007ff980b2e000 	C:\WINDOWS\SYSTEM32\USERENV.dll
0x00007ff97ff20000 - 0x00007ff97ff2c000 	C:\WINDOWS\SYSTEM32\CRYPTBASE.dll
0x00007ff97f9b0000 - 0x00007ff97f9eb000 	C:\WINDOWS\SYSTEM32\IPHLPAPI.DLL
0x00007ff981ba0000 - 0x00007ff981ba8000 	C:\WINDOWS\System32\NSI.dll
0x00007ff974300000 - 0x00007ff974317000 	C:\WINDOWS\SYSTEM32\dhcpcsvc6.DLL
0x00007ff9779c0000 - 0x00007ff9779dd000 	C:\WINDOWS\SYSTEM32\dhcpcsvc.DLL
0x00007ff97f9f0000 - 0x00007ff97faba000 	C:\WINDOWS\SYSTEM32\DNSAPI.dll

dbghelp: loaded successfully - version: 4.0.5 - missing functions: none
symbol engine: initialized successfully - sym options: 0x614 - pdb path: .;C:\Users\mutanu\Desktop\studio\jre\bin;C:\WINDOWS\SYSTEM32;C:\WINDOWS\WinSxS\amd64_microsoft.windows.common-controls_6595b64144ccf1df_6.0.19041.1110_none_60b5254171f9507e;C:\Users\mutanu\Desktop\studio\jre\bin\server;C:\Users\mutanu\.gradle\native\e1d6ef7f7dcc3fd88c89a11ec53ec762bb8ba0a96d01ffa2cd45eb1d1d8dd5c5\windows-amd64;C:\Users\mutanu\.gradle\native\0d407fdbe67a94daf76414ababcb853783967236a71b16ec16e742cd7a986fd3\windows-amd64

VM Arguments:
jvm_args: --add-opens=java.base/java.util=ALL-UNNAMED --add-opens=java.base/java.lang=ALL-UNNAMED --add-opens=java.base/java.lang.invoke=ALL-UNNAMED --add-opens=java.base/java.util=ALL-UNNAMED --add-opens=java.prefs/java.util.prefs=ALL-UNNAMED --add-opens=java.prefs/java.util.prefs=ALL-UNNAMED --add-opens=java.base/java.nio.charset=ALL-UNNAMED --add-opens=java.base/java.net=ALL-UNNAMED --add-opens=java.base/java.util.concurrent.atomic=ALL-UNNAMED -Xmx2048m -Dfile.encoding=UTF-8 -Duser.country=US -Duser.language=en -Duser.variant 
java_command: org.gradle.launcher.daemon.bootstrap.GradleDaemon 7.4
java_class_path (initial): C:\Users\mutanu\.gradle\wrapper\dists\gradle-7.4-bin\c0gwcg53nkjbqw7r0h0umtfvt\gradle-7.4\lib\gradle-launcher-7.4.jar
Launcher Type: SUN_STANDARD

[Global flags]
     intx CICompilerCount                          = 3                                         {product} {ergonomic}
     uint ConcGCThreads                            = 1                                         {product} {ergonomic}
     uint G1ConcRefinementThreads                  = 4                                         {product} {ergonomic}
   size_t G1HeapRegionSize                         = 1048576                                   {product} {ergonomic}
    uintx GCDrainStackTargetSize                   = 64                                        {product} {ergonomic}
   size_t InitialHeapSize                          = 134217728                                 {product} {ergonomic}
   size_t MarkStackSize                            = 4194304                                   {product} {ergonomic}
   size_t MaxHeapSize                              = 2147483648                                {product} {command line}
   size_t MaxNewSize                               = 1287651328                                {product} {ergonomic}
   size_t MinHeapDeltaBytes                        = 1048576                                   {product} {ergonomic}
    uintx NonNMethodCodeHeapSize                   = 5830732                                {pd product} {ergonomic}
    uintx NonProfiledCodeHeapSize                  = 122913754                              {pd product} {ergonomic}
    uintx ProfiledCodeHeapSize                     = 122913754                              {pd product} {ergonomic}
    uintx ReservedCodeCacheSize                    = 251658240                              {pd product} {ergonomic}
     bool SegmentedCodeCache                       = true                                      {product} {ergonomic}
     bool UseCompressedClassPointers               = true                                 {lp64_product} {ergonomic}
     bool UseCompressedOops                        = true                                 {lp64_product} {ergonomic}
     bool UseG1GC                                  = true                                      {product} {ergonomic}
     bool UseLargePagesIndividualAllocation        = false                                  {pd product} {ergonomic}

Logging:
Log output configuration:
 #0: stdout all=warning uptime,level,tags
 #1: stderr all=off uptime,level,tags

Environment Variables:
PATH=C:\Python311\Scripts\;C:\Python311\;C:\Program Files (x86)\Common Files\Oracle\Java\javapath;C:\WINDOWS\system32;C:\WINDOWS;C:\WINDOWS\System32\Wbem;C:\WINDOWS\System32\WindowsPowerShell\v1.0\;C:\WINDOWS\System32\OpenSSH\;C:\Program Files\Git\cmd;C:\Program Files\nodejs\;C:\ProgramData\chocolatey\bin;C:\Users\mutanu\AppData\Local\Microsoft\WindowsApps;C:\Users\mutanu\AppData\Roaming\npm;C:\Users\mutanu\AppData\Local\Programs\Microsoft VS Code\bin
USERNAME=mutanu
OS=Windows_NT
PROCESSOR_IDENTIFIER=Intel64 Family 6 Model 69 Stepping 1, GenuineIntel



---------------  S Y S T E M  ---------------

OS: Windows 10 , 64 bit Build 19041 (10.0.19041.2364)
OS uptime: 5 days 5:45 hours

CPU:total 4 (initial active 4) (2 cores per cpu, 2 threads per core) family 6 model 69 stepping 1 microcode 0x25, cmov, cx8, fxsr, mmx, sse, sse2, sse3, ssse3, sse4.1, sse4.2, popcnt, avx, avx2, aes, clmul, erms, lzcnt, ht, tsc, tscinvbit, bmi1, bmi2, fma

Memory: 4k page, system-wide physical 8089M (1029M free)
TotalPageFile size 19529M (AvailPageFile size 89M)
current process WorkingSet (physical memory assigned to process): 573M, peak: 574M
current process commit charge ("private bytes"): 604M, peak: 708M

vm_info: OpenJDK 64-Bit Server VM (11.0.13+0-b1751.21-8125866) for windows-amd64 JRE (11.0.13+0-b1751.21-8125866), built on Feb  2 2022 03:00:22 by "builder" with MS VC++ 14.0 (VS2015)

END.
