#
# There is insufficient memory for the Java Runtime Environment to continue.
# Native memory allocation (malloc) failed to allocate 1590256 bytes for Chunk::new
# Possible reasons:
#   The system is out of physical RAM or swap space
#   The process is running with CompressedOops enabled, and the Java Heap may be blocking the growth of the native heap
# Possible solutions:
#   Reduce memory load on the system
#   Increase physical memory or swap space
#   Check if swap backing store is full
#   Decrease Java heap size (-Xmx/-Xms)
#   Decrease number of Java threads
#   Decrease Java thread stack sizes (-Xss)
#   Set larger code cache with -XX:ReservedCodeCacheSize=
#   JVM is running with Unscaled Compressed Oops mode in which the Java heap is
#     placed in the first 4GB address space. The Java Heap base address is the
#     maximum limit for the native heap growth. Please use -XX:HeapBaseMinAddress
#     to set the Java Heap base and to place the Java Heap above 4GB virtual address.
# This output file may be truncated or incomplete.
#
#  Out of Memory Error (./src/hotspot/share/memory/arena.cpp:197), pid=52000, tid=47208
#
# JRE version: OpenJDK Runtime Environment (11.0.13) (build 11.0.13+0-b1751.21-8125866)
# Java VM: OpenJDK 64-Bit Server VM (11.0.13+0-b1751.21-8125866, mixed mode, tiered, compressed oops, g1 gc, windows-amd64)
# No core dump will be written. Minidumps are not enabled by default on client versions of Windows
#

---------------  S U M M A R Y ------------

Command Line: --add-opens=java.base/java.util=ALL-UNNAMED --add-opens=java.base/java.lang=ALL-UNNAMED --add-opens=java.base/java.lang.invoke=ALL-UNNAMED --add-opens=java.base/java.util=ALL-UNNAMED --add-opens=java.prefs/java.util.prefs=ALL-UNNAMED --add-opens=java.prefs/java.util.prefs=ALL-UNNAMED --add-opens=java.base/java.nio.charset=ALL-UNNAMED --add-opens=java.base/java.net=ALL-UNNAMED --add-opens=java.base/java.util.concurrent.atomic=ALL-UNNAMED -Xmx2048m -Dfile.encoding=UTF-8 -Duser.country=US -Duser.language=en -Duser.variant org.gradle.launcher.daemon.bootstrap.GradleDaemon 7.4

Host: Intel(R) Core(TM) i5-4200U CPU @ 1.60GHz, 4 cores, 7G,  Windows 10 , 64 bit Build 19041 (10.0.19041.2364)
Time: Mon Feb  6 15:58:47 2023 E. Africa Standard Time elapsed time: 37.579742 seconds (0d 0h 0m 37s)

---------------  T H R E A D  ---------------

Current thread (0x0000014cffb62000):  JavaThread "C2 CompilerThread0" daemon [_thread_in_native, id=47208, stack(0x00000047dd800000,0x00000047dd900000)]


Current CompileTask:
C2:  37579 12693       4       com.android.tools.r8.dex.i::a (829 bytes)

Stack: [0x00000047dd800000,0x00000047dd900000]
Native frames: (J=compiled Java code, j=interpreted, Vv=VM code, C=native code)
V  [jvm.dll+0x6100fa]
V  [jvm.dll+0x747090]
V  [jvm.dll+0x7486ad]
V  [jvm.dll+0x748d83]
V  [jvm.dll+0x24ab48]
V  [jvm.dll+0xc04dc]
V  [jvm.dll+0xc0a0c]
V  [jvm.dll+0x35eb9d]
V  [jvm.dll+0x32b833]
V  [jvm.dll+0x32ad2a]
V  [jvm.dll+0x2032b2]
V  [jvm.dll+0x202437]
V  [jvm.dll+0x188e01]
V  [jvm.dll+0x21106b]
V  [jvm.dll+0x20f8c1]
V  [jvm.dll+0x70de0f]
V  [jvm.dll+0x706a75]
V  [jvm.dll+0x60ed66]
C  [ucrtbase.dll+0x21bb2]
C  [KERNEL32.DLL+0x17614]
C  [ntdll.dll+0x526a1]


---------------  P R O C E S S  ---------------

Threads class SMR info:
_java_thread_list=0x0000014c96f06b50, length=98, elements={
0x0000014cf6f3e800, 0x0000014cffb3c800, 0x0000014cffb40000, 0x0000014cffb58000,
0x0000014cffb5d000, 0x0000014cffb5f000, 0x0000014cffb62000, 0x0000014cffb63000,
0x0000014c9187f800, 0x0000014c9196d800, 0x0000014c939a0800, 0x0000014c92bce800,
0x0000014c93f47800, 0x0000014c9376f800, 0x0000014c92f88800, 0x0000014c9263f000,
0x0000014c94199800, 0x0000014c945a0800, 0x0000014c93680800, 0x0000014c92a4f800,
0x0000014c93ed7000, 0x0000014c93ed7800, 0x0000014c93ed8800, 0x0000014c93ed5800,
0x0000014c93ed9800, 0x0000014c93eda000, 0x0000014c93edb000, 0x0000014c93edc000,
0x0000014c93ed6000, 0x0000014c9482e000, 0x0000014c9482a800, 0x0000014c94831000,
0x0000014c9482c800, 0x0000014c9482d000, 0x0000014c9482e800, 0x0000014c9482f800,
0x0000014c94830800, 0x0000014c93cf6000, 0x0000014c93cfb000, 0x0000014c93cfc800,
0x0000014c93cfb800, 0x0000014c93cf7000, 0x0000014c93cfd800, 0x0000014c93cf7800,
0x0000014c93cfa000, 0x0000014c93cfe000, 0x0000014c93cf8800, 0x0000014c93cff000,
0x0000014c93cf9800, 0x0000014c93d03000, 0x0000014c93d01800, 0x0000014c93d04800,
0x0000014c93d00000, 0x0000014c93d00800, 0x0000014c93d02000, 0x0000014c93d04000,
0x0000014c96a22800, 0x0000014c96a23000, 0x0000014c96a25800, 0x0000014c96a26800,
0x0000014c96a27000, 0x0000014c96a24000, 0x0000014c96a21800, 0x0000014c96a29800,
0x0000014c96a2a800, 0x0000014c96a24800, 0x0000014c96a29000, 0x0000014c96a2d000,
0x0000014c96a28000, 0x0000014c96a2b000, 0x0000014c96a2e800, 0x0000014c96a2d800,
0x0000014c96a2f800, 0x0000014c96a30000, 0x0000014c96a2c000, 0x0000014c94c63000,
0x0000014c94c62000, 0x0000014c94c61000, 0x0000014c94c60800, 0x0000014c94c5e800,
0x0000014c94c5d000, 0x0000014c94c63800, 0x0000014c94c5f800, 0x0000014c94c5e000,
0x0000014c94c65800, 0x0000014c94c67800, 0x0000014c98a0d800, 0x0000014c94c68800,
0x0000014c94c64800, 0x0000014c94c69800, 0x0000014c94c6c000, 0x0000014c94c6b000,
0x0000014c94c66000, 0x0000014c94c67000, 0x0000014c9aae0000, 0x0000014c9aae0800,
0x0000014c9aadd800, 0x0000014c9aae2000
}

Java Threads: ( => current thread )
  0x0000014cf6f3e800 JavaThread "main" [_thread_blocked, id=51908, stack(0x00000047dcc00000,0x00000047dcd00000)]
  0x0000014cffb3c800 JavaThread "Reference Handler" daemon [_thread_blocked, id=10796, stack(0x00000047dd300000,0x00000047dd400000)]
  0x0000014cffb40000 JavaThread "Finalizer" daemon [_thread_blocked, id=52744, stack(0x00000047dd400000,0x00000047dd500000)]
  0x0000014cffb58000 JavaThread "Signal Dispatcher" daemon [_thread_blocked, id=29452, stack(0x00000047dd500000,0x00000047dd600000)]
  0x0000014cffb5d000 JavaThread "Attach Listener" daemon [_thread_blocked, id=45040, stack(0x00000047dd600000,0x00000047dd700000)]
  0x0000014cffb5f000 JavaThread "Service Thread" daemon [_thread_blocked, id=49388, stack(0x00000047dd700000,0x00000047dd800000)]
=>0x0000014cffb62000 JavaThread "C2 CompilerThread0" daemon [_thread_in_native, id=47208, stack(0x00000047dd800000,0x00000047dd900000)]
  0x0000014cffb63000 JavaThread "C1 CompilerThread0" daemon [_thread_blocked, id=50908, stack(0x00000047dd900000,0x00000047dda00000)]
  0x0000014c9187f800 JavaThread "Sweeper thread" daemon [_thread_blocked, id=48556, stack(0x00000047dda00000,0x00000047ddb00000)]
  0x0000014c9196d800 JavaThread "Common-Cleaner" daemon [_thread_blocked, id=53076, stack(0x00000047ddb00000,0x00000047ddc00000)]
  0x0000014c939a0800 JavaThread "Daemon health stats" [_thread_blocked, id=52728, stack(0x00000047de000000,0x00000047de100000)]
  0x0000014c92bce800 JavaThread "Incoming local TCP Connector on port 50866" [_thread_in_native, id=47280, stack(0x00000047ddf00000,0x00000047de000000)]
  0x0000014c93f47800 JavaThread "Daemon periodic checks" [_thread_blocked, id=52820, stack(0x00000047de200000,0x00000047de300000)]
  0x0000014c9376f800 JavaThread "Daemon" [_thread_blocked, id=50308, stack(0x00000047de300000,0x00000047de400000)]
  0x0000014c92f88800 JavaThread "Handler for socket connection from /127.0.0.1:50866 to /127.0.0.1:50867" [_thread_in_native, id=52768, stack(0x00000047de400000,0x00000047de500000)]
  0x0000014c9263f000 JavaThread "Cancel handler" [_thread_blocked, id=50156, stack(0x00000047de500000,0x00000047de600000)]
  0x0000014c94199800 JavaThread "Daemon worker" [_thread_blocked, id=24356, stack(0x00000047de100000,0x00000047de200000)]
  0x0000014c945a0800 JavaThread "Asynchronous log dispatcher for DefaultDaemonConnection: socket connection from /127.0.0.1:50866 to /127.0.0.1:50867" [_thread_blocked, id=46076, stack(0x00000047de700000,0x00000047de800000)]
  0x0000014c93680800 JavaThread "Stdin handler" [_thread_blocked, id=52868, stack(0x00000047de800000,0x00000047de900000)]
  0x0000014c92a4f800 JavaThread "Daemon client event forwarder" [_thread_blocked, id=50260, stack(0x00000047de900000,0x00000047dea00000)]
  0x0000014c93ed7000 JavaThread "Cache worker for journal cache (C:\Users\mutanu\.gradle\caches\journal-1)" [_thread_blocked, id=52268, stack(0x00000047deb00000,0x00000047dec00000)]
  0x0000014c93ed7800 JavaThread "File lock request listener" [_thread_in_native, id=38596, stack(0x00000047dec00000,0x00000047ded00000)]
  0x0000014c93ed8800 JavaThread "Cache worker for file hash cache (C:\Users\mutanu\.gradle\caches\7.4\fileHashes)" [_thread_blocked, id=50232, stack(0x00000047ded00000,0x00000047dee00000)]
  0x0000014c93ed5800 JavaThread "File watcher server" daemon [_thread_in_native, id=45432, stack(0x00000047dee00000,0x00000047def00000)]
  0x0000014c93ed9800 JavaThread "File watcher consumer" daemon [_thread_blocked, id=52976, stack(0x00000047def00000,0x00000047df000000)]
  0x0000014c93eda000 JavaThread "Cache worker for checksums cache (C:\Users\mutanu\AndroidStudioProjects\eablTrial\.gradle\7.4\checksums)" [_thread_blocked, id=19252, stack(0x00000047df000000,0x00000047df100000)]
  0x0000014c93edb000 JavaThread "Cache worker for cache directory md-rule (C:\Users\mutanu\.gradle\caches\7.4\md-rule)" [_thread_blocked, id=47672, stack(0x00000047df100000,0x00000047df200000)]
  0x0000014c93edc000 JavaThread "Cache worker for file hash cache (C:\Users\mutanu\AndroidStudioProjects\eablTrial\.gradle\7.4\fileHashes)" [_thread_blocked, id=51780, stack(0x00000047df200000,0x00000047df300000)]
  0x0000014c93ed6000 JavaThread "Cache worker for cache directory md-supplier (C:\Users\mutanu\.gradle\caches\7.4\md-supplier)" [_thread_blocked, id=28032, stack(0x00000047df300000,0x00000047df400000)]
  0x0000014c9482e000 JavaThread "Cache worker for execution history cache (C:\Users\mutanu\.gradle\caches\7.4\executionHistory)" [_thread_blocked, id=52900, stack(0x00000047df400000,0x00000047df500000)]
  0x0000014c9482a800 JavaThread "jar transforms" [_thread_blocked, id=30116, stack(0x00000047df500000,0x00000047df600000)]
  0x0000014c94831000 JavaThread "Cache worker for file content cache (C:\Users\mutanu\.gradle\caches\7.4\fileContent)" [_thread_blocked, id=49944, stack(0x00000047df600000,0x00000047df700000)]
  0x0000014c9482c800 JavaThread "jar transforms Thread 2" [_thread_blocked, id=49724, stack(0x00000047df700000,0x00000047df800000)]
  0x0000014c9482d000 JavaThread "Cache worker for dependencies-accessors (C:\Users\mutanu\AndroidStudioProjects\eablTrial\.gradle\7.4\dependencies-accessors)" [_thread_blocked, id=9448, stack(0x00000047df800000,0x00000047df900000)]
  0x0000014c9482e800 JavaThread "jar transforms Thread 3" [_thread_blocked, id=44992, stack(0x00000047df900000,0x00000047dfa00000)]
  0x0000014c9482f800 JavaThread "Cache worker for Build Output Cleanup Cache (C:\Users\mutanu\AndroidStudioProjects\eablTrial\.gradle\buildOutputCleanup)" [_thread_blocked, id=43964, stack(0x00000047dea00000,0x00000047deb00000)]
  0x0000014c94830800 JavaThread "Unconstrained build operations" [_thread_blocked, id=38660, stack(0x00000047dfb00000,0x00000047dfc00000)]
  0x0000014c93cf6000 JavaThread "Unconstrained build operations Thread 2" [_thread_blocked, id=16552, stack(0x00000047dfc00000,0x00000047dfd00000)]
  0x0000014c93cfb000 JavaThread "Unconstrained build operations Thread 3" [_thread_blocked, id=50796, stack(0x00000047dfd00000,0x00000047dfe00000)]
  0x0000014c93cfc800 JavaThread "Unconstrained build operations Thread 4" [_thread_blocked, id=52068, stack(0x00000047dfe00000,0x00000047dff00000)]
  0x0000014c93cfb800 JavaThread "Unconstrained build operations Thread 5" [_thread_blocked, id=42256, stack(0x00000047dff00000,0x00000047e0000000)]
  0x0000014c93cf7000 JavaThread "Unconstrained build operations Thread 6" [_thread_blocked, id=31280, stack(0x00000047e0000000,0x00000047e0100000)]
  0x0000014c93cfd800 JavaThread "Unconstrained build operations Thread 7" [_thread_blocked, id=51176, stack(0x00000047e0100000,0x00000047e0200000)]
  0x0000014c93cf7800 JavaThread "Unconstrained build operations Thread 8" [_thread_blocked, id=50520, stack(0x00000047e0200000,0x00000047e0300000)]
  0x0000014c93cfa000 JavaThread "Unconstrained build operations Thread 9" [_thread_blocked, id=51580, stack(0x00000047e0300000,0x00000047e0400000)]
  0x0000014c93cfe000 JavaThread "Unconstrained build operations Thread 10" [_thread_blocked, id=53148, stack(0x00000047e0400000,0x00000047e0500000)]
  0x0000014c93cf8800 JavaThread "Unconstrained build operations Thread 11" [_thread_blocked, id=50060, stack(0x00000047e0500000,0x00000047e0600000)]
  0x0000014c93cff000 JavaThread "Unconstrained build operations Thread 12" [_thread_blocked, id=46000, stack(0x00000047e0600000,0x00000047e0700000)]
  0x0000014c93cf9800 JavaThread "Unconstrained build operations Thread 13" [_thread_blocked, id=51576, stack(0x00000047e0700000,0x00000047e0800000)]
  0x0000014c93d03000 JavaThread "Unconstrained build operations Thread 14" [_thread_blocked, id=50076, stack(0x00000047e0800000,0x00000047e0900000)]
  0x0000014c93d01800 JavaThread "Unconstrained build operations Thread 15" [_thread_blocked, id=53012, stack(0x00000047e0900000,0x00000047e0a00000)]
  0x0000014c93d04800 JavaThread "Unconstrained build operations Thread 16" [_thread_blocked, id=5692, stack(0x00000047e0a00000,0x00000047e0b00000)]
  0x0000014c93d00000 JavaThread "Unconstrained build operations Thread 17" [_thread_blocked, id=52636, stack(0x00000047e0b00000,0x00000047e0c00000)]
  0x0000014c93d00800 JavaThread "Unconstrained build operations Thread 18" [_thread_blocked, id=38800, stack(0x00000047e0c00000,0x00000047e0d00000)]
  0x0000014c93d02000 JavaThread "Unconstrained build operations Thread 19" [_thread_blocked, id=38496, stack(0x00000047e0d00000,0x00000047e0e00000)]
  0x0000014c93d04000 JavaThread "Unconstrained build operations Thread 20" [_thread_blocked, id=1084, stack(0x00000047e0e00000,0x00000047e0f00000)]
  0x0000014c96a22800 JavaThread "Unconstrained build operations Thread 21" [_thread_blocked, id=16956, stack(0x00000047e0f00000,0x00000047e1000000)]
  0x0000014c96a23000 JavaThread "Unconstrained build operations Thread 22" [_thread_blocked, id=47084, stack(0x00000047e1000000,0x00000047e1100000)]
  0x0000014c96a25800 JavaThread "Unconstrained build operations Thread 23" [_thread_blocked, id=42696, stack(0x00000047e1100000,0x00000047e1200000)]
  0x0000014c96a26800 JavaThread "Unconstrained build operations Thread 24" [_thread_blocked, id=21916, stack(0x00000047e1200000,0x00000047e1300000)]
  0x0000014c96a27000 JavaThread "Unconstrained build operations Thread 25" [_thread_blocked, id=50680, stack(0x00000047e1300000,0x00000047e1400000)]
  0x0000014c96a24000 JavaThread "Unconstrained build operations Thread 26" [_thread_blocked, id=51512, stack(0x00000047e1400000,0x00000047e1500000)]
  0x0000014c96a21800 JavaThread "Unconstrained build operations Thread 27" [_thread_blocked, id=46232, stack(0x00000047e1500000,0x00000047e1600000)]
  0x0000014c96a29800 JavaThread "Unconstrained build operations Thread 28" [_thread_blocked, id=48616, stack(0x00000047e1600000,0x00000047e1700000)]
  0x0000014c96a2a800 JavaThread "Unconstrained build operations Thread 29" [_thread_blocked, id=51316, stack(0x00000047e1700000,0x00000047e1800000)]
  0x0000014c96a24800 JavaThread "Unconstrained build operations Thread 30" [_thread_blocked, id=42616, stack(0x00000047e1800000,0x00000047e1900000)]
  0x0000014c96a29000 JavaThread "Unconstrained build operations Thread 31" [_thread_blocked, id=52648, stack(0x00000047e1900000,0x00000047e1a00000)]
  0x0000014c96a2d000 JavaThread "Unconstrained build operations Thread 32" [_thread_blocked, id=49792, stack(0x00000047e1a00000,0x00000047e1b00000)]
  0x0000014c96a28000 JavaThread "Unconstrained build operations Thread 33" [_thread_blocked, id=51264, stack(0x00000047e1b00000,0x00000047e1c00000)]
  0x0000014c96a2b000 JavaThread "Unconstrained build operations Thread 34" [_thread_blocked, id=50220, stack(0x00000047e1c00000,0x00000047e1d00000)]
  0x0000014c96a2e800 JavaThread "Unconstrained build operations Thread 35" [_thread_blocked, id=51444, stack(0x00000047e1d00000,0x00000047e1e00000)]
  0x0000014c96a2d800 JavaThread "Unconstrained build operations Thread 36" [_thread_blocked, id=38808, stack(0x00000047e1e00000,0x00000047e1f00000)]
  0x0000014c96a2f800 JavaThread "Unconstrained build operations Thread 37" [_thread_blocked, id=52536, stack(0x00000047e1f00000,0x00000047e2000000)]
  0x0000014c96a30000 JavaThread "Unconstrained build operations Thread 38" [_thread_blocked, id=50268, stack(0x00000047e2000000,0x00000047e2100000)]
  0x0000014c96a2c000 JavaThread "Unconstrained build operations Thread 39" [_thread_blocked, id=8736, stack(0x00000047e2100000,0x00000047e2200000)]
  0x0000014c94c63000 JavaThread "Unconstrained build operations Thread 40" [_thread_blocked, id=51612, stack(0x00000047e2200000,0x00000047e2300000)]
  0x0000014c94c62000 JavaThread "jar transforms Thread 4" [_thread_blocked, id=49828, stack(0x00000047e2300000,0x00000047e2400000)]
  0x0000014c94c61000 JavaThread "Memory manager" [_thread_blocked, id=49924, stack(0x00000047e2400000,0x00000047e2500000)]
  0x0000014c94c60800 JavaThread "build event listener" [_thread_blocked, id=47868, stack(0x00000047e2500000,0x00000047e2600000)]
  0x0000014c94c5e800 JavaThread "pool-3-thread-1" [_thread_blocked, id=28968, stack(0x00000047e2600000,0x00000047e2700000)]
  0x0000014c94c5d000 JavaThread "build event listener" [_thread_blocked, id=26948, stack(0x00000047e2700000,0x00000047e2800000)]
  0x0000014c94c63800 JavaThread "included builds" [_thread_blocked, id=52320, stack(0x00000047e2800000,0x00000047e2900000)]
  0x0000014c94c5f800 JavaThread "Execution worker for ':'" [_thread_blocked, id=49148, stack(0x00000047e2900000,0x00000047e2a00000)]
  0x0000014c94c5e000 JavaThread "Execution worker for ':' Thread 2" [_thread_blocked, id=32136, stack(0x00000047e2a00000,0x00000047e2b00000)]
  0x0000014c94c65800 JavaThread "Execution worker for ':' Thread 3" [_thread_blocked, id=48928, stack(0x00000047e2b00000,0x00000047e2c00000)]
  0x0000014c94c67800 JavaThread "Cache worker for execution history cache (C:\Users\mutanu\AndroidStudioProjects\eablTrial\.gradle\7.4\executionHistory)" [_thread_blocked, id=46148, stack(0x00000047e2c00000,0x00000047e2d00000)]
  0x0000014c98a0d800 JavaThread "C2 CompilerThread1" daemon [_thread_in_native, id=53184, stack(0x00000047dca00000,0x00000047dcb00000)]
  0x0000014c94c68800 JavaThread "WorkerExecutor Queue" [_thread_blocked, id=4848, stack(0x00000047dfa00000,0x00000047dfb00000)]
  0x0000014c94c64800 JavaThread "WorkerExecutor Queue Thread 2" [_thread_blocked, id=45776, stack(0x00000047e2d00000,0x00000047e2e00000)]
  0x0000014c94c69800 JavaThread "WorkerExecutor Queue Thread 3" [_thread_blocked, id=52888, stack(0x00000047e2e00000,0x00000047e2f00000)]
  0x0000014c94c6c000 JavaThread "WorkerExecutor Queue Thread 4" [_thread_blocked, id=51424, stack(0x00000047e2f00000,0x00000047e3000000)]
  0x0000014c94c6b000 JavaThread "pool-4-thread-1" [_thread_blocked, id=44052, stack(0x00000047e3000000,0x00000047e3100000)]
  0x0000014c94c66000 JavaThread "stderr" [_thread_in_native, id=53180, stack(0x00000047e3100000,0x00000047e3200000)]
  0x0000014c94c67000 JavaThread "stdout" [_thread_in_native, id=50864, stack(0x00000047e3200000,0x00000047e3300000)]
  0x0000014c9aae0000 JavaThread "ForkJoinPool-1-worker-3" daemon [_thread_in_Java, id=52624, stack(0x00000047e3500000,0x00000047e3600000)]
  0x0000014c9aae0800 JavaThread "ForkJoinPool-1-worker-5" daemon [_thread_in_Java, id=50528, stack(0x00000047e3600000,0x00000047e3700000)]
  0x0000014c9aadd800 JavaThread "ForkJoinPool-1-worker-7" daemon [_thread_in_Java, id=51824, stack(0x00000047e3700000,0x00000047e3800000)]
  0x0000014c9aae2000 JavaThread "ForkJoinPool-1-worker-1" daemon [_thread_in_Java, id=52496, stack(0x00000047e3800000,0x00000047e3900000)]

Other Threads:
  0x0000014cffb38000 VMThread "VM Thread" [stack: 0x00000047dd200000,0x00000047dd300000] [id=52960]
  0x0000014c91985000 WatcherThread [stack: 0x00000047ddc00000,0x00000047ddd00000] [id=12232]
  0x0000014cf6f57000 GCTaskThread "GC Thread#0" [stack: 0x00000047dcd00000,0x00000047dce00000] [id=35352]
  0x0000014c91d76800 GCTaskThread "GC Thread#1" [stack: 0x00000047ddd00000,0x00000047dde00000] [id=9144]
  0x0000014c91d77000 GCTaskThread "GC Thread#2" [stack: 0x00000047dde00000,0x00000047ddf00000] [id=7736]
  0x0000014c939a0000 GCTaskThread "GC Thread#3" [stack: 0x00000047de600000,0x00000047de700000] [id=51088]
  0x0000014cf6f88800 ConcurrentGCThread "G1 Main Marker" [stack: 0x00000047dce00000,0x00000047dcf00000] [id=10608]
  0x0000014cf6f89800 ConcurrentGCThread "G1 Conc#0" [stack: 0x00000047dcf00000,0x00000047dd000000] [id=47228]
  0x0000014cf7014000 ConcurrentGCThread "G1 Refine#0" [stack: 0x00000047dd000000,0x00000047dd100000] [id=29636]
  0x0000014c96d9f000 ConcurrentGCThread "G1 Refine#1" [stack: 0x00000047e3900000,0x00000047e3a00000] [id=52544]
  0x0000014cf7015000 ConcurrentGCThread "G1 Young RemSet Sampling" [stack: 0x00000047dd100000,0x00000047dd200000] [id=24776]

Threads with active compile tasks:
C2 CompilerThread0  37627 12693       4       com.android.tools.r8.dex.i::a (829 bytes)
C2 CompilerThread1  37627 12835       4       com.android.tools.r8.dex.i::a (1036 bytes)

VM state:not at safepoint (normal execution)

VM Mutex/Monitor currently owned by a thread: None

Heap address: 0x0000000080000000, size: 2048 MB, Compressed Oops mode: 32-bit
Narrow klass base: 0x0000000000000000, Narrow klass shift: 3
Compressed class space size: 1073741824 Address: 0x0000000100000000

Heap:
 garbage-first heap   total 352256K, used 225792K [0x0000000080000000, 0x0000000100000000)
  region size 1024K, 16 young (16384K), 2 survivors (2048K)
 Metaspace       used 101719K, capacity 104125K, committed 104244K, reserved 1140736K
  class space    used 13077K, capacity 13985K, committed 14028K, reserved 1048576K
Heap Regions: E=young(eden), S=young(survivor), O=old, HS=humongous(starts), HC=humongous(continues), CS=collection set, F=free, A=archive, TAMS=top-at-mark-start (previous, next)
|   0|0x0000000080000000, 0x0000000080100000, 0x0000000080100000|100%|HS|  |TAMS 0x0000000080100000, 0x0000000080100000| Complete 
|   1|0x0000000080100000, 0x0000000080200000, 0x0000000080200000|100%|HC|  |TAMS 0x0000000080200000, 0x0000000080200000| Complete 
|   2|0x0000000080200000, 0x0000000080300000, 0x0000000080300000|100%|HC|  |TAMS 0x0000000080300000, 0x0000000080300000| Complete 
|   3|0x0000000080300000, 0x0000000080400000, 0x0000000080400000|100%| O|  |TAMS 0x0000000080400000, 0x0000000080400000| Untracked 
|   4|0x0000000080400000, 0x0000000080500000, 0x0000000080500000|100%| O|  |TAMS 0x0000000080500000, 0x0000000080500000| Untracked 
|   5|0x0000000080500000, 0x0000000080600000, 0x0000000080600000|100%| O|  |TAMS 0x0000000080600000, 0x0000000080600000| Untracked 
|   6|0x0000000080600000, 0x0000000080700000, 0x0000000080700000|100%| O|  |TAMS 0x0000000080700000, 0x0000000080700000| Untracked 
|   7|0x0000000080700000, 0x0000000080800000, 0x0000000080800000|100%| O|  |TAMS 0x0000000080800000, 0x0000000080800000| Untracked 
|   8|0x0000000080800000, 0x0000000080900000, 0x0000000080900000|100%| O|  |TAMS 0x0000000080900000, 0x0000000080900000| Untracked 
|   9|0x0000000080900000, 0x0000000080a00000, 0x0000000080a00000|100%| O|  |TAMS 0x0000000080a00000, 0x0000000080a00000| Untracked 
|  10|0x0000000080a00000, 0x0000000080b00000, 0x0000000080b00000|100%| O|  |TAMS 0x0000000080b00000, 0x0000000080b00000| Untracked 
|  11|0x0000000080b00000, 0x0000000080c00000, 0x0000000080c00000|100%| O|  |TAMS 0x0000000080c00000, 0x0000000080c00000| Untracked 
|  12|0x0000000080c00000, 0x0000000080d00000, 0x0000000080d00000|100%| O|  |TAMS 0x0000000080d00000, 0x0000000080d00000| Untracked 
|  13|0x0000000080d00000, 0x0000000080e00000, 0x0000000080e00000|100%| O|  |TAMS 0x0000000080e00000, 0x0000000080e00000| Untracked 
|  14|0x0000000080e00000, 0x0000000080f00000, 0x0000000080f00000|100%| O|  |TAMS 0x0000000080f00000, 0x0000000080f00000| Untracked 
|  15|0x0000000080f00000, 0x0000000081000000, 0x0000000081000000|100%| O|  |TAMS 0x0000000081000000, 0x0000000081000000| Untracked 
|  16|0x0000000081000000, 0x0000000081100000, 0x0000000081100000|100%|HS|  |TAMS 0x0000000081100000, 0x0000000081100000| Complete 
|  17|0x0000000081100000, 0x0000000081200000, 0x0000000081200000|100%| O|  |TAMS 0x0000000081200000, 0x0000000081200000| Untracked 
|  18|0x0000000081200000, 0x0000000081300000, 0x0000000081300000|100%| O|  |TAMS 0x0000000081300000, 0x0000000081300000| Untracked 
|  19|0x0000000081300000, 0x0000000081400000, 0x0000000081400000|100%| O|  |TAMS 0x0000000081400000, 0x0000000081400000| Untracked 
|  20|0x0000000081400000, 0x0000000081500000, 0x0000000081500000|100%| O|  |TAMS 0x0000000081500000, 0x0000000081500000| Untracked 
|  21|0x0000000081500000, 0x0000000081600000, 0x0000000081600000|100%| O|  |TAMS 0x0000000081600000, 0x0000000081600000| Untracked 
|  22|0x0000000081600000, 0x0000000081700000, 0x0000000081700000|100%| O|  |TAMS 0x0000000081700000, 0x0000000081700000| Untracked 
|  23|0x0000000081700000, 0x0000000081800000, 0x0000000081800000|100%| O|  |TAMS 0x0000000081800000, 0x0000000081800000| Untracked 
|  24|0x0000000081800000, 0x0000000081900000, 0x0000000081900000|100%| O|  |TAMS 0x0000000081900000, 0x0000000081900000| Untracked 
|  25|0x0000000081900000, 0x0000000081a00000, 0x0000000081a00000|100%| O|  |TAMS 0x0000000081a00000, 0x0000000081a00000| Untracked 
|  26|0x0000000081a00000, 0x0000000081b00000, 0x0000000081b00000|100%| O|  |TAMS 0x0000000081b00000, 0x0000000081b00000| Untracked 
|  27|0x0000000081b00000, 0x0000000081c00000, 0x0000000081c00000|100%| O|  |TAMS 0x0000000081c00000, 0x0000000081c00000| Untracked 
|  28|0x0000000081c00000, 0x0000000081d00000, 0x0000000081d00000|100%|HS|  |TAMS 0x0000000081d00000, 0x0000000081d00000| Complete 
|  29|0x0000000081d00000, 0x0000000081e00000, 0x0000000081e00000|100%|HS|  |TAMS 0x0000000081e00000, 0x0000000081e00000| Complete 
|  30|0x0000000081e00000, 0x0000000081f00000, 0x0000000081f00000|100%|HS|  |TAMS 0x0000000081f00000, 0x0000000081f00000| Complete 
|  31|0x0000000081f00000, 0x0000000082000000, 0x0000000082000000|100%|HC|  |TAMS 0x0000000082000000, 0x0000000082000000| Complete 
|  32|0x0000000082000000, 0x0000000082100000, 0x0000000082100000|100%|HC|  |TAMS 0x0000000082100000, 0x0000000082100000| Complete 
|  33|0x0000000082100000, 0x0000000082200000, 0x0000000082200000|100%|HC|  |TAMS 0x0000000082200000, 0x0000000082200000| Complete 
|  34|0x0000000082200000, 0x0000000082300000, 0x0000000082300000|100%| O|  |TAMS 0x0000000082300000, 0x0000000082300000| Untracked 
|  35|0x0000000082300000, 0x0000000082400000, 0x0000000082400000|100%|HS|  |TAMS 0x0000000082400000, 0x0000000082400000| Complete 
|  36|0x0000000082400000, 0x0000000082500000, 0x0000000082500000|100%|HC|  |TAMS 0x0000000082500000, 0x0000000082500000| Complete 
|  37|0x0000000082500000, 0x0000000082600000, 0x0000000082600000|100%| O|  |TAMS 0x0000000082600000, 0x0000000082600000| Untracked 
|  38|0x0000000082600000, 0x0000000082700000, 0x0000000082700000|100%| O|  |TAMS 0x0000000082700000, 0x0000000082700000| Untracked 
|  39|0x0000000082700000, 0x0000000082800000, 0x0000000082800000|100%| O|  |TAMS 0x0000000082800000, 0x0000000082800000| Untracked 
|  40|0x0000000082800000, 0x0000000082900000, 0x0000000082900000|100%| O|  |TAMS 0x0000000082900000, 0x0000000082900000| Untracked 
|  41|0x0000000082900000, 0x0000000082a00000, 0x0000000082a00000|100%| O|  |TAMS 0x0000000082a00000, 0x0000000082a00000| Untracked 
|  42|0x0000000082a00000, 0x0000000082b00000, 0x0000000082b00000|100%| O|  |TAMS 0x0000000082b00000, 0x0000000082b00000| Untracked 
|  43|0x0000000082b00000, 0x0000000082c00000, 0x0000000082c00000|100%| O|  |TAMS 0x0000000082c00000, 0x0000000082c00000| Untracked 
|  44|0x0000000082c00000, 0x0000000082d00000, 0x0000000082d00000|100%| O|  |TAMS 0x0000000082d00000, 0x0000000082d00000| Untracked 
|  45|0x0000000082d00000, 0x0000000082e00000, 0x0000000082e00000|100%| O|  |TAMS 0x0000000082e00000, 0x0000000082e00000| Untracked 
|  46|0x0000000082e00000, 0x0000000082f00000, 0x0000000082f00000|100%| O|  |TAMS 0x0000000082f00000, 0x0000000082f00000| Untracked 
|  47|0x0000000082f00000, 0x0000000083000000, 0x0000000083000000|100%| O|  |TAMS 0x0000000083000000, 0x0000000083000000| Untracked 
|  48|0x0000000083000000, 0x0000000083100000, 0x0000000083100000|100%| O|  |TAMS 0x0000000083100000, 0x0000000083100000| Untracked 
|  49|0x0000000083100000, 0x0000000083200000, 0x0000000083200000|100%| O|  |TAMS 0x0000000083200000, 0x0000000083200000| Untracked 
|  50|0x0000000083200000, 0x0000000083300000, 0x0000000083300000|100%| O|  |TAMS 0x0000000083300000, 0x0000000083300000| Untracked 
|  51|0x0000000083300000, 0x0000000083400000, 0x0000000083400000|100%| O|  |TAMS 0x0000000083400000, 0x0000000083400000| Untracked 
|  52|0x0000000083400000, 0x0000000083500000, 0x0000000083500000|100%| O|  |TAMS 0x0000000083500000, 0x0000000083500000| Untracked 
|  53|0x0000000083500000, 0x0000000083600000, 0x0000000083600000|100%| O|  |TAMS 0x0000000083600000, 0x0000000083600000| Untracked 
|  54|0x0000000083600000, 0x0000000083700000, 0x0000000083700000|100%| O|  |TAMS 0x0000000083700000, 0x0000000083700000| Untracked 
|  55|0x0000000083700000, 0x0000000083800000, 0x0000000083800000|100%| O|  |TAMS 0x0000000083800000, 0x0000000083800000| Untracked 
|  56|0x0000000083800000, 0x0000000083900000, 0x0000000083900000|100%| O|  |TAMS 0x0000000083900000, 0x0000000083900000| Untracked 
|  57|0x0000000083900000, 0x0000000083a00000, 0x0000000083a00000|100%| O|  |TAMS 0x0000000083a00000, 0x0000000083a00000| Untracked 
|  58|0x0000000083a00000, 0x0000000083b00000, 0x0000000083b00000|100%| O|  |TAMS 0x0000000083b00000, 0x0000000083b00000| Untracked 
|  59|0x0000000083b00000, 0x0000000083c00000, 0x0000000083c00000|100%| O|  |TAMS 0x0000000083c00000, 0x0000000083c00000| Untracked 
|  60|0x0000000083c00000, 0x0000000083d00000, 0x0000000083d00000|100%| O|  |TAMS 0x0000000083d00000, 0x0000000083d00000| Untracked 
|  61|0x0000000083d00000, 0x0000000083e00000, 0x0000000083e00000|100%| O|  |TAMS 0x0000000083e00000, 0x0000000083e00000| Untracked 
|  62|0x0000000083e00000, 0x0000000083f00000, 0x0000000083f00000|100%| O|  |TAMS 0x0000000083f00000, 0x0000000083f00000| Untracked 
|  63|0x0000000083f00000, 0x0000000084000000, 0x0000000084000000|100%| O|  |TAMS 0x0000000084000000, 0x0000000084000000| Untracked 
|  64|0x0000000084000000, 0x0000000084100000, 0x0000000084100000|100%| O|  |TAMS 0x0000000084100000, 0x0000000084100000| Untracked 
|  65|0x0000000084100000, 0x0000000084200000, 0x0000000084200000|100%| O|  |TAMS 0x0000000084200000, 0x0000000084200000| Untracked 
|  66|0x0000000084200000, 0x0000000084300000, 0x0000000084300000|100%| O|  |TAMS 0x0000000084300000, 0x0000000084300000| Untracked 
|  67|0x0000000084300000, 0x0000000084400000, 0x0000000084400000|100%| O|  |TAMS 0x0000000084400000, 0x0000000084400000| Untracked 
|  68|0x0000000084400000, 0x0000000084500000, 0x0000000084500000|100%| O|  |TAMS 0x0000000084500000, 0x0000000084500000| Untracked 
|  69|0x0000000084500000, 0x0000000084600000, 0x0000000084600000|100%| O|  |TAMS 0x0000000084600000, 0x0000000084600000| Untracked 
|  70|0x0000000084600000, 0x0000000084700000, 0x0000000084700000|100%| O|  |TAMS 0x0000000084700000, 0x0000000084700000| Untracked 
|  71|0x0000000084700000, 0x0000000084800000, 0x0000000084800000|100%| O|  |TAMS 0x0000000084800000, 0x0000000084800000| Untracked 
|  72|0x0000000084800000, 0x0000000084900000, 0x0000000084900000|100%| O|  |TAMS 0x0000000084900000, 0x0000000084900000| Untracked 
|  73|0x0000000084900000, 0x0000000084a00000, 0x0000000084a00000|100%| O|  |TAMS 0x0000000084a00000, 0x0000000084a00000| Untracked 
|  74|0x0000000084a00000, 0x0000000084b00000, 0x0000000084b00000|100%| O|  |TAMS 0x0000000084b00000, 0x0000000084b00000| Untracked 
|  75|0x0000000084b00000, 0x0000000084c00000, 0x0000000084c00000|100%| O|  |TAMS 0x0000000084c00000, 0x0000000084c00000| Untracked 
|  76|0x0000000084c00000, 0x0000000084d00000, 0x0000000084d00000|100%| O|  |TAMS 0x0000000084d00000, 0x0000000084d00000| Untracked 
|  77|0x0000000084d00000, 0x0000000084e00000, 0x0000000084e00000|100%| O|  |TAMS 0x0000000084e00000, 0x0000000084e00000| Untracked 
|  78|0x0000000084e00000, 0x0000000084f00000, 0x0000000084f00000|100%| O|  |TAMS 0x0000000084f00000, 0x0000000084f00000| Untracked 
|  79|0x0000000084f00000, 0x0000000085000000, 0x0000000085000000|100%| O|  |TAMS 0x0000000085000000, 0x0000000085000000| Untracked 
|  80|0x0000000085000000, 0x0000000085100000, 0x0000000085100000|100%| O|  |TAMS 0x0000000085100000, 0x0000000085100000| Untracked 
|  81|0x0000000085100000, 0x0000000085200000, 0x0000000085200000|100%| O|  |TAMS 0x0000000085200000, 0x0000000085200000| Untracked 
|  82|0x0000000085200000, 0x0000000085300000, 0x0000000085300000|100%| O|  |TAMS 0x0000000085300000, 0x0000000085300000| Untracked 
|  83|0x0000000085300000, 0x0000000085400000, 0x0000000085400000|100%| O|  |TAMS 0x0000000085400000, 0x0000000085400000| Untracked 
|  84|0x0000000085400000, 0x0000000085500000, 0x0000000085500000|100%| O|  |TAMS 0x0000000085500000, 0x0000000085500000| Untracked 
|  85|0x0000000085500000, 0x0000000085600000, 0x0000000085600000|100%| O|  |TAMS 0x0000000085600000, 0x0000000085600000| Untracked 
|  86|0x0000000085600000, 0x0000000085700000, 0x0000000085700000|100%| O|  |TAMS 0x0000000085700000, 0x0000000085700000| Untracked 
|  87|0x0000000085700000, 0x0000000085800000, 0x0000000085800000|100%| O|  |TAMS 0x0000000085800000, 0x0000000085800000| Untracked 
|  88|0x0000000085800000, 0x0000000085900000, 0x0000000085900000|100%| O|  |TAMS 0x0000000085900000, 0x0000000085900000| Untracked 
|  89|0x0000000085900000, 0x0000000085a00000, 0x0000000085a00000|100%| O|  |TAMS 0x0000000085a00000, 0x0000000085a00000| Untracked 
|  90|0x0000000085a00000, 0x0000000085b00000, 0x0000000085b00000|100%| O|  |TAMS 0x0000000085b00000, 0x0000000085b00000| Untracked 
|  91|0x0000000085b00000, 0x0000000085c00000, 0x0000000085c00000|100%|HS|  |TAMS 0x0000000085c00000, 0x0000000085c00000| Complete 
|  92|0x0000000085c00000, 0x0000000085d00000, 0x0000000085d00000|100%|HC|  |TAMS 0x0000000085d00000, 0x0000000085d00000| Complete 
|  93|0x0000000085d00000, 0x0000000085e00000, 0x0000000085e00000|100%|HS|  |TAMS 0x0000000085e00000, 0x0000000085e00000| Complete 
|  94|0x0000000085e00000, 0x0000000085f00000, 0x0000000085f00000|100%|HS|  |TAMS 0x0000000085f00000, 0x0000000085f00000| Complete 
|  95|0x0000000085f00000, 0x0000000086000000, 0x0000000086000000|100%|HS|  |TAMS 0x0000000086000000, 0x0000000086000000| Complete 
|  96|0x0000000086000000, 0x0000000086100000, 0x0000000086100000|100%|HS|  |TAMS 0x0000000086100000, 0x0000000086100000| Complete 
|  97|0x0000000086100000, 0x0000000086200000, 0x0000000086200000|100%|HS|  |TAMS 0x0000000086200000, 0x0000000086200000| Complete 
|  98|0x0000000086200000, 0x0000000086300000, 0x0000000086300000|100%|HC|  |TAMS 0x0000000086300000, 0x0000000086300000| Complete 
|  99|0x0000000086300000, 0x0000000086400000, 0x0000000086400000|100%|HS|  |TAMS 0x0000000086400000, 0x0000000086400000| Complete 
| 100|0x0000000086400000, 0x0000000086500000, 0x0000000086500000|100%|HC|  |TAMS 0x0000000086500000, 0x0000000086500000| Complete 
| 101|0x0000000086500000, 0x0000000086600000, 0x0000000086600000|100%|HS|  |TAMS 0x0000000086600000, 0x0000000086600000| Complete 
| 102|0x0000000086600000, 0x0000000086700000, 0x0000000086700000|100%|HS|  |TAMS 0x0000000086700000, 0x0000000086700000| Complete 
| 103|0x0000000086700000, 0x0000000086800000, 0x0000000086800000|100%|HC|  |TAMS 0x0000000086800000, 0x0000000086800000| Complete 
| 104|0x0000000086800000, 0x0000000086900000, 0x0000000086900000|100%|HC|  |TAMS 0x0000000086900000, 0x0000000086900000| Complete 
| 105|0x0000000086900000, 0x0000000086a00000, 0x0000000086a00000|100%|HS|  |TAMS 0x0000000086900000, 0x0000000086a00000| Complete 
| 106|0x0000000086a00000, 0x0000000086b00000, 0x0000000086b00000|100%|HS|  |TAMS 0x0000000086b00000, 0x0000000086b00000| Complete 
| 107|0x0000000086b00000, 0x0000000086c00000, 0x0000000086c00000|100%|HS|  |TAMS 0x0000000086b00000, 0x0000000086c00000| Complete 
| 108|0x0000000086c00000, 0x0000000086d00000, 0x0000000086d00000|100%|HS|  |TAMS 0x0000000086d00000, 0x0000000086d00000| Complete 
| 109|0x0000000086d00000, 0x0000000086e00000, 0x0000000086e00000|100%|HC|  |TAMS 0x0000000086e00000, 0x0000000086e00000| Complete 
| 110|0x0000000086e00000, 0x0000000086f00000, 0x0000000086f00000|100%| O|  |TAMS 0x0000000086f00000, 0x0000000086f00000| Untracked 
| 111|0x0000000086f00000, 0x0000000087000000, 0x0000000087000000|100%| O|  |TAMS 0x0000000087000000, 0x0000000087000000| Untracked 
| 112|0x0000000087000000, 0x0000000087100000, 0x0000000087100000|100%| O|  |TAMS 0x0000000087100000, 0x0000000087100000| Untracked 
| 113|0x0000000087100000, 0x0000000087200000, 0x0000000087200000|100%| O|  |TAMS 0x0000000087200000, 0x0000000087200000| Untracked 
| 114|0x0000000087200000, 0x0000000087300000, 0x0000000087300000|100%| O|  |TAMS 0x0000000087300000, 0x0000000087300000| Untracked 
| 115|0x0000000087300000, 0x0000000087400000, 0x0000000087400000|100%| O|  |TAMS 0x0000000087400000, 0x0000000087400000| Untracked 
| 116|0x0000000087400000, 0x0000000087500000, 0x0000000087500000|100%| O|  |TAMS 0x0000000087500000, 0x0000000087500000| Untracked 
| 117|0x0000000087500000, 0x0000000087600000, 0x0000000087600000|100%| O|  |TAMS 0x0000000087600000, 0x0000000087600000| Untracked 
| 118|0x0000000087600000, 0x0000000087700000, 0x0000000087700000|100%| O|  |TAMS 0x0000000087700000, 0x0000000087700000| Untracked 
| 119|0x0000000087700000, 0x0000000087800000, 0x0000000087800000|100%|HS|  |TAMS 0x0000000087800000, 0x0000000087800000| Complete 
| 120|0x0000000087800000, 0x0000000087900000, 0x0000000087900000|100%| O|  |TAMS 0x0000000087800000, 0x0000000087900000| Untracked 
| 121|0x0000000087900000, 0x0000000087a00000, 0x0000000087a00000|100%|HS|  |TAMS 0x0000000087a00000, 0x0000000087a00000| Complete 
| 122|0x0000000087a00000, 0x0000000087b00000, 0x0000000087b00000|100%| O|  |TAMS 0x0000000087a00000, 0x0000000087b00000| Untracked 
| 123|0x0000000087b00000, 0x0000000087c00000, 0x0000000087c00000|100%|HS|  |TAMS 0x0000000087c00000, 0x0000000087c00000| Complete 
| 124|0x0000000087c00000, 0x0000000087d00000, 0x0000000087d00000|100%|HS|  |TAMS 0x0000000087c00000, 0x0000000087d00000| Complete 
| 125|0x0000000087d00000, 0x0000000087e00000, 0x0000000087e00000|100%|HC|  |TAMS 0x0000000087d00000, 0x0000000087e00000| Complete 
| 126|0x0000000087e00000, 0x0000000087f00000, 0x0000000087f00000|100%| O|  |TAMS 0x0000000087e00000, 0x0000000087f00000| Untracked 
| 127|0x0000000087f00000, 0x0000000088000000, 0x0000000088000000|100%|HS|  |TAMS 0x0000000088000000, 0x0000000088000000| Complete 
| 128|0x0000000088000000, 0x0000000088100000, 0x0000000088100000|100%|HC|  |TAMS 0x0000000088100000, 0x0000000088100000| Complete 
| 129|0x0000000088100000, 0x0000000088200000, 0x0000000088200000|100%| O|  |TAMS 0x0000000088100000, 0x0000000088200000| Untracked 
| 130|0x0000000088200000, 0x0000000088300000, 0x0000000088300000|100%| O|  |TAMS 0x0000000088200000, 0x0000000088300000| Untracked 
| 131|0x0000000088300000, 0x0000000088400000, 0x0000000088400000|100%| O|  |TAMS 0x0000000088300000, 0x0000000088400000| Untracked 
| 132|0x0000000088400000, 0x0000000088500000, 0x0000000088500000|100%|HS|  |TAMS 0x0000000088500000, 0x0000000088500000| Complete 
| 133|0x0000000088500000, 0x0000000088600000, 0x0000000088600000|100%|HC|  |TAMS 0x0000000088600000, 0x0000000088600000| Complete 
| 134|0x0000000088600000, 0x0000000088700000, 0x0000000088700000|100%| O|  |TAMS 0x0000000088600000, 0x0000000088700000| Untracked 
| 135|0x0000000088700000, 0x0000000088800000, 0x0000000088800000|100%|HS|  |TAMS 0x0000000088800000, 0x0000000088800000| Complete 
| 136|0x0000000088800000, 0x0000000088900000, 0x0000000088900000|100%| O|  |TAMS 0x0000000088800000, 0x0000000088900000| Untracked 
| 137|0x0000000088900000, 0x0000000088a00000, 0x0000000088a00000|100%| O|  |TAMS 0x0000000088900000, 0x0000000088a00000| Untracked 
| 138|0x0000000088a00000, 0x0000000088b00000, 0x0000000088b00000|100%| O|  |TAMS 0x0000000088a00000, 0x0000000088b00000| Untracked 
| 139|0x0000000088b00000, 0x0000000088c00000, 0x0000000088c00000|100%| O|  |TAMS 0x0000000088b00000, 0x0000000088c00000| Untracked 
| 140|0x0000000088c00000, 0x0000000088d00000, 0x0000000088d00000|100%| O|  |TAMS 0x0000000088c00000, 0x0000000088d00000| Untracked 
| 141|0x0000000088d00000, 0x0000000088e00000, 0x0000000088e00000|100%| O|  |TAMS 0x0000000088d00000, 0x0000000088e00000| Untracked 
| 142|0x0000000088e00000, 0x0000000088f00000, 0x0000000088f00000|100%|HS|  |TAMS 0x0000000088f00000, 0x0000000088f00000| Complete 
| 143|0x0000000088f00000, 0x0000000089000000, 0x0000000089000000|100%|HC|  |TAMS 0x0000000089000000, 0x0000000089000000| Complete 
| 144|0x0000000089000000, 0x0000000089100000, 0x0000000089100000|100%|HC|  |TAMS 0x0000000089100000, 0x0000000089100000| Complete 
| 145|0x0000000089100000, 0x0000000089200000, 0x0000000089200000|100%| O|  |TAMS 0x0000000089200000, 0x0000000089200000| Untracked 
| 146|0x0000000089200000, 0x0000000089300000, 0x0000000089300000|100%| O|  |TAMS 0x0000000089300000, 0x0000000089300000| Untracked 
| 147|0x0000000089300000, 0x0000000089400000, 0x0000000089400000|100%| O|  |TAMS 0x0000000089400000, 0x0000000089400000| Untracked 
| 148|0x0000000089400000, 0x0000000089500000, 0x0000000089500000|100%| O|  |TAMS 0x0000000089500000, 0x0000000089500000| Untracked 
| 149|0x0000000089500000, 0x0000000089600000, 0x0000000089600000|100%| O|  |TAMS 0x0000000089600000, 0x0000000089600000| Untracked 
| 150|0x0000000089600000, 0x0000000089700000, 0x0000000089700000|100%| O|  |TAMS 0x0000000089700000, 0x0000000089700000| Untracked 
| 151|0x0000000089700000, 0x0000000089800000, 0x0000000089800000|100%| O|  |TAMS 0x0000000089800000, 0x0000000089800000| Untracked 
| 152|0x0000000089800000, 0x0000000089900000, 0x0000000089900000|100%| O|  |TAMS 0x0000000089900000, 0x0000000089900000| Untracked 
| 153|0x0000000089900000, 0x0000000089a00000, 0x0000000089a00000|100%| O|  |TAMS 0x0000000089a00000, 0x0000000089a00000| Untracked 
| 154|0x0000000089a00000, 0x0000000089b00000, 0x0000000089b00000|100%| O|  |TAMS 0x0000000089b00000, 0x0000000089b00000| Untracked 
| 155|0x0000000089b00000, 0x0000000089c00000, 0x0000000089c00000|100%| O|  |TAMS 0x0000000089c00000, 0x0000000089c00000| Untracked 
| 156|0x0000000089c00000, 0x0000000089d00000, 0x0000000089d00000|100%| O|  |TAMS 0x0000000089d00000, 0x0000000089d00000| Untracked 
| 157|0x0000000089d00000, 0x0000000089e00000, 0x0000000089e00000|100%| O|  |TAMS 0x0000000089e00000, 0x0000000089e00000| Untracked 
| 158|0x0000000089e00000, 0x0000000089f00000, 0x0000000089f00000|100%| O|  |TAMS 0x0000000089f00000, 0x0000000089f00000| Untracked 
| 159|0x0000000089f00000, 0x000000008a000000, 0x000000008a000000|100%| O|  |TAMS 0x000000008a000000, 0x000000008a000000| Untracked 
| 160|0x000000008a000000, 0x000000008a100000, 0x000000008a100000|100%| O|  |TAMS 0x000000008a100000, 0x000000008a100000| Untracked 
| 161|0x000000008a100000, 0x000000008a200000, 0x000000008a200000|100%| O|  |TAMS 0x000000008a200000, 0x000000008a200000| Untracked 
| 162|0x000000008a200000, 0x000000008a300000, 0x000000008a300000|100%| O|  |TAMS 0x000000008a300000, 0x000000008a300000| Untracked 
| 163|0x000000008a300000, 0x000000008a400000, 0x000000008a400000|100%| O|  |TAMS 0x000000008a300000, 0x000000008a400000| Untracked 
| 164|0x000000008a400000, 0x000000008a500000, 0x000000008a500000|100%| O|  |TAMS 0x000000008a400000, 0x000000008a500000| Untracked 
| 165|0x000000008a500000, 0x000000008a600000, 0x000000008a600000|100%| O|  |TAMS 0x000000008a500000, 0x000000008a600000| Untracked 
| 166|0x000000008a600000, 0x000000008a700000, 0x000000008a700000|100%| O|  |TAMS 0x000000008a600000, 0x000000008a700000| Untracked 
| 167|0x000000008a700000, 0x000000008a800000, 0x000000008a800000|100%| O|  |TAMS 0x000000008a700000, 0x000000008a800000| Untracked 
| 168|0x000000008a800000, 0x000000008a900000, 0x000000008a900000|100%| O|  |TAMS 0x000000008a800000, 0x000000008a900000| Untracked 
| 169|0x000000008a900000, 0x000000008aa00000, 0x000000008aa00000|100%| O|  |TAMS 0x000000008a900000, 0x000000008aa00000| Untracked 
| 170|0x000000008aa00000, 0x000000008ab00000, 0x000000008ab00000|100%| O|  |TAMS 0x000000008aa00000, 0x000000008ab00000| Untracked 
| 171|0x000000008ab00000, 0x000000008ac00000, 0x000000008ac00000|100%| O|  |TAMS 0x000000008ab00000, 0x000000008ac00000| Untracked 
| 172|0x000000008ac00000, 0x000000008ad00000, 0x000000008ad00000|100%| O|  |TAMS 0x000000008ac00000, 0x000000008ad00000| Untracked 
| 173|0x000000008ad00000, 0x000000008ae00000, 0x000000008ae00000|100%| O|  |TAMS 0x000000008ad00000, 0x000000008ae00000| Untracked 
| 174|0x000000008ae00000, 0x000000008af00000, 0x000000008af00000|100%| O|  |TAMS 0x000000008ae00000, 0x000000008af00000| Untracked 
| 175|0x000000008af00000, 0x000000008b000000, 0x000000008b000000|100%| O|  |TAMS 0x000000008af00000, 0x000000008b000000| Untracked 
| 176|0x000000008b000000, 0x000000008b100000, 0x000000008b100000|100%| O|  |TAMS 0x000000008b000000, 0x000000008b100000| Untracked 
| 177|0x000000008b100000, 0x000000008b200000, 0x000000008b200000|100%| O|  |TAMS 0x000000008b100000, 0x000000008b200000| Untracked 
| 178|0x000000008b200000, 0x000000008b300000, 0x000000008b300000|100%| O|  |TAMS 0x000000008b200000, 0x000000008b300000| Untracked 
| 179|0x000000008b300000, 0x000000008b400000, 0x000000008b400000|100%| O|  |TAMS 0x000000008b300000, 0x000000008b400000| Untracked 
| 180|0x000000008b400000, 0x000000008b500000, 0x000000008b500000|100%| O|  |TAMS 0x000000008b400000, 0x000000008b500000| Untracked 
| 181|0x000000008b500000, 0x000000008b600000, 0x000000008b600000|100%| O|  |TAMS 0x000000008b500000, 0x000000008b600000| Untracked 
| 182|0x000000008b600000, 0x000000008b700000, 0x000000008b700000|100%| O|  |TAMS 0x000000008b600000, 0x000000008b700000| Untracked 
| 183|0x000000008b700000, 0x000000008b800000, 0x000000008b800000|100%| O|  |TAMS 0x000000008b700000, 0x000000008b800000| Untracked 
| 184|0x000000008b800000, 0x000000008b900000, 0x000000008b900000|100%| O|  |TAMS 0x000000008b800000, 0x000000008b900000| Untracked 
| 185|0x000000008b900000, 0x000000008ba00000, 0x000000008ba00000|100%| O|  |TAMS 0x000000008b900000, 0x000000008ba00000| Untracked 
| 186|0x000000008ba00000, 0x000000008bb00000, 0x000000008bb00000|100%| O|  |TAMS 0x000000008ba00000, 0x000000008bb00000| Untracked 
| 187|0x000000008bb00000, 0x000000008bc00000, 0x000000008bc00000|100%| O|  |TAMS 0x000000008bb00000, 0x000000008bc00000| Untracked 
| 188|0x000000008bc00000, 0x000000008bd00000, 0x000000008bd00000|100%| O|  |TAMS 0x000000008bc00000, 0x000000008bd00000| Untracked 
| 189|0x000000008bd00000, 0x000000008be00000, 0x000000008be00000|100%| O|  |TAMS 0x000000008bd00000, 0x000000008be00000| Untracked 
| 190|0x000000008be00000, 0x000000008bf00000, 0x000000008bf00000|100%| O|  |TAMS 0x000000008be00000, 0x000000008bf00000| Untracked 
| 191|0x000000008bf00000, 0x000000008c000000, 0x000000008c000000|100%| O|  |TAMS 0x000000008bf00000, 0x000000008c000000| Untracked 
| 192|0x000000008c000000, 0x000000008c100000, 0x000000008c100000|100%| O|  |TAMS 0x000000008c000000, 0x000000008c100000| Untracked 
| 193|0x000000008c100000, 0x000000008c200000, 0x000000008c200000|100%| O|  |TAMS 0x000000008c100000, 0x000000008c100000| Untracked 
| 194|0x000000008c200000, 0x000000008c300000, 0x000000008c300000|100%| O|  |TAMS 0x000000008c200000, 0x000000008c200000| Untracked 
| 195|0x000000008c300000, 0x000000008c400000, 0x000000008c400000|100%| O|  |TAMS 0x000000008c300000, 0x000000008c300000| Untracked 
| 196|0x000000008c400000, 0x000000008c500000, 0x000000008c500000|100%| O|  |TAMS 0x000000008c400000, 0x000000008c400000| Untracked 
| 197|0x000000008c500000, 0x000000008c600000, 0x000000008c600000|100%| O|  |TAMS 0x000000008c500000, 0x000000008c500000| Untracked 
| 198|0x000000008c600000, 0x000000008c700000, 0x000000008c700000|100%| O|  |TAMS 0x000000008c600000, 0x000000008c600000| Untracked 
| 199|0x000000008c700000, 0x000000008c800000, 0x000000008c800000|100%| O|  |TAMS 0x000000008c700000, 0x000000008c700000| Untracked 
| 200|0x000000008c800000, 0x000000008c880000, 0x000000008c900000| 50%| O|  |TAMS 0x000000008c800000, 0x000000008c800000| Untracked 
| 201|0x000000008c900000, 0x000000008c900000, 0x000000008ca00000|  0%| F|  |TAMS 0x000000008c900000, 0x000000008c900000| Untracked 
| 202|0x000000008ca00000, 0x000000008ca00000, 0x000000008cb00000|  0%| F|  |TAMS 0x000000008ca00000, 0x000000008ca00000| Untracked 
| 203|0x000000008cb00000, 0x000000008cb00000, 0x000000008cc00000|  0%| F|  |TAMS 0x000000008cb00000, 0x000000008cb00000| Untracked 
| 204|0x000000008cc00000, 0x000000008cc00000, 0x000000008cd00000|  0%| F|  |TAMS 0x000000008cc00000, 0x000000008cc00000| Untracked 
| 205|0x000000008cd00000, 0x000000008cd00000, 0x000000008ce00000|  0%| F|  |TAMS 0x000000008cd00000, 0x000000008cd00000| Untracked 
| 206|0x000000008ce00000, 0x000000008ce00000, 0x000000008cf00000|  0%| F|  |TAMS 0x000000008ce00000, 0x000000008ce00000| Untracked 
| 207|0x000000008cf00000, 0x000000008cf00000, 0x000000008d000000|  0%| F|  |TAMS 0x000000008cf00000, 0x000000008cf00000| Untracked 
| 208|0x000000008d000000, 0x000000008d000000, 0x000000008d100000|  0%| F|  |TAMS 0x000000008d000000, 0x000000008d000000| Untracked 
| 209|0x000000008d100000, 0x000000008d100000, 0x000000008d200000|  0%| F|  |TAMS 0x000000008d100000, 0x000000008d100000| Untracked 
| 210|0x000000008d200000, 0x000000008d200000, 0x000000008d300000|  0%| F|  |TAMS 0x000000008d200000, 0x000000008d200000| Untracked 
| 211|0x000000008d300000, 0x000000008d300000, 0x000000008d400000|  0%| F|  |TAMS 0x000000008d300000, 0x000000008d300000| Untracked 
| 212|0x000000008d400000, 0x000000008d400000, 0x000000008d500000|  0%| F|  |TAMS 0x000000008d400000, 0x000000008d400000| Untracked 
| 213|0x000000008d500000, 0x000000008d500000, 0x000000008d600000|  0%| F|  |TAMS 0x000000008d500000, 0x000000008d500000| Untracked 
| 214|0x000000008d600000, 0x000000008d600000, 0x000000008d700000|  0%| F|  |TAMS 0x000000008d600000, 0x000000008d600000| Untracked 
| 215|0x000000008d700000, 0x000000008d700000, 0x000000008d800000|  0%| F|  |TAMS 0x000000008d700000, 0x000000008d700000| Untracked 
| 216|0x000000008d800000, 0x000000008d800000, 0x000000008d900000|  0%| F|  |TAMS 0x000000008d800000, 0x000000008d800000| Untracked 
| 217|0x000000008d900000, 0x000000008d900000, 0x000000008da00000|  0%| F|  |TAMS 0x000000008d900000, 0x000000008d900000| Untracked 
| 218|0x000000008da00000, 0x000000008da00000, 0x000000008db00000|  0%| F|  |TAMS 0x000000008da00000, 0x000000008da00000| Untracked 
| 219|0x000000008db00000, 0x000000008db00000, 0x000000008dc00000|  0%| F|  |TAMS 0x000000008db00000, 0x000000008db00000| Untracked 
| 220|0x000000008dc00000, 0x000000008dc00000, 0x000000008dd00000|  0%| F|  |TAMS 0x000000008dc00000, 0x000000008dc00000| Untracked 
| 221|0x000000008dd00000, 0x000000008dd00000, 0x000000008de00000|  0%| F|  |TAMS 0x000000008dd00000, 0x000000008dd00000| Untracked 
| 222|0x000000008de00000, 0x000000008de00000, 0x000000008df00000|  0%| F|  |TAMS 0x000000008de00000, 0x000000008de00000| Untracked 
| 223|0x000000008df00000, 0x000000008df00000, 0x000000008e000000|  0%| F|  |TAMS 0x000000008df00000, 0x000000008df00000| Untracked 
| 224|0x000000008e000000, 0x000000008e000000, 0x000000008e100000|  0%| F|  |TAMS 0x000000008e000000, 0x000000008e000000| Untracked 
| 225|0x000000008e100000, 0x000000008e100000, 0x000000008e200000|  0%| F|  |TAMS 0x000000008e100000, 0x000000008e100000| Untracked 
| 226|0x000000008e200000, 0x000000008e200000, 0x000000008e300000|  0%| F|  |TAMS 0x000000008e200000, 0x000000008e200000| Untracked 
| 227|0x000000008e300000, 0x000000008e300000, 0x000000008e400000|  0%| F|  |TAMS 0x000000008e300000, 0x000000008e300000| Untracked 
| 228|0x000000008e400000, 0x000000008e400000, 0x000000008e500000|  0%| F|  |TAMS 0x000000008e400000, 0x000000008e400000| Untracked 
| 229|0x000000008e500000, 0x000000008e500000, 0x000000008e600000|  0%| F|  |TAMS 0x000000008e500000, 0x000000008e500000| Untracked 
| 230|0x000000008e600000, 0x000000008e600000, 0x000000008e700000|  0%| F|  |TAMS 0x000000008e600000, 0x000000008e600000| Untracked 
| 231|0x000000008e700000, 0x000000008e800000, 0x000000008e800000|100%| S|CS|TAMS 0x000000008e700000, 0x000000008e700000| Complete 
| 232|0x000000008e800000, 0x000000008e900000, 0x000000008e900000|100%| S|CS|TAMS 0x000000008e800000, 0x000000008e800000| Complete 
| 233|0x000000008e900000, 0x000000008e900000, 0x000000008ea00000|  0%| F|  |TAMS 0x000000008e900000, 0x000000008e900000| Untracked 
| 234|0x000000008ea00000, 0x000000008ea00000, 0x000000008eb00000|  0%| F|  |TAMS 0x000000008ea00000, 0x000000008ea00000| Untracked 
| 235|0x000000008eb00000, 0x000000008eb00000, 0x000000008ec00000|  0%| F|  |TAMS 0x000000008eb00000, 0x000000008eb00000| Untracked 
| 236|0x000000008ec00000, 0x000000008ec00000, 0x000000008ed00000|  0%| F|  |TAMS 0x000000008ec00000, 0x000000008ec00000| Untracked 
| 237|0x000000008ed00000, 0x000000008ed00000, 0x000000008ee00000|  0%| F|  |TAMS 0x000000008ed00000, 0x000000008ed00000| Untracked 
| 238|0x000000008ee00000, 0x000000008ee00000, 0x000000008ef00000|  0%| F|  |TAMS 0x000000008ee00000, 0x000000008ee00000| Untracked 
| 239|0x000000008ef00000, 0x000000008ef00000, 0x000000008f000000|  0%| F|  |TAMS 0x000000008ef00000, 0x000000008ef00000| Untracked 
| 240|0x000000008f000000, 0x000000008f000000, 0x000000008f100000|  0%| F|  |TAMS 0x000000008f000000, 0x000000008f000000| Untracked 
| 241|0x000000008f100000, 0x000000008f100000, 0x000000008f200000|  0%| F|  |TAMS 0x000000008f100000, 0x000000008f100000| Untracked 
| 242|0x000000008f200000, 0x000000008f200000, 0x000000008f300000|  0%| F|  |TAMS 0x000000008f200000, 0x000000008f200000| Untracked 
| 243|0x000000008f300000, 0x000000008f300000, 0x000000008f400000|  0%| F|  |TAMS 0x000000008f300000, 0x000000008f300000| Untracked 
| 244|0x000000008f400000, 0x000000008f400000, 0x000000008f500000|  0%| F|  |TAMS 0x000000008f400000, 0x000000008f400000| Untracked 
| 245|0x000000008f500000, 0x000000008f600000, 0x000000008f600000|100%| O|  |TAMS 0x000000008f600000, 0x000000008f600000| Untracked 
| 246|0x000000008f600000, 0x000000008f700000, 0x000000008f700000|100%| O|  |TAMS 0x000000008f700000, 0x000000008f700000| Untracked 
| 247|0x000000008f700000, 0x000000008f800000, 0x000000008f800000|100%| O|  |TAMS 0x000000008f800000, 0x000000008f800000| Untracked 
| 248|0x000000008f800000, 0x000000008f900000, 0x000000008f900000|100%| O|  |TAMS 0x000000008f900000, 0x000000008f900000| Untracked 
| 249|0x000000008f900000, 0x000000008fa00000, 0x000000008fa00000|100%| O|  |TAMS 0x000000008f9c2e00, 0x000000008fa00000| Untracked 
| 250|0x000000008fa00000, 0x000000008fa00000, 0x000000008fb00000|  0%| F|  |TAMS 0x000000008fa00000, 0x000000008fa00000| Untracked 
| 251|0x000000008fb00000, 0x000000008fb00000, 0x000000008fc00000|  0%| F|  |TAMS 0x000000008fb00000, 0x000000008fb00000| Untracked 
| 252|0x000000008fc00000, 0x000000008fc00000, 0x000000008fd00000|  0%| F|  |TAMS 0x000000008fc00000, 0x000000008fc00000| Untracked 
| 253|0x000000008fd00000, 0x000000008fd00000, 0x000000008fe00000|  0%| F|  |TAMS 0x000000008fd00000, 0x000000008fd00000| Untracked 
| 254|0x000000008fe00000, 0x000000008fe00000, 0x000000008ff00000|  0%| F|  |TAMS 0x000000008fe00000, 0x000000008fe00000| Untracked 
| 255|0x000000008ff00000, 0x000000008ff00000, 0x0000000090000000|  0%| F|  |TAMS 0x000000008ff00000, 0x000000008ff00000| Untracked 
| 256|0x0000000090000000, 0x0000000090000000, 0x0000000090100000|  0%| F|  |TAMS 0x0000000090000000, 0x0000000090000000| Untracked 
| 257|0x0000000090100000, 0x0000000090100000, 0x0000000090200000|  0%| F|  |TAMS 0x0000000090100000, 0x0000000090100000| Untracked 
| 258|0x0000000090200000, 0x0000000090200000, 0x0000000090300000|  0%| F|  |TAMS 0x0000000090200000, 0x0000000090200000| Untracked 
| 259|0x0000000090300000, 0x0000000090300000, 0x0000000090400000|  0%| F|  |TAMS 0x0000000090300000, 0x0000000090300000| Untracked 
| 260|0x0000000090400000, 0x0000000090400000, 0x0000000090500000|  0%| F|  |TAMS 0x0000000090400000, 0x0000000090400000| Untracked 
| 261|0x0000000090500000, 0x0000000090500000, 0x0000000090600000|  0%| F|  |TAMS 0x0000000090500000, 0x0000000090500000| Untracked 
| 262|0x0000000090600000, 0x0000000090600000, 0x0000000090700000|  0%| F|  |TAMS 0x0000000090600000, 0x0000000090600000| Untracked 
| 263|0x0000000090700000, 0x0000000090700000, 0x0000000090800000|  0%| F|  |TAMS 0x0000000090700000, 0x0000000090700000| Untracked 
| 264|0x0000000090800000, 0x0000000090800000, 0x0000000090900000|  0%| F|  |TAMS 0x0000000090800000, 0x0000000090800000| Untracked 
| 265|0x0000000090900000, 0x0000000090900000, 0x0000000090a00000|  0%| F|  |TAMS 0x0000000090900000, 0x0000000090900000| Untracked 
| 266|0x0000000090a00000, 0x0000000090a00000, 0x0000000090b00000|  0%| F|  |TAMS 0x0000000090a00000, 0x0000000090a00000| Untracked 
| 267|0x0000000090b00000, 0x0000000090b00000, 0x0000000090c00000|  0%| F|  |TAMS 0x0000000090b00000, 0x0000000090b00000| Untracked 
| 268|0x0000000090c00000, 0x0000000090c00000, 0x0000000090d00000|  0%| F|  |TAMS 0x0000000090c00000, 0x0000000090c00000| Untracked 
| 269|0x0000000090d00000, 0x0000000090d00000, 0x0000000090e00000|  0%| F|  |TAMS 0x0000000090d00000, 0x0000000090d00000| Untracked 
| 270|0x0000000090e00000, 0x0000000090e00000, 0x0000000090f00000|  0%| F|  |TAMS 0x0000000090e00000, 0x0000000090e00000| Untracked 
| 271|0x0000000090f00000, 0x0000000090f00000, 0x0000000091000000|  0%| F|  |TAMS 0x0000000090f00000, 0x0000000090f00000| Untracked 
| 272|0x0000000091000000, 0x0000000091000000, 0x0000000091100000|  0%| F|  |TAMS 0x0000000091000000, 0x0000000091000000| Untracked 
| 273|0x0000000091100000, 0x0000000091100000, 0x0000000091200000|  0%| F|  |TAMS 0x0000000091100000, 0x0000000091100000| Untracked 
| 274|0x0000000091200000, 0x0000000091200000, 0x0000000091300000|  0%| F|  |TAMS 0x0000000091200000, 0x0000000091200000| Untracked 
| 275|0x0000000091300000, 0x0000000091300000, 0x0000000091400000|  0%| F|  |TAMS 0x0000000091300000, 0x0000000091300000| Untracked 
| 276|0x0000000091400000, 0x0000000091400000, 0x0000000091500000|  0%| F|  |TAMS 0x0000000091400000, 0x0000000091400000| Untracked 
| 277|0x0000000091500000, 0x0000000091500000, 0x0000000091600000|  0%| F|  |TAMS 0x0000000091500000, 0x0000000091500000| Untracked 
| 278|0x0000000091600000, 0x0000000091600000, 0x0000000091700000|  0%| F|  |TAMS 0x0000000091600000, 0x0000000091600000| Untracked 
| 279|0x0000000091700000, 0x0000000091700000, 0x0000000091800000|  0%| F|  |TAMS 0x0000000091700000, 0x0000000091700000| Untracked 
| 280|0x0000000091800000, 0x0000000091800000, 0x0000000091900000|  0%| F|  |TAMS 0x0000000091800000, 0x0000000091800000| Untracked 
| 281|0x0000000091900000, 0x0000000091900000, 0x0000000091a00000|  0%| F|  |TAMS 0x0000000091900000, 0x0000000091900000| Untracked 
| 282|0x0000000091a00000, 0x0000000091a00000, 0x0000000091b00000|  0%| F|  |TAMS 0x0000000091a00000, 0x0000000091a00000| Untracked 
| 283|0x0000000091b00000, 0x0000000091b00000, 0x0000000091c00000|  0%| F|  |TAMS 0x0000000091b00000, 0x0000000091b00000| Untracked 
| 284|0x0000000091c00000, 0x0000000091c00000, 0x0000000091d00000|  0%| F|  |TAMS 0x0000000091c00000, 0x0000000091c00000| Untracked 
| 285|0x0000000091d00000, 0x0000000091d00000, 0x0000000091e00000|  0%| F|  |TAMS 0x0000000091d00000, 0x0000000091d00000| Untracked 
| 286|0x0000000091e00000, 0x0000000091e00000, 0x0000000091f00000|  0%| F|  |TAMS 0x0000000091e00000, 0x0000000091e00000| Untracked 
| 287|0x0000000091f00000, 0x0000000091f00000, 0x0000000092000000|  0%| F|  |TAMS 0x0000000091f00000, 0x0000000091f00000| Untracked 
| 288|0x0000000092000000, 0x0000000092000000, 0x0000000092100000|  0%| F|  |TAMS 0x0000000092000000, 0x0000000092000000| Untracked 
| 289|0x0000000092100000, 0x0000000092100000, 0x0000000092200000|  0%| F|  |TAMS 0x0000000092100000, 0x0000000092100000| Untracked 
| 290|0x0000000092200000, 0x0000000092200000, 0x0000000092300000|  0%| F|  |TAMS 0x0000000092200000, 0x0000000092200000| Untracked 
| 291|0x0000000092300000, 0x0000000092300000, 0x0000000092400000|  0%| F|  |TAMS 0x0000000092300000, 0x0000000092300000| Untracked 
| 292|0x0000000092400000, 0x0000000092400000, 0x0000000092500000|  0%| F|  |TAMS 0x0000000092400000, 0x0000000092400000| Untracked 
| 293|0x0000000092500000, 0x0000000092500000, 0x0000000092600000|  0%| F|  |TAMS 0x0000000092500000, 0x0000000092500000| Untracked 
| 294|0x0000000092600000, 0x0000000092600000, 0x0000000092700000|  0%| F|  |TAMS 0x0000000092600000, 0x0000000092600000| Untracked 
| 295|0x0000000092700000, 0x0000000092700000, 0x0000000092800000|  0%| F|  |TAMS 0x0000000092700000, 0x0000000092700000| Untracked 
| 296|0x0000000092800000, 0x0000000092800000, 0x0000000092900000|  0%| F|  |TAMS 0x0000000092800000, 0x0000000092800000| Untracked 
| 297|0x0000000092900000, 0x0000000092900000, 0x0000000092a00000|  0%| F|  |TAMS 0x0000000092900000, 0x0000000092900000| Untracked 
| 298|0x0000000092a00000, 0x0000000092a00000, 0x0000000092b00000|  0%| F|  |TAMS 0x0000000092a00000, 0x0000000092a00000| Untracked 
| 299|0x0000000092b00000, 0x0000000092b00000, 0x0000000092c00000|  0%| F|  |TAMS 0x0000000092b00000, 0x0000000092b00000| Untracked 
| 300|0x0000000092c00000, 0x0000000092c00000, 0x0000000092d00000|  0%| F|  |TAMS 0x0000000092c00000, 0x0000000092c00000| Untracked 
| 301|0x0000000092d00000, 0x0000000092d00000, 0x0000000092e00000|  0%| F|  |TAMS 0x0000000092d00000, 0x0000000092d00000| Untracked 
| 302|0x0000000092e00000, 0x0000000092e00000, 0x0000000092f00000|  0%| F|  |TAMS 0x0000000092e00000, 0x0000000092e00000| Untracked 
| 303|0x0000000092f00000, 0x0000000092f00000, 0x0000000093000000|  0%| F|  |TAMS 0x0000000092f00000, 0x0000000092f00000| Untracked 
| 304|0x0000000093000000, 0x0000000093000000, 0x0000000093100000|  0%| F|  |TAMS 0x0000000093000000, 0x0000000093000000| Untracked 
| 305|0x0000000093100000, 0x0000000093100000, 0x0000000093200000|  0%| F|  |TAMS 0x0000000093100000, 0x0000000093100000| Untracked 
| 306|0x0000000093200000, 0x0000000093200000, 0x0000000093300000|  0%| F|  |TAMS 0x0000000093200000, 0x0000000093200000| Untracked 
| 307|0x0000000093300000, 0x0000000093300000, 0x0000000093400000|  0%| F|  |TAMS 0x0000000093300000, 0x0000000093300000| Untracked 
| 308|0x0000000093400000, 0x0000000093400000, 0x0000000093500000|  0%| F|  |TAMS 0x0000000093400000, 0x0000000093400000| Untracked 
| 309|0x0000000093500000, 0x0000000093500000, 0x0000000093600000|  0%| F|  |TAMS 0x0000000093500000, 0x0000000093500000| Untracked 
| 310|0x0000000093600000, 0x0000000093600000, 0x0000000093700000|  0%| F|  |TAMS 0x0000000093600000, 0x0000000093600000| Untracked 
| 311|0x0000000093700000, 0x0000000093700000, 0x0000000093800000|  0%| F|  |TAMS 0x0000000093700000, 0x0000000093700000| Untracked 
| 312|0x0000000093800000, 0x0000000093800000, 0x0000000093900000|  0%| F|  |TAMS 0x0000000093800000, 0x0000000093800000| Untracked 
| 313|0x0000000093900000, 0x0000000093900000, 0x0000000093a00000|  0%| F|  |TAMS 0x0000000093900000, 0x0000000093900000| Untracked 
| 314|0x0000000093a00000, 0x0000000093a00000, 0x0000000093b00000|  0%| F|  |TAMS 0x0000000093a00000, 0x0000000093a00000| Untracked 
| 315|0x0000000093b00000, 0x0000000093b00000, 0x0000000093c00000|  0%| F|  |TAMS 0x0000000093b00000, 0x0000000093b00000| Untracked 
| 316|0x0000000093c00000, 0x0000000093c00000, 0x0000000093d00000|  0%| F|  |TAMS 0x0000000093c00000, 0x0000000093c00000| Untracked 
| 317|0x0000000093d00000, 0x0000000093d00000, 0x0000000093e00000|  0%| F|  |TAMS 0x0000000093d00000, 0x0000000093d00000| Untracked 
| 318|0x0000000093e00000, 0x0000000093e00000, 0x0000000093f00000|  0%| F|  |TAMS 0x0000000093e00000, 0x0000000093e00000| Untracked 
| 319|0x0000000093f00000, 0x0000000093f00000, 0x0000000094000000|  0%| F|  |TAMS 0x0000000093f00000, 0x0000000093f00000| Untracked 
| 320|0x0000000094000000, 0x0000000094000000, 0x0000000094100000|  0%| F|  |TAMS 0x0000000094000000, 0x0000000094000000| Untracked 
| 321|0x0000000094100000, 0x0000000094100000, 0x0000000094200000|  0%| F|  |TAMS 0x0000000094100000, 0x0000000094100000| Untracked 
| 322|0x0000000094200000, 0x0000000094200000, 0x0000000094300000|  0%| F|  |TAMS 0x0000000094200000, 0x0000000094200000| Untracked 
| 323|0x0000000094300000, 0x0000000094300000, 0x0000000094400000|  0%| F|  |TAMS 0x0000000094300000, 0x0000000094300000| Untracked 
| 324|0x0000000094400000, 0x0000000094400000, 0x0000000094500000|  0%| F|  |TAMS 0x0000000094400000, 0x0000000094400000| Untracked 
| 325|0x0000000094500000, 0x0000000094500000, 0x0000000094600000|  0%| F|  |TAMS 0x0000000094500000, 0x0000000094500000| Untracked 
| 326|0x0000000094600000, 0x0000000094600000, 0x0000000094700000|  0%| F|  |TAMS 0x0000000094600000, 0x0000000094600000| Untracked 
| 327|0x0000000094700000, 0x0000000094700000, 0x0000000094800000|  0%| F|  |TAMS 0x0000000094700000, 0x0000000094700000| Untracked 
| 328|0x0000000094800000, 0x0000000094846af8, 0x0000000094900000| 27%| E|  |TAMS 0x0000000094800000, 0x0000000094800000| Complete 
| 329|0x0000000094900000, 0x0000000094a00000, 0x0000000094a00000|100%| E|CS|TAMS 0x0000000094900000, 0x0000000094900000| Complete 
| 330|0x0000000094a00000, 0x0000000094b00000, 0x0000000094b00000|100%| E|CS|TAMS 0x0000000094a00000, 0x0000000094a00000| Complete 
| 331|0x0000000094b00000, 0x0000000094c00000, 0x0000000094c00000|100%| E|CS|TAMS 0x0000000094b00000, 0x0000000094b00000| Complete 
| 332|0x0000000094c00000, 0x0000000094d00000, 0x0000000094d00000|100%| E|CS|TAMS 0x0000000094c00000, 0x0000000094c00000| Complete 
| 333|0x0000000094d00000, 0x0000000094e00000, 0x0000000094e00000|100%| E|CS|TAMS 0x0000000094d00000, 0x0000000094d00000| Complete 
| 334|0x0000000094e00000, 0x0000000094f00000, 0x0000000094f00000|100%| E|CS|TAMS 0x0000000094e00000, 0x0000000094e00000| Complete 
| 335|0x0000000094f00000, 0x0000000095000000, 0x0000000095000000|100%| E|CS|TAMS 0x0000000094f00000, 0x0000000094f00000| Complete 
| 336|0x0000000095000000, 0x0000000095100000, 0x0000000095100000|100%| E|CS|TAMS 0x0000000095000000, 0x0000000095000000| Complete 
| 337|0x0000000095100000, 0x0000000095200000, 0x0000000095200000|100%| E|CS|TAMS 0x0000000095100000, 0x0000000095100000| Complete 
| 338|0x0000000095200000, 0x0000000095300000, 0x0000000095300000|100%| E|CS|TAMS 0x0000000095200000, 0x0000000095200000| Complete 
| 339|0x0000000095300000, 0x0000000095400000, 0x0000000095400000|100%| E|CS|TAMS 0x0000000095300000, 0x0000000095300000| Complete 
| 340|0x0000000095400000, 0x0000000095500000, 0x0000000095500000|100%| E|CS|TAMS 0x0000000095400000, 0x0000000095400000| Complete 
| 341|0x0000000095500000, 0x0000000095600000, 0x0000000095600000|100%| E|CS|TAMS 0x0000000095500000, 0x0000000095500000| Complete 
| 342|0x0000000095600000, 0x0000000095700000, 0x0000000095700000|100%| E|CS|TAMS 0x0000000095600000, 0x0000000095600000| Complete 
| 343|0x0000000095700000, 0x0000000095800000, 0x0000000095800000|100%| E|CS|TAMS 0x0000000095700000, 0x0000000095700000| Complete 

Card table byte_map: [0x0000014cfae60000,0x0000014cfb260000] _byte_map_base: 0x0000014cfaa60000

Marking Bits (Prev, Next): (CMBitMap*) 0x0000014cf6f7fc28, (CMBitMap*) 0x0000014cf6f7fc60
 Prev Bits: [0x0000014cfb660000, 0x0000014cfd660000)
 Next Bits: [0x0000014cfd660000, 0x0000014cff660000)

Polling page: 0x0000014cf4da0000

Metaspace:

Usage:
  Non-class:     88.03 MB capacity,    86.56 MB ( 98%) used,     1.19 MB (  1%) free+waste,   281.75 KB ( <1%) overhead. 
      Class:     13.66 MB capacity,    12.77 MB ( 94%) used,   782.96 KB (  6%) free+waste,   124.38 KB ( <1%) overhead. 
       Both:    101.68 MB capacity,    99.34 MB ( 98%) used,     1.95 MB (  2%) free+waste,   406.13 KB ( <1%) overhead. 

Virtual space:
  Non-class space:       90.00 MB reserved,      88.10 MB ( 98%) committed 
      Class space:        1.00 GB reserved,      13.70 MB (  1%) committed 
             Both:        1.09 GB reserved,     101.80 MB (  9%) committed 

Chunk freelists:
   Non-Class:  12.00 KB
       Class:  0 bytes
        Both:  12.00 KB

MaxMetaspaceSize: 17179869184.00 GB
CompressedClassSpaceSize: 1.00 GB
Initial GC threshold: 20.80 MB
Current GC threshold: 165.92 MB
CDS: off

CodeHeap 'non-profiled nmethods': size=120064Kb used=7966Kb max_used=7966Kb free=112097Kb
 bounds [0x0000014c87ac0000, 0x0000014c88290000, 0x0000014c8f000000]
CodeHeap 'profiled nmethods': size=120000Kb used=27866Kb max_used=27866Kb free=92133Kb
 bounds [0x0000014c80590000, 0x0000014c820d0000, 0x0000014c87ac0000]
CodeHeap 'non-nmethods': size=5696Kb used=2400Kb max_used=2445Kb free=3295Kb
 bounds [0x0000014c80000000, 0x0000014c80280000, 0x0000014c80590000]
 total_blobs=13623 nmethods=12696 adapters=839
 compilation: enabled
              stopped_count=0, restarted_count=0
 full_count=0

Compilation events (20 events):
Event: 37.472 Thread 0x0000014cffb63000 12849       2       com.android.tools.r8.graph.N2::a (157 bytes)
Event: 37.473 Thread 0x0000014cffb63000 nmethod 12849 0x0000014c820c1e10 code [0x0000014c820c2040, 0x0000014c820c27d8]
Event: 37.487 Thread 0x0000014cffb63000 12851       2       com.android.tools.r8.code.e::<init> (7 bytes)
Event: 37.487 Thread 0x0000014cffb63000 nmethod 12851 0x0000014c820c2c10 code [0x0000014c820c2dc0, 0x0000014c820c2f18]
Event: 37.497 Thread 0x0000014cffb63000 12852       2       com.android.tools.r8.code.N0::<init> (34 bytes)
Event: 37.498 Thread 0x0000014cffb63000 nmethod 12852 0x0000014c820c3010 code [0x0000014c820c31e0, 0x0000014c820c33a8]
Event: 37.498 Thread 0x0000014cffb63000 12853       2       com.android.tools.r8.code.f::<init> (7 bytes)
Event: 37.498 Thread 0x0000014cffb63000 nmethod 12853 0x0000014c820c3510 code [0x0000014c820c36e0, 0x0000014c820c3918]
Event: 37.498 Thread 0x0000014cffb63000 12854       2       com.android.tools.r8.code.N0::hashCode (28 bytes)
Event: 37.499 Thread 0x0000014cffb63000 nmethod 12854 0x0000014c820c3b10 code [0x0000014c820c3cc0, 0x0000014c820c3e08]
Event: 37.528 Thread 0x0000014cffb63000 12858       2       com.android.tools.r8.graph.N$b$a::<init> (15 bytes)
Event: 37.529 Thread 0x0000014cffb63000 nmethod 12858 0x0000014c820c3e90 code [0x0000014c820c4040, 0x0000014c820c4198]
Event: 37.537 Thread 0x0000014cffb63000 12859       2       com.android.tools.r8.code.N2::<init> (7 bytes)
Event: 37.542 Thread 0x0000014cffb63000 nmethod 12859 0x0000014c820c4210 code [0x0000014c820c43c0, 0x0000014c820c4518]
Event: 37.542 Thread 0x0000014cffb63000 12860       2       com.android.tools.r8.graph.N2::g (64 bytes)
Event: 37.544 Thread 0x0000014cffb63000 nmethod 12860 0x0000014c820c4610 code [0x0000014c820c4820, 0x0000014c820c4b38]
Event: 37.544 Thread 0x0000014cffb63000 12861       2       com.android.tools.r8.code.B2::<init> (7 bytes)
Event: 37.544 Thread 0x0000014cffb63000 nmethod 12861 0x0000014c820c4d10 code [0x0000014c820c4ee0, 0x0000014c820c5118]
Event: 37.559 Thread 0x0000014cffb63000 12862       2       com.android.tools.r8.code.w3::<init> (7 bytes)
Event: 37.559 Thread 0x0000014cffb63000 nmethod 12862 0x0000014c820c5310 code [0x0000014c820c54e0, 0x0000014c820c5718]

GC Heap History (20 events):
Event: 27.797 GC heap before
{Heap before GC invocations=19 (full 0):
 garbage-first heap   total 208896K, used 163712K [0x0000000080000000, 0x0000000100000000)
  region size 1024K, 96 young (98304K), 13 survivors (13312K)
 Metaspace       used 90393K, capacity 92548K, committed 92852K, reserved 1130496K
  class space    used 11504K, capacity 12270K, committed 12364K, reserved 1048576K
}
Event: 27.836 GC heap after
{Heap after GC invocations=20 (full 0):
 garbage-first heap   total 208896K, used 87040K [0x0000000080000000, 0x0000000100000000)
  region size 1024K, 7 young (7168K), 7 survivors (7168K)
 Metaspace       used 90393K, capacity 92548K, committed 92852K, reserved 1130496K
  class space    used 11504K, capacity 12270K, committed 12364K, reserved 1048576K
}
Event: 29.278 GC heap before
{Heap before GC invocations=20 (full 0):
 garbage-first heap   total 208896K, used 165888K [0x0000000080000000, 0x0000000100000000)
  region size 1024K, 85 young (87040K), 7 survivors (7168K)
 Metaspace       used 90982K, capacity 93162K, committed 93364K, reserved 1130496K
  class space    used 11540K, capacity 12321K, committed 12364K, reserved 1048576K
}
Event: 29.308 GC heap after
{Heap after GC invocations=21 (full 0):
 garbage-first heap   total 250880K, used 92928K [0x0000000080000000, 0x0000000100000000)
  region size 1024K, 6 young (6144K), 6 survivors (6144K)
 Metaspace       used 90982K, capacity 93162K, committed 93364K, reserved 1130496K
  class space    used 11540K, capacity 12321K, committed 12364K, reserved 1048576K
}
Event: 31.059 GC heap before
{Heap before GC invocations=21 (full 0):
 garbage-first heap   total 250880K, used 187136K [0x0000000080000000, 0x0000000100000000)
  region size 1024K, 99 young (101376K), 6 survivors (6144K)
 Metaspace       used 92363K, capacity 94654K, committed 94900K, reserved 1132544K
  class space    used 11731K, capacity 12561K, committed 12620K, reserved 1048576K
}
Event: 31.085 GC heap after
{Heap after GC invocations=22 (full 0):
 garbage-first heap   total 250880K, used 99228K [0x0000000080000000, 0x0000000100000000)
  region size 1024K, 12 young (12288K), 12 survivors (12288K)
 Metaspace       used 92363K, capacity 94654K, committed 94900K, reserved 1132544K
  class space    used 11731K, capacity 12561K, committed 12620K, reserved 1048576K
}
Event: 32.362 GC heap before
{Heap before GC invocations=22 (full 0):
 garbage-first heap   total 250880K, used 193436K [0x0000000080000000, 0x0000000100000000)
  region size 1024K, 105 young (107520K), 12 survivors (12288K)
 Metaspace       used 94751K, capacity 97028K, committed 97332K, reserved 1134592K
  class space    used 12038K, capacity 12882K, committed 13004K, reserved 1048576K
}
Event: 32.395 GC heap after
{Heap after GC invocations=23 (full 0):
 garbage-first heap   total 250880K, used 102918K [0x0000000080000000, 0x0000000100000000)
  region size 1024K, 10 young (10240K), 10 survivors (10240K)
 Metaspace       used 94751K, capacity 97028K, committed 97332K, reserved 1134592K
  class space    used 12038K, capacity 12882K, committed 13004K, reserved 1048576K
}
Event: 34.231 GC heap before
{Heap before GC invocations=23 (full 0):
 garbage-first heap   total 250880K, used 189958K [0x0000000080000000, 0x0000000100000000)
  region size 1024K, 78 young (79872K), 10 survivors (10240K)
 Metaspace       used 99027K, capacity 101387K, committed 101684K, reserved 1138688K
  class space    used 12578K, capacity 13417K, committed 13516K, reserved 1048576K
}
Event: 34.262 GC heap after
{Heap after GC invocations=24 (full 0):
 garbage-first heap   total 250880K, used 131750K [0x0000000080000000, 0x0000000100000000)
  region size 1024K, 13 young (13312K), 13 survivors (13312K)
 Metaspace       used 99027K, capacity 101387K, committed 101684K, reserved 1138688K
  class space    used 12578K, capacity 13417K, committed 13516K, reserved 1048576K
}
Event: 35.352 GC heap before
{Heap before GC invocations=25 (full 0):
 garbage-first heap   total 250880K, used 218790K [0x0000000080000000, 0x0000000100000000)
  region size 1024K, 71 young (72704K), 13 survivors (13312K)
 Metaspace       used 99335K, capacity 101636K, committed 101940K, reserved 1138688K
  class space    used 12612K, capacity 13454K, committed 13516K, reserved 1048576K
}
Event: 35.518 GC heap after
{Heap after GC invocations=26 (full 0):
 garbage-first heap   total 256000K, used 165643K [0x0000000080000000, 0x0000000100000000)
  region size 1024K, 11 young (11264K), 11 survivors (11264K)
 Metaspace       used 99335K, capacity 101636K, committed 101940K, reserved 1138688K
  class space    used 12612K, capacity 13454K, committed 13516K, reserved 1048576K
}
Event: 36.219 GC heap before
{Heap before GC invocations=26 (full 0):
 garbage-first heap   total 256000K, used 209675K [0x0000000080000000, 0x0000000100000000)
  region size 1024K, 50 young (51200K), 11 survivors (11264K)
 Metaspace       used 100244K, capacity 102529K, committed 102708K, reserved 1138688K
  class space    used 12830K, capacity 13668K, committed 13772K, reserved 1048576K
}
Event: 36.284 GC heap after
{Heap after GC invocations=27 (full 0):
 garbage-first heap   total 256000K, used 183296K [0x0000000080000000, 0x0000000100000000)
  region size 1024K, 7 young (7168K), 7 survivors (7168K)
 Metaspace       used 100244K, capacity 102529K, committed 102708K, reserved 1138688K
  class space    used 12830K, capacity 13668K, committed 13772K, reserved 1048576K
}
Event: 36.820 GC heap before
{Heap before GC invocations=28 (full 0):
 garbage-first heap   total 256000K, used 208896K [0x0000000080000000, 0x0000000100000000)
  region size 1024K, 33 young (33792K), 7 survivors (7168K)
 Metaspace       used 101656K, capacity 104057K, committed 104244K, reserved 1140736K
  class space    used 13077K, capacity 13985K, committed 14028K, reserved 1048576K
}
Event: 36.887 GC heap after
{Heap after GC invocations=29 (full 0):
 garbage-first heap   total 256000K, used 195584K [0x0000000080000000, 0x0000000100000000)
  region size 1024K, 5 young (5120K), 5 survivors (5120K)
 Metaspace       used 101656K, capacity 104057K, committed 104244K, reserved 1140736K
  class space    used 13077K, capacity 13985K, committed 14028K, reserved 1048576K
}
Event: 37.028 GC heap before
{Heap before GC invocations=29 (full 0):
 garbage-first heap   total 256000K, used 214016K [0x0000000080000000, 0x0000000100000000)
  region size 1024K, 23 young (23552K), 5 survivors (5120K)
 Metaspace       used 101670K, capacity 104060K, committed 104244K, reserved 1140736K
  class space    used 13077K, capacity 13985K, committed 14028K, reserved 1048576K
}
Event: 37.058 GC heap after
{Heap after GC invocations=30 (full 0):
 garbage-first heap   total 256000K, used 205824K [0x0000000080000000, 0x0000000100000000)
  region size 1024K, 3 young (3072K), 3 survivors (3072K)
 Metaspace       used 101670K, capacity 104060K, committed 104244K, reserved 1140736K
  class space    used 13077K, capacity 13985K, committed 14028K, reserved 1048576K
}
Event: 37.420 GC heap before
{Heap before GC invocations=30 (full 0):
 garbage-first heap   total 256000K, used 218112K [0x0000000080000000, 0x0000000100000000)
  region size 1024K, 15 young (15360K), 3 survivors (3072K)
 Metaspace       used 101716K, capacity 104124K, committed 104244K, reserved 1140736K
  class space    used 13077K, capacity 13985K, committed 14028K, reserved 1048576K
}
Event: 37.443 GC heap after
{Heap after GC invocations=31 (full 0):
 garbage-first heap   total 352256K, used 212480K [0x0000000080000000, 0x0000000100000000)
  region size 1024K, 2 young (2048K), 2 survivors (2048K)
 Metaspace       used 101716K, capacity 104124K, committed 104244K, reserved 1140736K
  class space    used 13077K, capacity 13985K, committed 14028K, reserved 1048576K
}

Deoptimization events (20 events):
Event: 37.506 Thread 0x0000014c9aadd800 DEOPT PACKING pc=0x0000014c81f6e58c sp=0x00000047e37fe980
Event: 37.506 Thread 0x0000014c9aadd800 DEOPT UNPACKING pc=0x0000014c8004a95e sp=0x00000047e37fdfc0 mode 0
Event: 37.520 Thread 0x0000014c9aae2000 DEOPT PACKING pc=0x0000014c81f6e58c sp=0x00000047e38feaf0
Event: 37.520 Thread 0x0000014c9aae2000 DEOPT UNPACKING pc=0x0000014c8004a95e sp=0x00000047e38fe130 mode 0
Event: 37.528 Thread 0x0000014c9aae2000 DEOPT PACKING pc=0x0000014c81f6e58c sp=0x00000047e38fead0
Event: 37.528 Thread 0x0000014c9aae2000 DEOPT UNPACKING pc=0x0000014c8004a95e sp=0x00000047e38fe110 mode 0
Event: 37.538 Thread 0x0000014c9aae0000 Uncommon trap: trap_request=0xffffffde fr.pc=0x0000014c88281990 relative=0x0000000000006e30
Event: 37.538 Thread 0x0000014c9aae0800 DEOPT PACKING pc=0x0000014c81f6e58c sp=0x00000047e36febe0
Event: 37.538 Thread 0x0000014c9aae0800 DEOPT UNPACKING pc=0x0000014c8004a95e sp=0x00000047e36fe220 mode 0
Event: 37.540 Thread 0x0000014c9aae0000 Uncommon trap: reason=class_check action=maybe_recompile pc=0x0000014c88281990 method=com.android.tools.r8.dex.i.a(I[Lcom/android/tools/r8/code/w1;)Lcom/android/tools/r8/graph/a0; @ 11 c2
Event: 37.542 Thread 0x0000014c9aae0000 DEOPT PACKING pc=0x0000014c88281990 sp=0x00000047e35fece0
Event: 37.542 Thread 0x0000014c9aae0000 DEOPT UNPACKING pc=0x0000014c8004a1af sp=0x00000047e35fec38 mode 2
Event: 37.542 Thread 0x0000014c9aae2000 DEOPT PACKING pc=0x0000014c81f6e58c sp=0x00000047e38fead0
Event: 37.542 Thread 0x0000014c9aae2000 DEOPT UNPACKING pc=0x0000014c8004a95e sp=0x00000047e38fe110 mode 0
Event: 37.543 Thread 0x0000014c9aae0800 DEOPT PACKING pc=0x0000014c81f6e58c sp=0x00000047e36febe0
Event: 37.543 Thread 0x0000014c9aae2000 Uncommon trap: trap_request=0xffffffde fr.pc=0x0000014c88281990 relative=0x0000000000006e30
Event: 37.543 Thread 0x0000014c9aae0800 DEOPT UNPACKING pc=0x0000014c8004a95e sp=0x00000047e36fe220 mode 0
Event: 37.543 Thread 0x0000014c9aae2000 Uncommon trap: reason=class_check action=maybe_recompile pc=0x0000014c88281990 method=com.android.tools.r8.dex.i.a(I[Lcom/android/tools/r8/code/w1;)Lcom/android/tools/r8/graph/a0; @ 11 c2
Event: 37.543 Thread 0x0000014c9aae2000 DEOPT PACKING pc=0x0000014c88281990 sp=0x00000047e38fec30
Event: 37.543 Thread 0x0000014c9aae2000 DEOPT UNPACKING pc=0x0000014c8004a1af sp=0x00000047e38feb88 mode 2

Classes redefined (0 events):
No events

Internal exceptions (20 events):
Event: 30.554 Thread 0x0000014c94c5f800 Exception <a 'sun/nio/fs/WindowsException'{0x000000008b6fb8a0}> (0x000000008b6fb8a0) thrown at [./src/hotspot/share/prims/jni.cpp, line 616]
Event: 30.554 Thread 0x0000014c94c5f800 Exception <a 'sun/nio/fs/WindowsException'{0x000000008b6fbb88}> (0x000000008b6fbb88) thrown at [./src/hotspot/share/prims/jni.cpp, line 616]
Event: 30.554 Thread 0x0000014c94c5f800 Exception <a 'sun/nio/fs/WindowsException'{0x000000008b6fca10}> (0x000000008b6fca10) thrown at [./src/hotspot/share/prims/jni.cpp, line 616]
Event: 30.554 Thread 0x0000014c94c5f800 Exception <a 'sun/nio/fs/WindowsException'{0x000000008b6fcd08}> (0x000000008b6fcd08) thrown at [./src/hotspot/share/prims/jni.cpp, line 616]
Event: 30.581 Thread 0x0000014c94c5f800 Exception <a 'java/lang/NoSuchMethodError'{0x000000008b480f60}: <clinit>> (0x000000008b480f60) thrown at [./src/hotspot/share/prims/jni.cpp, line 1366]
Event: 30.585 Thread 0x0000014c94c5f800 Exception <a 'java/lang/NoSuchMethodError'{0x000000008b4b44f0}: <clinit>> (0x000000008b4b44f0) thrown at [./src/hotspot/share/prims/jni.cpp, line 1366]
Event: 30.589 Thread 0x0000014c94c5f800 Exception <a 'java/lang/NoSuchMethodError'{0x000000008b4ee920}: <clinit>> (0x000000008b4ee920) thrown at [./src/hotspot/share/prims/jni.cpp, line 1366]
Event: 30.591 Thread 0x0000014c94c5f800 Exception <a 'java/lang/NoSuchMethodError'{0x000000008b301690}: <clinit>> (0x000000008b301690) thrown at [./src/hotspot/share/prims/jni.cpp, line 1366]
Event: 33.492 Thread 0x0000014c94c68800 Exception <a 'java/lang/NoSuchMethodError'{0x000000008c1c8060}: 'void java.lang.invoke.DirectMethodHandle$Holder.invokeStatic(java.lang.Object, long)'> (0x000000008c1c8060) thrown at [./src/hotspot/share/interpreter/linkResolver.cpp, line 773]
Event: 33.493 Thread 0x0000014c94c68800 Exception <a 'java/lang/NoSuchMethodError'{0x000000008c1cd520}: 'java.lang.Object java.lang.invoke.DirectMethodHandle$Holder.invokeStatic(java.lang.Object, long)'> (0x000000008c1cd520) thrown at [./src/hotspot/share/interpreter/linkResolver.cpp, line 773]
Event: 33.497 Thread 0x0000014c94c68800 Exception <a 'java/lang/NoSuchMethodError'{0x000000008be71820}: 'java.lang.Object java.lang.invoke.DirectMethodHandle$Holder.invokeStaticInit(java.lang.Object, java.lang.Object, long, java.lang.Object)'> (0x000000008be71820) thrown at [./src/hotspot/share/interpreter/linkResolver.cpp, line 773]
Event: 33.499 Thread 0x0000014c94c68800 Exception <a 'java/lang/NoSuchMethodError'{0x000000008be779b8}: 'java.lang.Object java.lang.invoke.DirectMethodHandle$Holder.invokeStatic(java.lang.Object, java.lang.Object, long)'> (0x000000008be779b8) thrown at [./src/hotspot/share/interpreter/linkResolver.cpp, line 773]
Event: 33.501 Thread 0x0000014c94c68800 Exception <a 'java/lang/NoSuchMethodError'{0x000000008be7df30}: 'java.lang.Object java.lang.invoke.Invokers$Holder.linkToTargetMethod(java.lang.Object, long, java.lang.Object)'> (0x000000008be7df30) thrown at [./src/hotspot/share/interpreter/linkResolver.cpp, line 773]
Event: 33.643 Thread 0x0000014c94c69800 Exception <a 'sun/nio/fs/WindowsException'{0x000000008bc701c8}> (0x000000008bc701c8) thrown at [./src/hotspot/share/prims/jni.cpp, line 616]
Event: 33.735 Thread 0x0000014c94c69800 Exception <a 'java/lang/NoSuchMethodError'{0x000000008ba2f730}: 'java.lang.Object java.lang.invoke.DirectMethodHandle$Holder.newInvokeSpecial(java.lang.Object, int)'> (0x000000008ba2f730) thrown at [./src/hotspot/share/interpreter/linkResolver.cpp, line 773]
Event: 34.217 Thread 0x0000014c94c69800 Exception <a 'java/lang/NoSuchMethodError'{0x000000008b3dba60}: 'java.lang.Object java.lang.invoke.DirectMethodHandle$Holder.invokeStaticInit(java.lang.Object, java.lang.Object, java.lang.Object, java.lang.Object, java.lang.Object, java.lang.Object, java.lang.Object, java.lang.Object, java.lang.Object, java.lang.Object, java.lang.Object, java.lang.Object, java.lang.Object, java.lang.Object, java.lang.Object, java.lang.Object, java.lang.Object, java.lang.Object, int, java.lang.Object, java.lang.Object)'> (0
Event: 34.419 Thread 0x0000014c94c68800 Exception <a 'java/lang/NoSuchMethodError'{0x000000008dd09cf0}: 'int java.lang.invoke.DirectMethodHandle$Holder.invokeSpecialIFC(java.lang.Object, java.lang.Object, java.lang.Object)'> (0x000000008dd09cf0) thrown at [./src/hotspot/share/interpreter/linkResolver.cpp, line 773]
Event: 36.389 Thread 0x0000014c9aadd800 Exception <a 'java/lang/IncompatibleClassChangeError'{0x000000008f3608e0}: Found class java.lang.Object, but interface was expected> (0x000000008f3608e0) thrown at [./src/hotspot/share/interpreter/linkResolver.cpp, line 839]
Event: 36.396 Thread 0x0000014c9aadd800 Exception <a 'java/lang/IncompatibleClassChangeError'{0x000000008f3da718}: Found class java.lang.Object, but interface was expected> (0x000000008f3da718) thrown at [./src/hotspot/share/interpreter/linkResolver.cpp, line 839]
Event: 36.396 Thread 0x0000014c9aadd800 Exception <a 'java/lang/IncompatibleClassChangeError'{0x000000008f3ed420}: Found class java.lang.Object, but interface was expected> (0x000000008f3ed420) thrown at [./src/hotspot/share/interpreter/linkResolver.cpp, line 839]

Events (20 events):
Event: 36.520 loading class com/android/tools/r8/internal/vK
Event: 36.520 loading class com/android/tools/r8/internal/vK done
Event: 36.521 loading class com/android/tools/r8/internal/PD
Event: 36.521 loading class com/android/tools/r8/internal/PD done
Event: 36.531 loading class com/android/tools/r8/internal/kl
Event: 36.531 loading class com/android/tools/r8/internal/kl done
Event: 36.779 loading class com/android/tools/r8/internal/Ze
Event: 36.779 loading class com/android/tools/r8/internal/Ze done
Event: 36.781 loading class com/android/tools/r8/graph/a0$a
Event: 36.781 loading class com/android/tools/r8/graph/a0$a done
Event: 36.781 loading class com/android/tools/r8/graph/a0$a
Event: 36.781 loading class com/android/tools/r8/graph/a0$a done
Event: 36.781 loading class com/android/tools/r8/dex/i
Event: 36.781 loading class com/android/tools/r8/dex/i done
Event: 36.818 Executing VM operation: G1CollectForAllocation
Event: 36.887 Executing VM operation: G1CollectForAllocation done
Event: 37.025 Executing VM operation: G1CollectForAllocation
Event: 37.058 Executing VM operation: G1CollectForAllocation done
Event: 37.419 Executing VM operation: G1CollectForAllocation
Event: 37.443 Executing VM operation: G1CollectForAllocation done


Dynamic libraries:
0x00007ff779490000 - 0x00007ff77949a000 	C:\Users\mutanu\Desktop\studio\jre\bin\java.exe
0x00007ff983510000 - 0x00007ff983708000 	C:\WINDOWS\SYSTEM32\ntdll.dll
0x00007ff983300000 - 0x00007ff9833bf000 	C:\WINDOWS\System32\KERNEL32.DLL
0x00007ff980eb0000 - 0x00007ff981182000 	C:\WINDOWS\System32\KERNELBASE.dll
0x00007ff980db0000 - 0x00007ff980eb0000 	C:\WINDOWS\System32\ucrtbase.dll
0x00007ff97bdb0000 - 0x00007ff97bdc9000 	C:\Users\mutanu\Desktop\studio\jre\bin\jli.dll
0x00007ff973fb0000 - 0x00007ff973fc7000 	C:\Users\mutanu\Desktop\studio\jre\bin\VCRUNTIME140.dll
0x00007ff9830f0000 - 0x00007ff983291000 	C:\WINDOWS\System32\USER32.dll
0x00007ff980c90000 - 0x00007ff980cb2000 	C:\WINDOWS\System32\win32u.dll
0x00007ff981f80000 - 0x00007ff981fab000 	C:\WINDOWS\System32\GDI32.dll
0x00007ff9812e0000 - 0x00007ff9813ef000 	C:\WINDOWS\System32\gdi32full.dll
0x00007ff980000000 - 0x00007ff98029a000 	C:\WINDOWS\WinSxS\amd64_microsoft.windows.common-controls_6595b64144ccf1df_6.0.19041.1110_none_60b5254171f9507e\COMCTL32.dll
0x00007ff980cc0000 - 0x00007ff980d5d000 	C:\WINDOWS\System32\msvcp_win.dll
0x00007ff9820d0000 - 0x00007ff98216e000 	C:\WINDOWS\System32\msvcrt.dll
0x00007ff983010000 - 0x00007ff983042000 	C:\WINDOWS\System32\IMM32.DLL
0x00007ff953a30000 - 0x00007ff953acd000 	C:\Users\mutanu\Desktop\studio\jre\bin\msvcp140.dll
0x00007ff94a200000 - 0x00007ff94ad02000 	C:\Users\mutanu\Desktop\studio\jre\bin\server\jvm.dll
0x00007ff981af0000 - 0x00007ff981b9e000 	C:\WINDOWS\System32\ADVAPI32.dll
0x00007ff983050000 - 0x00007ff9830ec000 	C:\WINDOWS\System32\sechost.dll
0x00007ff9822d0000 - 0x00007ff9823f5000 	C:\WINDOWS\System32\RPCRT4.dll
0x00007ff981bb0000 - 0x00007ff981bb8000 	C:\WINDOWS\System32\PSAPI.DLL
0x00007ff963110000 - 0x00007ff963137000 	C:\WINDOWS\SYSTEM32\WINMM.dll
0x00007ff96c1d0000 - 0x00007ff96c1d9000 	C:\WINDOWS\SYSTEM32\WSOCK32.dll
0x00007ff982190000 - 0x00007ff9821fb000 	C:\WINDOWS\System32\WS2_32.dll
0x00007ff97d930000 - 0x00007ff97d93a000 	C:\WINDOWS\SYSTEM32\VERSION.dll
0x00007ff97dcc0000 - 0x00007ff97dcd2000 	C:\WINDOWS\SYSTEM32\kernel.appcore.dll
0x00007ff97f0c0000 - 0x00007ff97f0d1000 	C:\Users\mutanu\Desktop\studio\jre\bin\verify.dll
0x00007ff980490000 - 0x00007ff980674000 	C:\WINDOWS\SYSTEM32\DBGHELP.DLL
0x00007ff9803d0000 - 0x00007ff980405000 	C:\WINDOWS\SYSTEM32\dbgcore.DLL
0x00007ff980c00000 - 0x00007ff980c82000 	C:\WINDOWS\System32\bcryptPrimitives.dll
0x00007ff97ed20000 - 0x00007ff97ed49000 	C:\Users\mutanu\Desktop\studio\jre\bin\java.dll
0x00007ff97ed10000 - 0x00007ff97ed1b000 	C:\Users\mutanu\Desktop\studio\jre\bin\jimage.dll
0x00007ff97ec40000 - 0x00007ff97ec58000 	C:\Users\mutanu\Desktop\studio\jre\bin\zip.dll
0x00007ff982730000 - 0x00007ff982e74000 	C:\WINDOWS\System32\SHELL32.dll
0x00007ff97dec0000 - 0x00007ff97e652000 	C:\WINDOWS\SYSTEM32\windows.storage.dll
0x00007ff981bc0000 - 0x00007ff981f15000 	C:\WINDOWS\System32\combase.dll
0x00007ff97ff60000 - 0x00007ff97ff90000 	C:\WINDOWS\SYSTEM32\Wldp.dll
0x00007ff981fc0000 - 0x00007ff98206d000 	C:\WINDOWS\System32\SHCORE.dll
0x00007ff9832a0000 - 0x00007ff9832f5000 	C:\WINDOWS\System32\shlwapi.dll
0x00007ff980b40000 - 0x00007ff980b5f000 	C:\WINDOWS\SYSTEM32\profapi.dll
0x00007ff978cf0000 - 0x00007ff978d0a000 	C:\Users\mutanu\Desktop\studio\jre\bin\net.dll
0x00007ff972e90000 - 0x00007ff972f9c000 	C:\WINDOWS\SYSTEM32\WINHTTP.dll
0x00007ff97fe30000 - 0x00007ff97fe9a000 	C:\WINDOWS\system32\mswsock.dll
0x00007ff9741a0000 - 0x00007ff9741b4000 	C:\Users\mutanu\Desktop\studio\jre\bin\nio.dll
0x00007ff978560000 - 0x00007ff978587000 	C:\Users\mutanu\.gradle\native\e1d6ef7f7dcc3fd88c89a11ec53ec762bb8ba0a96d01ffa2cd45eb1d1d8dd5c5\windows-amd64\native-platform.dll
0x00007ff952ea0000 - 0x00007ff952fe4000 	C:\Users\mutanu\.gradle\native\0d407fdbe67a94daf76414ababcb853783967236a71b16ec16e742cd7a986fd3\windows-amd64\native-platform-file-events.dll
0x00007ff97ed00000 - 0x00007ff97ed0a000 	C:\Users\mutanu\Desktop\studio\jre\bin\management.dll
0x00007ff97ec30000 - 0x00007ff97ec3d000 	C:\Users\mutanu\Desktop\studio\jre\bin\management_ext.dll
0x00007ff980990000 - 0x00007ff9809a8000 	C:\WINDOWS\SYSTEM32\CRYPTSP.dll
0x00007ff97f640000 - 0x00007ff97f674000 	C:\WINDOWS\system32\rsaenh.dll
0x00007ff981200000 - 0x00007ff981227000 	C:\WINDOWS\System32\bcrypt.dll
0x00007ff980b00000 - 0x00007ff980b2e000 	C:\WINDOWS\SYSTEM32\USERENV.dll
0x00007ff97ff20000 - 0x00007ff97ff2c000 	C:\WINDOWS\SYSTEM32\CRYPTBASE.dll
0x00007ff97f9b0000 - 0x00007ff97f9eb000 	C:\WINDOWS\SYSTEM32\IPHLPAPI.DLL
0x00007ff981ba0000 - 0x00007ff981ba8000 	C:\WINDOWS\System32\NSI.dll
0x00007ff974300000 - 0x00007ff974317000 	C:\WINDOWS\SYSTEM32\dhcpcsvc6.DLL
0x00007ff9779c0000 - 0x00007ff9779dd000 	C:\WINDOWS\SYSTEM32\dhcpcsvc.DLL
0x00007ff97f9f0000 - 0x00007ff97faba000 	C:\WINDOWS\SYSTEM32\DNSAPI.dll

dbghelp: loaded successfully - version: 4.0.5 - missing functions: none
symbol engine: initialized successfully - sym options: 0x614 - pdb path: .;C:\Users\mutanu\Desktop\studio\jre\bin;C:\WINDOWS\SYSTEM32;C:\WINDOWS\WinSxS\amd64_microsoft.windows.common-controls_6595b64144ccf1df_6.0.19041.1110_none_60b5254171f9507e;C:\Users\mutanu\Desktop\studio\jre\bin\server;C:\Users\mutanu\.gradle\native\e1d6ef7f7dcc3fd88c89a11ec53ec762bb8ba0a96d01ffa2cd45eb1d1d8dd5c5\windows-amd64;C:\Users\mutanu\.gradle\native\0d407fdbe67a94daf76414ababcb853783967236a71b16ec16e742cd7a986fd3\windows-amd64

VM Arguments:
jvm_args: --add-opens=java.base/java.util=ALL-UNNAMED --add-opens=java.base/java.lang=ALL-UNNAMED --add-opens=java.base/java.lang.invoke=ALL-UNNAMED --add-opens=java.base/java.util=ALL-UNNAMED --add-opens=java.prefs/java.util.prefs=ALL-UNNAMED --add-opens=java.prefs/java.util.prefs=ALL-UNNAMED --add-opens=java.base/java.nio.charset=ALL-UNNAMED --add-opens=java.base/java.net=ALL-UNNAMED --add-opens=java.base/java.util.concurrent.atomic=ALL-UNNAMED -Xmx2048m -Dfile.encoding=UTF-8 -Duser.country=US -Duser.language=en -Duser.variant 
java_command: org.gradle.launcher.daemon.bootstrap.GradleDaemon 7.4
java_class_path (initial): C:\Users\mutanu\.gradle\wrapper\dists\gradle-7.4-bin\c0gwcg53nkjbqw7r0h0umtfvt\gradle-7.4\lib\gradle-launcher-7.4.jar
Launcher Type: SUN_STANDARD

[Global flags]
     intx CICompilerCount                          = 3                                         {product} {ergonomic}
     uint ConcGCThreads                            = 1                                         {product} {ergonomic}
     uint G1ConcRefinementThreads                  = 4                                         {product} {ergonomic}
   size_t G1HeapRegionSize                         = 1048576                                   {product} {ergonomic}
    uintx GCDrainStackTargetSize                   = 64                                        {product} {ergonomic}
   size_t InitialHeapSize                          = 134217728                                 {product} {ergonomic}
   size_t MarkStackSize                            = 4194304                                   {product} {ergonomic}
   size_t MaxHeapSize                              = 2147483648                                {product} {command line}
   size_t MaxNewSize                               = 1287651328                                {product} {ergonomic}
   size_t MinHeapDeltaBytes                        = 1048576                                   {product} {ergonomic}
    uintx NonNMethodCodeHeapSize                   = 5830732                                {pd product} {ergonomic}
    uintx NonProfiledCodeHeapSize                  = 122913754                              {pd product} {ergonomic}
    uintx ProfiledCodeHeapSize                     = 122913754                              {pd product} {ergonomic}
    uintx ReservedCodeCacheSize                    = 251658240                              {pd product} {ergonomic}
     bool SegmentedCodeCache                       = true                                      {product} {ergonomic}
     bool UseCompressedClassPointers               = true                                 {lp64_product} {ergonomic}
     bool UseCompressedOops                        = true                                 {lp64_product} {ergonomic}
     bool UseG1GC                                  = true                                      {product} {ergonomic}
     bool UseLargePagesIndividualAllocation        = false                                  {pd product} {ergonomic}

Logging:
Log output configuration:
 #0: stdout all=warning uptime,level,tags
 #1: stderr all=off uptime,level,tags

Environment Variables:
PATH=C:\Python311\Scripts\;C:\Python311\;C:\Program Files (x86)\Common Files\Oracle\Java\javapath;C:\WINDOWS\system32;C:\WINDOWS;C:\WINDOWS\System32\Wbem;C:\WINDOWS\System32\WindowsPowerShell\v1.0\;C:\WINDOWS\System32\OpenSSH\;C:\Program Files\Git\cmd;C:\Program Files\nodejs\;C:\ProgramData\chocolatey\bin;C:\Users\mutanu\AppData\Local\Microsoft\WindowsApps;C:\Users\mutanu\AppData\Roaming\npm;C:\Users\mutanu\AppData\Local\Programs\Microsoft VS Code\bin
USERNAME=mutanu
OS=Windows_NT
PROCESSOR_IDENTIFIER=Intel64 Family 6 Model 69 Stepping 1, GenuineIntel



---------------  S Y S T E M  ---------------

OS: Windows 10 , 64 bit Build 19041 (10.0.19041.2364)
OS uptime: 5 days 5:48 hours

CPU:total 4 (initial active 4) (2 cores per cpu, 2 threads per core) family 6 model 69 stepping 1 microcode 0x25, cmov, cx8, fxsr, mmx, sse, sse2, sse3, ssse3, sse4.1, sse4.2, popcnt, avx, avx2, aes, clmul, erms, lzcnt, ht, tsc, tscinvbit, bmi1, bmi2, fma

Memory: 4k page, system-wide physical 8089M (904M free)
TotalPageFile size 19529M (AvailPageFile size 5M)
current process WorkingSet (physical memory assigned to process): 562M, peak: 563M
current process commit charge ("private bytes"): 674M, peak: 675M

vm_info: OpenJDK 64-Bit Server VM (11.0.13+0-b1751.21-8125866) for windows-amd64 JRE (11.0.13+0-b1751.21-8125866), built on Feb  2 2022 03:00:22 by "builder" with MS VC++ 14.0 (VS2015)

END.
