#
# There is insufficient memory for the Java Runtime Environment to continue.
# Native memory allocation (mmap) failed to map 279969792 bytes for Failed to commit area from 0x0000000090b00000 to 0x00000000a1600000 of length 279969792.
# Possible reasons:
#   The system is out of physical RAM or swap space
#   The process is running with CompressedOops enabled, and the Java Heap may be blocking the growth of the native heap
# Possible solutions:
#   Reduce memory load on the system
#   Increase physical memory or swap space
#   Check if swap backing store is full
#   Decrease Java heap size (-Xmx/-Xms)
#   Decrease number of Java threads
#   Decrease Java thread stack sizes (-Xss)
#   Set larger code cache with -XX:ReservedCodeCacheSize=
#   JVM is running with Unscaled Compressed Oops mode in which the Java heap is
#     placed in the first 4GB address space. The Java Heap base address is the
#     maximum limit for the native heap growth. Please use -XX:HeapBaseMinAddress
#     to set the Java Heap base and to place the Java Heap above 4GB virtual address.
# This output file may be truncated or incomplete.
#
#  Out of Memory Error (./src/hotspot/os/windows/os_windows.cpp:3619), pid=51252, tid=22064
#
# JRE version: OpenJDK Runtime Environment (11.0.13) (build 11.0.13+0-b1751.21-8125866)
# Java VM: OpenJDK 64-Bit Server VM (11.0.13+0-b1751.21-8125866, mixed mode, tiered, compressed oops, g1 gc, windows-amd64)
# No core dump will be written. Minidumps are not enabled by default on client versions of Windows
#

---------------  S U M M A R Y ------------

Command Line: --add-opens=java.base/java.util=ALL-UNNAMED --add-opens=java.base/java.lang=ALL-UNNAMED --add-opens=java.base/java.lang.invoke=ALL-UNNAMED --add-opens=java.base/java.util=ALL-UNNAMED --add-opens=java.prefs/java.util.prefs=ALL-UNNAMED --add-opens=java.prefs/java.util.prefs=ALL-UNNAMED --add-opens=java.base/java.nio.charset=ALL-UNNAMED --add-opens=java.base/java.net=ALL-UNNAMED --add-opens=java.base/java.util.concurrent.atomic=ALL-UNNAMED -Xmx2048m -Dfile.encoding=UTF-8 -Duser.country=US -Duser.language=en -Duser.variant org.gradle.launcher.daemon.bootstrap.GradleDaemon 7.4

Host: Intel(R) Core(TM) i5-4200U CPU @ 1.60GHz, 4 cores, 7G,  Windows 10 , 64 bit Build 19041 (10.0.19041.2364)
Time: Mon Feb  6 15:54:09 2023 E. Africa Standard Time elapsed time: 198.579033 seconds (0d 0h 3m 18s)

---------------  T H R E A D  ---------------

Current thread (0x000002227ef89800):  VMThread "VM Thread" [stack: 0x000000471dd00000,0x000000471de00000] [id=22064]

Stack: [0x000000471dd00000,0x000000471de00000]
[error occurred during error reporting (printing stack bounds), id 0xc0000005, EXCEPTION_ACCESS_VIOLATION (0xc0000005) at pc=0x000002220000112d]

Native frames: (J=compiled Java code, j=interpreted, Vv=VM code, C=native code)
V  [jvm.dll+0x6100fa]
V  [jvm.dll+0x747090]
V  [jvm.dll+0x7486ad]
V  [jvm.dll+0x748ce5]
V  [jvm.dll+0x748c9b]
V  [jvm.dll+0x60f224]
V  [jvm.dll+0x60f9b8]
C  [ntdll.dll+0xa241f]
C  [ntdll.dll+0x514a4]
C  [ntdll.dll+0xa0f4e]
C  0x000002220000112d

VM_Operation (0x00000047237fe0b0): G1CollectForAllocation, mode: safepoint, requested by thread 0x0000022212458800


---------------  P R O C E S S  ---------------

Threads class SMR info:
_java_thread_list=0x00000222146589a0, length=99, elements={
0x0000022272409800, 0x000002227ef90800, 0x000002227ef92000, 0x000002227f923800,
0x000002227efad800, 0x000002227efaf000, 0x000002227efb4000, 0x000002227efb8000,
0x000002227efc3800, 0x000002227fa5f800, 0x0000022210f3e800, 0x000002221085c800,
0x00000222108e4800, 0x000002220f77a000, 0x000002220f777800, 0x000002220f779000,
0x000002220f77b800, 0x000002220f778800, 0x0000022210ac4000, 0x0000022210ac3800,
0x0000022210ac5000, 0x0000022210ac1000, 0x0000022210ac7800, 0x00000222121eb800,
0x00000222121e6800, 0x00000222121ed000, 0x00000222121e3800, 0x00000222121e2800,
0x00000222121e9000, 0x00000222121e5000, 0x00000222121e4000, 0x00000222121e8000,
0x00000222121ea800, 0x00000222121e6000, 0x00000222121e7800, 0x00000222121ee000,
0x00000222121ef800, 0x00000222121ec800, 0x00000222121ee800, 0x00000222121ea000,
0x00000222121f0800, 0x0000022210ac6000, 0x0000022210ac6800, 0x0000022210ac2800,
0x0000022210ac1800, 0x0000022210acc800, 0x0000022210ac9000, 0x0000022210aca000,
0x0000022210aca800, 0x0000022210acd000, 0x0000022210acb800, 0x0000022210ac8800,
0x0000022210ace000, 0x0000022210acf000, 0x000002220f77e000, 0x000002220f77b000,
0x000002220f77c800, 0x000002220f77d800, 0x0000022214b6e800, 0x0000022214b6f000,
0x0000022214b70000, 0x0000022214b71800, 0x0000022214b6c000, 0x0000022214b71000,
0x0000022214b72800, 0x0000022214b6d000, 0x0000022214b6d800, 0x000002221482c800,
0x0000022214830800, 0x0000022214830000, 0x0000022214831800, 0x000002221482f000,
0x000002221482b800, 0x0000022214832000, 0x0000022214833000, 0x000002221482d800,
0x0000022214834000, 0x000002221482e000, 0x0000022214837000, 0x0000022214836800,
0x0000022214838800, 0x0000022214834800, 0x0000022214835800, 0x0000022214839800,
0x0000022214838000, 0x0000022218df3000, 0x0000022218def000, 0x0000022218df5800,
0x0000022218df5000, 0x0000022218df1800, 0x000002221245c000, 0x000002221245d800,
0x000002221245c800, 0x0000022212457800, 0x0000022210eed800, 0x0000022212458800,
0x000002221245f000, 0x0000022212459800, 0x0000022212460000
}

Java Threads: ( => current thread )
  0x0000022272409800 JavaThread "main" [_thread_blocked, id=43952, stack(0x000000471d700000,0x000000471d800000)]
  0x000002227ef90800 JavaThread "Reference Handler" daemon [_thread_blocked, id=41132, stack(0x000000471de00000,0x000000471df00000)]
  0x000002227ef92000 JavaThread "Finalizer" daemon [_thread_blocked, id=41484, stack(0x000000471df00000,0x000000471e000000)]
  0x000002227f923800 JavaThread "Signal Dispatcher" daemon [_thread_blocked, id=51508, stack(0x000000471e000000,0x000000471e100000)]
  0x000002227efad800 JavaThread "Attach Listener" daemon [_thread_blocked, id=52916, stack(0x000000471e100000,0x000000471e200000)]
  0x000002227efaf000 JavaThread "Service Thread" daemon [_thread_blocked, id=47396, stack(0x000000471e200000,0x000000471e300000)]
  0x000002227efb4000 JavaThread "C2 CompilerThread0" daemon [_thread_blocked, id=52736, stack(0x000000471e300000,0x000000471e400000)]
  0x000002227efb8000 JavaThread "C1 CompilerThread0" daemon [_thread_blocked, id=52776, stack(0x000000471e400000,0x000000471e500000)]
  0x000002227efc3800 JavaThread "Sweeper thread" daemon [_thread_blocked, id=45324, stack(0x000000471e500000,0x000000471e600000)]
  0x000002227fa5f800 JavaThread "Common-Cleaner" daemon [_thread_blocked, id=51772, stack(0x000000471e600000,0x000000471e700000)]
  0x0000022210f3e800 JavaThread "Daemon health stats" [_thread_blocked, id=53192, stack(0x000000471eb00000,0x000000471ec00000)]
  0x000002221085c800 JavaThread "Incoming local TCP Connector on port 50704" [_thread_in_native, id=43960, stack(0x000000471e800000,0x000000471e900000)]
  0x00000222108e4800 JavaThread "Daemon periodic checks" [_thread_blocked, id=3788, stack(0x000000471ec00000,0x000000471ed00000)]
  0x000002220f77a000 JavaThread "Cache worker for journal cache (C:\Users\mutanu\.gradle\caches\journal-1)" [_thread_blocked, id=3616, stack(0x000000471f500000,0x000000471f600000)]
  0x000002220f777800 JavaThread "File lock request listener" [_thread_in_native, id=52788, stack(0x000000471f600000,0x000000471f700000)]
  0x000002220f779000 JavaThread "Cache worker for file hash cache (C:\Users\mutanu\.gradle\caches\7.4\fileHashes)" [_thread_blocked, id=53120, stack(0x000000471f700000,0x000000471f800000)]
  0x000002220f77b800 JavaThread "File watcher server" daemon [_thread_blocked, id=53072, stack(0x000000471f900000,0x000000471fa00000)]
  0x000002220f778800 JavaThread "File watcher consumer" daemon [_thread_blocked, id=47900, stack(0x000000471fa00000,0x000000471fb00000)]
  0x0000022210ac4000 JavaThread "Cache worker for execution history cache (C:\Users\mutanu\.gradle\caches\7.4\executionHistory)" [_thread_blocked, id=52372, stack(0x000000471ff00000,0x0000004720000000)]
  0x0000022210ac3800 JavaThread "jar transforms" [_thread_blocked, id=42756, stack(0x0000004720000000,0x0000004720100000)]
  0x0000022210ac5000 JavaThread "Cache worker for file content cache (C:\Users\mutanu\.gradle\caches\7.4\fileContent)" [_thread_blocked, id=50576, stack(0x0000004720100000,0x0000004720200000)]
  0x0000022210ac1000 JavaThread "jar transforms Thread 2" [_thread_blocked, id=45080, stack(0x0000004720200000,0x0000004720300000)]
  0x0000022210ac7800 JavaThread "jar transforms Thread 3" [_thread_blocked, id=46192, stack(0x0000004720400000,0x0000004720500000)]
  0x00000222121eb800 JavaThread "jar transforms Thread 4" [_thread_blocked, id=52816, stack(0x0000004722e00000,0x0000004722f00000)]
  0x00000222121e6800 JavaThread "Memory manager" [_thread_blocked, id=30960, stack(0x0000004722f00000,0x0000004723000000)]
  0x00000222121ed000 JavaThread "pool-3-thread-1" [_thread_blocked, id=48124, stack(0x0000004723100000,0x0000004723200000)]
  0x00000222121e3800 JavaThread "Daemon Thread 2" [_thread_blocked, id=22196, stack(0x000000471d500000,0x000000471d600000)]
  0x00000222121e2800 JavaThread "Handler for socket connection from /127.0.0.1:50704 to /127.0.0.1:50753" [_thread_in_native, id=53056, stack(0x000000471d600000,0x000000471d700000)]
  0x00000222121e9000 JavaThread "Cancel handler" [_thread_blocked, id=51260, stack(0x000000471ed00000,0x000000471ee00000)]
  0x00000222121e5000 JavaThread "Daemon worker Thread 2" [_thread_blocked, id=47984, stack(0x000000471ef00000,0x000000471f000000)]
  0x00000222121e4000 JavaThread "Asynchronous log dispatcher for DefaultDaemonConnection: socket connection from /127.0.0.1:50704 to /127.0.0.1:50753" [_thread_blocked, id=42592, stack(0x000000471f000000,0x000000471f100000)]
  0x00000222121e8000 JavaThread "Stdin handler" [_thread_blocked, id=52692, stack(0x000000471f100000,0x000000471f200000)]
  0x00000222121ea800 JavaThread "Daemon client event forwarder" [_thread_blocked, id=51664, stack(0x000000471f200000,0x000000471f300000)]
  0x00000222121e6000 JavaThread "Cache worker for checksums cache (C:\Users\mutanu\AndroidStudioProjects\eablTrial\.gradle\7.4\checksums)" [_thread_blocked, id=53000, stack(0x000000471f300000,0x000000471f400000)]
  0x00000222121e7800 JavaThread "Cache worker for cache directory md-rule (C:\Users\mutanu\.gradle\caches\7.4\md-rule)" [_thread_blocked, id=48912, stack(0x000000471f400000,0x000000471f500000)]
  0x00000222121ee000 JavaThread "Cache worker for file hash cache (C:\Users\mutanu\AndroidStudioProjects\eablTrial\.gradle\7.4\fileHashes)" [_thread_blocked, id=31316, stack(0x000000471f800000,0x000000471f900000)]
  0x00000222121ef800 JavaThread "Cache worker for cache directory md-supplier (C:\Users\mutanu\.gradle\caches\7.4\md-supplier)" [_thread_blocked, id=49836, stack(0x000000471fb00000,0x000000471fc00000)]
  0x00000222121ec800 JavaThread "Cache worker for dependencies-accessors (C:\Users\mutanu\AndroidStudioProjects\eablTrial\.gradle\7.4\dependencies-accessors)" [_thread_blocked, id=28352, stack(0x000000471fc00000,0x000000471fd00000)]
  0x00000222121ee800 JavaThread "Cache worker for Build Output Cleanup Cache (C:\Users\mutanu\AndroidStudioProjects\eablTrial\.gradle\buildOutputCleanup)" [_thread_blocked, id=45864, stack(0x000000471fe00000,0x000000471ff00000)]
  0x00000222121ea000 JavaThread "Unconstrained build operations" [_thread_blocked, id=50108, stack(0x0000004720300000,0x0000004720400000)]
  0x00000222121f0800 JavaThread "Unconstrained build operations Thread 2" [_thread_blocked, id=14784, stack(0x0000004720500000,0x0000004720600000)]
  0x0000022210ac6000 JavaThread "Unconstrained build operations Thread 3" [_thread_blocked, id=49436, stack(0x0000004720600000,0x0000004720700000)]
  0x0000022210ac6800 JavaThread "Unconstrained build operations Thread 4" [_thread_blocked, id=52432, stack(0x0000004720700000,0x0000004720800000)]
  0x0000022210ac2800 JavaThread "Unconstrained build operations Thread 5" [_thread_blocked, id=52056, stack(0x0000004720800000,0x0000004720900000)]
  0x0000022210ac1800 JavaThread "Unconstrained build operations Thread 6" [_thread_blocked, id=49812, stack(0x0000004720900000,0x0000004720a00000)]
  0x0000022210acc800 JavaThread "Unconstrained build operations Thread 7" [_thread_blocked, id=47464, stack(0x0000004720a00000,0x0000004720b00000)]
  0x0000022210ac9000 JavaThread "Unconstrained build operations Thread 8" [_thread_blocked, id=45428, stack(0x0000004720b00000,0x0000004720c00000)]
  0x0000022210aca000 JavaThread "Unconstrained build operations Thread 9" [_thread_blocked, id=43920, stack(0x0000004720c00000,0x0000004720d00000)]
  0x0000022210aca800 JavaThread "Unconstrained build operations Thread 10" [_thread_blocked, id=3956, stack(0x0000004720d00000,0x0000004720e00000)]
  0x0000022210acd000 JavaThread "Unconstrained build operations Thread 11" [_thread_blocked, id=53048, stack(0x0000004720e00000,0x0000004720f00000)]
  0x0000022210acb800 JavaThread "Unconstrained build operations Thread 12" [_thread_blocked, id=52628, stack(0x0000004720f00000,0x0000004721000000)]
  0x0000022210ac8800 JavaThread "Unconstrained build operations Thread 13" [_thread_blocked, id=52680, stack(0x0000004721000000,0x0000004721100000)]
  0x0000022210ace000 JavaThread "Unconstrained build operations Thread 14" [_thread_blocked, id=52044, stack(0x0000004721100000,0x0000004721200000)]
  0x0000022210acf000 JavaThread "Unconstrained build operations Thread 15" [_thread_blocked, id=47552, stack(0x0000004721200000,0x0000004721300000)]
  0x000002220f77e000 JavaThread "Unconstrained build operations Thread 16" [_thread_blocked, id=52244, stack(0x0000004721300000,0x0000004721400000)]
  0x000002220f77b000 JavaThread "Unconstrained build operations Thread 17" [_thread_blocked, id=52524, stack(0x0000004721400000,0x0000004721500000)]
  0x000002220f77c800 JavaThread "Unconstrained build operations Thread 18" [_thread_blocked, id=36468, stack(0x0000004721500000,0x0000004721600000)]
  0x000002220f77d800 JavaThread "Unconstrained build operations Thread 19" [_thread_blocked, id=23396, stack(0x0000004721600000,0x0000004721700000)]
  0x0000022214b6e800 JavaThread "Unconstrained build operations Thread 20" [_thread_blocked, id=40604, stack(0x0000004721700000,0x0000004721800000)]
  0x0000022214b6f000 JavaThread "Unconstrained build operations Thread 21" [_thread_blocked, id=51660, stack(0x0000004721800000,0x0000004721900000)]
  0x0000022214b70000 JavaThread "Unconstrained build operations Thread 22" [_thread_blocked, id=35972, stack(0x0000004721900000,0x0000004721a00000)]
  0x0000022214b71800 JavaThread "Unconstrained build operations Thread 23" [_thread_blocked, id=53196, stack(0x0000004721a00000,0x0000004721b00000)]
  0x0000022214b6c000 JavaThread "Unconstrained build operations Thread 24" [_thread_blocked, id=46760, stack(0x0000004721b00000,0x0000004721c00000)]
  0x0000022214b71000 JavaThread "Unconstrained build operations Thread 25" [_thread_blocked, id=50724, stack(0x0000004721c00000,0x0000004721d00000)]
  0x0000022214b72800 JavaThread "Unconstrained build operations Thread 26" [_thread_blocked, id=19436, stack(0x0000004721d00000,0x0000004721e00000)]
  0x0000022214b6d000 JavaThread "Unconstrained build operations Thread 27" [_thread_blocked, id=50392, stack(0x0000004721e00000,0x0000004721f00000)]
  0x0000022214b6d800 JavaThread "Unconstrained build operations Thread 28" [_thread_blocked, id=52064, stack(0x0000004721f00000,0x0000004722000000)]
  0x000002221482c800 JavaThread "Unconstrained build operations Thread 29" [_thread_blocked, id=35832, stack(0x0000004722000000,0x0000004722100000)]
  0x0000022214830800 JavaThread "Unconstrained build operations Thread 30" [_thread_blocked, id=37088, stack(0x0000004722100000,0x0000004722200000)]
  0x0000022214830000 JavaThread "Unconstrained build operations Thread 31" [_thread_blocked, id=22372, stack(0x0000004722200000,0x0000004722300000)]
  0x0000022214831800 JavaThread "Unconstrained build operations Thread 32" [_thread_blocked, id=51588, stack(0x0000004722300000,0x0000004722400000)]
  0x000002221482f000 JavaThread "Unconstrained build operations Thread 33" [_thread_blocked, id=43236, stack(0x0000004722400000,0x0000004722500000)]
  0x000002221482b800 JavaThread "Unconstrained build operations Thread 34" [_thread_blocked, id=44316, stack(0x0000004722500000,0x0000004722600000)]
  0x0000022214832000 JavaThread "Unconstrained build operations Thread 35" [_thread_blocked, id=51112, stack(0x0000004722600000,0x0000004722700000)]
  0x0000022214833000 JavaThread "Unconstrained build operations Thread 36" [_thread_blocked, id=17980, stack(0x0000004722700000,0x0000004722800000)]
  0x000002221482d800 JavaThread "Unconstrained build operations Thread 37" [_thread_blocked, id=47428, stack(0x0000004722800000,0x0000004722900000)]
  0x0000022214834000 JavaThread "Unconstrained build operations Thread 38" [_thread_blocked, id=51484, stack(0x0000004722900000,0x0000004722a00000)]
  0x000002221482e000 JavaThread "Unconstrained build operations Thread 39" [_thread_blocked, id=52948, stack(0x0000004722a00000,0x0000004722b00000)]
  0x0000022214837000 JavaThread "Unconstrained build operations Thread 40" [_thread_blocked, id=49464, stack(0x0000004722b00000,0x0000004722c00000)]
  0x0000022214836800 JavaThread "build event listener" [_thread_blocked, id=52236, stack(0x0000004722c00000,0x0000004722d00000)]
  0x0000022214838800 JavaThread "pool-6-thread-1" [_thread_blocked, id=48828, stack(0x0000004722d00000,0x0000004722e00000)]
  0x0000022214834800 JavaThread "build event listener" [_thread_blocked, id=51216, stack(0x0000004723000000,0x0000004723100000)]
  0x0000022214835800 JavaThread "included builds" [_thread_blocked, id=49516, stack(0x0000004723200000,0x0000004723300000)]
  0x0000022214839800 JavaThread "Execution worker for ':'" [_thread_blocked, id=51804, stack(0x0000004723300000,0x0000004723400000)]
  0x0000022214838000 JavaThread "Execution worker for ':' Thread 2" [_thread_blocked, id=52316, stack(0x0000004723400000,0x0000004723500000)]
  0x0000022218df3000 JavaThread "Execution worker for ':' Thread 3" [_thread_blocked, id=52992, stack(0x0000004723500000,0x0000004723600000)]
  0x0000022218def000 JavaThread "Cache worker for execution history cache (C:\Users\mutanu\AndroidStudioProjects\eablTrial\.gradle\7.4\executionHistory)" [_thread_blocked, id=38644, stack(0x0000004723600000,0x0000004723700000)]
  0x0000022218df5800 JavaThread "WorkerExecutor Queue Thread 2" [_thread_blocked, id=52708, stack(0x0000004723900000,0x0000004723a00000)]
  0x0000022218df5000 JavaThread "WorkerExecutor Queue Thread 3" [_thread_blocked, id=47812, stack(0x0000004723a00000,0x0000004723b00000)]
  0x0000022218df1800 JavaThread "WorkerExecutor Queue Thread 4" [_thread_blocked, id=51232, stack(0x0000004723b00000,0x0000004723c00000)]
  0x000002221245c000 JavaThread "pool-7-thread-1" [_thread_blocked, id=29472, stack(0x0000004723800000,0x0000004723900000)]
  0x000002221245d800 JavaThread "stderr" [_thread_in_native, id=22592, stack(0x0000004723c00000,0x0000004723d00000)]
  0x000002221245c800 JavaThread "stdout" [_thread_in_native, id=37828, stack(0x0000004723d00000,0x0000004723e00000)]
  0x0000022212457800 JavaThread "WorkerExecutor Queue Thread 5" [_thread_blocked, id=31672, stack(0x0000004723e00000,0x0000004723f00000)]
  0x0000022210eed800 JavaThread "C2 CompilerThread1" daemon [_thread_blocked, id=48160, stack(0x000000471fd00000,0x000000471fe00000)]
  0x0000022212458800 JavaThread "ForkJoinPool-1-worker-3" daemon [_thread_blocked, id=52896, stack(0x0000004723700000,0x0000004723800000)]
  0x000002221245f000 JavaThread "ForkJoinPool-1-worker-5" daemon [_thread_blocked, id=53016, stack(0x0000004723f00000,0x0000004724000000)]
  0x0000022212459800 JavaThread "ForkJoinPool-1-worker-7" daemon [_thread_blocked, id=46708, stack(0x0000004724000000,0x0000004724100000)]
  0x0000022212460000 JavaThread "ForkJoinPool-1-worker-1" daemon [_thread_blocked, id=53112, stack(0x0000004724100000,0x0000004724200000)]

Other Threads:
=>0x000002227ef89800 VMThread "VM Thread" [stack: 0x000000471dd00000,0x000000471de00000] [id=22064]
  0x000002227fa81000 WatcherThread [stack: 0x000000471e700000,0x000000471e800000] [id=28144]
  0x0000022272425000 GCTaskThread "GC Thread#0" [stack: 0x000000471d800000,0x000000471d900000] [id=33268]
  0x000002220f192000 GCTaskThread "GC Thread#1" [stack: 0x000000471e900000,0x000000471ea00000] [id=53068]
  0x000002227fb56000 GCTaskThread "GC Thread#2" [stack: 0x000000471ea00000,0x000000471eb00000] [id=47020]
  0x0000022210ba7800 GCTaskThread "GC Thread#3" [stack: 0x000000471ee00000,0x000000471ef00000] [id=49956]
  0x0000022272456000 ConcurrentGCThread "G1 Main Marker" [stack: 0x000000471d900000,0x000000471da00000] [id=52108]
  0x0000022272457000 ConcurrentGCThread "G1 Conc#0" [stack: 0x000000471da00000,0x000000471db00000] [id=46800]
  0x00000222724e4800 ConcurrentGCThread "G1 Refine#0" [stack: 0x000000471db00000,0x000000471dc00000] [id=6520]
  0x00000222724e5800 ConcurrentGCThread "G1 Young RemSet Sampling" [stack: 0x000000471dc00000,0x000000471dd00000] [id=43988]

Threads with active compile tasks:
C2 CompilerThread0 198615 19679       4       com.android.tools.r8.code.y1::a (4129 bytes)
C2 CompilerThread1 198615 19740 %     4       com.android.tools.r8.dex.i::a @ 310 (1036 bytes)

VM state:at safepoint (normal execution)

VM Mutex/Monitor currently owned by a thread:  ([mutex/lock_event])
[0x0000022272405cf0] Threads_lock - owner thread: 0x000002227ef89800
[0x0000022272405750] Heap_lock - owner thread: 0x0000022212458800

Heap address: 0x0000000080000000, size: 2048 MB, Compressed Oops mode: 32-bit
Narrow klass base: 0x0000000000000000, Narrow klass shift: 3
Compressed class space size: 1073741824 Address: 0x0000000100000000

Heap:
 garbage-first heap   total 546816K, used 211968K [0x0000000080000000, 0x0000000100000000)
  region size 1024K, 3 young (3072K), 3 survivors (3072K)
 Metaspace       used 123371K, capacity 125938K, committed 126172K, reserved 1159168K
  class space    used 15042K, capacity 15977K, committed 16000K, reserved 1048576K
Heap Regions: E=young(eden), S=young(survivor), O=old, HS=humongous(starts), HC=humongous(continues), CS=collection set, F=free, A=archive, TAMS=top-at-mark-start (previous, next)
|   0|0x0000000080000000, 0x0000000080100000, 0x0000000080100000|100%|HS|  |TAMS 0x0000000080100000, 0x0000000080000000| Complete 
|   1|0x0000000080100000, 0x0000000080200000, 0x0000000080200000|100%|HC|  |TAMS 0x0000000080200000, 0x0000000080100000| Complete 
|   2|0x0000000080200000, 0x0000000080300000, 0x0000000080300000|100%|HC|  |TAMS 0x0000000080300000, 0x0000000080200000| Complete 
|   3|0x0000000080300000, 0x0000000080400000, 0x0000000080400000|100%| O|  |TAMS 0x0000000080400000, 0x0000000080300000| Untracked 
|   4|0x0000000080400000, 0x0000000080500000, 0x0000000080500000|100%| O|  |TAMS 0x0000000080500000, 0x0000000080400000| Untracked 
|   5|0x0000000080500000, 0x0000000080600000, 0x0000000080600000|100%| O|  |TAMS 0x0000000080600000, 0x0000000080500000| Untracked 
|   6|0x0000000080600000, 0x0000000080700000, 0x0000000080700000|100%| O|  |TAMS 0x0000000080700000, 0x0000000080600000| Untracked 
|   7|0x0000000080700000, 0x0000000080800000, 0x0000000080800000|100%| O|  |TAMS 0x0000000080800000, 0x0000000080700000| Untracked 
|   8|0x0000000080800000, 0x0000000080900000, 0x0000000080900000|100%| O|  |TAMS 0x0000000080900000, 0x0000000080800000| Untracked 
|   9|0x0000000080900000, 0x0000000080a00000, 0x0000000080a00000|100%| O|  |TAMS 0x0000000080a00000, 0x0000000080900000| Untracked 
|  10|0x0000000080a00000, 0x0000000080b00000, 0x0000000080b00000|100%| O|  |TAMS 0x0000000080b00000, 0x0000000080a00000| Untracked 
|  11|0x0000000080b00000, 0x0000000080c00000, 0x0000000080c00000|100%| O|  |TAMS 0x0000000080c00000, 0x0000000080b00000| Untracked 
|  12|0x0000000080c00000, 0x0000000080d00000, 0x0000000080d00000|100%| O|  |TAMS 0x0000000080d00000, 0x0000000080c00000| Untracked 
|  13|0x0000000080d00000, 0x0000000080e00000, 0x0000000080e00000|100%| O|  |TAMS 0x0000000080e00000, 0x0000000080d00000| Untracked 
|  14|0x0000000080e00000, 0x0000000080f00000, 0x0000000080f00000|100%| O|  |TAMS 0x0000000080f00000, 0x0000000080e00000| Untracked 
|  15|0x0000000080f00000, 0x0000000081000000, 0x0000000081000000|100%| O|  |TAMS 0x0000000081000000, 0x0000000080f00000| Untracked 
|  16|0x0000000081000000, 0x0000000081100000, 0x0000000081100000|100%| O|  |TAMS 0x0000000081100000, 0x0000000081000000| Untracked 
|  17|0x0000000081100000, 0x0000000081200000, 0x0000000081200000|100%| O|  |TAMS 0x0000000081200000, 0x0000000081100000| Untracked 
|  18|0x0000000081200000, 0x0000000081300000, 0x0000000081300000|100%| O|  |TAMS 0x0000000081300000, 0x0000000081200000| Untracked 
|  19|0x0000000081300000, 0x0000000081400000, 0x0000000081400000|100%| O|  |TAMS 0x0000000081400000, 0x0000000081300000| Untracked 
|  20|0x0000000081400000, 0x0000000081500000, 0x0000000081500000|100%| O|  |TAMS 0x0000000081500000, 0x0000000081400000| Untracked 
|  21|0x0000000081500000, 0x0000000081600000, 0x0000000081600000|100%| O|  |TAMS 0x0000000081600000, 0x0000000081500000| Untracked 
|  22|0x0000000081600000, 0x0000000081700000, 0x0000000081700000|100%| O|  |TAMS 0x0000000081700000, 0x0000000081600000| Untracked 
|  23|0x0000000081700000, 0x0000000081800000, 0x0000000081800000|100%| O|  |TAMS 0x0000000081800000, 0x0000000081700000| Untracked 
|  24|0x0000000081800000, 0x0000000081900000, 0x0000000081900000|100%| O|  |TAMS 0x0000000081900000, 0x0000000081800000| Untracked 
|  25|0x0000000081900000, 0x0000000081a00000, 0x0000000081a00000|100%| O|  |TAMS 0x0000000081a00000, 0x0000000081900000| Untracked 
|  26|0x0000000081a00000, 0x0000000081b00000, 0x0000000081b00000|100%| O|  |TAMS 0x0000000081b00000, 0x0000000081a00000| Untracked 
|  27|0x0000000081b00000, 0x0000000081c00000, 0x0000000081c00000|100%|HS|  |TAMS 0x0000000081c00000, 0x0000000081b00000| Complete 
|  28|0x0000000081c00000, 0x0000000081d00000, 0x0000000081d00000|100%|HS|  |TAMS 0x0000000081d00000, 0x0000000081c00000| Complete 
|  29|0x0000000081d00000, 0x0000000081e00000, 0x0000000081e00000|100%|HS|  |TAMS 0x0000000081e00000, 0x0000000081d00000| Complete 
|  30|0x0000000081e00000, 0x0000000081f00000, 0x0000000081f00000|100%|HS|  |TAMS 0x0000000081f00000, 0x0000000081e00000| Complete 
|  31|0x0000000081f00000, 0x0000000082000000, 0x0000000082000000|100%|HC|  |TAMS 0x0000000082000000, 0x0000000081f00000| Complete 
|  32|0x0000000082000000, 0x0000000082100000, 0x0000000082100000|100%|HC|  |TAMS 0x0000000082100000, 0x0000000082000000| Complete 
|  33|0x0000000082100000, 0x0000000082200000, 0x0000000082200000|100%|HC|  |TAMS 0x0000000082200000, 0x0000000082100000| Complete 
|  34|0x0000000082200000, 0x0000000082300000, 0x0000000082300000|100%| O|  |TAMS 0x0000000082300000, 0x0000000082200000| Untracked 
|  35|0x0000000082300000, 0x0000000082400000, 0x0000000082400000|100%|HS|  |TAMS 0x0000000082400000, 0x0000000082300000| Complete 
|  36|0x0000000082400000, 0x0000000082500000, 0x0000000082500000|100%|HC|  |TAMS 0x0000000082500000, 0x0000000082400000| Complete 
|  37|0x0000000082500000, 0x0000000082600000, 0x0000000082600000|100%| O|  |TAMS 0x0000000082600000, 0x0000000082500000| Untracked 
|  38|0x0000000082600000, 0x0000000082700000, 0x0000000082700000|100%| O|  |TAMS 0x0000000082700000, 0x0000000082600000| Untracked 
|  39|0x0000000082700000, 0x0000000082800000, 0x0000000082800000|100%| O|  |TAMS 0x0000000082800000, 0x0000000082700000| Untracked 
|  40|0x0000000082800000, 0x0000000082900000, 0x0000000082900000|100%| O|  |TAMS 0x0000000082900000, 0x0000000082800000| Untracked 
|  41|0x0000000082900000, 0x0000000082a00000, 0x0000000082a00000|100%| O|  |TAMS 0x0000000082a00000, 0x0000000082900000| Untracked 
|  42|0x0000000082a00000, 0x0000000082b00000, 0x0000000082b00000|100%| O|  |TAMS 0x0000000082b00000, 0x0000000082a00000| Untracked 
|  43|0x0000000082b00000, 0x0000000082c00000, 0x0000000082c00000|100%| O|  |TAMS 0x0000000082c00000, 0x0000000082b00000| Untracked 
|  44|0x0000000082c00000, 0x0000000082d00000, 0x0000000082d00000|100%| O|  |TAMS 0x0000000082d00000, 0x0000000082c00000| Untracked 
|  45|0x0000000082d00000, 0x0000000082e00000, 0x0000000082e00000|100%| O|  |TAMS 0x0000000082e00000, 0x0000000082d00000| Untracked 
|  46|0x0000000082e00000, 0x0000000082f00000, 0x0000000082f00000|100%| O|  |TAMS 0x0000000082f00000, 0x0000000082e00000| Untracked 
|  47|0x0000000082f00000, 0x0000000083000000, 0x0000000083000000|100%| O|  |TAMS 0x0000000083000000, 0x0000000082f00000| Untracked 
|  48|0x0000000083000000, 0x0000000083100000, 0x0000000083100000|100%| O|  |TAMS 0x0000000083100000, 0x0000000083000000| Untracked 
|  49|0x0000000083100000, 0x0000000083200000, 0x0000000083200000|100%| O|  |TAMS 0x0000000083200000, 0x0000000083100000| Untracked 
|  50|0x0000000083200000, 0x0000000083300000, 0x0000000083300000|100%| O|  |TAMS 0x0000000083300000, 0x0000000083200000| Untracked 
|  51|0x0000000083300000, 0x0000000083400000, 0x0000000083400000|100%| O|  |TAMS 0x0000000083400000, 0x0000000083300000| Untracked 
|  52|0x0000000083400000, 0x0000000083500000, 0x0000000083500000|100%| O|  |TAMS 0x0000000083500000, 0x0000000083400000| Untracked 
|  53|0x0000000083500000, 0x0000000083600000, 0x0000000083600000|100%| O|  |TAMS 0x0000000083600000, 0x0000000083500000| Untracked 
|  54|0x0000000083600000, 0x0000000083700000, 0x0000000083700000|100%| O|  |TAMS 0x0000000083700000, 0x0000000083600000| Untracked 
|  55|0x0000000083700000, 0x0000000083800000, 0x0000000083800000|100%| O|  |TAMS 0x0000000083800000, 0x0000000083700000| Untracked 
|  56|0x0000000083800000, 0x0000000083900000, 0x0000000083900000|100%| O|  |TAMS 0x0000000083900000, 0x0000000083800000| Untracked 
|  57|0x0000000083900000, 0x0000000083a00000, 0x0000000083a00000|100%| O|  |TAMS 0x0000000083a00000, 0x0000000083900000| Untracked 
|  58|0x0000000083a00000, 0x0000000083b00000, 0x0000000083b00000|100%| O|  |TAMS 0x0000000083b00000, 0x0000000083a00000| Untracked 
|  59|0x0000000083b00000, 0x0000000083c00000, 0x0000000083c00000|100%| O|  |TAMS 0x0000000083c00000, 0x0000000083b00000| Untracked 
|  60|0x0000000083c00000, 0x0000000083d00000, 0x0000000083d00000|100%| O|  |TAMS 0x0000000083d00000, 0x0000000083c00000| Untracked 
|  61|0x0000000083d00000, 0x0000000083e00000, 0x0000000083e00000|100%| O|  |TAMS 0x0000000083e00000, 0x0000000083d00000| Untracked 
|  62|0x0000000083e00000, 0x0000000083f00000, 0x0000000083f00000|100%| O|  |TAMS 0x0000000083f00000, 0x0000000083e00000| Untracked 
|  63|0x0000000083f00000, 0x0000000084000000, 0x0000000084000000|100%| O|  |TAMS 0x0000000084000000, 0x0000000083f00000| Untracked 
|  64|0x0000000084000000, 0x0000000084100000, 0x0000000084100000|100%| O|  |TAMS 0x0000000084100000, 0x0000000084000000| Untracked 
|  65|0x0000000084100000, 0x0000000084200000, 0x0000000084200000|100%| O|  |TAMS 0x0000000084200000, 0x0000000084100000| Untracked 
|  66|0x0000000084200000, 0x0000000084300000, 0x0000000084300000|100%| O|  |TAMS 0x0000000084300000, 0x0000000084200000| Untracked 
|  67|0x0000000084300000, 0x0000000084400000, 0x0000000084400000|100%| O|  |TAMS 0x0000000084400000, 0x0000000084300000| Untracked 
|  68|0x0000000084400000, 0x0000000084500000, 0x0000000084500000|100%| O|  |TAMS 0x0000000084500000, 0x0000000084400000| Untracked 
|  69|0x0000000084500000, 0x0000000084600000, 0x0000000084600000|100%| O|  |TAMS 0x0000000084600000, 0x0000000084500000| Untracked 
|  70|0x0000000084600000, 0x0000000084700000, 0x0000000084700000|100%| O|  |TAMS 0x0000000084700000, 0x0000000084600000| Untracked 
|  71|0x0000000084700000, 0x0000000084800000, 0x0000000084800000|100%| O|  |TAMS 0x0000000084800000, 0x0000000084700000| Untracked 
|  72|0x0000000084800000, 0x0000000084900000, 0x0000000084900000|100%| O|  |TAMS 0x0000000084900000, 0x0000000084800000| Untracked 
|  73|0x0000000084900000, 0x0000000084a00000, 0x0000000084a00000|100%| O|  |TAMS 0x0000000084a00000, 0x0000000084900000| Untracked 
|  74|0x0000000084a00000, 0x0000000084b00000, 0x0000000084b00000|100%| O|  |TAMS 0x0000000084b00000, 0x0000000084a00000| Untracked 
|  75|0x0000000084b00000, 0x0000000084c00000, 0x0000000084c00000|100%| O|  |TAMS 0x0000000084c00000, 0x0000000084b00000| Untracked 
|  76|0x0000000084c00000, 0x0000000084d00000, 0x0000000084d00000|100%| O|  |TAMS 0x0000000084d00000, 0x0000000084c00000| Untracked 
|  77|0x0000000084d00000, 0x0000000084e00000, 0x0000000084e00000|100%| O|  |TAMS 0x0000000084e00000, 0x0000000084d00000| Untracked 
|  78|0x0000000084e00000, 0x0000000084f00000, 0x0000000084f00000|100%| O|  |TAMS 0x0000000084f00000, 0x0000000084e00000| Untracked 
|  79|0x0000000084f00000, 0x0000000085000000, 0x0000000085000000|100%| O|  |TAMS 0x0000000085000000, 0x0000000084f00000| Untracked 
|  80|0x0000000085000000, 0x0000000085100000, 0x0000000085100000|100%| O|  |TAMS 0x0000000085100000, 0x0000000085000000| Untracked 
|  81|0x0000000085100000, 0x0000000085200000, 0x0000000085200000|100%| O|  |TAMS 0x0000000085200000, 0x0000000085100000| Untracked 
|  82|0x0000000085200000, 0x0000000085300000, 0x0000000085300000|100%| O|  |TAMS 0x0000000085300000, 0x0000000085200000| Untracked 
|  83|0x0000000085300000, 0x0000000085400000, 0x0000000085400000|100%| O|  |TAMS 0x0000000085300000, 0x0000000085300000| Untracked 
|  84|0x0000000085400000, 0x0000000085500000, 0x0000000085500000|100%| O|  |TAMS 0x0000000085500000, 0x0000000085400000| Untracked 
|  85|0x0000000085500000, 0x0000000085600000, 0x0000000085600000|100%| O|  |TAMS 0x0000000085600000, 0x0000000085500000| Untracked 
|  86|0x0000000085600000, 0x0000000085700000, 0x0000000085700000|100%| O|  |TAMS 0x0000000085700000, 0x0000000085600000| Untracked 
|  87|0x0000000085700000, 0x0000000085800000, 0x0000000085800000|100%| O|  |TAMS 0x0000000085800000, 0x0000000085700000| Untracked 
|  88|0x0000000085800000, 0x0000000085900000, 0x0000000085900000|100%| O|  |TAMS 0x0000000085900000, 0x0000000085800000| Untracked 
|  89|0x0000000085900000, 0x0000000085a00000, 0x0000000085a00000|100%| O|  |TAMS 0x0000000085a00000, 0x0000000085900000| Untracked 
|  90|0x0000000085a00000, 0x0000000085b00000, 0x0000000085b00000|100%| O|  |TAMS 0x0000000085b00000, 0x0000000085a00000| Untracked 
|  91|0x0000000085b00000, 0x0000000085c00000, 0x0000000085c00000|100%| O|  |TAMS 0x0000000085c00000, 0x0000000085b00000| Untracked 
|  92|0x0000000085c00000, 0x0000000085d00000, 0x0000000085d00000|100%| O|  |TAMS 0x0000000085d00000, 0x0000000085c00000| Untracked 
|  93|0x0000000085d00000, 0x0000000085e00000, 0x0000000085e00000|100%| O|  |TAMS 0x0000000085e00000, 0x0000000085d00000| Untracked 
|  94|0x0000000085e00000, 0x0000000085f00000, 0x0000000085f00000|100%| O|  |TAMS 0x0000000085f00000, 0x0000000085e00000| Untracked 
|  95|0x0000000085f00000, 0x0000000086000000, 0x0000000086000000|100%| O|  |TAMS 0x0000000086000000, 0x0000000085f00000| Untracked 
|  96|0x0000000086000000, 0x0000000086100000, 0x0000000086100000|100%| O|  |TAMS 0x0000000086100000, 0x0000000086000000| Untracked 
|  97|0x0000000086100000, 0x0000000086200000, 0x0000000086200000|100%| O|  |TAMS 0x0000000086200000, 0x0000000086100000| Untracked 
|  98|0x0000000086200000, 0x0000000086300000, 0x0000000086300000|100%| O|  |TAMS 0x0000000086300000, 0x0000000086200000| Untracked 
|  99|0x0000000086300000, 0x0000000086400000, 0x0000000086400000|100%| O|  |TAMS 0x0000000086400000, 0x0000000086300000| Untracked 
| 100|0x0000000086400000, 0x0000000086500000, 0x0000000086500000|100%| O|  |TAMS 0x0000000086500000, 0x0000000086400000| Untracked 
| 101|0x0000000086500000, 0x0000000086600000, 0x0000000086600000|100%| O|  |TAMS 0x0000000086600000, 0x0000000086500000| Untracked 
| 102|0x0000000086600000, 0x0000000086700000, 0x0000000086700000|100%| O|  |TAMS 0x00000000866c1a00, 0x0000000086600000| Untracked 
| 103|0x0000000086700000, 0x0000000086800000, 0x0000000086800000|100%| O|  |TAMS 0x0000000086700000, 0x0000000086700000| Untracked 
| 104|0x0000000086800000, 0x0000000086900000, 0x0000000086900000|100%|HS|  |TAMS 0x0000000086800000, 0x0000000086800000| Complete 
| 105|0x0000000086900000, 0x0000000086a00000, 0x0000000086a00000|100%| O|  |TAMS 0x0000000086a00000, 0x0000000086900000| Untracked 
| 106|0x0000000086a00000, 0x0000000086b00000, 0x0000000086b00000|100%| O|  |TAMS 0x0000000086b00000, 0x0000000086a00000| Untracked 
| 107|0x0000000086b00000, 0x0000000086c00000, 0x0000000086c00000|100%| O|  |TAMS 0x0000000086c00000, 0x0000000086b00000| Untracked 
| 108|0x0000000086c00000, 0x0000000086d00000, 0x0000000086d00000|100%| O|  |TAMS 0x0000000086d00000, 0x0000000086c00000| Untracked 
| 109|0x0000000086d00000, 0x0000000086e00000, 0x0000000086e00000|100%| O|  |TAMS 0x0000000086d00000, 0x0000000086d00000| Untracked 
| 110|0x0000000086e00000, 0x0000000086f00000, 0x0000000086f00000|100%| O|  |TAMS 0x0000000086f00000, 0x0000000086e00000| Untracked 
| 111|0x0000000086f00000, 0x0000000087000000, 0x0000000087000000|100%| O|  |TAMS 0x0000000087000000, 0x0000000086f00000| Untracked 
| 112|0x0000000087000000, 0x0000000087100000, 0x0000000087100000|100%| O|  |TAMS 0x0000000087100000, 0x0000000087000000| Untracked 
| 113|0x0000000087100000, 0x0000000087200000, 0x0000000087200000|100%| O|  |TAMS 0x0000000087200000, 0x0000000087100000| Untracked 
| 114|0x0000000087200000, 0x0000000087300000, 0x0000000087300000|100%| O|  |TAMS 0x0000000087300000, 0x0000000087200000| Untracked 
| 115|0x0000000087300000, 0x0000000087400000, 0x0000000087400000|100%| O|  |TAMS 0x0000000087400000, 0x0000000087300000| Untracked 
| 116|0x0000000087400000, 0x0000000087500000, 0x0000000087500000|100%| O|  |TAMS 0x0000000087500000, 0x0000000087400000| Untracked 
| 117|0x0000000087500000, 0x0000000087600000, 0x0000000087600000|100%| O|  |TAMS 0x0000000087600000, 0x0000000087500000| Untracked 
| 118|0x0000000087600000, 0x0000000087700000, 0x0000000087700000|100%| O|  |TAMS 0x0000000087700000, 0x0000000087600000| Untracked 
| 119|0x0000000087700000, 0x0000000087800000, 0x0000000087800000|100%| O|  |TAMS 0x0000000087800000, 0x0000000087700000| Untracked 
| 120|0x0000000087800000, 0x0000000087900000, 0x0000000087900000|100%| O|  |TAMS 0x0000000087900000, 0x0000000087800000| Untracked 
| 121|0x0000000087900000, 0x0000000087a00000, 0x0000000087a00000|100%|HS|  |TAMS 0x0000000087900000, 0x0000000087900000| Complete 
| 122|0x0000000087a00000, 0x0000000087b00000, 0x0000000087b00000|100%| O|  |TAMS 0x0000000087b00000, 0x0000000087a00000| Untracked 
| 123|0x0000000087b00000, 0x0000000087c00000, 0x0000000087c00000|100%| O|  |TAMS 0x0000000087c00000, 0x0000000087b00000| Untracked 
| 124|0x0000000087c00000, 0x0000000087d00000, 0x0000000087d00000|100%| O|  |TAMS 0x0000000087c00000, 0x0000000087c00000| Untracked 
| 125|0x0000000087d00000, 0x0000000087e00000, 0x0000000087e00000|100%| O|  |TAMS 0x0000000087e00000, 0x0000000087d00000| Untracked 
| 126|0x0000000087e00000, 0x0000000087f00000, 0x0000000087f00000|100%|HS|  |TAMS 0x0000000087f00000, 0x0000000087e00000| Complete 
| 127|0x0000000087f00000, 0x0000000088000000, 0x0000000088000000|100%|HC|  |TAMS 0x0000000088000000, 0x0000000087f00000| Complete 
| 128|0x0000000088000000, 0x0000000088100000, 0x0000000088100000|100%| O|  |TAMS 0x0000000088000000, 0x0000000088000000| Untracked 
| 129|0x0000000088100000, 0x0000000088200000, 0x0000000088200000|100%| O|  |TAMS 0x0000000088100000, 0x0000000088100000| Untracked 
| 130|0x0000000088200000, 0x0000000088300000, 0x0000000088300000|100%| O|  |TAMS 0x0000000088200000, 0x0000000088200000| Untracked 
| 131|0x0000000088300000, 0x0000000088400000, 0x0000000088400000|100%| O|  |TAMS 0x0000000088400000, 0x0000000088300000| Untracked 
| 132|0x0000000088400000, 0x0000000088500000, 0x0000000088500000|100%| O|  |TAMS 0x0000000088400000, 0x0000000088400000| Untracked 
| 133|0x0000000088500000, 0x0000000088600000, 0x0000000088600000|100%| O|  |TAMS 0x0000000088500000, 0x0000000088500000| Untracked 
| 134|0x0000000088600000, 0x0000000088700000, 0x0000000088700000|100%|HS|  |TAMS 0x0000000088700000, 0x0000000088600000| Complete 
| 135|0x0000000088700000, 0x0000000088800000, 0x0000000088800000|100%|HS|  |TAMS 0x0000000088800000, 0x0000000088700000| Complete 
| 136|0x0000000088800000, 0x0000000088900000, 0x0000000088900000|100%|HS|  |TAMS 0x0000000088900000, 0x0000000088800000| Complete 
| 137|0x0000000088900000, 0x0000000088a00000, 0x0000000088a00000|100%|HS|  |TAMS 0x0000000088a00000, 0x0000000088900000| Complete 
| 138|0x0000000088a00000, 0x0000000088b00000, 0x0000000088b00000|100%|HS|  |TAMS 0x0000000088b00000, 0x0000000088a00000| Complete 
| 139|0x0000000088b00000, 0x0000000088c00000, 0x0000000088c00000|100%|HC|  |TAMS 0x0000000088c00000, 0x0000000088b00000| Complete 
| 140|0x0000000088c00000, 0x0000000088d00000, 0x0000000088d00000|100%|HS|  |TAMS 0x0000000088d00000, 0x0000000088c00000| Complete 
| 141|0x0000000088d00000, 0x0000000088e00000, 0x0000000088e00000|100%|HC|  |TAMS 0x0000000088e00000, 0x0000000088d00000| Complete 
| 142|0x0000000088e00000, 0x0000000088f00000, 0x0000000088f00000|100%| O|  |TAMS 0x0000000088f00000, 0x0000000088e00000| Untracked 
| 143|0x0000000088f00000, 0x0000000089000000, 0x0000000089000000|100%| O|  |TAMS 0x0000000089000000, 0x0000000088f00000| Untracked 
| 144|0x0000000089000000, 0x0000000089100000, 0x0000000089100000|100%| O|  |TAMS 0x0000000089100000, 0x0000000089000000| Untracked 
| 145|0x0000000089100000, 0x0000000089200000, 0x0000000089200000|100%| O|  |TAMS 0x0000000089200000, 0x0000000089100000| Untracked 
| 146|0x0000000089200000, 0x0000000089300000, 0x0000000089300000|100%| O|  |TAMS 0x0000000089200000, 0x0000000089200000| Untracked 
| 147|0x0000000089300000, 0x0000000089400000, 0x0000000089400000|100%| O|  |TAMS 0x0000000089400000, 0x0000000089300000| Untracked 
| 148|0x0000000089400000, 0x0000000089500000, 0x0000000089500000|100%| O|  |TAMS 0x0000000089400000, 0x0000000089400000| Untracked 
| 149|0x0000000089500000, 0x0000000089600000, 0x0000000089600000|100%| O|  |TAMS 0x0000000089500000, 0x0000000089500000| Untracked 
| 150|0x0000000089600000, 0x0000000089700000, 0x0000000089700000|100%| O|  |TAMS 0x0000000089700000, 0x0000000089600000| Untracked 
| 151|0x0000000089700000, 0x0000000089800000, 0x0000000089800000|100%|HS|  |TAMS 0x0000000089800000, 0x0000000089700000| Complete 
| 152|0x0000000089800000, 0x0000000089900000, 0x0000000089900000|100%|HS|  |TAMS 0x0000000089900000, 0x0000000089800000| Complete 
| 153|0x0000000089900000, 0x0000000089a00000, 0x0000000089a00000|100%|HC|  |TAMS 0x0000000089a00000, 0x0000000089900000| Complete 
| 154|0x0000000089a00000, 0x0000000089b00000, 0x0000000089b00000|100%|HC|  |TAMS 0x0000000089b00000, 0x0000000089a00000| Complete 
| 155|0x0000000089b00000, 0x0000000089c00000, 0x0000000089c00000|100%| O|  |TAMS 0x0000000089c00000, 0x0000000089b00000| Untracked 
| 156|0x0000000089c00000, 0x0000000089d00000, 0x0000000089d00000|100%| O|  |TAMS 0x0000000089d00000, 0x0000000089c00000| Untracked 
| 157|0x0000000089d00000, 0x0000000089e00000, 0x0000000089e00000|100%| O|  |TAMS 0x0000000089e00000, 0x0000000089d00000| Untracked 
| 158|0x0000000089e00000, 0x0000000089f00000, 0x0000000089f00000|100%| O|  |TAMS 0x0000000089f00000, 0x0000000089e00000| Untracked 
| 159|0x0000000089f00000, 0x000000008a000000, 0x000000008a000000|100%| O|  |TAMS 0x000000008a000000, 0x0000000089f00000| Untracked 
| 160|0x000000008a000000, 0x000000008a100000, 0x000000008a100000|100%| O|  |TAMS 0x000000008a100000, 0x000000008a000000| Untracked 
| 161|0x000000008a100000, 0x000000008a200000, 0x000000008a200000|100%| O|  |TAMS 0x000000008a200000, 0x000000008a100000| Untracked 
| 162|0x000000008a200000, 0x000000008a300000, 0x000000008a300000|100%| O|  |TAMS 0x000000008a300000, 0x000000008a200000| Untracked 
| 163|0x000000008a300000, 0x000000008a400000, 0x000000008a400000|100%|HS|  |TAMS 0x000000008a400000, 0x000000008a300000| Complete 
| 164|0x000000008a400000, 0x000000008a500000, 0x000000008a500000|100%|HC|  |TAMS 0x000000008a500000, 0x000000008a400000| Complete 
| 165|0x000000008a500000, 0x000000008a600000, 0x000000008a600000|100%| O|  |TAMS 0x000000008a600000, 0x000000008a500000| Untracked 
| 166|0x000000008a600000, 0x000000008a700000, 0x000000008a700000|100%|HS|  |TAMS 0x000000008a700000, 0x000000008a600000| Complete 
| 167|0x000000008a700000, 0x000000008a800000, 0x000000008a800000|100%| O|  |TAMS 0x000000008a800000, 0x000000008a700000| Untracked 
| 168|0x000000008a800000, 0x000000008a900000, 0x000000008a900000|100%| O|  |TAMS 0x000000008a900000, 0x000000008a800000| Untracked 
| 169|0x000000008a900000, 0x000000008aa00000, 0x000000008aa00000|100%| O|  |TAMS 0x000000008a900000, 0x000000008a900000| Untracked 
| 170|0x000000008aa00000, 0x000000008ab00000, 0x000000008ab00000|100%| O|  |TAMS 0x000000008ab00000, 0x000000008aa00000| Untracked 
| 171|0x000000008ab00000, 0x000000008ac00000, 0x000000008ac00000|100%|HS|  |TAMS 0x000000008ac00000, 0x000000008ab00000| Complete 
| 172|0x000000008ac00000, 0x000000008ad00000, 0x000000008ad00000|100%|HS|  |TAMS 0x000000008ad00000, 0x000000008ac00000| Complete 
| 173|0x000000008ad00000, 0x000000008ae00000, 0x000000008ae00000|100%|HS|  |TAMS 0x000000008ae00000, 0x000000008ad00000| Complete 
| 174|0x000000008ae00000, 0x000000008af00000, 0x000000008af00000|100%| O|  |TAMS 0x000000008af00000, 0x000000008ae00000| Untracked 
| 175|0x000000008af00000, 0x000000008b000000, 0x000000008b000000|100%|HS|  |TAMS 0x000000008b000000, 0x000000008af00000| Complete 
| 176|0x000000008b000000, 0x000000008b100000, 0x000000008b100000|100%| O|  |TAMS 0x000000008b100000, 0x000000008b000000| Untracked 
| 177|0x000000008b100000, 0x000000008b200000, 0x000000008b200000|100%| O|  |TAMS 0x000000008b200000, 0x000000008b100000| Untracked 
| 178|0x000000008b200000, 0x000000008b300000, 0x000000008b300000|100%| O|  |TAMS 0x000000008b300000, 0x000000008b200000| Untracked 
| 179|0x000000008b300000, 0x000000008b400000, 0x000000008b400000|100%| O|  |TAMS 0x000000008b400000, 0x000000008b300000| Untracked 
| 180|0x000000008b400000, 0x000000008b500000, 0x000000008b500000|100%| O|  |TAMS 0x000000008b500000, 0x000000008b400000| Untracked 
| 181|0x000000008b500000, 0x000000008b600000, 0x000000008b600000|100%| O|  |TAMS 0x000000008b600000, 0x000000008b500000| Untracked 
| 182|0x000000008b600000, 0x000000008b700000, 0x000000008b700000|100%|HS|  |TAMS 0x000000008b700000, 0x000000008b600000| Complete 
| 183|0x000000008b700000, 0x000000008b800000, 0x000000008b800000|100%|HC|  |TAMS 0x000000008b800000, 0x000000008b700000| Complete 
| 184|0x000000008b800000, 0x000000008b900000, 0x000000008b900000|100%| O|  |TAMS 0x000000008b900000, 0x000000008b800000| Untracked 
| 185|0x000000008b900000, 0x000000008ba00000, 0x000000008ba00000|100%| O|  |TAMS 0x000000008ba00000, 0x000000008b900000| Untracked 
| 186|0x000000008ba00000, 0x000000008bb00000, 0x000000008bb00000|100%|HS|  |TAMS 0x000000008bb00000, 0x000000008ba00000| Complete 
| 187|0x000000008bb00000, 0x000000008bc00000, 0x000000008bc00000|100%|HC|  |TAMS 0x000000008bc00000, 0x000000008bb00000| Complete 
| 188|0x000000008bc00000, 0x000000008bd00000, 0x000000008bd00000|100%|HS|  |TAMS 0x000000008bc00000, 0x000000008bc00000| Complete 
| 189|0x000000008bd00000, 0x000000008be00000, 0x000000008be00000|100%|HC|  |TAMS 0x000000008bd00000, 0x000000008bd00000| Complete 
| 190|0x000000008be00000, 0x000000008bf00000, 0x000000008bf00000|100%| O|  |TAMS 0x000000008be00000, 0x000000008be00000| Untracked 
| 191|0x000000008bf00000, 0x000000008c000000, 0x000000008c000000|100%| O|  |TAMS 0x000000008bf00000, 0x000000008bf00000| Untracked 
| 192|0x000000008c000000, 0x000000008c100000, 0x000000008c100000|100%| O|  |TAMS 0x000000008c000000, 0x000000008c000000| Untracked 
| 193|0x000000008c100000, 0x000000008c200000, 0x000000008c200000|100%| O|  |TAMS 0x000000008c100000, 0x000000008c100000| Untracked 
| 194|0x000000008c200000, 0x000000008c300000, 0x000000008c300000|100%| O|  |TAMS 0x000000008c200000, 0x000000008c200000| Untracked 
| 195|0x000000008c300000, 0x000000008c400000, 0x000000008c400000|100%| O|  |TAMS 0x000000008c300000, 0x000000008c300000| Untracked 
| 196|0x000000008c400000, 0x000000008c500000, 0x000000008c500000|100%| O|  |TAMS 0x000000008c400000, 0x000000008c400000| Untracked 
| 197|0x000000008c500000, 0x000000008c600000, 0x000000008c600000|100%|HS|  |TAMS 0x000000008c600000, 0x000000008c500000| Complete 
| 198|0x000000008c600000, 0x000000008c700000, 0x000000008c700000|100%|HC|  |TAMS 0x000000008c700000, 0x000000008c600000| Complete 
| 199|0x000000008c700000, 0x000000008c800000, 0x000000008c800000|100%|HC|  |TAMS 0x000000008c800000, 0x000000008c700000| Complete 
| 200|0x000000008c800000, 0x000000008c900000, 0x000000008c900000|100%| O|  |TAMS 0x000000008c900000, 0x000000008c800000| Untracked 
| 201|0x000000008c900000, 0x000000008ca00000, 0x000000008ca00000|100%| O|  |TAMS 0x000000008c900000, 0x000000008c900000| Untracked 
| 202|0x000000008ca00000, 0x000000008cb00000, 0x000000008cb00000|100%| O|  |TAMS 0x000000008ca00000, 0x000000008ca00000| Untracked 
| 203|0x000000008cb00000, 0x000000008cc00000, 0x000000008cc00000|100%| O|  |TAMS 0x000000008cb00000, 0x000000008cb00000| Untracked 
| 204|0x000000008cc00000, 0x000000008cc00000, 0x000000008cd00000|  0%| F|  |TAMS 0x000000008cc00000, 0x000000008cc00000| Untracked 
| 205|0x000000008cd00000, 0x000000008cd00000, 0x000000008ce00000|  0%| F|  |TAMS 0x000000008cd00000, 0x000000008cd00000| Untracked 
| 206|0x000000008ce00000, 0x000000008ce00000, 0x000000008cf00000|  0%| F|  |TAMS 0x000000008ce00000, 0x000000008ce00000| Untracked 
| 207|0x000000008cf00000, 0x000000008cf00000, 0x000000008d000000|  0%| F|  |TAMS 0x000000008cf00000, 0x000000008cf00000| Untracked 
| 208|0x000000008d000000, 0x000000008d000000, 0x000000008d100000|  0%| F|  |TAMS 0x000000008d000000, 0x000000008d000000| Untracked 
| 209|0x000000008d100000, 0x000000008d100000, 0x000000008d200000|  0%| F|  |TAMS 0x000000008d100000, 0x000000008d100000| Untracked 
| 210|0x000000008d200000, 0x000000008d200000, 0x000000008d300000|  0%| F|  |TAMS 0x000000008d200000, 0x000000008d200000| Untracked 
| 211|0x000000008d300000, 0x000000008d300000, 0x000000008d400000|  0%| F|  |TAMS 0x000000008d300000, 0x000000008d300000| Untracked 
| 212|0x000000008d400000, 0x000000008d400000, 0x000000008d500000|  0%| F|  |TAMS 0x000000008d400000, 0x000000008d400000| Untracked 
| 213|0x000000008d500000, 0x000000008d500000, 0x000000008d600000|  0%| F|  |TAMS 0x000000008d500000, 0x000000008d500000| Untracked 
| 214|0x000000008d600000, 0x000000008d600000, 0x000000008d700000|  0%| F|  |TAMS 0x000000008d600000, 0x000000008d600000| Untracked 
| 215|0x000000008d700000, 0x000000008d700000, 0x000000008d800000|  0%| F|  |TAMS 0x000000008d700000, 0x000000008d700000| Untracked 
| 216|0x000000008d800000, 0x000000008d800000, 0x000000008d900000|  0%| F|  |TAMS 0x000000008d800000, 0x000000008d800000| Untracked 
| 217|0x000000008d900000, 0x000000008d900000, 0x000000008da00000|  0%| F|  |TAMS 0x000000008d900000, 0x000000008d900000| Untracked 
| 218|0x000000008da00000, 0x000000008da00000, 0x000000008db00000|  0%| F|  |TAMS 0x000000008da00000, 0x000000008da00000| Untracked 
| 219|0x000000008db00000, 0x000000008db00000, 0x000000008dc00000|  0%| F|  |TAMS 0x000000008db00000, 0x000000008db00000| Untracked 
| 220|0x000000008dc00000, 0x000000008dc00000, 0x000000008dd00000|  0%| F|  |TAMS 0x000000008dc00000, 0x000000008dc00000| Untracked 
| 221|0x000000008dd00000, 0x000000008dd00000, 0x000000008de00000|  0%| F|  |TAMS 0x000000008dd00000, 0x000000008dd00000| Untracked 
| 222|0x000000008de00000, 0x000000008de00000, 0x000000008df00000|  0%| F|  |TAMS 0x000000008de00000, 0x000000008de00000| Untracked 
| 223|0x000000008df00000, 0x000000008df00000, 0x000000008e000000|  0%| F|  |TAMS 0x000000008df00000, 0x000000008df00000| Untracked 
| 224|0x000000008e000000, 0x000000008e000000, 0x000000008e100000|  0%| F|  |TAMS 0x000000008e000000, 0x000000008e000000| Untracked 
| 225|0x000000008e100000, 0x000000008e100000, 0x000000008e200000|  0%| F|  |TAMS 0x000000008e100000, 0x000000008e100000| Untracked 
| 226|0x000000008e200000, 0x000000008e200000, 0x000000008e300000|  0%| F|  |TAMS 0x000000008e200000, 0x000000008e200000| Untracked 
| 227|0x000000008e300000, 0x000000008e300000, 0x000000008e400000|  0%| F|  |TAMS 0x000000008e300000, 0x000000008e300000| Untracked 
| 228|0x000000008e400000, 0x000000008e400000, 0x000000008e500000|  0%| F|  |TAMS 0x000000008e400000, 0x000000008e400000| Untracked 
| 229|0x000000008e500000, 0x000000008e500000, 0x000000008e600000|  0%| F|  |TAMS 0x000000008e500000, 0x000000008e500000| Untracked 
| 230|0x000000008e600000, 0x000000008e600000, 0x000000008e700000|  0%| F|  |TAMS 0x000000008e600000, 0x000000008e600000| Untracked 
| 231|0x000000008e700000, 0x000000008e700000, 0x000000008e800000|  0%| F|  |TAMS 0x000000008e700000, 0x000000008e700000| Untracked 
| 232|0x000000008e800000, 0x000000008e800000, 0x000000008e900000|  0%| F|  |TAMS 0x000000008e800000, 0x000000008e800000| Untracked 
| 233|0x000000008e900000, 0x000000008e900000, 0x000000008ea00000|  0%| F|  |TAMS 0x000000008e900000, 0x000000008e900000| Untracked 
| 234|0x000000008ea00000, 0x000000008ea00000, 0x000000008eb00000|  0%| F|  |TAMS 0x000000008ea00000, 0x000000008ea00000| Untracked 
| 235|0x000000008eb00000, 0x000000008eb00000, 0x000000008ec00000|  0%| F|  |TAMS 0x000000008eb00000, 0x000000008eb00000| Untracked 
| 236|0x000000008ec00000, 0x000000008ec00000, 0x000000008ed00000|  0%| F|  |TAMS 0x000000008ec00000, 0x000000008ec00000| Untracked 
| 237|0x000000008ed00000, 0x000000008ed00000, 0x000000008ee00000|  0%| F|  |TAMS 0x000000008ed00000, 0x000000008ed00000| Untracked 
| 238|0x000000008ee00000, 0x000000008ee00000, 0x000000008ef00000|  0%| F|  |TAMS 0x000000008ee00000, 0x000000008ee00000| Untracked 
| 239|0x000000008ef00000, 0x000000008ef00000, 0x000000008f000000|  0%| F|  |TAMS 0x000000008ef00000, 0x000000008ef00000| Untracked 
| 240|0x000000008f000000, 0x000000008f000000, 0x000000008f100000|  0%| F|  |TAMS 0x000000008f000000, 0x000000008f000000| Untracked 
| 241|0x000000008f100000, 0x000000008f100000, 0x000000008f200000|  0%| F|  |TAMS 0x000000008f100000, 0x000000008f100000| Untracked 
| 242|0x000000008f200000, 0x000000008f200000, 0x000000008f300000|  0%| F|  |TAMS 0x000000008f200000, 0x000000008f200000| Untracked 
| 243|0x000000008f300000, 0x000000008f300000, 0x000000008f400000|  0%| F|  |TAMS 0x000000008f300000, 0x000000008f300000| Untracked 
| 244|0x000000008f400000, 0x000000008f400000, 0x000000008f500000|  0%| F|  |TAMS 0x000000008f400000, 0x000000008f400000| Untracked 
| 245|0x000000008f500000, 0x000000008f600000, 0x000000008f600000|100%| S|CS|TAMS 0x000000008f500000, 0x000000008f500000| Complete 
| 246|0x000000008f600000, 0x000000008f700000, 0x000000008f700000|100%| S|CS|TAMS 0x000000008f600000, 0x000000008f600000| Complete 
| 247|0x000000008f700000, 0x000000008f800000, 0x000000008f800000|100%| S|CS|TAMS 0x000000008f700000, 0x000000008f700000| Complete 
| 248|0x000000008f800000, 0x000000008f800000, 0x000000008f900000|  0%| F|  |TAMS 0x000000008f800000, 0x000000008f800000| Untracked 
| 249|0x000000008f900000, 0x000000008f900000, 0x000000008fa00000|  0%| F|  |TAMS 0x000000008f900000, 0x000000008f900000| Untracked 
| 250|0x000000008fa00000, 0x000000008fa00000, 0x000000008fb00000|  0%| F|  |TAMS 0x000000008fa00000, 0x000000008fa00000| Untracked 
| 251|0x000000008fb00000, 0x000000008fb00000, 0x000000008fc00000|  0%| F|  |TAMS 0x000000008fb00000, 0x000000008fb00000| Untracked 
| 252|0x000000008fc00000, 0x000000008fc00000, 0x000000008fd00000|  0%| F|  |TAMS 0x000000008fc00000, 0x000000008fc00000| Untracked 
| 253|0x000000008fd00000, 0x000000008fd00000, 0x000000008fe00000|  0%| F|  |TAMS 0x000000008fd00000, 0x000000008fd00000| Untracked 
| 254|0x000000008fe00000, 0x000000008fe00000, 0x000000008ff00000|  0%| F|  |TAMS 0x000000008fe00000, 0x000000008fe00000| Untracked 
| 255|0x000000008ff00000, 0x000000008ff00000, 0x0000000090000000|  0%| F|  |TAMS 0x000000008ff00000, 0x000000008ff00000| Untracked 
| 256|0x0000000090000000, 0x0000000090000000, 0x0000000090100000|  0%| F|  |TAMS 0x0000000090000000, 0x0000000090000000| Untracked 
| 257|0x0000000090100000, 0x0000000090100000, 0x0000000090200000|  0%| F|  |TAMS 0x0000000090100000, 0x0000000090100000| Untracked 
| 258|0x0000000090200000, 0x0000000090200000, 0x0000000090300000|  0%| F|  |TAMS 0x0000000090200000, 0x0000000090200000| Untracked 
| 259|0x0000000090300000, 0x0000000090300000, 0x0000000090400000|  0%| F|  |TAMS 0x0000000090300000, 0x0000000090300000| Untracked 
| 260|0x0000000090400000, 0x0000000090400000, 0x0000000090500000|  0%| F|  |TAMS 0x0000000090400000, 0x0000000090400000| Untracked 
| 261|0x0000000090500000, 0x0000000090500000, 0x0000000090600000|  0%| F|  |TAMS 0x0000000090500000, 0x0000000090500000| Untracked 
| 262|0x0000000090600000, 0x0000000090600000, 0x0000000090700000|  0%| F|  |TAMS 0x0000000090600000, 0x0000000090600000| Untracked 
| 263|0x0000000090700000, 0x0000000090700000, 0x0000000090800000|  0%| F|  |TAMS 0x0000000090700000, 0x0000000090700000| Untracked 
| 264|0x0000000090800000, 0x0000000090800000, 0x0000000090900000|  0%| F|  |TAMS 0x0000000090800000, 0x0000000090800000| Untracked 
| 265|0x0000000090900000, 0x0000000090900000, 0x0000000090a00000|  0%| F|  |TAMS 0x0000000090900000, 0x0000000090900000| Untracked 
| 266|0x0000000090a00000, 0x0000000090a00000, 0x0000000090b00000|  0%| F|  |TAMS 0x0000000090a00000, 0x0000000090a00000| Untracked 

Card table byte_map: [0x0000022278140000,0x0000022278540000] _byte_map_base: 0x0000022277d40000

Marking Bits (Prev, Next): (CMBitMap*) 0x000002227244d0e8, (CMBitMap*) 0x000002227244d120
 Prev Bits: [0x0000022278940000, 0x000002227a940000)
 Next Bits: [0x000002227a940000, 0x000002227c940000)

Polling page: 0x00000222724f0000

Metaspace:

Usage:
  Non-class:    107.38 MB capacity,   105.79 MB ( 99%) used,     1.27 MB (  1%) free+waste,   326.63 KB ( <1%) overhead. 
      Class:     15.60 MB capacity,    14.69 MB ( 94%) used,   794.59 KB (  5%) free+waste,   140.38 KB ( <1%) overhead. 
       Both:    122.99 MB capacity,   120.48 MB ( 98%) used,     2.05 MB (  2%) free+waste,   467.00 KB ( <1%) overhead. 

Virtual space:
  Non-class space:      108.00 MB reserved,     107.59 MB (>99%) committed 
      Class space:        1.00 GB reserved,      15.63 MB (  2%) committed 
             Both:        1.11 GB reserved,     123.21 MB ( 11%) committed 

Chunk freelists:
   Non-Class:  19.00 KB
       Class:  23.00 KB
        Both:  42.00 KB

MaxMetaspaceSize: 17179869184.00 GB
CompressedClassSpaceSize: 1.00 GB
Initial GC threshold: 20.80 MB
Current GC threshold: 199.94 MB
CDS: off

CodeHeap 'non-profiled nmethods': size=120064Kb used=13268Kb max_used=13268Kb free=106795Kb
 bounds [0x0000022207ac0000, 0x00000222087c0000, 0x000002220f000000]
CodeHeap 'profiled nmethods': size=120000Kb used=40122Kb max_used=40122Kb free=79877Kb
 bounds [0x0000022200590000, 0x0000022202d30000, 0x0000022207ac0000]
CodeHeap 'non-nmethods': size=5696Kb used=2435Kb max_used=2470Kb free=3260Kb
 bounds [0x0000022200000000, 0x0000022200270000, 0x0000022200590000]
 total_blobs=18792 nmethods=17823 adapters=880
 compilation: enabled
              stopped_count=0, restarted_count=0
 full_count=0

Compilation events (20 events):
Event: 198.525 Thread 0x000002227efb8000 19770       3       com.android.tools.r8.graph.c::h (12 bytes)
Event: 198.525 Thread 0x000002227efb8000 nmethod 19770 0x0000022200688190 code [0x0000022200688340, 0x00000222006884f8]
Event: 198.525 Thread 0x000002227efb8000 19771       3       com.android.tools.r8.dex.i$$Lambda$1214/0x0000000100ec4840::<init> (10 bytes)
Event: 198.525 Thread 0x000002227efb8000 nmethod 19771 0x0000022200ded510 code [0x0000022200ded6c0, 0x0000022200ded878]
Event: 198.525 Thread 0x000002227efb8000 19772       3       com.android.tools.r8.internal.v2::a (2 bytes)
Event: 198.525 Thread 0x000002227efb8000 nmethod 19772 0x0000022200ded190 code [0x0000022200ded340, 0x0000022200ded438]
Event: 198.525 Thread 0x000002227efb8000 19773       3       com.android.tools.r8.graph.p::<init> (7 bytes)
Event: 198.526 Thread 0x000002227efb8000 nmethod 19773 0x0000022200decd10 code [0x0000022200decec0, 0x0000022200ded078]
Event: 198.526 Thread 0x000002227efb8000 19774       3       com.android.tools.r8.graph.p::a (100 bytes)
Event: 198.528 Thread 0x000002227efb8000 nmethod 19774 0x0000022200e8db10 code [0x0000022200e8de20, 0x0000022200e8f618]
Event: 198.528 Thread 0x000002227efb8000 19775       3       com.android.tools.r8.dex.i::d (39 bytes)
Event: 198.529 Thread 0x000002227efb8000 nmethod 19775 0x0000022200dec010 code [0x0000022200dec240, 0x0000022200deca48]
Event: 198.529 Thread 0x000002227efb8000 19776       3       com.android.tools.r8.dex.i$$Lambda$1214/0x0000000100ec4840::get$Lambda (9 bytes)
Event: 198.529 Thread 0x000002227efb8000 nmethod 19776 0x0000022200e8d490 code [0x0000022200e8d660, 0x0000022200e8d8b8]
Event: 198.529 Thread 0x000002227efb8000 19779       3       com.android.tools.r8.BaseCompilerCommand$Builder$$Lambda$1179/0x0000000100e5f040::test (12 bytes)
Event: 198.529 Thread 0x000002227efb8000 nmethod 19779 0x0000022200deba10 code [0x0000022200debbe0, 0x0000022200debf18]
Event: 198.529 Thread 0x000002227efb8000 19780       3       com.android.tools.r8.graph.p::W (13 bytes)
Event: 198.529 Thread 0x000002227efb8000 nmethod 19780 0x0000022200deb610 code [0x0000022200deb7c0, 0x0000022200deb978]
Event: 198.529 Thread 0x000002227efb8000 19783       3       com.android.tools.r8.dex.i$$Lambda$1246/0x0000000100f24c40::get$Lambda (9 bytes)
Event: 198.529 Thread 0x000002227efb8000 nmethod 19783 0x0000022201164110 code [0x00000222011642e0, 0x0000022201164538]

GC Heap History (20 events):
Event: 196.064 GC heap after
{Heap after GC invocations=62 (full 0):
 garbage-first heap   total 227328K, used 190940K [0x0000000080000000, 0x0000000100000000)
  region size 1024K, 3 young (3072K), 3 survivors (3072K)
 Metaspace       used 118698K, capacity 121306K, committed 121436K, reserved 1155072K
  class space    used 14317K, capacity 15243K, committed 15360K, reserved 1048576K
}
Event: 196.285 GC heap before
{Heap before GC invocations=63 (full 0):
 garbage-first heap   total 227328K, used 199132K [0x0000000080000000, 0x0000000100000000)
  region size 1024K, 11 young (11264K), 3 survivors (3072K)
 Metaspace       used 118760K, capacity 121311K, committed 121436K, reserved 1155072K
  class space    used 14323K, capacity 15243K, committed 15360K, reserved 1048576K
}
Event: 196.296 GC heap after
{Heap after GC invocations=64 (full 0):
 garbage-first heap   total 227328K, used 194015K [0x0000000080000000, 0x0000000100000000)
  region size 1024K, 2 young (2048K), 2 survivors (2048K)
 Metaspace       used 118760K, capacity 121311K, committed 121436K, reserved 1155072K
  class space    used 14323K, capacity 15243K, committed 15360K, reserved 1048576K
}
Event: 196.381 GC heap before
{Heap before GC invocations=64 (full 0):
 garbage-first heap   total 227328K, used 202207K [0x0000000080000000, 0x0000000100000000)
  region size 1024K, 11 young (11264K), 2 survivors (2048K)
 Metaspace       used 118778K, capacity 121375K, committed 121692K, reserved 1155072K
  class space    used 14326K, capacity 15243K, committed 15360K, reserved 1048576K
}
Event: 196.407 GC heap after
{Heap after GC invocations=65 (full 0):
 garbage-first heap   total 227328K, used 174988K [0x0000000080000000, 0x0000000100000000)
  region size 1024K, 2 young (2048K), 2 survivors (2048K)
 Metaspace       used 118778K, capacity 121375K, committed 121692K, reserved 1155072K
  class space    used 14326K, capacity 15243K, committed 15360K, reserved 1048576K
}
Event: 196.554 GC heap before
{Heap before GC invocations=65 (full 0):
 garbage-first heap   total 227328K, used 187276K [0x0000000080000000, 0x0000000100000000)
  region size 1024K, 15 young (15360K), 2 survivors (2048K)
 Metaspace       used 118879K, capacity 121439K, committed 121692K, reserved 1155072K
  class space    used 14335K, capacity 15243K, committed 15360K, reserved 1048576K
}
Event: 196.577 GC heap after
{Heap after GC invocations=66 (full 0):
 garbage-first heap   total 227328K, used 180383K [0x0000000080000000, 0x0000000100000000)
  region size 1024K, 2 young (2048K), 2 survivors (2048K)
 Metaspace       used 118879K, capacity 121439K, committed 121692K, reserved 1155072K
  class space    used 14335K, capacity 15243K, committed 15360K, reserved 1048576K
}
Event: 196.665 GC heap before
{Heap before GC invocations=66 (full 0):
 garbage-first heap   total 227328K, used 190623K [0x0000000080000000, 0x0000000100000000)
  region size 1024K, 13 young (13312K), 2 survivors (2048K)
 Metaspace       used 119177K, capacity 121727K, committed 121948K, reserved 1157120K
  class space    used 14366K, capacity 15275K, committed 15360K, reserved 1048576K
}
Event: 196.686 GC heap after
{Heap after GC invocations=67 (full 0):
 garbage-first heap   total 227328K, used 183748K [0x0000000080000000, 0x0000000100000000)
  region size 1024K, 2 young (2048K), 2 survivors (2048K)
 Metaspace       used 119177K, capacity 121727K, committed 121948K, reserved 1157120K
  class space    used 14366K, capacity 15275K, committed 15360K, reserved 1048576K
}
Event: 196.789 GC heap before
{Heap before GC invocations=67 (full 0):
 garbage-first heap   total 227328K, used 192964K [0x0000000080000000, 0x0000000100000000)
  region size 1024K, 12 young (12288K), 2 survivors (2048K)
 Metaspace       used 119469K, capacity 122015K, committed 122204K, reserved 1157120K
  class space    used 14395K, capacity 15307K, committed 15360K, reserved 1048576K
}
Event: 196.807 GC heap after
{Heap after GC invocations=68 (full 0):
 garbage-first heap   total 227328K, used 186118K [0x0000000080000000, 0x0000000100000000)
  region size 1024K, 2 young (2048K), 2 survivors (2048K)
 Metaspace       used 119469K, capacity 122015K, committed 122204K, reserved 1157120K
  class space    used 14395K, capacity 15307K, committed 15360K, reserved 1048576K
}
Event: 196.970 GC heap before
{Heap before GC invocations=68 (full 0):
 garbage-first heap   total 227328K, used 197382K [0x0000000080000000, 0x0000000100000000)
  region size 1024K, 11 young (11264K), 2 survivors (2048K)
 Metaspace       used 119618K, capacity 122175K, committed 122204K, reserved 1157120K
  class space    used 14418K, capacity 15339K, committed 15360K, reserved 1048576K
}
Event: 196.993 GC heap after
{Heap after GC invocations=69 (full 0):
 garbage-first heap   total 273408K, used 191049K [0x0000000080000000, 0x0000000100000000)
  region size 1024K, 2 young (2048K), 2 survivors (2048K)
 Metaspace       used 119618K, capacity 122175K, committed 122204K, reserved 1157120K
  class space    used 14418K, capacity 15339K, committed 15360K, reserved 1048576K
}
Event: 197.551 GC heap before
{Heap before GC invocations=69 (full 0):
 garbage-first heap   total 273408K, used 212553K [0x0000000080000000, 0x0000000100000000)
  region size 1024K, 23 young (23552K), 2 survivors (2048K)
 Metaspace       used 120022K, capacity 122591K, committed 122844K, reserved 1157120K
  class space    used 14460K, capacity 15371K, committed 15488K, reserved 1048576K
}
Event: 197.589 GC heap after
{Heap after GC invocations=70 (full 0):
 garbage-first heap   total 273408K, used 197632K [0x0000000080000000, 0x0000000100000000)
  region size 1024K, 3 young (3072K), 3 survivors (3072K)
 Metaspace       used 120022K, capacity 122591K, committed 122844K, reserved 1157120K
  class space    used 14460K, capacity 15371K, committed 15488K, reserved 1048576K
}
Event: 197.916 GC heap before
{Heap before GC invocations=71 (full 0):
 garbage-first heap   total 273408K, used 219136K [0x0000000080000000, 0x0000000100000000)
  region size 1024K, 23 young (23552K), 3 survivors (3072K)
 Metaspace       used 120847K, capacity 123352K, committed 123612K, reserved 1157120K
  class space    used 14552K, capacity 15456K, committed 15488K, reserved 1048576K
}
Event: 197.956 GC heap after
{Heap after GC invocations=72 (full 0):
 garbage-first heap   total 273408K, used 206516K [0x0000000080000000, 0x0000000100000000)
  region size 1024K, 3 young (3072K), 3 survivors (3072K)
 Metaspace       used 120847K, capacity 123352K, committed 123612K, reserved 1157120K
  class space    used 14552K, capacity 15456K, committed 15488K, reserved 1048576K
}
Event: 198.115 GC heap before
{Heap before GC invocations=72 (full 0):
 garbage-first heap   total 273408K, used 216756K [0x0000000080000000, 0x0000000100000000)
  region size 1024K, 13 young (13312K), 3 survivors (3072K)
 Metaspace       used 122117K, capacity 124649K, committed 124764K, reserved 1159168K
  class space    used 14883K, capacity 15783K, committed 15872K, reserved 1048576K
}
Event: 198.146 GC heap after
{Heap after GC invocations=73 (full 0):
 garbage-first heap   total 273408K, used 206268K [0x0000000080000000, 0x0000000100000000)
  region size 1024K, 2 young (2048K), 2 survivors (2048K)
 Metaspace       used 122117K, capacity 124649K, committed 124764K, reserved 1159168K
  class space    used 14883K, capacity 15783K, committed 15872K, reserved 1048576K
}
Event: 198.558 GC heap before
{Heap before GC invocations=73 (full 0):
 garbage-first heap   total 273408K, used 223676K [0x0000000080000000, 0x0000000100000000)
  region size 1024K, 19 young (19456K), 2 survivors (2048K)
 Metaspace       used 123371K, capacity 125938K, committed 126172K, reserved 1159168K
  class space    used 15042K, capacity 15977K, committed 16000K, reserved 1048576K
}

Deoptimization events (20 events):
Event: 198.194 Thread 0x0000022212459800 DEOPT PACKING pc=0x00000222080d3da8 sp=0x00000047240fec10
Event: 198.194 Thread 0x0000022212459800 DEOPT UNPACKING pc=0x000002220004a1af sp=0x00000047240febb0 mode 2
Event: 198.197 Thread 0x0000022212460000 Uncommon trap: trap_request=0xffffff4d fr.pc=0x0000022207ba9b74 relative=0x0000000000000134
Event: 198.197 Thread 0x0000022212458800 Uncommon trap: trap_request=0xffffff4d fr.pc=0x0000022207ba9b74 relative=0x0000000000000134
Event: 198.197 Thread 0x0000022212460000 Uncommon trap: reason=unstable_if action=reinterpret pc=0x0000022207ba9b74 method=com.android.tools.r8.internal.dt.get(I)Ljava/lang/Object; @ 1 c2
Event: 198.197 Thread 0x0000022212458800 Uncommon trap: reason=unstable_if action=reinterpret pc=0x0000022207ba9b74 method=com.android.tools.r8.internal.dt.get(I)Ljava/lang/Object; @ 1 c2
Event: 198.197 Thread 0x0000022212460000 DEOPT PACKING pc=0x0000022207ba9b74 sp=0x00000047241fef10
Event: 198.197 Thread 0x0000022212458800 DEOPT PACKING pc=0x0000022207ba9b74 sp=0x00000047237fee70
Event: 198.197 Thread 0x0000022212460000 DEOPT UNPACKING pc=0x000002220004a1af sp=0x00000047241feea8 mode 2
Event: 198.197 Thread 0x0000022212458800 DEOPT UNPACKING pc=0x000002220004a1af sp=0x00000047237fee08 mode 2
Event: 198.207 Thread 0x000002221245f000 Uncommon trap: trap_request=0xffffff4d fr.pc=0x0000022207f26ef0 relative=0x0000000000000c70
Event: 198.207 Thread 0x000002221245f000 Uncommon trap: reason=unstable_if action=reinterpret pc=0x0000022207f26ef0 method=com.android.tools.r8.internal.dt.a(ILjava/lang/Object;)Ljava/lang/Object; @ 1 c2
Event: 198.208 Thread 0x000002221245f000 DEOPT PACKING pc=0x0000022207f26ef0 sp=0x0000004723ffe6f0
Event: 198.208 Thread 0x000002221245f000 DEOPT UNPACKING pc=0x000002220004a1af sp=0x0000004723ffe6f8 mode 2
Event: 198.422 Thread 0x0000022214835800 DEOPT PACKING pc=0x0000022200720634 sp=0x00000047232f98f0
Event: 198.422 Thread 0x0000022214835800 DEOPT UNPACKING pc=0x000002220004a95e sp=0x00000047232f8ed0 mode 0
Event: 198.444 Thread 0x0000022212459800 Uncommon trap: trap_request=0xffffff4d fr.pc=0x0000022207d7ee64 relative=0x00000000000002a4
Event: 198.446 Thread 0x0000022212459800 Uncommon trap: reason=unstable_if action=reinterpret pc=0x0000022207d7ee64 method=com.android.tools.r8.graph.X0.h(Ljava/lang/Object;)Z @ 37 c2
Event: 198.447 Thread 0x0000022212459800 DEOPT PACKING pc=0x0000022207d7ee64 sp=0x00000047240fea80
Event: 198.447 Thread 0x0000022212459800 DEOPT UNPACKING pc=0x000002220004a1af sp=0x00000047240fea20 mode 2

Classes redefined (0 events):
No events

Internal exceptions (20 events):
Event: 186.651 Thread 0x0000022218df5000 Exception <a 'java/lang/NoSuchMethodError'{0x000000008bf1bb20}: 'java.lang.Object java.lang.invoke.DirectMethodHandle$Holder.invokeStaticInit(java.lang.Object, java.lang.Object, long, java.lang.Object)'> (0x000000008bf1bb20) thrown at [./src/hotspot/share/interpreter/linkResolver.cpp, line 773]
Event: 186.652 Thread 0x0000022218df5000 Exception <a 'java/lang/NoSuchMethodError'{0x000000008bf21cb8}: 'java.lang.Object java.lang.invoke.DirectMethodHandle$Holder.invokeStatic(java.lang.Object, java.lang.Object, long)'> (0x000000008bf21cb8) thrown at [./src/hotspot/share/interpreter/linkResolver.cpp, line 773]
Event: 186.673 Thread 0x0000022218df5000 Exception <a 'java/lang/NoSuchMethodError'{0x000000008bf28290}: 'java.lang.Object java.lang.invoke.Invokers$Holder.linkToTargetMethod(java.lang.Object, long, java.lang.Object)'> (0x000000008bf28290) thrown at [./src/hotspot/share/interpreter/linkResolver.cpp, line 773]
Event: 187.429 Thread 0x0000022218df5000 Exception <a 'java/lang/NoSuchMethodError'{0x000000008ada7a58}: 'int java.lang.invoke.DirectMethodHandle$Holder.invokeSpecialIFC(java.lang.Object, java.lang.Object, java.lang.Object)'> (0x000000008ada7a58) thrown at [./src/hotspot/share/interpreter/linkResolver.cpp, line 773]
Event: 189.206 Thread 0x0000022218df3000 Exception <a 'sun/nio/fs/WindowsException'{0x000000008ac341c0}> (0x000000008ac341c0) thrown at [./src/hotspot/share/prims/jni.cpp, line 616]
Event: 189.206 Thread 0x0000022218df3000 Exception <a 'sun/nio/fs/WindowsException'{0x000000008ac35518}> (0x000000008ac35518) thrown at [./src/hotspot/share/prims/jni.cpp, line 616]
Event: 189.206 Thread 0x0000022218df3000 Exception <a 'sun/nio/fs/WindowsException'{0x000000008ac35800}> (0x000000008ac35800) thrown at [./src/hotspot/share/prims/jni.cpp, line 616]
Event: 189.244 Thread 0x0000022218df3000 Exception <a 'sun/nio/fs/WindowsException'{0x000000008ac8bcf8}> (0x000000008ac8bcf8) thrown at [./src/hotspot/share/prims/jni.cpp, line 616]
Event: 189.244 Thread 0x0000022218df3000 Exception <a 'sun/nio/fs/WindowsException'{0x000000008ac8d170}> (0x000000008ac8d170) thrown at [./src/hotspot/share/prims/jni.cpp, line 616]
Event: 190.958 Thread 0x0000022218df1800 Exception <a 'sun/nio/fs/WindowsException'{0x000000008b858f18}> (0x000000008b858f18) thrown at [./src/hotspot/share/prims/jni.cpp, line 616]
Event: 194.275 Thread 0x0000022218df5000 Exception <a 'sun/nio/fs/WindowsException'{0x000000008b6c9580}> (0x000000008b6c9580) thrown at [./src/hotspot/share/prims/jni.cpp, line 616]
Event: 194.279 Thread 0x0000022218df5000 Exception <a 'sun/nio/fs/WindowsException'{0x000000008b6eee80}> (0x000000008b6eee80) thrown at [./src/hotspot/share/prims/jni.cpp, line 616]
Event: 194.279 Thread 0x0000022218df5000 Exception <a 'sun/nio/fs/WindowsException'{0x000000008b6eef68}> (0x000000008b6eef68) thrown at [./src/hotspot/share/prims/jni.cpp, line 616]
Event: 195.204 Thread 0x0000022218df1800 Exception <a 'sun/nio/fs/WindowsException'{0x000000008c74f640}> (0x000000008c74f640) thrown at [./src/hotspot/share/prims/jni.cpp, line 616]
Event: 195.330 Thread 0x0000022218df1800 Exception <a 'java/lang/NoSuchMethodError'{0x000000008c248b20}: 'java.lang.Object java.lang.invoke.DirectMethodHandle$Holder.newInvokeSpecial(java.lang.Object, int)'> (0x000000008c248b20) thrown at [./src/hotspot/share/interpreter/linkResolver.cpp, line 773]
Event: 195.772 Thread 0x0000022218df1800 Exception <a 'java/lang/NoSuchMethodError'{0x000000008d5e7e28}: 'java.lang.Object java.lang.invoke.DirectMethodHandle$Holder.invokeStaticInit(java.lang.Object, java.lang.Object, java.lang.Object, java.lang.Object, java.lang.Object, java.lang.Object, java.lang.Object, java.lang.Object, java.lang.Object, java.lang.Object, java.lang.Object, java.lang.Object, java.lang.Object, java.lang.Object, java.lang.Object, java.lang.Object, java.lang.Object, java.lang.Object, int, java.lang.Object, java.lang.Object)'> (0
Event: 198.173 Thread 0x0000022212459800 Exception <a 'java/lang/IncompatibleClassChangeError'{0x0000000090ae14e8}: Found class java.lang.Object, but interface was expected> (0x0000000090ae14e8) thrown at [./src/hotspot/share/interpreter/linkResolver.cpp, line 839]
Event: 198.176 Thread 0x000002221245f000 Exception <a 'java/lang/NoSuchMethodError'{0x00000000909988a8}: 'long java.lang.invoke.DirectMethodHandle$Holder.invokeStatic(java.lang.Object, java.lang.Object, java.lang.Object)'> (0x00000000909988a8) thrown at [./src/hotspot/share/interpreter/linkResolver.cpp, line 773]
Event: 198.189 Thread 0x0000022212459800 Exception <a 'java/lang/IncompatibleClassChangeError'{0x00000000909f5a38}: Found class java.lang.Object, but interface was expected> (0x00000000909f5a38) thrown at [./src/hotspot/share/interpreter/linkResolver.cpp, line 839]
Event: 198.190 Thread 0x0000022212459800 Exception <a 'java/lang/IncompatibleClassChangeError'{0x00000000909fb440}: Found class java.lang.Object, but interface was expected> (0x00000000909fb440) thrown at [./src/hotspot/share/interpreter/linkResolver.cpp, line 839]

Events (20 events):
Event: 198.460 loading class kotlin/reflect/jvm/internal/KProperty1Impl$Getter done
Event: 198.462 loading class kotlin/reflect/KProperty1$Getter
Event: 198.462 loading class kotlin/reflect/KProperty1$Getter done
Event: 198.476 loading class kotlin/reflect/jvm/internal/KPropertyImpl$Getter
Event: 198.476 loading class kotlin/reflect/jvm/internal/KPropertyImpl$Getter done
Event: 198.489 loading class kotlin/reflect/jvm/internal/KPropertyImpl$Accessor
Event: 198.489 loading class kotlin/reflect/jvm/internal/KPropertyImpl$Accessor done
Event: 198.500 loading class kotlin/reflect/jvm/internal/KPropertyImpl$Getter$descriptor$2
Event: 198.500 loading class kotlin/reflect/jvm/internal/KPropertyImpl$Getter$descriptor$2 done
Event: 198.502 loading class kotlin/reflect/jvm/internal/KPropertyImpl$Getter$caller$2
Event: 198.502 loading class kotlin/reflect/jvm/internal/KPropertyImpl$Getter$caller$2 done
Event: 198.502 loading class kotlin/reflect/jvm/internal/KPropertyImplKt
Event: 198.502 loading class kotlin/reflect/jvm/internal/KPropertyImplKt done
Event: 198.504 loading class kotlin/reflect/jvm/internal/KPropertyImplKt$computeCallerForAccessor$1
Event: 198.504 loading class kotlin/reflect/jvm/internal/KPropertyImplKt$computeCallerForAccessor$1 done
Event: 198.509 loading class kotlin/reflect/jvm/internal/KPropertyImplKt$computeCallerForAccessor$2
Event: 198.509 loading class kotlin/reflect/jvm/internal/KPropertyImplKt$computeCallerForAccessor$2 done
Event: 198.511 loading class kotlin/reflect/jvm/internal/KPropertyImplKt$computeCallerForAccessor$3
Event: 198.511 loading class kotlin/reflect/jvm/internal/KPropertyImplKt$computeCallerForAccessor$3 done
Event: 198.556 Executing VM operation: G1CollectForAllocation


Dynamic libraries:
0x00007ff779490000 - 0x00007ff77949a000 	C:\Users\mutanu\Desktop\studio\jre\bin\java.exe
0x00007ff983510000 - 0x00007ff983708000 	C:\WINDOWS\SYSTEM32\ntdll.dll
0x00007ff983300000 - 0x00007ff9833bf000 	C:\WINDOWS\System32\KERNEL32.DLL
0x00007ff980eb0000 - 0x00007ff981182000 	C:\WINDOWS\System32\KERNELBASE.dll
0x00007ff980db0000 - 0x00007ff980eb0000 	C:\WINDOWS\System32\ucrtbase.dll
0x00007ff973fb0000 - 0x00007ff973fc9000 	C:\Users\mutanu\Desktop\studio\jre\bin\jli.dll
0x00007ff9830f0000 - 0x00007ff983291000 	C:\WINDOWS\System32\USER32.dll
0x00007ff980c90000 - 0x00007ff980cb2000 	C:\WINDOWS\System32\win32u.dll
0x00007ff981f80000 - 0x00007ff981fab000 	C:\WINDOWS\System32\GDI32.dll
0x00007ff9812e0000 - 0x00007ff9813ef000 	C:\WINDOWS\System32\gdi32full.dll
0x00007ff980cc0000 - 0x00007ff980d5d000 	C:\WINDOWS\System32\msvcp_win.dll
0x00007ff9736d0000 - 0x00007ff9736e7000 	C:\Users\mutanu\Desktop\studio\jre\bin\VCRUNTIME140.dll
0x00007ff980000000 - 0x00007ff98029a000 	C:\WINDOWS\WinSxS\amd64_microsoft.windows.common-controls_6595b64144ccf1df_6.0.19041.1110_none_60b5254171f9507e\COMCTL32.dll
0x00007ff9820d0000 - 0x00007ff98216e000 	C:\WINDOWS\System32\msvcrt.dll
0x00007ff983010000 - 0x00007ff983042000 	C:\WINDOWS\System32\IMM32.DLL
0x00007ff9530a0000 - 0x00007ff95313d000 	C:\Users\mutanu\Desktop\studio\jre\bin\msvcp140.dll
0x00007ff94a200000 - 0x00007ff94ad02000 	C:\Users\mutanu\Desktop\studio\jre\bin\server\jvm.dll
0x00007ff981af0000 - 0x00007ff981b9e000 	C:\WINDOWS\System32\ADVAPI32.dll
0x00007ff983050000 - 0x00007ff9830ec000 	C:\WINDOWS\System32\sechost.dll
0x00007ff9822d0000 - 0x00007ff9823f5000 	C:\WINDOWS\System32\RPCRT4.dll
0x00007ff981bb0000 - 0x00007ff981bb8000 	C:\WINDOWS\System32\PSAPI.DLL
0x00007ff96c1d0000 - 0x00007ff96c1d9000 	C:\WINDOWS\SYSTEM32\WSOCK32.dll
0x00007ff982190000 - 0x00007ff9821fb000 	C:\WINDOWS\System32\WS2_32.dll
0x00007ff963110000 - 0x00007ff963137000 	C:\WINDOWS\SYSTEM32\WINMM.dll
0x00007ff97d930000 - 0x00007ff97d93a000 	C:\WINDOWS\SYSTEM32\VERSION.dll
0x00007ff97dcc0000 - 0x00007ff97dcd2000 	C:\WINDOWS\SYSTEM32\kernel.appcore.dll
0x00007ff97f0c0000 - 0x00007ff97f0d1000 	C:\Users\mutanu\Desktop\studio\jre\bin\verify.dll
0x00007ff980490000 - 0x00007ff980674000 	C:\WINDOWS\SYSTEM32\DBGHELP.DLL
0x00007ff9803d0000 - 0x00007ff980405000 	C:\WINDOWS\SYSTEM32\dbgcore.DLL
0x00007ff980c00000 - 0x00007ff980c82000 	C:\WINDOWS\System32\bcryptPrimitives.dll
0x00007ff97ed20000 - 0x00007ff97ed49000 	C:\Users\mutanu\Desktop\studio\jre\bin\java.dll
0x00007ff97ed10000 - 0x00007ff97ed1b000 	C:\Users\mutanu\Desktop\studio\jre\bin\jimage.dll
0x00007ff97ec40000 - 0x00007ff97ec58000 	C:\Users\mutanu\Desktop\studio\jre\bin\zip.dll
0x00007ff982730000 - 0x00007ff982e74000 	C:\WINDOWS\System32\SHELL32.dll
0x00007ff97dec0000 - 0x00007ff97e652000 	C:\WINDOWS\SYSTEM32\windows.storage.dll
0x00007ff981bc0000 - 0x00007ff981f15000 	C:\WINDOWS\System32\combase.dll
0x00007ff97ff60000 - 0x00007ff97ff90000 	C:\WINDOWS\SYSTEM32\Wldp.dll
0x00007ff981fc0000 - 0x00007ff98206d000 	C:\WINDOWS\System32\SHCORE.dll
0x00007ff9832a0000 - 0x00007ff9832f5000 	C:\WINDOWS\System32\shlwapi.dll
0x00007ff980b40000 - 0x00007ff980b5f000 	C:\WINDOWS\SYSTEM32\profapi.dll
0x00007ff978cf0000 - 0x00007ff978d0a000 	C:\Users\mutanu\Desktop\studio\jre\bin\net.dll
0x00007ff972e90000 - 0x00007ff972f9c000 	C:\WINDOWS\SYSTEM32\WINHTTP.dll
0x00007ff97fe30000 - 0x00007ff97fe9a000 	C:\WINDOWS\system32\mswsock.dll
0x00007ff9741a0000 - 0x00007ff9741b4000 	C:\Users\mutanu\Desktop\studio\jre\bin\nio.dll
0x00007ff978560000 - 0x00007ff978587000 	C:\Users\mutanu\.gradle\native\e1d6ef7f7dcc3fd88c89a11ec53ec762bb8ba0a96d01ffa2cd45eb1d1d8dd5c5\windows-amd64\native-platform.dll
0x00007ff952ea0000 - 0x00007ff952fe4000 	C:\Users\mutanu\.gradle\native\0d407fdbe67a94daf76414ababcb853783967236a71b16ec16e742cd7a986fd3\windows-amd64\native-platform-file-events.dll
0x00007ff97ed00000 - 0x00007ff97ed0a000 	C:\Users\mutanu\Desktop\studio\jre\bin\management.dll
0x00007ff97ec30000 - 0x00007ff97ec3d000 	C:\Users\mutanu\Desktop\studio\jre\bin\management_ext.dll
0x00007ff980990000 - 0x00007ff9809a8000 	C:\WINDOWS\SYSTEM32\CRYPTSP.dll
0x00007ff97f640000 - 0x00007ff97f674000 	C:\WINDOWS\system32\rsaenh.dll
0x00007ff981200000 - 0x00007ff981227000 	C:\WINDOWS\System32\bcrypt.dll
0x00007ff980b00000 - 0x00007ff980b2e000 	C:\WINDOWS\SYSTEM32\USERENV.dll
0x00007ff97ff20000 - 0x00007ff97ff2c000 	C:\WINDOWS\SYSTEM32\CRYPTBASE.dll
0x00007ff97f9b0000 - 0x00007ff97f9eb000 	C:\WINDOWS\SYSTEM32\IPHLPAPI.DLL
0x00007ff981ba0000 - 0x00007ff981ba8000 	C:\WINDOWS\System32\NSI.dll
0x00007ff974300000 - 0x00007ff974317000 	C:\WINDOWS\SYSTEM32\dhcpcsvc6.DLL
0x00007ff9779c0000 - 0x00007ff9779dd000 	C:\WINDOWS\SYSTEM32\dhcpcsvc.DLL
0x00007ff97f9f0000 - 0x00007ff97faba000 	C:\WINDOWS\SYSTEM32\DNSAPI.dll
0x00007ff980950000 - 0x00007ff980983000 	C:\WINDOWS\SYSTEM32\ntmarta.dll

dbghelp: loaded successfully - version: 4.0.5 - missing functions: none
symbol engine: initialized successfully - sym options: 0x614 - pdb path: .;C:\Users\mutanu\Desktop\studio\jre\bin;C:\WINDOWS\SYSTEM32;C:\WINDOWS\WinSxS\amd64_microsoft.windows.common-controls_6595b64144ccf1df_6.0.19041.1110_none_60b5254171f9507e;C:\Users\mutanu\Desktop\studio\jre\bin\server;C:\Users\mutanu\.gradle\native\e1d6ef7f7dcc3fd88c89a11ec53ec762bb8ba0a96d01ffa2cd45eb1d1d8dd5c5\windows-amd64;C:\Users\mutanu\.gradle\native\0d407fdbe67a94daf76414ababcb853783967236a71b16ec16e742cd7a986fd3\windows-amd64

VM Arguments:
jvm_args: --add-opens=java.base/java.util=ALL-UNNAMED --add-opens=java.base/java.lang=ALL-UNNAMED --add-opens=java.base/java.lang.invoke=ALL-UNNAMED --add-opens=java.base/java.util=ALL-UNNAMED --add-opens=java.prefs/java.util.prefs=ALL-UNNAMED --add-opens=java.prefs/java.util.prefs=ALL-UNNAMED --add-opens=java.base/java.nio.charset=ALL-UNNAMED --add-opens=java.base/java.net=ALL-UNNAMED --add-opens=java.base/java.util.concurrent.atomic=ALL-UNNAMED -Xmx2048m -Dfile.encoding=UTF-8 -Duser.country=US -Duser.language=en -Duser.variant 
java_command: org.gradle.launcher.daemon.bootstrap.GradleDaemon 7.4
java_class_path (initial): C:\Users\mutanu\.gradle\wrapper\dists\gradle-7.4-bin\c0gwcg53nkjbqw7r0h0umtfvt\gradle-7.4\lib\gradle-launcher-7.4.jar
Launcher Type: SUN_STANDARD

[Global flags]
     intx CICompilerCount                          = 3                                         {product} {ergonomic}
     uint ConcGCThreads                            = 1                                         {product} {ergonomic}
     uint G1ConcRefinementThreads                  = 4                                         {product} {ergonomic}
   size_t G1HeapRegionSize                         = 1048576                                   {product} {ergonomic}
    uintx GCDrainStackTargetSize                   = 64                                        {product} {ergonomic}
   size_t InitialHeapSize                          = 134217728                                 {product} {ergonomic}
   size_t MarkStackSize                            = 4194304                                   {product} {ergonomic}
   size_t MaxHeapSize                              = 2147483648                                {product} {command line}
   size_t MaxNewSize                               = 1287651328                                {product} {ergonomic}
   size_t MinHeapDeltaBytes                        = 1048576                                   {product} {ergonomic}
    uintx NonNMethodCodeHeapSize                   = 5830732                                {pd product} {ergonomic}
    uintx NonProfiledCodeHeapSize                  = 122913754                              {pd product} {ergonomic}
    uintx ProfiledCodeHeapSize                     = 122913754                              {pd product} {ergonomic}
    uintx ReservedCodeCacheSize                    = 251658240                              {pd product} {ergonomic}
     bool SegmentedCodeCache                       = true                                      {product} {ergonomic}
     bool UseCompressedClassPointers               = true                                 {lp64_product} {ergonomic}
     bool UseCompressedOops                        = true                                 {lp64_product} {ergonomic}
     bool UseG1GC                                  = true                                      {product} {ergonomic}
     bool UseLargePagesIndividualAllocation        = false                                  {pd product} {ergonomic}

Logging:
Log output configuration:
 #0: stdout all=warning uptime,level,tags
 #1: stderr all=off uptime,level,tags

Environment Variables:
PATH=C:\Python311\Scripts\;C:\Python311\;C:\Program Files (x86)\Common Files\Oracle\Java\javapath;C:\WINDOWS\system32;C:\WINDOWS;C:\WINDOWS\System32\Wbem;C:\WINDOWS\System32\WindowsPowerShell\v1.0\;C:\WINDOWS\System32\OpenSSH\;C:\Program Files\Git\cmd;C:\Program Files\nodejs\;C:\ProgramData\chocolatey\bin;C:\Users\mutanu\AppData\Local\Microsoft\WindowsApps;C:\Users\mutanu\AppData\Roaming\npm;C:\Users\mutanu\AppData\Local\Programs\Microsoft VS Code\bin
USERNAME=mutanu
OS=Windows_NT
PROCESSOR_IDENTIFIER=Intel64 Family 6 Model 69 Stepping 1, GenuineIntel



---------------  S Y S T E M  ---------------

OS: Windows 10 , 64 bit Build 19041 (10.0.19041.2364)
OS uptime: 5 days 5:43 hours

CPU:total 4 (initial active 4) (2 cores per cpu, 2 threads per core) family 6 model 69 stepping 1 microcode 0x25, cmov, cx8, fxsr, mmx, sse, sse2, sse3, ssse3, sse4.1, sse4.2, popcnt, avx, avx2, aes, clmul, erms, lzcnt, ht, tsc, tscinvbit, bmi1, bmi2, fma

Memory: 4k page, system-wide physical 8089M (1012M free)
TotalPageFile size 19529M (AvailPageFile size 100M)
current process WorkingSet (physical memory assigned to process): 582M, peak: 582M
current process commit charge ("private bytes"): 630M, peak: 897M

vm_info: OpenJDK 64-Bit Server VM (11.0.13+0-b1751.21-8125866) for windows-amd64 JRE (11.0.13+0-b1751.21-8125866), built on Feb  2 2022 03:00:22 by "builder" with MS VC++ 14.0 (VS2015)

END.
